2025-03-23 20:44:03.408 [info] [AutoSync] Using settings sync service https://vscode-sync.trafficmanager.net/
2025-03-23 20:44:03.408 [info] [AutoSync] Enabled.
2025-03-23 20:44:03.408 [info] [AutoSync] Suspended until auth token is available.
2025-03-23 20:44:04.575 [info] [AutoSync] Triggered by Interval
2025-03-23 20:44:04.576 [info] Sync started.
2025-03-23 20:44:04.903 [info] Settings: No changes found during synchronizing settings.
2025-03-23 20:44:04.909 [info] Keybindings: No changes found during synchronizing keybindings.
2025-03-23 20:44:04.911 [info] Snippets: No changes found during synchronizing snippets.
2025-03-23 20:44:04.912 [info] Tasks: No changes found during synchronizing tasks.
2025-03-23 20:44:05.565 [info] GlobalState: Updated remote ui state. Updated: workbench.activity.pinnedViewlets2.
2025-03-23 20:44:05.568 [info] GlobalState: Updated last synchronized ui state
2025-03-23 20:44:05.599 [info] Extensions: No changes found during synchronizing extensions.
2025-03-23 20:44:05.603 [info] Profiles: No changes found during synchronizing profiles.
2025-03-23 20:44:05.604 [info] Syncing profile. LaTeX
2025-03-23 20:44:05.633 [info] Settings (LaTeX): No changes found during synchronizing settings.
2025-03-23 20:44:05.686 [info] Keybindings (LaTeX): No changes found during synchronizing keybindings.
2025-03-23 20:44:05.688 [info] Snippets (LaTeX): No changes found during synchronizing snippets.
2025-03-23 20:44:05.689 [info] Tasks (LaTeX): No changes found during synchronizing tasks.
2025-03-23 20:44:05.699 [info] GlobalState (LaTeX): No changes found during synchronizing ui state.
2025-03-23 20:44:05.720 [info] Extensions (LaTeX): No changes found during synchronizing extensions.
2025-03-23 20:44:05.721 [info] Sync done. Took 1147ms
2025-03-23 20:44:19.919 [info] [AutoSync] Triggered by Activity
2025-03-23 20:44:19.920 [info] Sync started.
2025-03-23 20:44:19.985 [info] Settings: No changes found during synchronizing settings.
2025-03-23 20:44:19.986 [info] Keybindings: No changes found during synchronizing keybindings.
2025-03-23 20:44:19.987 [info] Snippets: No changes found during synchronizing snippets.
2025-03-23 20:44:19.988 [info] Tasks: No changes found during synchronizing tasks.
2025-03-23 20:44:19.991 [info] GlobalState: No changes found during synchronizing ui state.
2025-03-23 20:44:20.015 [info] Extensions: No changes found during synchronizing extensions.
2025-03-23 20:44:20.015 [info] Profiles: No changes found during synchronizing profiles.
2025-03-23 20:44:20.016 [info] Syncing profile. LaTeX
2025-03-23 20:44:20.017 [info] Settings (LaTeX): No changes found during synchronizing settings.
2025-03-23 20:44:20.018 [info] Keybindings (LaTeX): No changes found during synchronizing keybindings.
2025-03-23 20:44:20.019 [info] Snippets (LaTeX): No changes found during synchronizing snippets.
2025-03-23 20:44:20.020 [info] Tasks (LaTeX): No changes found during synchronizing tasks.
2025-03-23 20:44:20.021 [info] GlobalState (LaTeX): No changes found during synchronizing ui state.
2025-03-23 20:44:20.034 [info] Extensions (LaTeX): No changes found during synchronizing extensions.
2025-03-23 20:44:20.036 [info] Sync done. Took 117ms
2025-03-23 20:46:11.094 [info] [AutoSync] Triggered by Activity
2025-03-23 20:46:11.095 [info] Sync started.
2025-03-23 20:46:11.146 [info] Settings: No changes found during synchronizing settings.
2025-03-23 20:46:11.147 [info] Keybindings: No changes found during synchronizing keybindings.
2025-03-23 20:46:11.149 [info] Snippets: No changes found during synchronizing snippets.
2025-03-23 20:46:11.150 [info] Tasks: No changes found during synchronizing tasks.
2025-03-23 20:46:11.152 [info] GlobalState: No changes found during synchronizing ui state.
2025-03-23 20:46:11.184 [info] Extensions: No changes found during synchronizing extensions.
2025-03-23 20:46:11.184 [info] Profiles: No changes found during synchronizing profiles.
2025-03-23 20:46:11.185 [info] Syncing profile. LaTeX
2025-03-23 20:46:11.186 [info] Settings (LaTeX): No changes found during synchronizing settings.
2025-03-23 20:46:11.187 [info] Keybindings (LaTeX): No changes found during synchronizing keybindings.
2025-03-23 20:46:11.188 [info] Snippets (LaTeX): No changes found during synchronizing snippets.
2025-03-23 20:46:11.189 [info] Tasks (LaTeX): No changes found during synchronizing tasks.
2025-03-23 20:46:11.191 [info] GlobalState (LaTeX): No changes found during synchronizing ui state.
2025-03-23 20:46:11.209 [info] Extensions (LaTeX): No changes found during synchronizing extensions.
2025-03-23 20:46:11.209 [info] Sync done. Took 116ms
2025-03-23 20:46:40.881 [info] [AutoSync] Triggered by Activity
2025-03-23 20:46:40.881 [info] Sync started.
2025-03-23 20:46:40.939 [info] Settings: No changes found during synchronizing settings.
2025-03-23 20:46:40.940 [info] Keybindings: No changes found during synchronizing keybindings.
2025-03-23 20:46:40.941 [info] Snippets: No changes found during synchronizing snippets.
2025-03-23 20:46:40.942 [info] Tasks: No changes found during synchronizing tasks.
2025-03-23 20:46:40.945 [info] GlobalState: No changes found during synchronizing ui state.
2025-03-23 20:46:40.969 [info] Extensions: No changes found during synchronizing extensions.
2025-03-23 20:46:40.974 [info] Profiles: No changes found during synchronizing profiles.
2025-03-23 20:46:40.974 [info] Syncing profile. LaTeX
2025-03-23 20:46:40.975 [info] Settings (LaTeX): No changes found during synchronizing settings.
2025-03-23 20:46:40.976 [info] Keybindings (LaTeX): No changes found during synchronizing keybindings.
2025-03-23 20:46:40.977 [info] Snippets (LaTeX): No changes found during synchronizing snippets.
2025-03-23 20:46:40.978 [info] Tasks (LaTeX): No changes found during synchronizing tasks.
2025-03-23 20:46:40.979 [info] GlobalState (LaTeX): No changes found during synchronizing ui state.
2025-03-23 20:46:40.994 [info] Extensions (LaTeX): No changes found during synchronizing extensions.
2025-03-23 20:46:40.995 [info] Sync done. Took 114ms
2025-03-23 20:47:02.873 [info] [AutoSync] Triggered by Activity
2025-03-23 20:47:02.873 [info] Sync started.
2025-03-23 20:47:02.927 [info] Settings: No changes found during synchronizing settings.
2025-03-23 20:47:02.928 [info] Keybindings: No changes found during synchronizing keybindings.
2025-03-23 20:47:02.930 [info] Snippets: No changes found during synchronizing snippets.
2025-03-23 20:47:02.931 [info] Tasks: No changes found during synchronizing tasks.
2025-03-23 20:47:02.934 [info] GlobalState: No changes found during synchronizing ui state.
2025-03-23 20:47:02.965 [info] Extensions: No changes found during synchronizing extensions.
2025-03-23 20:47:02.965 [info] Profiles: No changes found during synchronizing profiles.
2025-03-23 20:47:02.966 [info] Syncing profile. LaTeX
2025-03-23 20:47:02.967 [info] Settings (LaTeX): No changes found during synchronizing settings.
2025-03-23 20:47:02.968 [info] Keybindings (LaTeX): No changes found during synchronizing keybindings.
2025-03-23 20:47:02.969 [info] Snippets (LaTeX): No changes found during synchronizing snippets.
2025-03-23 20:47:02.970 [info] Tasks (LaTeX): No changes found during synchronizing tasks.
2025-03-23 20:47:02.972 [info] GlobalState (LaTeX): No changes found during synchronizing ui state.
2025-03-23 20:47:02.989 [info] Extensions (LaTeX): No changes found during synchronizing extensions.
2025-03-23 20:47:02.989 [info] Sync done. Took 117ms
2025-03-23 20:48:58.352 [info] [AutoSync] Triggered by Activity
2025-03-23 20:48:58.352 [info] Sync started.
2025-03-23 20:48:58.494 [info] Settings: No changes found during synchronizing settings.
2025-03-23 20:48:58.496 [info] Keybindings: No changes found during synchronizing keybindings.
2025-03-23 20:48:58.497 [info] Snippets: No changes found during synchronizing snippets.
2025-03-23 20:48:58.498 [info] Tasks: No changes found during synchronizing tasks.
2025-03-23 20:48:58.501 [info] GlobalState: No changes found during synchronizing ui state.
2025-03-23 20:48:58.536 [info] Extensions: No changes found during synchronizing extensions.
2025-03-23 20:48:58.536 [info] Profiles: No changes found during synchronizing profiles.
2025-03-23 20:48:58.537 [info] Syncing profile. LaTeX
2025-03-23 20:48:58.538 [info] Settings (LaTeX): No changes found during synchronizing settings.
2025-03-23 20:48:58.539 [info] Keybindings (LaTeX): No changes found during synchronizing keybindings.
2025-03-23 20:48:58.540 [info] Snippets (LaTeX): No changes found during synchronizing snippets.
2025-03-23 20:48:58.541 [info] Tasks (LaTeX): No changes found during synchronizing tasks.
2025-03-23 20:48:58.542 [info] GlobalState (LaTeX): No changes found during synchronizing ui state.
2025-03-23 20:48:58.561 [info] Extensions (LaTeX): No changes found during synchronizing extensions.
2025-03-23 20:48:58.561 [info] Sync done. Took 210ms
2025-03-23 20:49:49.457 [info] [AutoSync] Triggered by Activity
2025-03-23 20:49:49.457 [info] Sync started.
2025-03-23 20:49:49.511 [info] Settings: No changes found during synchronizing settings.
2025-03-23 20:49:49.513 [info] Keybindings: No changes found during synchronizing keybindings.
2025-03-23 20:49:49.514 [info] Snippets: No changes found during synchronizing snippets.
2025-03-23 20:49:49.515 [info] Tasks: No changes found during synchronizing tasks.
2025-03-23 20:49:49.517 [info] GlobalState: No changes found during synchronizing ui state.
2025-03-23 20:49:49.548 [info] Extensions: No changes found during synchronizing extensions.
2025-03-23 20:49:49.549 [info] Profiles: No changes found during synchronizing profiles.
2025-03-23 20:49:49.550 [info] Syncing profile. LaTeX
2025-03-23 20:49:49.551 [info] Settings (LaTeX): No changes found during synchronizing settings.
2025-03-23 20:49:49.552 [info] Keybindings (LaTeX): No changes found during synchronizing keybindings.
2025-03-23 20:49:49.553 [info] Snippets (LaTeX): No changes found during synchronizing snippets.
2025-03-23 20:49:49.554 [info] Tasks (LaTeX): No changes found during synchronizing tasks.
2025-03-23 20:49:49.555 [info] GlobalState (LaTeX): No changes found during synchronizing ui state.
2025-03-23 20:49:49.570 [info] Extensions (LaTeX): No changes found during synchronizing extensions.
2025-03-23 20:49:49.571 [info] Sync done. Took 115ms
2025-03-23 20:50:13.625 [info] [AutoSync] Triggered by Activity
2025-03-23 20:50:13.625 [info] Sync started.
2025-03-23 20:50:13.691 [info] Settings: No changes found during synchronizing settings.
2025-03-23 20:50:13.692 [info] Keybindings: No changes found during synchronizing keybindings.
2025-03-23 20:50:13.693 [info] Snippets: No changes found during synchronizing snippets.
2025-03-23 20:50:13.694 [info] Tasks: No changes found during synchronizing tasks.
2025-03-23 20:50:13.697 [info] GlobalState: No changes found during synchronizing ui state.
2025-03-23 20:50:13.725 [info] Extensions: No changes found during synchronizing extensions.
2025-03-23 20:50:13.726 [info] Profiles: No changes found during synchronizing profiles.
2025-03-23 20:50:13.726 [info] Syncing profile. LaTeX
2025-03-23 20:50:13.727 [info] Settings (LaTeX): No changes found during synchronizing settings.
2025-03-23 20:50:13.728 [info] Keybindings (LaTeX): No changes found during synchronizing keybindings.
2025-03-23 20:50:13.729 [info] Snippets (LaTeX): No changes found during synchronizing snippets.
2025-03-23 20:50:13.730 [info] Tasks (LaTeX): No changes found during synchronizing tasks.
2025-03-23 20:50:13.731 [info] GlobalState (LaTeX): No changes found during synchronizing ui state.
2025-03-23 20:50:13.744 [info] Extensions (LaTeX): No changes found during synchronizing extensions.
2025-03-23 20:50:13.745 [info] Sync done. Took 120ms
2025-03-23 20:50:29.875 [info] [AutoSync] Triggered by Activity
2025-03-23 20:50:29.875 [info] Sync started.
2025-03-23 20:50:29.932 [info] Settings: No changes found during synchronizing settings.
2025-03-23 20:50:29.933 [info] Keybindings: No changes found during synchronizing keybindings.
2025-03-23 20:50:29.935 [info] Snippets: No changes found during synchronizing snippets.
2025-03-23 20:50:29.935 [info] Tasks: No changes found during synchronizing tasks.
2025-03-23 20:50:29.938 [info] GlobalState: No changes found during synchronizing ui state.
2025-03-23 20:50:29.965 [info] Extensions: No changes found during synchronizing extensions.
2025-03-23 20:50:29.965 [info] Profiles: No changes found during synchronizing profiles.
2025-03-23 20:50:29.966 [info] Syncing profile. LaTeX
2025-03-23 20:50:29.967 [info] Settings (LaTeX): No changes found during synchronizing settings.
2025-03-23 20:50:29.968 [info] Keybindings (LaTeX): No changes found during synchronizing keybindings.
2025-03-23 20:50:29.968 [info] Snippets (LaTeX): No changes found during synchronizing snippets.
2025-03-23 20:50:29.969 [info] Tasks (LaTeX): No changes found during synchronizing tasks.
2025-03-23 20:50:29.971 [info] GlobalState (LaTeX): No changes found during synchronizing ui state.
2025-03-23 20:50:29.984 [info] Extensions (LaTeX): No changes found during synchronizing extensions.
2025-03-23 20:50:29.984 [info] Sync done. Took 110ms
2025-03-23 20:50:59.303 [info] [AutoSync] Triggered by Activity
2025-03-23 20:50:59.303 [info] Sync started.
2025-03-23 20:50:59.360 [info] Settings: No changes found during synchronizing settings.
2025-03-23 20:50:59.362 [info] Keybindings: No changes found during synchronizing keybindings.
2025-03-23 20:50:59.363 [info] Snippets: No changes found during synchronizing snippets.
2025-03-23 20:50:59.364 [info] Tasks: No changes found during synchronizing tasks.
2025-03-23 20:50:59.367 [info] GlobalState: No changes found during synchronizing ui state.
2025-03-23 20:50:59.392 [info] Extensions: No changes found during synchronizing extensions.
2025-03-23 20:50:59.392 [info] Profiles: No changes found during synchronizing profiles.
2025-03-23 20:50:59.393 [info] Syncing profile. LaTeX
2025-03-23 20:50:59.394 [info] Settings (LaTeX): No changes found during synchronizing settings.
2025-03-23 20:50:59.395 [info] Keybindings (LaTeX): No changes found during synchronizing keybindings.
2025-03-23 20:50:59.395 [info] Snippets (LaTeX): No changes found during synchronizing snippets.
2025-03-23 20:50:59.396 [info] Tasks (LaTeX): No changes found during synchronizing tasks.
2025-03-23 20:50:59.397 [info] GlobalState (LaTeX): No changes found during synchronizing ui state.
2025-03-23 20:50:59.411 [info] Extensions (LaTeX): No changes found during synchronizing extensions.
2025-03-23 20:50:59.412 [info] Sync done. Took 110ms
2025-03-23 20:51:16.428 [info] [AutoSync] Triggered by Activity
2025-03-23 20:51:16.428 [info] Sync started.
2025-03-23 20:51:16.487 [info] Settings: No changes found during synchronizing settings.
2025-03-23 20:51:16.488 [info] Keybindings: No changes found during synchronizing keybindings.
2025-03-23 20:51:16.490 [info] Snippets: No changes found during synchronizing snippets.
2025-03-23 20:51:16.491 [info] Tasks: No changes found during synchronizing tasks.
2025-03-23 20:51:16.494 [info] GlobalState: No changes found during synchronizing ui state.
2025-03-23 20:51:16.520 [info] Extensions: No changes found during synchronizing extensions.
2025-03-23 20:51:16.521 [info] Profiles: No changes found during synchronizing profiles.
2025-03-23 20:51:16.521 [info] Syncing profile. LaTeX
2025-03-23 20:51:16.522 [info] Settings (LaTeX): No changes found during synchronizing settings.
2025-03-23 20:51:16.524 [info] Keybindings (LaTeX): No changes found during synchronizing keybindings.
2025-03-23 20:51:16.525 [info] Snippets (LaTeX): No changes found during synchronizing snippets.
2025-03-23 20:51:16.526 [info] Tasks (LaTeX): No changes found during synchronizing tasks.
2025-03-23 20:51:16.528 [info] GlobalState (LaTeX): No changes found during synchronizing ui state.
2025-03-23 20:51:16.543 [info] Extensions (LaTeX): No changes found during synchronizing extensions.
2025-03-23 20:51:16.544 [info] Sync done. Took 116ms
2025-03-23 20:51:26.592 [info] [AutoSync] Triggered by Activity
2025-03-23 20:51:26.593 [info] Sync started.
2025-03-23 20:51:26.649 [info] Settings: No changes found during synchronizing settings.
2025-03-23 20:51:26.651 [info] Keybindings: No changes found during synchronizing keybindings.
2025-03-23 20:51:26.652 [info] Snippets: No changes found during synchronizing snippets.
2025-03-23 20:51:26.653 [info] Tasks: No changes found during synchronizing tasks.
2025-03-23 20:51:26.656 [info] GlobalState: No changes found during synchronizing ui state.
2025-03-23 20:51:26.682 [info] Extensions: No changes found during synchronizing extensions.
2025-03-23 20:51:26.682 [info] Profiles: No changes found during synchronizing profiles.
2025-03-23 20:51:26.683 [info] Syncing profile. LaTeX
2025-03-23 20:51:26.683 [info] Settings (LaTeX): No changes found during synchronizing settings.
2025-03-23 20:51:26.684 [info] Keybindings (LaTeX): No changes found during synchronizing keybindings.
2025-03-23 20:51:26.685 [info] Snippets (LaTeX): No changes found during synchronizing snippets.
2025-03-23 20:51:26.686 [info] Tasks (LaTeX): No changes found during synchronizing tasks.
2025-03-23 20:51:26.689 [info] GlobalState (LaTeX): No changes found during synchronizing ui state.
2025-03-23 20:51:26.706 [info] Extensions (LaTeX): No changes found during synchronizing extensions.
2025-03-23 20:51:26.706 [info] Sync done. Took 114ms
2025-03-23 20:51:46.515 [info] [AutoSync] Triggered by Activity
2025-03-23 20:51:46.515 [info] Sync started.
2025-03-23 20:51:46.569 [info] Settings: No changes found during synchronizing settings.
2025-03-23 20:51:46.571 [info] Keybindings: No changes found during synchronizing keybindings.
2025-03-23 20:51:46.572 [info] Snippets: No changes found during synchronizing snippets.
2025-03-23 20:51:46.573 [info] Tasks: No changes found during synchronizing tasks.
2025-03-23 20:51:46.576 [info] GlobalState: No changes found during synchronizing ui state.
2025-03-23 20:51:46.605 [info] Extensions: No changes found during synchronizing extensions.
2025-03-23 20:51:46.606 [info] Profiles: No changes found during synchronizing profiles.
2025-03-23 20:51:46.606 [info] Syncing profile. LaTeX
2025-03-23 20:51:46.607 [info] Settings (LaTeX): No changes found during synchronizing settings.
2025-03-23 20:51:46.608 [info] Keybindings (LaTeX): No changes found during synchronizing keybindings.
2025-03-23 20:51:46.609 [info] Snippets (LaTeX): No changes found during synchronizing snippets.
2025-03-23 20:51:46.610 [info] Tasks (LaTeX): No changes found during synchronizing tasks.
2025-03-23 20:51:46.612 [info] GlobalState (LaTeX): No changes found during synchronizing ui state.
2025-03-23 20:51:46.630 [info] Extensions (LaTeX): No changes found during synchronizing extensions.
2025-03-23 20:51:46.630 [info] Sync done. Took 116ms
2025-03-23 20:52:15.579 [info] [AutoSync] Triggered by Activity
2025-03-23 20:52:15.579 [info] Sync started.
2025-03-23 20:52:15.639 [info] Settings: No changes found during synchronizing settings.
2025-03-23 20:52:15.640 [info] Keybindings: No changes found during synchronizing keybindings.
2025-03-23 20:52:15.641 [info] Snippets: No changes found during synchronizing snippets.
2025-03-23 20:52:15.642 [info] Tasks: No changes found during synchronizing tasks.
2025-03-23 20:52:15.645 [info] GlobalState: No changes found during synchronizing ui state.
2025-03-23 20:52:15.671 [info] Extensions: No changes found during synchronizing extensions.
2025-03-23 20:52:15.672 [info] Profiles: No changes found during synchronizing profiles.
2025-03-23 20:52:15.673 [info] Syncing profile. LaTeX
2025-03-23 20:52:15.673 [info] Settings (LaTeX): No changes found during synchronizing settings.
2025-03-23 20:52:15.674 [info] Keybindings (LaTeX): No changes found during synchronizing keybindings.
2025-03-23 20:52:15.675 [info] Snippets (LaTeX): No changes found during synchronizing snippets.
2025-03-23 20:52:15.676 [info] Tasks (LaTeX): No changes found during synchronizing tasks.
2025-03-23 20:52:15.677 [info] GlobalState (LaTeX): No changes found during synchronizing ui state.
2025-03-23 20:52:15.690 [info] Extensions (LaTeX): No changes found during synchronizing extensions.
2025-03-23 20:52:15.690 [info] Sync done. Took 112ms
2025-03-23 20:52:59.139 [info] [AutoSync] Triggered by Activity
2025-03-23 20:52:59.140 [info] Sync started.
2025-03-23 20:52:59.197 [info] Settings: No changes found during synchronizing settings.
2025-03-23 20:52:59.199 [info] Keybindings: No changes found during synchronizing keybindings.
2025-03-23 20:52:59.200 [info] Snippets: No changes found during synchronizing snippets.
2025-03-23 20:52:59.201 [info] Tasks: No changes found during synchronizing tasks.
2025-03-23 20:52:59.204 [info] GlobalState: No changes found during synchronizing ui state.
2025-03-23 20:52:59.229 [info] Extensions: No changes found during synchronizing extensions.
2025-03-23 20:52:59.230 [info] Profiles: No changes found during synchronizing profiles.
2025-03-23 20:52:59.230 [info] Syncing profile. LaTeX
2025-03-23 20:52:59.231 [info] Settings (LaTeX): No changes found during synchronizing settings.
2025-03-23 20:52:59.232 [info] Keybindings (LaTeX): No changes found during synchronizing keybindings.
2025-03-23 20:52:59.233 [info] Snippets (LaTeX): No changes found during synchronizing snippets.
2025-03-23 20:52:59.234 [info] Tasks (LaTeX): No changes found during synchronizing tasks.
2025-03-23 20:52:59.235 [info] GlobalState (LaTeX): No changes found during synchronizing ui state.
2025-03-23 20:52:59.247 [info] Extensions (LaTeX): No changes found during synchronizing extensions.
2025-03-23 20:52:59.248 [info] Sync done. Took 109ms
2025-03-23 20:54:21.127 [info] [AutoSync] Triggered by Activity
2025-03-23 20:54:21.127 [info] Sync started.
2025-03-23 20:54:21.193 [info] Settings: No changes found during synchronizing settings.
2025-03-23 20:54:21.195 [info] Keybindings: No changes found during synchronizing keybindings.
2025-03-23 20:54:21.196 [info] Snippets: No changes found during synchronizing snippets.
2025-03-23 20:54:21.197 [info] Tasks: No changes found during synchronizing tasks.
2025-03-23 20:54:21.200 [info] GlobalState: No changes found during synchronizing ui state.
2025-03-23 20:54:21.224 [info] Extensions: No changes found during synchronizing extensions.
2025-03-23 20:54:21.224 [info] Profiles: No changes found during synchronizing profiles.
2025-03-23 20:54:21.224 [info] Syncing profile. LaTeX
2025-03-23 20:54:21.225 [info] Settings (LaTeX): No changes found during synchronizing settings.
2025-03-23 20:54:21.226 [info] Keybindings (LaTeX): No changes found during synchronizing keybindings.
2025-03-23 20:54:21.227 [info] Snippets (LaTeX): No changes found during synchronizing snippets.
2025-03-23 20:54:21.228 [info] Tasks (LaTeX): No changes found during synchronizing tasks.
2025-03-23 20:54:21.229 [info] GlobalState (LaTeX): No changes found during synchronizing ui state.
2025-03-23 20:54:21.244 [info] Extensions (LaTeX): No changes found during synchronizing extensions.
2025-03-23 20:54:21.247 [info] Sync done. Took 120ms
2025-03-23 20:54:37.993 [info] [AutoSync] Triggered by Activity
2025-03-23 20:54:37.994 [info] Sync started.
2025-03-23 20:54:38.049 [info] Settings: No changes found during synchronizing settings.
2025-03-23 20:54:38.050 [info] Keybindings: No changes found during synchronizing keybindings.
2025-03-23 20:54:38.051 [info] Snippets: No changes found during synchronizing snippets.
2025-03-23 20:54:38.051 [info] Tasks: No changes found during synchronizing tasks.
2025-03-23 20:54:38.054 [info] GlobalState: No changes found during synchronizing ui state.
2025-03-23 20:54:38.087 [info] Extensions: No changes found during synchronizing extensions.
2025-03-23 20:54:38.088 [info] Profiles: No changes found during synchronizing profiles.
2025-03-23 20:54:38.088 [info] Syncing profile. LaTeX
2025-03-23 20:54:38.089 [info] Settings (LaTeX): No changes found during synchronizing settings.
2025-03-23 20:54:38.091 [info] Keybindings (LaTeX): No changes found during synchronizing keybindings.
2025-03-23 20:54:38.091 [info] Snippets (LaTeX): No changes found during synchronizing snippets.
2025-03-23 20:54:38.092 [info] Tasks (LaTeX): No changes found during synchronizing tasks.
2025-03-23 20:54:38.093 [info] GlobalState (LaTeX): No changes found during synchronizing ui state.
2025-03-23 20:54:38.109 [info] Extensions (LaTeX): No changes found during synchronizing extensions.
2025-03-23 20:54:38.109 [info] Sync done. Took 117ms
2025-03-23 20:55:15.128 [info] [AutoSync] Triggered by Activity
2025-03-23 20:55:15.128 [info] Sync started.
2025-03-23 20:55:15.185 [info] Settings: No changes found during synchronizing settings.
2025-03-23 20:55:15.186 [info] Keybindings: No changes found during synchronizing keybindings.
2025-03-23 20:55:15.187 [info] Snippets: No changes found during synchronizing snippets.
2025-03-23 20:55:15.188 [info] Tasks: No changes found during synchronizing tasks.
2025-03-23 20:55:16.009 [info] GlobalState: Updated remote ui state. Updated: extension.features.state.
2025-03-23 20:55:16.012 [info] GlobalState: Updated last synchronized ui state
2025-03-23 20:55:16.043 [info] Extensions: No changes found during synchronizing extensions.
2025-03-23 20:55:16.044 [info] Profiles: No changes found during synchronizing profiles.
2025-03-23 20:55:16.044 [info] Syncing profile. LaTeX
2025-03-23 20:55:16.045 [info] Settings (LaTeX): No changes found during synchronizing settings.
2025-03-23 20:55:16.046 [info] Keybindings (LaTeX): No changes found during synchronizing keybindings.
2025-03-23 20:55:16.047 [info] Snippets (LaTeX): No changes found during synchronizing snippets.
2025-03-23 20:55:16.048 [info] Tasks (LaTeX): No changes found during synchronizing tasks.
2025-03-23 20:55:16.049 [info] GlobalState (LaTeX): No changes found during synchronizing ui state.
2025-03-23 20:55:16.068 [info] Extensions (LaTeX): No changes found during synchronizing extensions.
2025-03-23 20:55:16.071 [info] Sync done. Took 943ms
2025-03-23 20:55:18.664 [info] [AutoSync] Triggered by Activity
2025-03-23 20:55:18.664 [info] Sync started.
2025-03-23 20:55:18.718 [info] Settings: No changes found during synchronizing settings.
2025-03-23 20:55:18.719 [info] Keybindings: No changes found during synchronizing keybindings.
2025-03-23 20:55:18.720 [info] Snippets: No changes found during synchronizing snippets.
2025-03-23 20:55:18.721 [info] Tasks: No changes found during synchronizing tasks.
2025-03-23 20:55:19.545 [info] GlobalState: Updated remote ui state. Updated: extension.features.state.
2025-03-23 20:55:19.547 [info] GlobalState: Updated last synchronized ui state
2025-03-23 20:55:19.572 [info] Extensions: No changes found during synchronizing extensions.
2025-03-23 20:55:19.573 [info] Profiles: No changes found during synchronizing profiles.
2025-03-23 20:55:19.573 [info] Syncing profile. LaTeX
2025-03-23 20:55:19.574 [info] Settings (LaTeX): No changes found during synchronizing settings.
2025-03-23 20:55:19.576 [info] Keybindings (LaTeX): No changes found during synchronizing keybindings.
2025-03-23 20:55:19.576 [info] Snippets (LaTeX): No changes found during synchronizing snippets.
2025-03-23 20:55:19.577 [info] Tasks (LaTeX): No changes found during synchronizing tasks.
2025-03-23 20:55:19.578 [info] GlobalState (LaTeX): No changes found during synchronizing ui state.
2025-03-23 20:55:19.590 [info] Extensions (LaTeX): No changes found during synchronizing extensions.
2025-03-23 20:55:19.592 [info] Sync done. Took 928ms
2025-03-23 20:59:02.199 [info] [AutoSync] Triggered by Activity
2025-03-23 20:59:02.199 [info] Sync started.
2025-03-23 20:59:02.433 [info] Settings: No changes found during synchronizing settings.
2025-03-23 20:59:02.435 [info] Keybindings: No changes found during synchronizing keybindings.
2025-03-23 20:59:02.436 [info] Snippets: No changes found during synchronizing snippets.
2025-03-23 20:59:02.437 [info] Tasks: No changes found during synchronizing tasks.
2025-03-23 20:59:02.439 [info] GlobalState: No changes found during synchronizing ui state.
2025-03-23 20:59:02.466 [info] Extensions: No changes found during synchronizing extensions.
2025-03-23 20:59:02.466 [info] Profiles: No changes found during synchronizing profiles.
2025-03-23 20:59:02.467 [info] Syncing profile. LaTeX
2025-03-23 20:59:02.468 [info] Settings (LaTeX): No changes found during synchronizing settings.
2025-03-23 20:59:02.469 [info] Keybindings (LaTeX): No changes found during synchronizing keybindings.
2025-03-23 20:59:02.470 [info] Snippets (LaTeX): No changes found during synchronizing snippets.
2025-03-23 20:59:02.471 [info] Tasks (LaTeX): No changes found during synchronizing tasks.
2025-03-23 20:59:02.472 [info] GlobalState (LaTeX): No changes found during synchronizing ui state.
2025-03-23 20:59:02.487 [info] Extensions (LaTeX): No changes found during synchronizing extensions.
2025-03-23 20:59:02.488 [info] Sync done. Took 290ms
2025-03-23 20:59:29.442 [info] [AutoSync] Triggered by Activity
2025-03-23 20:59:29.442 [info] Sync started.
2025-03-23 20:59:29.499 [info] Settings: No changes found during synchronizing settings.
2025-03-23 20:59:29.500 [info] Keybindings: No changes found during synchronizing keybindings.
2025-03-23 20:59:29.501 [info] Snippets: No changes found during synchronizing snippets.
2025-03-23 20:59:29.502 [info] Tasks: No changes found during synchronizing tasks.
2025-03-23 20:59:29.504 [info] GlobalState: No changes found during synchronizing ui state.
2025-03-23 20:59:29.532 [info] Extensions: No changes found during synchronizing extensions.
2025-03-23 20:59:29.533 [info] Profiles: No changes found during synchronizing profiles.
2025-03-23 20:59:29.533 [info] Syncing profile. LaTeX
2025-03-23 20:59:29.534 [info] Settings (LaTeX): No changes found during synchronizing settings.
2025-03-23 20:59:29.535 [info] Keybindings (LaTeX): No changes found during synchronizing keybindings.
2025-03-23 20:59:29.536 [info] Snippets (LaTeX): No changes found during synchronizing snippets.
2025-03-23 20:59:29.537 [info] Tasks (LaTeX): No changes found during synchronizing tasks.
2025-03-23 20:59:29.538 [info] GlobalState (LaTeX): No changes found during synchronizing ui state.
2025-03-23 20:59:29.552 [info] Extensions (LaTeX): No changes found during synchronizing extensions.
2025-03-23 20:59:29.552 [info] Sync done. Took 111ms
2025-03-23 20:59:49.726 [info] [AutoSync] Triggered by Activity
2025-03-23 20:59:49.726 [info] Sync started.
2025-03-23 20:59:49.791 [info] Settings: No changes found during synchronizing settings.
2025-03-23 20:59:49.792 [info] Keybindings: No changes found during synchronizing keybindings.
2025-03-23 20:59:49.794 [info] Snippets: No changes found during synchronizing snippets.
2025-03-23 20:59:49.794 [info] Tasks: No changes found during synchronizing tasks.
2025-03-23 20:59:49.797 [info] GlobalState: No changes found during synchronizing ui state.
2025-03-23 20:59:49.823 [info] Extensions: No changes found during synchronizing extensions.
2025-03-23 20:59:49.824 [info] Profiles: No changes found during synchronizing profiles.
2025-03-23 20:59:49.824 [info] Syncing profile. LaTeX
2025-03-23 20:59:49.825 [info] Settings (LaTeX): No changes found during synchronizing settings.
2025-03-23 20:59:49.826 [info] Keybindings (LaTeX): No changes found during synchronizing keybindings.
2025-03-23 20:59:49.827 [info] Snippets (LaTeX): No changes found during synchronizing snippets.
2025-03-23 20:59:49.828 [info] Tasks (LaTeX): No changes found during synchronizing tasks.
2025-03-23 20:59:49.830 [info] GlobalState (LaTeX): No changes found during synchronizing ui state.
2025-03-23 20:59:49.844 [info] Extensions (LaTeX): No changes found during synchronizing extensions.
2025-03-23 20:59:49.844 [info] Sync done. Took 119ms
2025-03-23 21:00:07.543 [info] [AutoSync] Triggered by Activity
2025-03-23 21:00:07.543 [info] Sync started.
2025-03-23 21:00:07.599 [info] Settings: No changes found during synchronizing settings.
2025-03-23 21:00:07.601 [info] Keybindings: No changes found during synchronizing keybindings.
2025-03-23 21:00:07.602 [info] Snippets: No changes found during synchronizing snippets.
2025-03-23 21:00:07.603 [info] Tasks: No changes found during synchronizing tasks.
2025-03-23 21:00:07.605 [info] GlobalState: No changes found during synchronizing ui state.
2025-03-23 21:00:07.632 [info] Extensions: No changes found during synchronizing extensions.
2025-03-23 21:00:07.633 [info] Profiles: No changes found during synchronizing profiles.
2025-03-23 21:00:07.633 [info] Syncing profile. LaTeX
2025-03-23 21:00:07.634 [info] Settings (LaTeX): No changes found during synchronizing settings.
2025-03-23 21:00:07.635 [info] Keybindings (LaTeX): No changes found during synchronizing keybindings.
2025-03-23 21:00:07.636 [info] Snippets (LaTeX): No changes found during synchronizing snippets.
2025-03-23 21:00:07.637 [info] Tasks (LaTeX): No changes found during synchronizing tasks.
2025-03-23 21:00:07.638 [info] GlobalState (LaTeX): No changes found during synchronizing ui state.
2025-03-23 21:00:07.653 [info] Extensions (LaTeX): No changes found during synchronizing extensions.
2025-03-23 21:00:07.653 [info] Sync done. Took 112ms
2025-03-23 21:01:06.424 [info] [AutoSync] Triggered by Activity
2025-03-23 21:01:06.424 [info] Sync started.
2025-03-23 21:01:06.477 [info] Settings: No changes found during synchronizing settings.
2025-03-23 21:01:06.478 [info] Keybindings: No changes found during synchronizing keybindings.
2025-03-23 21:01:06.479 [info] Snippets: No changes found during synchronizing snippets.
2025-03-23 21:01:06.480 [info] Tasks: No changes found during synchronizing tasks.
2025-03-23 21:01:06.483 [info] GlobalState: No changes found during synchronizing ui state.
2025-03-23 21:01:06.509 [info] Extensions: No changes found during synchronizing extensions.
2025-03-23 21:01:06.509 [info] Profiles: No changes found during synchronizing profiles.
2025-03-23 21:01:06.509 [info] Syncing profile. LaTeX
2025-03-23 21:01:06.510 [info] Settings (LaTeX): No changes found during synchronizing settings.
2025-03-23 21:01:06.511 [info] Keybindings (LaTeX): No changes found during synchronizing keybindings.
2025-03-23 21:01:06.512 [info] Snippets (LaTeX): No changes found during synchronizing snippets.
2025-03-23 21:01:06.513 [info] Tasks (LaTeX): No changes found during synchronizing tasks.
2025-03-23 21:01:06.514 [info] GlobalState (LaTeX): No changes found during synchronizing ui state.
2025-03-23 21:01:06.526 [info] Extensions (LaTeX): No changes found during synchronizing extensions.
2025-03-23 21:01:06.527 [info] Sync done. Took 103ms
2025-03-23 21:01:44.665 [info] [AutoSync] Triggered by Activity
2025-03-23 21:01:44.665 [info] Sync started.
2025-03-23 21:01:44.718 [info] Settings: No changes found during synchronizing settings.
2025-03-23 21:01:44.719 [info] Keybindings: No changes found during synchronizing keybindings.
2025-03-23 21:01:44.720 [info] Snippets: No changes found during synchronizing snippets.
2025-03-23 21:01:44.721 [info] Tasks: No changes found during synchronizing tasks.
2025-03-23 21:01:44.724 [info] GlobalState: No changes found during synchronizing ui state.
2025-03-23 21:01:44.750 [info] Extensions: No changes found during synchronizing extensions.
2025-03-23 21:01:44.752 [info] Profiles: No changes found during synchronizing profiles.
2025-03-23 21:01:44.753 [info] Syncing profile. LaTeX
2025-03-23 21:01:44.754 [info] Settings (LaTeX): No changes found during synchronizing settings.
2025-03-23 21:01:44.755 [info] Keybindings (LaTeX): No changes found during synchronizing keybindings.
2025-03-23 21:01:44.755 [info] Snippets (LaTeX): No changes found during synchronizing snippets.
2025-03-23 21:01:44.756 [info] Tasks (LaTeX): No changes found during synchronizing tasks.
2025-03-23 21:01:44.758 [info] GlobalState (LaTeX): No changes found during synchronizing ui state.
2025-03-23 21:01:44.772 [info] Extensions (LaTeX): No changes found during synchronizing extensions.
2025-03-23 21:01:44.773 [info] Sync done. Took 109ms
2025-03-23 21:02:10.957 [info] [AutoSync] Triggered by Activity
2025-03-23 21:02:10.957 [info] Sync started.
2025-03-23 21:02:11.018 [info] Settings: No changes found during synchronizing settings.
2025-03-23 21:02:11.019 [info] Keybindings: No changes found during synchronizing keybindings.
2025-03-23 21:02:11.020 [info] Snippets: No changes found during synchronizing snippets.
2025-03-23 21:02:11.021 [info] Tasks: No changes found during synchronizing tasks.
2025-03-23 21:02:11.023 [info] GlobalState: No changes found during synchronizing ui state.
2025-03-23 21:02:11.049 [info] Extensions: No changes found during synchronizing extensions.
2025-03-23 21:02:11.053 [info] Profiles: No changes found during synchronizing profiles.
2025-03-23 21:02:11.054 [info] Syncing profile. LaTeX
2025-03-23 21:02:11.055 [info] Settings (LaTeX): No changes found during synchronizing settings.
2025-03-23 21:02:11.056 [info] Keybindings (LaTeX): No changes found during synchronizing keybindings.
2025-03-23 21:02:11.057 [info] Snippets (LaTeX): No changes found during synchronizing snippets.
2025-03-23 21:02:11.057 [info] Tasks (LaTeX): No changes found during synchronizing tasks.
2025-03-23 21:02:11.059 [info] GlobalState (LaTeX): No changes found during synchronizing ui state.
2025-03-23 21:02:11.075 [info] Extensions (LaTeX): No changes found during synchronizing extensions.
2025-03-23 21:02:11.075 [info] Sync done. Took 119ms
2025-03-23 21:05:17.259 [info] [AutoSync] Triggered by Activity
2025-03-23 21:05:17.259 [info] Sync started.
2025-03-23 21:05:17.466 [info] Settings: No changes found during synchronizing settings.
2025-03-23 21:05:17.468 [info] Keybindings: No changes found during synchronizing keybindings.
2025-03-23 21:05:17.469 [info] Snippets: No changes found during synchronizing snippets.
2025-03-23 21:05:17.471 [info] Tasks: No changes found during synchronizing tasks.
2025-03-23 21:05:17.474 [info] GlobalState: No changes found during synchronizing ui state.
2025-03-23 21:05:17.501 [info] Extensions: No changes found during synchronizing extensions.
2025-03-23 21:05:17.504 [info] Profiles: No changes found during synchronizing profiles.
2025-03-23 21:05:17.504 [info] Syncing profile. LaTeX
2025-03-23 21:05:17.505 [info] Settings (LaTeX): No changes found during synchronizing settings.
2025-03-23 21:05:17.506 [info] Keybindings (LaTeX): No changes found during synchronizing keybindings.
2025-03-23 21:05:17.507 [info] Snippets (LaTeX): No changes found during synchronizing snippets.
2025-03-23 21:05:17.508 [info] Tasks (LaTeX): No changes found during synchronizing tasks.
2025-03-23 21:05:17.509 [info] GlobalState (LaTeX): No changes found during synchronizing ui state.
2025-03-23 21:05:17.523 [info] Extensions (LaTeX): No changes found during synchronizing extensions.
2025-03-23 21:05:17.524 [info] Sync done. Took 266ms
2025-03-23 21:06:59.242 [info] [AutoSync] Triggered by Activity
2025-03-23 21:06:59.243 [info] Sync started.
2025-03-23 21:06:59.311 [info] Settings: No changes found during synchronizing settings.
2025-03-23 21:06:59.312 [info] Keybindings: No changes found during synchronizing keybindings.
2025-03-23 21:06:59.314 [info] Snippets: No changes found during synchronizing snippets.
2025-03-23 21:06:59.315 [info] Tasks: No changes found during synchronizing tasks.
2025-03-23 21:06:59.318 [info] GlobalState: No changes found during synchronizing ui state.
2025-03-23 21:06:59.344 [info] Extensions: No changes found during synchronizing extensions.
2025-03-23 21:06:59.344 [info] Profiles: No changes found during synchronizing profiles.
2025-03-23 21:06:59.344 [info] Syncing profile. LaTeX
2025-03-23 21:06:59.345 [info] Settings (LaTeX): No changes found during synchronizing settings.
2025-03-23 21:06:59.346 [info] Keybindings (LaTeX): No changes found during synchronizing keybindings.
2025-03-23 21:06:59.347 [info] Snippets (LaTeX): No changes found during synchronizing snippets.
2025-03-23 21:06:59.348 [info] Tasks (LaTeX): No changes found during synchronizing tasks.
2025-03-23 21:06:59.349 [info] GlobalState (LaTeX): No changes found during synchronizing ui state.
2025-03-23 21:06:59.361 [info] Extensions (LaTeX): No changes found during synchronizing extensions.
2025-03-23 21:06:59.362 [info] Sync done. Took 120ms
