2025-03-23 21:39:38.684 [info] Started local extension host with pid 281219.
2025-03-23 21:39:39.940 [info] Settings Sync: Token updated for the account RuiXavier
2025-03-23 21:39:39.942 [info] Settings Sync: Account status changed from uninitialized to available
2025-03-23 21:39:41.338 [info] [perf] Render performance baseline is 17ms
2025-03-23 21:53:33.362 [info] Started local extension host with pid 322309.
2025-03-23 21:53:34.307 [info] Settings Sync: Token updated for the account RuiXavier
2025-03-23 21:53:34.378 [info] Settings Sync: Account status changed from uninitialized to available
2025-03-23 21:53:36.043 [info] [perf] Render performance baseline is 17ms
2025-03-23 21:58:34.389 [error] An unknown error occurred. Please consult the log for more details.
2025-03-23 22:00:26.590 [error] An unknown error occurred. Please consult the log for more details.
2025-03-23 22:01:34.403 [error] Illegal value for lineNumber: Error: Illegal value for lineNumber
    at Cf.getLineMaxColumn (vscode-file://vscode-app/opt/visual-studio-code/resources/app/out/vs/workbench/workbench.desktop.main.js:253:112)
    at vscode-file://vscode-app/opt/visual-studio-code/resources/app/out/vs/workbench/workbench.desktop.main.js:2001:13251
    at HI._computeFn (vscode-file://vscode-app/opt/visual-studio-code/resources/app/out/vs/workbench/workbench.desktop.main.js:31:24260)
    at HI.q (vscode-file://vscode-app/opt/visual-studio-code/resources/app/out/vs/workbench/workbench.desktop.main.js:31:25793)
    at HI.get (vscode-file://vscode-app/opt/visual-studio-code/resources/app/out/vs/workbench/workbench.desktop.main.js:31:25545)
    at HI.reportChanges (vscode-file://vscode-app/opt/visual-studio-code/resources/app/out/vs/workbench/workbench.desktop.main.js:31:15998)
    at rse.endUpdate (vscode-file://vscode-app/opt/visual-studio-code/resources/app/out/vs/workbench/workbench.desktop.main.js:31:22892)
    at HI.endUpdate (vscode-file://vscode-app/opt/visual-studio-code/resources/app/out/vs/workbench/workbench.desktop.main.js:31:26591)
    at _5.finish (vscode-file://vscode-app/opt/visual-studio-code/resources/app/out/vs/workbench/workbench.desktop.main.js:31:17858)
    at Hi (vscode-file://vscode-app/opt/visual-studio-code/resources/app/out/vs/workbench/workbench.desktop.main.js:31:17251)
2025-03-23 22:02:36.782 [error] An unknown error occurred. Please consult the log for more details.
2025-03-23 22:11:57.569 [error] An unknown error occurred. Please consult the log for more details.
2025-03-23 22:15:49.391 [error] An unknown error occurred. Please consult the log for more details.
2025-03-23 22:22:29.579 [error] TreeError [Chat] Tree element not found: [object Object]: Error: TreeError [Chat] Tree element not found: [object Object]
    at koe.o (vscode-file://vscode-app/opt/visual-studio-code/resources/app/out/vs/workbench/workbench.desktop.main.js:413:8339)
    at koe.getListIndex (vscode-file://vscode-app/opt/visual-studio-code/resources/app/out/vs/workbench/workbench.desktop.main.js:413:7351)
    at Nx.updateElementHeight (vscode-file://vscode-app/opt/visual-studio-code/resources/app/out/vs/workbench/workbench.desktop.main.js:413:15719)
    at xie.value (vscode-file://vscode-app/opt/visual-studio-code/resources/app/out/vs/workbench/workbench.desktop.main.js:841:34860)
    at E.B (vscode-file://vscode-app/opt/visual-studio-code/resources/app/out/vs/workbench/workbench.desktop.main.js:29:2392)
    at E.fire (vscode-file://vscode-app/opt/visual-studio-code/resources/app/out/vs/workbench/workbench.desktop.main.js:29:2611)
    at pde.bb (vscode-file://vscode-app/opt/visual-studio-code/resources/app/out/vs/workbench/workbench.desktop.main.js:841:10079)
    at xie.value (vscode-file://vscode-app/opt/visual-studio-code/resources/app/out/vs/workbench/workbench.desktop.main.js:841:17058)
    at E.B (vscode-file://vscode-app/opt/visual-studio-code/resources/app/out/vs/workbench/workbench.desktop.main.js:29:2392)
    at E.fire (vscode-file://vscode-app/opt/visual-studio-code/resources/app/out/vs/workbench/workbench.desktop.main.js:29:2611)
2025-03-23 22:23:17.484 [error] TreeError [Chat] Tree element not found: [object Object]: Error: TreeError [Chat] Tree element not found: [object Object]
    at koe.o (vscode-file://vscode-app/opt/visual-studio-code/resources/app/out/vs/workbench/workbench.desktop.main.js:413:8339)
    at koe.getListIndex (vscode-file://vscode-app/opt/visual-studio-code/resources/app/out/vs/workbench/workbench.desktop.main.js:413:7351)
    at Nx.updateElementHeight (vscode-file://vscode-app/opt/visual-studio-code/resources/app/out/vs/workbench/workbench.desktop.main.js:413:15719)
    at xie.value (vscode-file://vscode-app/opt/visual-studio-code/resources/app/out/vs/workbench/workbench.desktop.main.js:841:34860)
    at E.B (vscode-file://vscode-app/opt/visual-studio-code/resources/app/out/vs/workbench/workbench.desktop.main.js:29:2392)
    at E.fire (vscode-file://vscode-app/opt/visual-studio-code/resources/app/out/vs/workbench/workbench.desktop.main.js:29:2611)
    at pde.bb (vscode-file://vscode-app/opt/visual-studio-code/resources/app/out/vs/workbench/workbench.desktop.main.js:841:10079)
    at xie.value (vscode-file://vscode-app/opt/visual-studio-code/resources/app/out/vs/workbench/workbench.desktop.main.js:841:17058)
    at E.B (vscode-file://vscode-app/opt/visual-studio-code/resources/app/out/vs/workbench/workbench.desktop.main.js:29:2392)
    at E.fire (vscode-file://vscode-app/opt/visual-studio-code/resources/app/out/vs/workbench/workbench.desktop.main.js:29:2611)
2025-03-23 22:25:36.639 [error] TreeError [Chat] Tree element not found: [object Object]: Error: TreeError [Chat] Tree element not found: [object Object]
    at koe.o (vscode-file://vscode-app/opt/visual-studio-code/resources/app/out/vs/workbench/workbench.desktop.main.js:413:8339)
    at koe.getListIndex (vscode-file://vscode-app/opt/visual-studio-code/resources/app/out/vs/workbench/workbench.desktop.main.js:413:7351)
    at Nx.updateElementHeight (vscode-file://vscode-app/opt/visual-studio-code/resources/app/out/vs/workbench/workbench.desktop.main.js:413:15719)
    at xie.value (vscode-file://vscode-app/opt/visual-studio-code/resources/app/out/vs/workbench/workbench.desktop.main.js:841:34860)
    at E.B (vscode-file://vscode-app/opt/visual-studio-code/resources/app/out/vs/workbench/workbench.desktop.main.js:29:2392)
    at E.fire (vscode-file://vscode-app/opt/visual-studio-code/resources/app/out/vs/workbench/workbench.desktop.main.js:29:2611)
    at pde.bb (vscode-file://vscode-app/opt/visual-studio-code/resources/app/out/vs/workbench/workbench.desktop.main.js:841:10079)
    at xie.value (vscode-file://vscode-app/opt/visual-studio-code/resources/app/out/vs/workbench/workbench.desktop.main.js:841:17058)
    at E.B (vscode-file://vscode-app/opt/visual-studio-code/resources/app/out/vs/workbench/workbench.desktop.main.js:29:2392)
    at E.fire (vscode-file://vscode-app/opt/visual-studio-code/resources/app/out/vs/workbench/workbench.desktop.main.js:29:2611)
2025-03-23 22:26:23.195 [error] TreeError [Chat] Tree element not found: [object Object]: Error: TreeError [Chat] Tree element not found: [object Object]
    at koe.o (vscode-file://vscode-app/opt/visual-studio-code/resources/app/out/vs/workbench/workbench.desktop.main.js:413:8339)
    at koe.getListIndex (vscode-file://vscode-app/opt/visual-studio-code/resources/app/out/vs/workbench/workbench.desktop.main.js:413:7351)
    at Nx.updateElementHeight (vscode-file://vscode-app/opt/visual-studio-code/resources/app/out/vs/workbench/workbench.desktop.main.js:413:15719)
    at xie.value (vscode-file://vscode-app/opt/visual-studio-code/resources/app/out/vs/workbench/workbench.desktop.main.js:841:34860)
    at E.B (vscode-file://vscode-app/opt/visual-studio-code/resources/app/out/vs/workbench/workbench.desktop.main.js:29:2392)
    at E.fire (vscode-file://vscode-app/opt/visual-studio-code/resources/app/out/vs/workbench/workbench.desktop.main.js:29:2611)
    at pde.bb (vscode-file://vscode-app/opt/visual-studio-code/resources/app/out/vs/workbench/workbench.desktop.main.js:841:10079)
    at xie.value (vscode-file://vscode-app/opt/visual-studio-code/resources/app/out/vs/workbench/workbench.desktop.main.js:841:17058)
    at E.B (vscode-file://vscode-app/opt/visual-studio-code/resources/app/out/vs/workbench/workbench.desktop.main.js:29:2392)
    at E.fire (vscode-file://vscode-app/opt/visual-studio-code/resources/app/out/vs/workbench/workbench.desktop.main.js:29:2611)
