2025-03-23 20:10:37.666 [info] [main] Log level: Info
2025-03-23 20:10:37.666 [info] [main] Validating found git in: "git"
2025-03-23 20:10:37.666 [info] [main] Using git "2.49.0" from "git"
2025-03-23 20:10:37.666 [info] [Model][doInitialScan] Initial repository scan started
2025-03-23 20:10:37.666 [info] > git rev-parse --show-toplevel [14ms]
2025-03-23 20:10:37.666 [info] fatal: not a git repository (or any parent up to mount point /)
Stopping at filesystem boundary (GIT_DISCOVERY_ACROSS_FILESYSTEM not set).
2025-03-23 20:10:37.666 [info] > git rev-parse --show-toplevel [284ms]
2025-03-23 20:10:37.666 [info] fatal: not a git repository (or any parent up to mount point /)
Stopping at filesystem boundary (GIT_DISCOVERY_ACROSS_FILESYSTEM not set).
2025-03-23 20:10:37.667 [info] > git rev-parse --show-toplevel [10ms]
2025-03-23 20:10:37.667 [info] fatal: not a git repository (or any parent up to mount point /)
Stopping at filesystem boundary (GIT_DISCOVERY_ACROSS_FILESYSTEM not set).
2025-03-23 20:10:37.699 [info] > git rev-parse --show-toplevel [1ms]
2025-03-23 20:10:37.699 [info] fatal: not a git repository (or any parent up to mount point /)
Stopping at filesystem boundary (GIT_DISCOVERY_ACROSS_FILESYSTEM not set).
2025-03-23 20:10:37.705 [info] > git rev-parse --show-toplevel [1ms]
2025-03-23 20:10:37.705 [info] fatal: not a git repository (or any parent up to mount point /)
Stopping at filesystem boundary (GIT_DISCOVERY_ACROSS_FILESYSTEM not set).
2025-03-23 20:10:37.711 [info] > git rev-parse --show-toplevel [1ms]
2025-03-23 20:10:37.711 [info] fatal: not a git repository (or any parent up to mount point /)
Stopping at filesystem boundary (GIT_DISCOVERY_ACROSS_FILESYSTEM not set).
2025-03-23 20:10:37.717 [info] > git rev-parse --show-toplevel [2ms]
2025-03-23 20:10:37.717 [info] fatal: not a git repository (or any parent up to mount point /)
Stopping at filesystem boundary (GIT_DISCOVERY_ACROSS_FILESYSTEM not set).
2025-03-23 20:10:37.723 [info] > git rev-parse --show-toplevel [1ms]
2025-03-23 20:10:37.723 [info] fatal: not a git repository (or any parent up to mount point /)
Stopping at filesystem boundary (GIT_DISCOVERY_ACROSS_FILESYSTEM not set).
2025-03-23 20:10:37.729 [info] > git rev-parse --show-toplevel [1ms]
2025-03-23 20:10:37.729 [info] fatal: not a git repository (or any parent up to mount point /)
Stopping at filesystem boundary (GIT_DISCOVERY_ACROSS_FILESYSTEM not set).
2025-03-23 20:10:37.735 [info] > git rev-parse --show-toplevel [1ms]
2025-03-23 20:10:37.735 [info] fatal: not a git repository (or any parent up to mount point /)
Stopping at filesystem boundary (GIT_DISCOVERY_ACROSS_FILESYSTEM not set).
2025-03-23 20:10:37.741 [info] > git rev-parse --show-toplevel [1ms]
2025-03-23 20:10:37.741 [info] fatal: not a git repository (or any parent up to mount point /)
Stopping at filesystem boundary (GIT_DISCOVERY_ACROSS_FILESYSTEM not set).
2025-03-23 20:10:37.772 [info] > git rev-parse --show-toplevel [0ms]
2025-03-23 20:10:37.772 [info] fatal: not a git repository (or any parent up to mount point /)
Stopping at filesystem boundary (GIT_DISCOVERY_ACROSS_FILESYSTEM not set).
2025-03-23 20:10:37.777 [info] > git rev-parse --show-toplevel [1ms]
2025-03-23 20:10:37.777 [info] fatal: not a git repository (or any parent up to mount point /)
Stopping at filesystem boundary (GIT_DISCOVERY_ACROSS_FILESYSTEM not set).
2025-03-23 20:10:37.782 [info] > git rev-parse --show-toplevel [1ms]
2025-03-23 20:10:37.782 [info] fatal: not a git repository (or any parent up to mount point /)
Stopping at filesystem boundary (GIT_DISCOVERY_ACROSS_FILESYSTEM not set).
2025-03-23 20:10:37.787 [info] > git rev-parse --show-toplevel [1ms]
2025-03-23 20:10:37.787 [info] fatal: not a git repository (or any parent up to mount point /)
Stopping at filesystem boundary (GIT_DISCOVERY_ACROSS_FILESYSTEM not set).
2025-03-23 20:10:37.794 [info] > git rev-parse --show-toplevel [3ms]
2025-03-23 20:10:37.794 [info] fatal: not a git repository (or any parent up to mount point /)
Stopping at filesystem boundary (GIT_DISCOVERY_ACROSS_FILESYSTEM not set).
2025-03-23 20:10:37.816 [info] > git rev-parse --show-toplevel [17ms]
2025-03-23 20:10:37.816 [info] fatal: not a git repository (or any parent up to mount point /)
Stopping at filesystem boundary (GIT_DISCOVERY_ACROSS_FILESYSTEM not set).
2025-03-23 20:10:38.955 [info] > git rev-parse --show-toplevel [1135ms]
2025-03-23 20:10:38.955 [info] fatal: not a git repository (or any parent up to mount point /)
Stopping at filesystem boundary (GIT_DISCOVERY_ACROSS_FILESYSTEM not set).
2025-03-23 20:10:39.574 [info] > git rev-parse --show-toplevel [97ms]
2025-03-23 20:10:39.574 [info] fatal: not a git repository (or any parent up to mount point /)
Stopping at filesystem boundary (GIT_DISCOVERY_ACROSS_FILESYSTEM not set).
2025-03-23 20:10:39.575 [info] [Model][doInitialScan] Initial repository scan completed - repositories (0), closed repositories (0), parent repositories (0), unsafe repositories (0)
2025-03-23 20:10:39.628 [info] > git rev-parse --show-toplevel [36ms]
2025-03-23 20:10:39.628 [info] fatal: not a git repository (or any parent up to mount point /)
Stopping at filesystem boundary (GIT_DISCOVERY_ACROSS_FILESYSTEM not set).
2025-03-23 20:10:39.688 [info] > git rev-parse --show-toplevel [21ms]
2025-03-23 20:10:39.688 [info] fatal: not a git repository (or any parent up to mount point /)
Stopping at filesystem boundary (GIT_DISCOVERY_ACROSS_FILESYSTEM not set).
2025-03-23 20:10:40.612 [info] > git rev-parse --show-toplevel [42ms]
2025-03-23 20:10:40.612 [info] fatal: not a git repository (or any parent up to mount point /)
Stopping at filesystem boundary (GIT_DISCOVERY_ACROSS_FILESYSTEM not set).
