2025-03-23 21:07:46.587 [info] Reading sessions from keychain...
2025-03-23 21:07:46.587 [info] Getting sessions for all scopes...
2025-03-23 21:07:46.587 [info] Getting sessions for all scopes...
2025-03-23 21:07:46.587 [info] Getting sessions for all scopes...
2025-03-23 21:07:46.587 [info] Getting sessions for all scopes...
2025-03-23 21:07:46.587 [info] Getting sessions for all scopes...
2025-03-23 21:07:46.587 [info] Getting sessions for all scopes...
2025-03-23 21:07:46.587 [info] Getting sessions for all scopes...
2025-03-23 21:07:46.751 [info] Got stored sessions!
2025-03-23 21:07:46.751 [info] Got 2 verified sessions.
2025-03-23 21:07:46.751 [info] Got 2 sessions for ...
2025-03-23 21:07:46.751 [info] Got 2 sessions for ...
2025-03-23 21:07:46.751 [info] Got 2 sessions for ...
2025-03-23 21:07:46.751 [info] Got 2 sessions for ...
2025-03-23 21:07:46.751 [info] Got 2 sessions for ...
2025-03-23 21:07:46.751 [info] Got 2 sessions for ...
2025-03-23 21:07:46.751 [info] Got 2 sessions for ...
2025-03-23 21:07:47.008 [info] Getting sessions for all scopes...
2025-03-23 21:07:47.008 [info] Got 2 sessions for ...
2025-03-23 21:07:47.085 [info] Getting sessions for user:email...
2025-03-23 21:07:47.085 [info] Got 1 sessions for user:email...
2025-03-23 21:07:47.659 [info] Getting sessions for read:user,repo,user:email,workflow...
2025-03-23 21:07:47.659 [info] Got 1 sessions for read:user,repo,user:email,workflow...
2025-03-23 21:07:49.264 [info] Getting sessions for all scopes...
2025-03-23 21:07:49.264 [info] Got 2 sessions for ...
2025-03-23 21:07:49.450 [info] Getting sessions for read:user,repo,user:email...
2025-03-23 21:07:49.450 [info] Got 0 sessions for read:user,repo,user:email...
2025-03-23 21:07:49.450 [info] Getting sessions for read:user,repo,user:email,workflow...
2025-03-23 21:07:49.450 [info] Got 1 sessions for read:user,repo,user:email,workflow...
2025-03-23 21:07:49.450 [info] Getting sessions for all scopes...
2025-03-23 21:07:49.450 [info] Got 2 sessions for ...
2025-03-23 21:07:49.450 [info] Getting sessions for all scopes...
2025-03-23 21:07:49.450 [info] Got 2 sessions for ...
2025-03-23 21:07:49.451 [info] Getting sessions for project,read:org,read:user,repo,user:email,workflow...
2025-03-23 21:07:49.451 [info] Got 0 sessions for project,read:org,read:user,repo,user:email,workflow...
2025-03-23 21:07:49.619 [info] Getting sessions for read:user,repo,user:email,workflow...
2025-03-23 21:07:49.620 [info] Got 1 sessions for read:user,repo,user:email,workflow...
2025-03-23 21:07:49.620 [info] Getting sessions for read:user,repo,user:email,workflow...
2025-03-23 21:07:49.620 [info] Got 1 sessions for read:user,repo,user:email,workflow...
2025-03-23 21:07:50.535 [info] Getting sessions for all scopes...
2025-03-23 21:07:50.535 [info] Got 2 sessions for ...
2025-03-23 21:07:50.587 [info] Getting sessions for read:user,repo,user:email...
2025-03-23 21:07:50.587 [info] Got 0 sessions for read:user,repo,user:email...
2025-03-23 21:07:50.645 [info] Getting sessions for read:user,repo,user:email,workflow...
2025-03-23 21:07:50.645 [info] Got 1 sessions for read:user,repo,user:email,workflow...
2025-03-23 21:07:50.648 [info] Getting sessions for read:user,repo,user:email,workflow...
2025-03-23 21:07:50.648 [info] Got 1 sessions for read:user,repo,user:email,workflow...
2025-03-23 21:07:50.664 [info] Getting sessions for all scopes...
2025-03-23 21:07:50.664 [info] Got 2 sessions for ...
2025-03-23 21:07:50.670 [info] Getting sessions for read:user,repo,user:email,workflow...
2025-03-23 21:07:50.670 [info] Got 1 sessions for read:user,repo,user:email,workflow...
2025-03-23 21:07:51.333 [info] Getting sessions for all scopes...
2025-03-23 21:07:51.333 [info] Got 2 sessions for ...
2025-03-23 21:07:51.333 [info] Getting sessions for all scopes...
2025-03-23 21:07:51.333 [info] Got 2 sessions for ...
2025-03-23 21:07:51.340 [info] Getting sessions for read:user,repo,user:email,workflow...
2025-03-23 21:07:51.340 [info] Got 1 sessions for read:user,repo,user:email,workflow...
2025-03-23 21:07:51.342 [info] Getting sessions for all scopes...
2025-03-23 21:07:51.342 [info] Got 2 sessions for ...
2025-03-23 21:07:51.342 [info] Getting sessions for read:user,repo,user:email,workflow...
2025-03-23 21:07:51.342 [info] Got 1 sessions for read:user,repo,user:email,workflow...
2025-03-23 21:07:51.386 [info] Getting sessions for all scopes...
2025-03-23 21:07:51.386 [info] Got 2 sessions for ...
2025-03-23 21:07:51.396 [info] Getting sessions for read:user,repo,user:email,workflow...
2025-03-23 21:07:51.396 [info] Got 1 sessions for read:user,repo,user:email,workflow...
2025-03-23 21:07:52.000 [info] Getting sessions for all scopes...
2025-03-23 21:07:52.000 [info] Got 2 sessions for ...
2025-03-23 21:07:52.001 [info] Getting sessions for read:user,repo,user:email,workflow...
2025-03-23 21:07:52.001 [info] Got 1 sessions for read:user,repo,user:email,workflow...
2025-03-23 21:22:52.002 [info] Getting sessions for all scopes...
2025-03-23 21:22:52.002 [info] Got 2 sessions for ...
2025-03-23 21:22:52.003 [info] Getting sessions for read:user,repo,user:email,workflow...
2025-03-23 21:22:52.003 [info] Got 1 sessions for read:user,repo,user:email,workflow...
2025-03-23 21:31:56.846 [info] Getting sessions for read:user,repo,user:email,workflow...
2025-03-23 21:31:56.846 [info] Got 1 sessions for read:user,repo,user:email,workflow...
2025-03-23 21:32:58.937 [info] Getting sessions for all scopes...
2025-03-23 21:32:58.937 [info] Got 2 sessions for ...
2025-03-23 21:32:58.939 [info] Getting sessions for read:user,repo,user:email,workflow...
2025-03-23 21:32:58.939 [info] Got 1 sessions for read:user,repo,user:email,workflow...
2025-03-23 21:32:58.939 [info] Getting sessions for all scopes...
2025-03-23 21:32:58.939 [info] Got 2 sessions for ...
2025-03-23 21:32:58.940 [info] Getting sessions for read:user,repo,user:email,workflow...
2025-03-23 21:32:58.940 [info] Got 1 sessions for read:user,repo,user:email,workflow...
2025-03-23 21:32:59.559 [info] Getting sessions for all scopes...
2025-03-23 21:32:59.559 [info] Got 2 sessions for ...
2025-03-23 21:32:59.559 [info] Getting sessions for all scopes...
2025-03-23 21:32:59.559 [info] Got 2 sessions for ...
2025-03-23 21:32:59.560 [info] Getting sessions for read:user,repo,user:email,workflow...
2025-03-23 21:32:59.560 [info] Got 1 sessions for read:user,repo,user:email,workflow...
2025-03-23 21:32:59.560 [info] Getting sessions for all scopes...
2025-03-23 21:32:59.560 [info] Got 2 sessions for ...
2025-03-23 21:32:59.561 [info] Getting sessions for read:user,repo,user:email,workflow...
2025-03-23 21:32:59.561 [info] Got 1 sessions for read:user,repo,user:email,workflow...
2025-03-23 21:32:59.562 [info] Getting sessions for all scopes...
2025-03-23 21:32:59.562 [info] Got 2 sessions for ...
2025-03-23 21:32:59.562 [info] Getting sessions for read:user,repo,user:email,workflow...
2025-03-23 21:32:59.562 [info] Got 1 sessions for read:user,repo,user:email,workflow...
2025-03-23 21:33:00.119 [info] Getting sessions for all scopes...
2025-03-23 21:33:00.119 [info] Got 2 sessions for ...
2025-03-23 21:33:00.119 [info] Getting sessions for read:user,repo,user:email,workflow...
2025-03-23 21:33:00.119 [info] Got 1 sessions for read:user,repo,user:email,workflow...
2025-03-23 21:33:00.564 [info] Getting sessions for all scopes...
2025-03-23 21:33:00.564 [info] Got 2 sessions for ...
2025-03-23 21:33:00.565 [info] Getting sessions for read:user,repo,user:email,workflow...
2025-03-23 21:33:00.565 [info] Got 1 sessions for read:user,repo,user:email,workflow...
2025-03-23 21:33:14.724 [info] Getting sessions for read:user,repo,user:email...
2025-03-23 21:33:14.724 [info] Got 0 sessions for read:user,repo,user:email...
