2025-03-23 20:10:36.353 [info] [AutoSync] Using settings sync service https://vscode-sync.trafficmanager.net/
2025-03-23 20:10:36.353 [info] [AutoSync] Enabled.
2025-03-23 20:10:36.353 [info] [AutoSync] Suspended until auth token is available.
2025-03-23 20:10:37.037 [info] [AutoSync] Triggered by Interval
2025-03-23 20:10:37.037 [info] Sync started.
2025-03-23 20:10:37.385 [info] Settings: No changes found during synchronizing settings.
2025-03-23 20:10:37.390 [info] Keybindings: No changes found during synchronizing keybindings.
2025-03-23 20:10:37.393 [info] Snippets: No changes found during synchronizing snippets.
2025-03-23 20:10:37.394 [info] Tasks: No changes found during synchronizing tasks.
2025-03-23 20:10:37.398 [info] GlobalState: No changes found during synchronizing ui state.
2025-03-23 20:10:37.424 [info] Extensions: No changes found during synchronizing extensions.
2025-03-23 20:10:37.427 [info] Profiles: No changes found during synchronizing profiles.
2025-03-23 20:10:37.428 [info] Syncing profile. LaTeX
2025-03-23 20:10:37.465 [info] Settings (LaTeX): No changes found during synchronizing settings.
2025-03-23 20:10:37.468 [info] Keybindings (LaTeX): No changes found during synchronizing keybindings.
2025-03-23 20:10:37.470 [info] Snippets (LaTeX): No changes found during synchronizing snippets.
2025-03-23 20:10:37.471 [info] Tasks (LaTeX): No changes found during synchronizing tasks.
2025-03-23 20:10:37.480 [info] GlobalState (LaTeX): No changes found during synchronizing ui state.
2025-03-23 20:10:37.500 [info] Extensions (LaTeX): No changes found during synchronizing extensions.
2025-03-23 20:10:37.501 [info] Sync done. Took 465ms
2025-03-23 20:10:48.066 [info] [AutoSync] Triggered by Activity
2025-03-23 20:10:48.066 [info] Sync started.
2025-03-23 20:10:48.122 [info] Settings: No changes found during synchronizing settings.
2025-03-23 20:10:48.123 [info] Keybindings: No changes found during synchronizing keybindings.
2025-03-23 20:10:48.124 [info] Snippets: No changes found during synchronizing snippets.
2025-03-23 20:10:48.125 [info] Tasks: No changes found during synchronizing tasks.
2025-03-23 20:10:48.128 [info] GlobalState: No changes found during synchronizing ui state.
2025-03-23 20:10:48.149 [info] Extensions: No changes found during synchronizing extensions.
2025-03-23 20:10:48.150 [info] Profiles: No changes found during synchronizing profiles.
2025-03-23 20:10:48.150 [info] Syncing profile. LaTeX
2025-03-23 20:10:48.151 [info] Settings (LaTeX): No changes found during synchronizing settings.
2025-03-23 20:10:48.152 [info] Keybindings (LaTeX): No changes found during synchronizing keybindings.
2025-03-23 20:10:48.153 [info] Snippets (LaTeX): No changes found during synchronizing snippets.
2025-03-23 20:10:48.154 [info] Tasks (LaTeX): No changes found during synchronizing tasks.
2025-03-23 20:10:48.155 [info] GlobalState (LaTeX): No changes found during synchronizing ui state.
2025-03-23 20:10:48.170 [info] Extensions (LaTeX): No changes found during synchronizing extensions.
2025-03-23 20:10:48.171 [info] Sync done. Took 105ms
