2025-03-23 20:34:24.554 [info] Reading sessions from keychain...
2025-03-23 20:34:24.554 [info] Getting sessions for all scopes...
2025-03-23 20:34:24.554 [info] Getting sessions for all scopes...
2025-03-23 20:34:24.554 [info] Getting sessions for all scopes...
2025-03-23 20:34:24.554 [info] Getting sessions for all scopes...
2025-03-23 20:34:24.554 [info] Getting sessions for all scopes...
2025-03-23 20:34:24.554 [info] Getting sessions for all scopes...
2025-03-23 20:34:24.554 [info] Getting sessions for all scopes...
2025-03-23 20:34:24.664 [info] Got stored sessions!
2025-03-23 20:34:24.664 [info] Got 1 verified sessions.
2025-03-23 20:34:24.664 [info] Got 1 sessions for ...
2025-03-23 20:34:24.664 [info] Got 1 sessions for ...
2025-03-23 20:34:24.664 [info] Got 1 sessions for ...
2025-03-23 20:34:24.664 [info] Got 1 sessions for ...
2025-03-23 20:34:24.664 [info] Got 1 sessions for ...
2025-03-23 20:34:24.664 [info] Got 1 sessions for ...
2025-03-23 20:34:24.664 [info] Got 1 sessions for ...
2025-03-23 20:34:24.776 [info] Getting sessions for all scopes...
2025-03-23 20:34:24.777 [info] Got 1 sessions for ...
2025-03-23 20:34:24.939 [info] Getting sessions for user:email...
2025-03-23 20:34:24.939 [info] Got 1 sessions for user:email...
2025-03-23 20:34:27.087 [info] Getting sessions for all scopes...
2025-03-23 20:34:27.087 [info] Got 1 sessions for ...
2025-03-23 20:34:27.274 [info] Getting sessions for read:user,repo,user:email...
2025-03-23 20:34:27.274 [info] Got 0 sessions for read:user,repo,user:email...
2025-03-23 20:34:27.274 [info] Getting sessions for read:user,repo,user:email,workflow...
2025-03-23 20:34:27.274 [info] Got 0 sessions for read:user,repo,user:email,workflow...
2025-03-23 20:34:27.275 [info] Getting sessions for all scopes...
2025-03-23 20:34:27.275 [info] Got 1 sessions for ...
2025-03-23 20:34:27.275 [info] Getting sessions for all scopes...
2025-03-23 20:34:27.275 [info] Got 1 sessions for ...
2025-03-23 20:34:27.307 [info] Getting sessions for project,read:org,read:user,repo,user:email,workflow...
2025-03-23 20:34:27.307 [info] Got 0 sessions for project,read:org,read:user,repo,user:email,workflow...
2025-03-23 20:34:27.369 [info] Getting sessions for read:user...
2025-03-23 20:34:27.369 [info] Got 0 sessions for read:user...
2025-03-23 20:34:27.369 [info] Getting sessions for read:user,repo,user:email,workflow...
2025-03-23 20:34:27.369 [info] Got 0 sessions for read:user,repo,user:email,workflow...
2025-03-23 20:34:27.369 [info] Getting sessions for read:user,repo,user:email,workflow...
2025-03-23 20:34:27.369 [info] Got 0 sessions for read:user,repo,user:email,workflow...
2025-03-23 20:34:27.411 [info] Getting sessions for user:email...
2025-03-23 20:34:27.411 [info] Got 1 sessions for user:email...
2025-03-23 20:34:27.411 [info] Getting sessions for user:email...
2025-03-23 20:34:27.411 [info] Got 1 sessions for user:email...
2025-03-23 20:34:27.411 [info] Getting sessions for read:user,repo,user:email,workflow...
2025-03-23 20:34:27.411 [info] Got 0 sessions for read:user,repo,user:email,workflow...
2025-03-23 20:34:27.414 [info] Getting sessions for read:user,repo,user:email...
2025-03-23 20:34:27.414 [info] Got 0 sessions for read:user,repo,user:email...
2025-03-23 20:34:27.425 [info] Getting sessions for all scopes...
2025-03-23 20:34:27.425 [info] Got 1 sessions for ...
2025-03-23 20:34:27.425 [info] Getting sessions for read:user,repo,user:email,workflow...
2025-03-23 20:34:27.425 [info] Got 0 sessions for read:user,repo,user:email,workflow...
2025-03-23 20:34:28.230 [info] Getting sessions for read:user,repo,user:email,workflow...
2025-03-23 20:34:28.230 [info] Got 0 sessions for read:user,repo,user:email,workflow...
2025-03-23 20:34:28.382 [info] Getting sessions for user:email...
2025-03-23 20:34:28.382 [info] Got 1 sessions for user:email...
2025-03-23 20:34:28.460 [info] Getting sessions for all scopes...
2025-03-23 20:34:28.460 [info] Got 1 sessions for ...
2025-03-23 20:34:28.462 [info] Getting sessions for read:user,repo,user:email,workflow...
2025-03-23 20:34:28.462 [info] Got 0 sessions for read:user,repo,user:email,workflow...
2025-03-23 20:34:28.463 [info] Getting sessions for user:email...
2025-03-23 20:34:28.463 [info] Got 1 sessions for user:email...
2025-03-23 20:34:29.227 [info] Getting sessions for all scopes...
2025-03-23 20:34:29.227 [info] Got 1 sessions for ...
2025-03-23 20:34:29.235 [info] Getting sessions for all scopes...
2025-03-23 20:34:29.235 [info] Got 1 sessions for ...
2025-03-23 20:34:29.236 [info] Getting sessions for read:user,repo,user:email,workflow...
2025-03-23 20:34:29.236 [info] Got 0 sessions for read:user,repo,user:email,workflow...
2025-03-23 20:34:29.236 [info] Getting sessions for user:email...
2025-03-23 20:34:29.236 [info] Got 1 sessions for user:email...
2025-03-23 20:34:29.236 [info] Getting sessions for read:user,repo,user:email,workflow...
2025-03-23 20:34:29.236 [info] Got 0 sessions for read:user,repo,user:email,workflow...
2025-03-23 20:34:29.238 [info] Getting sessions for all scopes...
2025-03-23 20:34:29.238 [info] Got 1 sessions for ...
2025-03-23 20:34:29.238 [info] Getting sessions for read:user,repo,user:email,workflow...
2025-03-23 20:34:29.238 [info] Got 0 sessions for read:user,repo,user:email,workflow...
2025-03-23 20:34:29.239 [info] Getting sessions for user:email...
2025-03-23 20:34:29.239 [info] Got 1 sessions for user:email...
2025-03-23 20:34:29.274 [info] Getting sessions for all scopes...
2025-03-23 20:34:29.274 [info] Got 1 sessions for ...
2025-03-23 20:34:29.274 [info] Getting sessions for all scopes...
2025-03-23 20:34:29.274 [info] Got 1 sessions for ...
2025-03-23 20:34:29.278 [info] Getting sessions for read:user,repo,user:email,workflow...
2025-03-23 20:34:29.278 [info] Got 0 sessions for read:user,repo,user:email,workflow...
2025-03-23 20:34:29.279 [info] Getting sessions for user:email...
2025-03-23 20:34:29.279 [info] Got 1 sessions for user:email...
2025-03-23 20:34:29.279 [info] Getting sessions for read:user,repo,user:email,workflow...
2025-03-23 20:34:29.279 [info] Got 0 sessions for read:user,repo,user:email,workflow...
2025-03-23 20:34:29.281 [info] Getting sessions for all scopes...
2025-03-23 20:34:29.281 [info] Got 1 sessions for ...
2025-03-23 20:34:29.282 [info] Getting sessions for read:user,repo,user:email,workflow...
2025-03-23 20:34:29.282 [info] Got 0 sessions for read:user,repo,user:email,workflow...
2025-03-23 20:34:29.282 [info] Getting sessions for user:email...
2025-03-23 20:34:29.282 [info] Got 1 sessions for user:email...
2025-03-23 20:34:29.932 [info] Getting sessions for all scopes...
2025-03-23 20:34:29.932 [info] Got 1 sessions for ...
2025-03-23 20:34:29.933 [info] Getting sessions for read:user,repo,user:email,workflow...
2025-03-23 20:34:29.933 [info] Got 0 sessions for read:user,repo,user:email,workflow...
2025-03-23 20:34:29.934 [info] Getting sessions for user:email...
2025-03-23 20:34:29.934 [info] Got 1 sessions for user:email...
2025-03-23 20:41:36.069 [info] Reading sessions from keychain...
2025-03-23 20:41:36.077 [info] Getting sessions for all scopes...
2025-03-23 20:41:36.077 [info] Getting sessions for all scopes...
2025-03-23 20:41:36.082 [info] Getting sessions for all scopes...
2025-03-23 20:41:36.082 [info] Getting sessions for all scopes...
2025-03-23 20:41:36.083 [info] Getting sessions for all scopes...
2025-03-23 20:41:36.083 [info] Getting sessions for all scopes...
2025-03-23 20:41:36.083 [info] Getting sessions for all scopes...
2025-03-23 20:41:36.125 [info] Got stored sessions!
2025-03-23 20:41:36.125 [info] Got 1 verified sessions.
2025-03-23 20:41:36.126 [info] Got 1 sessions for ...
2025-03-23 20:41:36.126 [info] Got 1 sessions for ...
2025-03-23 20:41:36.126 [info] Got 1 sessions for ...
2025-03-23 20:41:36.126 [info] Got 1 sessions for ...
2025-03-23 20:41:36.126 [info] Got 1 sessions for ...
2025-03-23 20:41:36.126 [info] Got 1 sessions for ...
2025-03-23 20:41:36.126 [info] Got 1 sessions for ...
2025-03-23 20:41:36.126 [info] Getting sessions for all scopes...
2025-03-23 20:41:36.126 [info] Got 1 sessions for ...
2025-03-23 20:41:36.137 [info] Getting sessions for user:email...
2025-03-23 20:41:36.137 [info] Got 1 sessions for user:email...
2025-03-23 20:41:36.810 [info] Getting sessions for read:user,repo,user:email...
2025-03-23 20:41:36.810 [info] Got 0 sessions for read:user,repo,user:email...
2025-03-23 20:41:36.831 [info] Getting sessions for project,read:org,read:user,repo,user:email,workflow...
2025-03-23 20:41:36.831 [info] Got 0 sessions for project,read:org,read:user,repo,user:email,workflow...
2025-03-23 20:41:36.839 [info] Getting sessions for read:user,repo,user:email,workflow...
2025-03-23 20:41:36.839 [info] Got 0 sessions for read:user,repo,user:email,workflow...
2025-03-23 20:41:36.841 [info] Getting sessions for read:user,repo,user:email...
2025-03-23 20:41:36.841 [info] Got 0 sessions for read:user,repo,user:email...
2025-03-23 20:41:36.841 [info] Getting sessions for read:user,repo,user:email,workflow...
2025-03-23 20:41:36.842 [info] Got 0 sessions for read:user,repo,user:email,workflow...
2025-03-23 20:41:38.096 [info] Getting sessions for all scopes...
2025-03-23 20:41:38.096 [info] Got 1 sessions for ...
2025-03-23 20:41:38.595 [info] Getting sessions for read:user,repo,user:email...
2025-03-23 20:41:38.595 [info] Got 0 sessions for read:user,repo,user:email...
2025-03-23 20:41:39.969 [info] Getting sessions for read:user,repo,user:email,workflow...
2025-03-23 20:41:39.969 [info] Got 0 sessions for read:user,repo,user:email,workflow...
2025-03-23 20:41:39.969 [info] Getting sessions for all scopes...
2025-03-23 20:41:39.969 [info] Got 1 sessions for ...
2025-03-23 20:41:39.969 [info] Getting sessions for all scopes...
2025-03-23 20:41:39.969 [info] Got 1 sessions for ...
2025-03-23 20:41:40.177 [info] Getting sessions for read:user...
2025-03-23 20:41:40.177 [info] Got 0 sessions for read:user...
2025-03-23 20:41:40.177 [info] Getting sessions for read:user,repo,user:email,workflow...
2025-03-23 20:41:40.177 [info] Got 0 sessions for read:user,repo,user:email,workflow...
2025-03-23 20:41:40.421 [info] Getting sessions for user:email...
2025-03-23 20:41:40.421 [info] Got 1 sessions for user:email...
2025-03-23 20:41:40.421 [info] Getting sessions for user:email...
2025-03-23 20:41:40.421 [info] Got 1 sessions for user:email...
2025-03-23 20:41:40.421 [info] Getting sessions for read:user,repo,user:email,workflow...
2025-03-23 20:41:40.421 [info] Got 0 sessions for read:user,repo,user:email,workflow...
2025-03-23 20:41:40.648 [info] Getting sessions for all scopes...
2025-03-23 20:41:40.648 [info] Got 1 sessions for ...
2025-03-23 20:41:40.648 [info] Getting sessions for all scopes...
2025-03-23 20:41:40.648 [info] Got 1 sessions for ...
2025-03-23 20:41:40.649 [info] Getting sessions for read:user,repo,user:email,workflow...
2025-03-23 20:41:40.649 [info] Got 0 sessions for read:user,repo,user:email,workflow...
2025-03-23 20:41:41.618 [info] Getting sessions for read:user,repo,user:email,workflow...
2025-03-23 20:41:41.618 [info] Got 0 sessions for read:user,repo,user:email,workflow...
2025-03-23 20:41:41.771 [info] Getting sessions for all scopes...
2025-03-23 20:41:41.771 [info] Got 1 sessions for ...
2025-03-23 20:41:41.832 [info] Getting sessions for user:email...
2025-03-23 20:41:41.832 [info] Got 1 sessions for user:email...
2025-03-23 20:41:41.867 [info] Getting sessions for read:user,repo,user:email,workflow...
2025-03-23 20:41:41.867 [info] Got 0 sessions for read:user,repo,user:email,workflow...
2025-03-23 20:41:41.868 [info] Getting sessions for read:user,repo,user:email,workflow...
2025-03-23 20:41:41.868 [info] Got 0 sessions for read:user,repo,user:email,workflow...
2025-03-23 20:41:41.868 [info] Getting sessions for all scopes...
2025-03-23 20:41:41.868 [info] Got 1 sessions for ...
2025-03-23 20:41:41.869 [info] Getting sessions for read:user,repo,user:email,workflow...
2025-03-23 20:41:41.869 [info] Got 0 sessions for read:user,repo,user:email,workflow...
2025-03-23 20:41:41.870 [info] Getting sessions for user:email...
2025-03-23 20:41:41.870 [info] Got 1 sessions for user:email...
2025-03-23 20:41:41.907 [info] Getting sessions for read:user,repo,user:email...
2025-03-23 20:41:41.907 [info] Got 0 sessions for read:user,repo,user:email...
2025-03-23 20:41:42.748 [info] Getting sessions for all scopes...
2025-03-23 20:41:42.748 [info] Got 1 sessions for ...
2025-03-23 20:41:42.749 [info] Getting sessions for all scopes...
2025-03-23 20:41:42.749 [info] Got 1 sessions for ...
2025-03-23 20:41:42.829 [info] Getting sessions for read:user,repo,user:email,workflow...
2025-03-23 20:41:42.829 [info] Got 0 sessions for read:user,repo,user:email,workflow...
2025-03-23 20:41:42.849 [info] Getting sessions for user:email...
2025-03-23 20:41:42.849 [info] Got 1 sessions for user:email...
2025-03-23 20:41:42.850 [info] Getting sessions for read:user,repo,user:email,workflow...
2025-03-23 20:41:42.850 [info] Got 0 sessions for read:user,repo,user:email,workflow...
2025-03-23 20:41:42.852 [info] Getting sessions for all scopes...
2025-03-23 20:41:42.852 [info] Got 1 sessions for ...
2025-03-23 20:41:42.852 [info] Getting sessions for read:user,repo,user:email,workflow...
2025-03-23 20:41:42.852 [info] Got 0 sessions for read:user,repo,user:email,workflow...
2025-03-23 20:41:42.853 [info] Getting sessions for user:email...
2025-03-23 20:41:42.853 [info] Got 1 sessions for user:email...
2025-03-23 20:41:42.895 [info] Getting sessions for all scopes...
2025-03-23 20:41:42.895 [info] Got 1 sessions for ...
2025-03-23 20:41:42.898 [info] Getting sessions for all scopes...
2025-03-23 20:41:42.898 [info] Got 1 sessions for ...
2025-03-23 20:41:42.899 [info] Getting sessions for read:user,repo,user:email,workflow...
2025-03-23 20:41:42.899 [info] Got 0 sessions for read:user,repo,user:email,workflow...
2025-03-23 20:41:42.900 [info] Getting sessions for user:email...
2025-03-23 20:41:42.900 [info] Got 1 sessions for user:email...
2025-03-23 20:41:42.900 [info] Getting sessions for read:user,repo,user:email,workflow...
2025-03-23 20:41:42.900 [info] Got 0 sessions for read:user,repo,user:email,workflow...
2025-03-23 20:41:42.902 [info] Getting sessions for all scopes...
2025-03-23 20:41:42.902 [info] Got 1 sessions for ...
2025-03-23 20:41:42.904 [info] Getting sessions for read:user,repo,user:email,workflow...
2025-03-23 20:41:42.904 [info] Got 0 sessions for read:user,repo,user:email,workflow...
2025-03-23 20:41:42.905 [info] Getting sessions for user:email...
2025-03-23 20:41:42.905 [info] Got 1 sessions for user:email...
2025-03-23 20:41:43.049 [info] Getting sessions for all scopes...
2025-03-23 20:41:43.049 [info] Got 1 sessions for ...
2025-03-23 20:41:43.050 [info] Getting sessions for read:user,repo,user:email,workflow...
2025-03-23 20:41:43.050 [info] Got 0 sessions for read:user,repo,user:email,workflow...
2025-03-23 20:41:43.532 [info] Getting sessions for all scopes...
2025-03-23 20:41:43.532 [info] Got 1 sessions for ...
2025-03-23 20:41:47.790 [info] Logging in with 'any' account...
2025-03-23 20:41:47.790 [info] Logging in for the following scopes: read:user repo user:email workflow
2025-03-23 20:41:47.796 [info] Trying without local server... (read:user repo user:email workflow)
2025-03-23 20:43:51.149 [info] Exchanging code for token...
2025-03-23 20:43:51.500 [info] Token exchange success!
2025-03-23 20:43:51.500 [info] Getting user info...
2025-03-23 20:43:51.881 [info] Got account info!
2025-03-23 20:43:51.881 [info] Storing 2 sessions...
2025-03-23 20:43:51.883 [info] Reading sessions from keychain...
2025-03-23 20:43:51.883 [info] Stored 2 sessions!
2025-03-23 20:43:51.883 [info] Login success!
2025-03-23 20:43:51.883 [info] Getting sessions for all scopes...
2025-03-23 20:43:51.885 [info] Getting sessions for user:email...
2025-03-23 20:43:51.886 [info] Got stored sessions!
2025-03-23 20:43:51.886 [info] Got 2 verified sessions.
2025-03-23 20:43:51.886 [info] Got 2 sessions for ...
2025-03-23 20:43:51.886 [info] Got 1 sessions for user:email...
2025-03-23 20:43:51.886 [info] Getting sessions for all scopes...
2025-03-23 20:43:51.886 [info] Got 2 sessions for ...
2025-03-23 20:43:51.886 [info] Getting sessions for user:email...
2025-03-23 20:43:51.886 [info] Got 1 sessions for user:email...
2025-03-23 20:43:51.890 [info] Getting sessions for project,read:org,read:user,repo,user:email,workflow...
2025-03-23 20:43:51.890 [info] Got 0 sessions for project,read:org,read:user,repo,user:email,workflow...
2025-03-23 20:43:51.890 [info] Getting sessions for read:user,repo,user:email,workflow...
2025-03-23 20:43:51.890 [info] Got 1 sessions for read:user,repo,user:email,workflow...
2025-03-23 20:43:51.890 [info] Getting sessions for all scopes...
2025-03-23 20:43:51.890 [info] Got 2 sessions for ...
2025-03-23 20:43:51.890 [info] Getting sessions for read:user,repo,user:email,workflow...
2025-03-23 20:43:51.890 [info] Got 1 sessions for read:user,repo,user:email,workflow...
2025-03-23 20:43:51.890 [info] Getting sessions for read:user,repo,user:email...
2025-03-23 20:43:51.890 [info] Got 0 sessions for read:user,repo,user:email...
2025-03-23 20:43:51.900 [info] Getting sessions for read:user,repo,user:email,workflow...
2025-03-23 20:43:51.900 [info] Got 1 sessions for read:user,repo,user:email,workflow...
2025-03-23 20:43:51.923 [info] Getting sessions for read:user,repo,user:email,workflow...
2025-03-23 20:43:51.923 [info] Got 1 sessions for read:user,repo,user:email,workflow...
2025-03-23 20:43:51.924 [info] Getting sessions for read:user,repo,user:email...
2025-03-23 20:43:51.924 [info] Got 0 sessions for read:user,repo,user:email...
2025-03-23 20:43:51.949 [info] Getting sessions for all scopes...
2025-03-23 20:43:51.949 [info] Got 2 sessions for ...
2025-03-23 20:43:51.959 [info] Getting sessions for read:user,repo,user:email,workflow...
2025-03-23 20:43:51.959 [info] Got 1 sessions for read:user,repo,user:email,workflow...
2025-03-23 20:43:51.961 [info] Getting sessions for all scopes...
2025-03-23 20:43:51.961 [info] Got 2 sessions for ...
2025-03-23 20:43:51.961 [info] Getting sessions for read:user,repo,user:email,workflow...
2025-03-23 20:43:51.961 [info] Got 1 sessions for read:user,repo,user:email,workflow...
2025-03-23 20:43:52.345 [info] Getting sessions for read:user,repo,user:email,workflow...
2025-03-23 20:43:52.345 [info] Got 1 sessions for read:user,repo,user:email,workflow...
2025-03-23 20:43:52.361 [info] Getting sessions for read:user,repo,user:email,workflow...
2025-03-23 20:43:52.361 [info] Got 1 sessions for read:user,repo,user:email,workflow...
2025-03-23 20:43:52.541 [info] Getting sessions for all scopes...
2025-03-23 20:43:52.541 [info] Got 2 sessions for ...
2025-03-23 20:43:52.541 [info] Getting sessions for all scopes...
2025-03-23 20:43:52.541 [info] Got 2 sessions for ...
2025-03-23 20:43:52.542 [info] Getting sessions for read:user,repo,user:email,workflow...
2025-03-23 20:43:52.542 [info] Got 1 sessions for read:user,repo,user:email,workflow...
2025-03-23 20:43:52.542 [info] Getting sessions for all scopes...
2025-03-23 20:43:52.542 [info] Got 2 sessions for ...
2025-03-23 20:43:52.544 [info] Getting sessions for read:user,repo,user:email,workflow...
2025-03-23 20:43:52.544 [info] Got 1 sessions for read:user,repo,user:email,workflow...
2025-03-23 20:43:52.545 [info] Getting sessions for all scopes...
2025-03-23 20:43:52.545 [info] Got 2 sessions for ...
2025-03-23 20:43:52.547 [info] Getting sessions for read:user,repo,user:email,workflow...
2025-03-23 20:43:52.547 [info] Got 1 sessions for read:user,repo,user:email,workflow...
