2025-03-23 20:44:04.691 [info] [main] Log level: Info
2025-03-23 20:44:04.691 [info] [main] Validating found git in: "git"
2025-03-23 20:44:04.691 [info] [main] Using git "2.49.0" from "git"
2025-03-23 20:44:04.691 [info] [Model][doInitialScan] Initial repository scan started
2025-03-23 20:44:04.691 [info] > git rev-parse --show-toplevel [30ms]
2025-03-23 20:44:04.691 [info] > git rev-parse --git-dir --git-common-dir [10ms]
2025-03-23 20:44:04.691 [info] [Model][openRepository] Opened repository: /home/rx/Desktop/repos/ADC-Investigacao
2025-03-23 20:44:04.692 [info] > git rev-parse --show-toplevel [18ms]
2025-03-23 20:44:04.692 [info] > git config --get commit.template [24ms]
2025-03-23 20:44:04.710 [info] > git rev-parse --show-toplevel [9ms]
2025-03-23 20:44:04.799 [info] > git for-each-ref --format=%(refname)%00%(upstream:short)%00%(objectname)%00%(upstream:track)%00%(upstream:remotename)%00%(upstream:remoteref) refs/heads/main refs/remotes/main [89ms]
2025-03-23 20:44:04.814 [warning] [Git][revParse] Unable to read file: ENOENT: no such file or directory, open '/home/rx/Desktop/repos/ADC-Investigacao/.git/refs/remotes/origin/main'
2025-03-23 20:44:04.815 [info] > git rev-parse --show-toplevel [17ms]
2025-03-23 20:44:04.820 [info] > git rev-parse refs/remotes/origin/main [7ms]
2025-03-23 20:44:04.832 [info] > git rev-parse --show-toplevel [13ms]
2025-03-23 20:44:04.833 [info] [Model][doInitialScan] Initial repository scan completed - repositories (1), closed repositories (0), parent repositories (0), unsafe repositories (0)
2025-03-23 20:44:04.834 [info] > git for-each-ref --sort -committerdate --format %(refname) %(objectname) %(*objectname) [5ms]
2025-03-23 20:44:05.042 [info] > git status -z -uall [218ms]
2025-03-23 20:44:05.108 [info] > git for-each-ref --format=%(refname)%00%(upstream:short)%00%(objectname)%00%(upstream:track)%00%(upstream:remotename)%00%(upstream:remoteref) refs/heads/main refs/remotes/main [55ms]
2025-03-23 20:44:05.120 [info] > git config --get --local branch.main.vscode-merge-base [6ms]
2025-03-23 20:44:05.126 [info] > git config --get commit.template [18ms]
2025-03-23 20:44:05.140 [info] > git show --textconv :dblist/dblist.mli [7ms]
2025-03-23 20:44:05.141 [info] > git for-each-ref --format=%(refname)%00%(upstream:short)%00%(objectname)%00%(upstream:track)%00%(upstream:remotename)%00%(upstream:remoteref) refs/heads/origin/main refs/remotes/origin/main [16ms]
2025-03-23 20:44:06.314 [info] > git merge-base refs/heads/main refs/remotes/origin/main [1166ms]
2025-03-23 20:44:06.326 [info] > git ls-files --stage -- dblist/dblist.mli [1187ms]
2025-03-23 20:44:06.875 [info] > git check-ignore -v -z --stdin [525ms]
2025-03-23 20:44:06.907 [info] > git cat-file -s 433f0aa1f54606e4858f0b7be0427430d4379066 [569ms]
2025-03-23 20:44:06.908 [info] > git diff --name-status -z --diff-filter=ADMR 6528981c9872a24d603403af0689394b1d79feef...refs/remotes/origin/main [582ms]
2025-03-23 20:44:06.909 [info] > git for-each-ref --format=%(refname)%00%(upstream:short)%00%(objectname)%00%(upstream:track)%00%(upstream:remotename)%00%(upstream:remoteref) refs/heads/main refs/remotes/main [612ms]
2025-03-23 20:44:06.985 [warning] [Git][revParse] Unable to read file: ENOENT: no such file or directory, open '/home/rx/Desktop/repos/ADC-Investigacao/.git/refs/remotes/origin/main'
2025-03-23 20:44:07.005 [info] > git rev-parse refs/remotes/origin/main [20ms]
2025-03-23 20:44:07.045 [info] > git for-each-ref --sort -committerdate --format %(refname) %(objectname) %(*objectname) [8ms]
2025-03-23 20:44:07.161 [info] > git status -z -uall [139ms]
2025-03-23 20:44:07.175 [info] > git blame --root --incremental 6528981c9872a24d603403af0689394b1d79feef -- dblist/dblist.mli [17ms]
2025-03-23 20:44:08.612 [info] > git config --get --local branch.main.github-pr-owner-number [38ms]
2025-03-23 20:44:08.612 [warning] [Git][config] git config failed: Failed to execute git
2025-03-23 20:44:18.390 [info] > git check-ignore -v -z --stdin [1ms]
2025-03-23 20:44:18.959 [info] > git config --get commit.template [18ms]
2025-03-23 20:44:18.959 [info] > git for-each-ref --format=%(refname)%00%(upstream:short)%00%(objectname)%00%(upstream:track)%00%(upstream:remotename)%00%(upstream:remoteref) refs/heads/main refs/remotes/main [1ms]
2025-03-23 20:44:18.975 [warning] [Git][revParse] Unable to read file: ENOENT: no such file or directory, open '/home/rx/Desktop/repos/ADC-Investigacao/.git/refs/remotes/origin/main'
2025-03-23 20:44:18.976 [info] > git rev-parse refs/remotes/origin/main [1ms]
2025-03-23 20:44:19.009 [info] > git for-each-ref --sort -committerdate --format %(refname) %(objectname) %(*objectname) [1ms]
2025-03-23 20:44:19.073 [info] > git status -z -uall [81ms]
2025-03-23 20:44:27.395 [info] > git config --get commit.template [14ms]
2025-03-23 20:44:27.395 [info] > git for-each-ref --format=%(refname)%00%(upstream:short)%00%(objectname)%00%(upstream:track)%00%(upstream:remotename)%00%(upstream:remoteref) refs/heads/main refs/remotes/main [1ms]
2025-03-23 20:44:27.408 [warning] [Git][revParse] Unable to read file: ENOENT: no such file or directory, open '/home/rx/Desktop/repos/ADC-Investigacao/.git/refs/remotes/origin/main'
2025-03-23 20:44:27.408 [info] > git rev-parse refs/remotes/origin/main [0ms]
2025-03-23 20:44:27.437 [info] > git for-each-ref --sort -committerdate --format %(refname) %(objectname) %(*objectname) [2ms]
2025-03-23 20:44:27.502 [info] > git status -z -uall [81ms]
2025-03-23 20:44:33.311 [info] > git config --get commit.template [15ms]
2025-03-23 20:44:33.312 [info] > git for-each-ref --format=%(refname)%00%(upstream:short)%00%(objectname)%00%(upstream:track)%00%(upstream:remotename)%00%(upstream:remoteref) refs/heads/main refs/remotes/main [1ms]
2025-03-23 20:44:33.326 [warning] [Git][revParse] Unable to read file: ENOENT: no such file or directory, open '/home/rx/Desktop/repos/ADC-Investigacao/.git/refs/remotes/origin/main'
2025-03-23 20:44:33.327 [info] > git rev-parse refs/remotes/origin/main [1ms]
2025-03-23 20:44:33.357 [info] > git for-each-ref --sort -committerdate --format %(refname) %(objectname) %(*objectname) [1ms]
2025-03-23 20:44:33.424 [info] > git status -z -uall [83ms]
2025-03-23 20:44:39.349 [info] > git config --get commit.template [14ms]
2025-03-23 20:44:39.349 [info] > git for-each-ref --format=%(refname)%00%(upstream:short)%00%(objectname)%00%(upstream:track)%00%(upstream:remotename)%00%(upstream:remoteref) refs/heads/main refs/remotes/main [1ms]
2025-03-23 20:44:39.363 [warning] [Git][revParse] Unable to read file: ENOENT: no such file or directory, open '/home/rx/Desktop/repos/ADC-Investigacao/.git/refs/remotes/origin/main'
2025-03-23 20:44:39.364 [info] > git rev-parse refs/remotes/origin/main [1ms]
2025-03-23 20:44:39.398 [info] > git for-each-ref --sort -committerdate --format %(refname) %(objectname) %(*objectname) [3ms]
2025-03-23 20:44:39.462 [info] > git status -z -uall [84ms]
2025-03-23 20:44:44.494 [info] > git config --get commit.template [14ms]
2025-03-23 20:44:44.494 [info] > git for-each-ref --format=%(refname)%00%(upstream:short)%00%(objectname)%00%(upstream:track)%00%(upstream:remotename)%00%(upstream:remoteref) refs/heads/main refs/remotes/main [1ms]
2025-03-23 20:44:44.507 [warning] [Git][revParse] Unable to read file: ENOENT: no such file or directory, open '/home/rx/Desktop/repos/ADC-Investigacao/.git/refs/remotes/origin/main'
2025-03-23 20:44:44.508 [info] > git rev-parse refs/remotes/origin/main [1ms]
2025-03-23 20:44:44.535 [info] > git for-each-ref --sort -committerdate --format %(refname) %(objectname) %(*objectname) [1ms]
2025-03-23 20:44:44.601 [info] > git status -z -uall [80ms]
2025-03-23 20:44:49.638 [info] > git config --get commit.template [19ms]
2025-03-23 20:44:49.639 [info] > git for-each-ref --format=%(refname)%00%(upstream:short)%00%(objectname)%00%(upstream:track)%00%(upstream:remotename)%00%(upstream:remoteref) refs/heads/main refs/remotes/main [1ms]
2025-03-23 20:44:49.655 [warning] [Git][revParse] Unable to read file: ENOENT: no such file or directory, open '/home/rx/Desktop/repos/ADC-Investigacao/.git/refs/remotes/origin/main'
2025-03-23 20:44:49.656 [info] > git rev-parse refs/remotes/origin/main [1ms]
2025-03-23 20:44:49.686 [info] > git for-each-ref --sort -committerdate --format %(refname) %(objectname) %(*objectname) [1ms]
2025-03-23 20:44:49.752 [info] > git status -z -uall [81ms]
2025-03-23 20:44:58.839 [info] > git config --get commit.template [13ms]
2025-03-23 20:44:58.839 [info] > git for-each-ref --format=%(refname)%00%(upstream:short)%00%(objectname)%00%(upstream:track)%00%(upstream:remotename)%00%(upstream:remoteref) refs/heads/main refs/remotes/main [1ms]
2025-03-23 20:44:58.852 [warning] [Git][revParse] Unable to read file: ENOENT: no such file or directory, open '/home/rx/Desktop/repos/ADC-Investigacao/.git/refs/remotes/origin/main'
2025-03-23 20:44:58.853 [info] > git rev-parse refs/remotes/origin/main [1ms]
2025-03-23 20:44:58.880 [info] > git for-each-ref --sort -committerdate --format %(refname) %(objectname) %(*objectname) [1ms]
2025-03-23 20:44:58.946 [info] > git status -z -uall [81ms]
2025-03-23 20:45:03.979 [info] > git config --get commit.template [14ms]
2025-03-23 20:45:03.979 [info] > git for-each-ref --format=%(refname)%00%(upstream:short)%00%(objectname)%00%(upstream:track)%00%(upstream:remotename)%00%(upstream:remoteref) refs/heads/main refs/remotes/main [1ms]
2025-03-23 20:45:03.992 [warning] [Git][revParse] Unable to read file: ENOENT: no such file or directory, open '/home/rx/Desktop/repos/ADC-Investigacao/.git/refs/remotes/origin/main'
2025-03-23 20:45:03.994 [info] > git rev-parse refs/remotes/origin/main [2ms]
2025-03-23 20:45:04.021 [info] > git for-each-ref --sort -committerdate --format %(refname) %(objectname) %(*objectname) [1ms]
2025-03-23 20:45:04.088 [info] > git status -z -uall [81ms]
2025-03-23 20:45:20.968 [info] > git config --get commit.template [16ms]
2025-03-23 20:45:20.969 [info] > git for-each-ref --format=%(refname)%00%(upstream:short)%00%(objectname)%00%(upstream:track)%00%(upstream:remotename)%00%(upstream:remoteref) refs/heads/main refs/remotes/main [2ms]
2025-03-23 20:45:20.983 [warning] [Git][revParse] Unable to read file: ENOENT: no such file or directory, open '/home/rx/Desktop/repos/ADC-Investigacao/.git/refs/remotes/origin/main'
2025-03-23 20:45:20.985 [info] > git rev-parse refs/remotes/origin/main [2ms]
2025-03-23 20:45:21.017 [info] > git for-each-ref --sort -committerdate --format %(refname) %(objectname) %(*objectname) [1ms]
2025-03-23 20:45:21.081 [info] > git status -z -uall [81ms]
2025-03-23 20:45:26.103 [info] > git config --get commit.template [4ms]
2025-03-23 20:45:26.120 [info] > git for-each-ref --format=%(refname)%00%(upstream:short)%00%(objectname)%00%(upstream:track)%00%(upstream:remotename)%00%(upstream:remoteref) refs/heads/main refs/remotes/main [1ms]
2025-03-23 20:45:26.135 [warning] [Git][revParse] Unable to read file: ENOENT: no such file or directory, open '/home/rx/Desktop/repos/ADC-Investigacao/.git/refs/remotes/origin/main'
2025-03-23 20:45:26.136 [info] > git rev-parse refs/remotes/origin/main [1ms]
2025-03-23 20:45:26.169 [info] > git for-each-ref --sort -committerdate --format %(refname) %(objectname) %(*objectname) [2ms]
2025-03-23 20:45:26.238 [info] > git status -z -uall [86ms]
2025-03-23 20:45:31.272 [info] > git config --get commit.template [14ms]
2025-03-23 20:45:31.273 [info] > git for-each-ref --format=%(refname)%00%(upstream:short)%00%(objectname)%00%(upstream:track)%00%(upstream:remotename)%00%(upstream:remoteref) refs/heads/main refs/remotes/main [2ms]
2025-03-23 20:45:31.286 [warning] [Git][revParse] Unable to read file: ENOENT: no such file or directory, open '/home/rx/Desktop/repos/ADC-Investigacao/.git/refs/remotes/origin/main'
2025-03-23 20:45:31.287 [info] > git rev-parse refs/remotes/origin/main [1ms]
2025-03-23 20:45:31.316 [info] > git for-each-ref --sort -committerdate --format %(refname) %(objectname) %(*objectname) [1ms]
2025-03-23 20:45:31.381 [info] > git status -z -uall [81ms]
2025-03-23 20:49:30.493 [info] > git config --get commit.template [18ms]
2025-03-23 20:49:30.493 [info] > git for-each-ref --format=%(refname)%00%(upstream:short)%00%(objectname)%00%(upstream:track)%00%(upstream:remotename)%00%(upstream:remoteref) refs/heads/main refs/remotes/main [1ms]
2025-03-23 20:49:30.509 [warning] [Git][revParse] Unable to read file: ENOENT: no such file or directory, open '/home/rx/Desktop/repos/ADC-Investigacao/.git/refs/remotes/origin/main'
2025-03-23 20:49:30.510 [info] > git rev-parse refs/remotes/origin/main [1ms]
2025-03-23 20:49:30.547 [info] > git for-each-ref --sort -committerdate --format %(refname) %(objectname) %(*objectname) [2ms]
2025-03-23 20:49:30.611 [info] > git status -z -uall [84ms]
2025-03-23 20:49:41.448 [info] > git config --get commit.template [1ms]
2025-03-23 20:49:41.466 [info] > git for-each-ref --format=%(refname)%00%(upstream:short)%00%(objectname)%00%(upstream:track)%00%(upstream:remotename)%00%(upstream:remoteref) refs/heads/main refs/remotes/main [1ms]
2025-03-23 20:49:41.482 [warning] [Git][revParse] Unable to read file: ENOENT: no such file or directory, open '/home/rx/Desktop/repos/ADC-Investigacao/.git/refs/remotes/origin/main'
2025-03-23 20:49:41.483 [info] > git rev-parse refs/remotes/origin/main [1ms]
2025-03-23 20:49:41.518 [info] > git for-each-ref --sort -committerdate --format %(refname) %(objectname) %(*objectname) [3ms]
2025-03-23 20:49:41.580 [info] > git status -z -uall [81ms]
2025-03-23 20:49:48.497 [info] > git config --get commit.template [18ms]
2025-03-23 20:49:48.497 [info] > git for-each-ref --format=%(refname)%00%(upstream:short)%00%(objectname)%00%(upstream:track)%00%(upstream:remotename)%00%(upstream:remoteref) refs/heads/main refs/remotes/main [1ms]
2025-03-23 20:49:48.514 [warning] [Git][revParse] Unable to read file: ENOENT: no such file or directory, open '/home/rx/Desktop/repos/ADC-Investigacao/.git/refs/remotes/origin/main'
2025-03-23 20:49:48.515 [info] > git rev-parse refs/remotes/origin/main [1ms]
2025-03-23 20:49:48.549 [info] > git for-each-ref --sort -committerdate --format %(refname) %(objectname) %(*objectname) [1ms]
2025-03-23 20:49:48.615 [info] > git status -z -uall [84ms]
2025-03-23 20:50:03.981 [info] > git config --get commit.template [14ms]
2025-03-23 20:50:03.982 [info] > git for-each-ref --format=%(refname)%00%(upstream:short)%00%(objectname)%00%(upstream:track)%00%(upstream:remotename)%00%(upstream:remoteref) refs/heads/main refs/remotes/main [2ms]
2025-03-23 20:50:03.995 [warning] [Git][revParse] Unable to read file: ENOENT: no such file or directory, open '/home/rx/Desktop/repos/ADC-Investigacao/.git/refs/remotes/origin/main'
2025-03-23 20:50:03.996 [info] > git rev-parse refs/remotes/origin/main [1ms]
2025-03-23 20:50:04.024 [info] > git for-each-ref --sort -committerdate --format %(refname) %(objectname) %(*objectname) [1ms]
2025-03-23 20:50:04.090 [info] > git status -z -uall [81ms]
2025-03-23 20:50:12.670 [info] > git config --get commit.template [18ms]
2025-03-23 20:50:12.670 [info] > git for-each-ref --format=%(refname)%00%(upstream:short)%00%(objectname)%00%(upstream:track)%00%(upstream:remotename)%00%(upstream:remoteref) refs/heads/main refs/remotes/main [1ms]
2025-03-23 20:50:12.686 [warning] [Git][revParse] Unable to read file: ENOENT: no such file or directory, open '/home/rx/Desktop/repos/ADC-Investigacao/.git/refs/remotes/origin/main'
2025-03-23 20:50:12.688 [info] > git rev-parse refs/remotes/origin/main [2ms]
2025-03-23 20:50:12.723 [info] > git for-each-ref --sort -committerdate --format %(refname) %(objectname) %(*objectname) [2ms]
2025-03-23 20:50:12.786 [info] > git status -z -uall [82ms]
2025-03-23 20:50:21.889 [info] > git config --get commit.template [1ms]
2025-03-23 20:50:21.904 [info] > git for-each-ref --format=%(refname)%00%(upstream:short)%00%(objectname)%00%(upstream:track)%00%(upstream:remotename)%00%(upstream:remoteref) refs/heads/main refs/remotes/main [1ms]
2025-03-23 20:50:21.917 [warning] [Git][revParse] Unable to read file: ENOENT: no such file or directory, open '/home/rx/Desktop/repos/ADC-Investigacao/.git/refs/remotes/origin/main'
2025-03-23 20:50:21.917 [info] > git rev-parse refs/remotes/origin/main [0ms]
2025-03-23 20:50:21.946 [info] > git for-each-ref --sort -committerdate --format %(refname) %(objectname) %(*objectname) [1ms]
2025-03-23 20:50:22.012 [info] > git status -z -uall [81ms]
2025-03-23 20:50:27.049 [info] > git config --get commit.template [16ms]
2025-03-23 20:50:27.050 [info] > git for-each-ref --format=%(refname)%00%(upstream:short)%00%(objectname)%00%(upstream:track)%00%(upstream:remotename)%00%(upstream:remoteref) refs/heads/main refs/remotes/main [1ms]
2025-03-23 20:50:27.064 [warning] [Git][revParse] Unable to read file: ENOENT: no such file or directory, open '/home/rx/Desktop/repos/ADC-Investigacao/.git/refs/remotes/origin/main'
2025-03-23 20:50:27.065 [info] > git rev-parse refs/remotes/origin/main [1ms]
2025-03-23 20:50:27.094 [info] > git for-each-ref --sort -committerdate --format %(refname) %(objectname) %(*objectname) [2ms]
2025-03-23 20:50:27.163 [info] > git status -z -uall [85ms]
2025-03-23 20:50:35.282 [info] > git config --get commit.template [1ms]
2025-03-23 20:50:35.300 [info] > git for-each-ref --format=%(refname)%00%(upstream:short)%00%(objectname)%00%(upstream:track)%00%(upstream:remotename)%00%(upstream:remoteref) refs/heads/main refs/remotes/main [1ms]
2025-03-23 20:50:35.316 [warning] [Git][revParse] Unable to read file: ENOENT: no such file or directory, open '/home/rx/Desktop/repos/ADC-Investigacao/.git/refs/remotes/origin/main'
2025-03-23 20:50:35.317 [info] > git rev-parse refs/remotes/origin/main [1ms]
2025-03-23 20:50:35.352 [info] > git for-each-ref --sort -committerdate --format %(refname) %(objectname) %(*objectname) [2ms]
2025-03-23 20:50:35.416 [info] > git status -z -uall [83ms]
2025-03-23 20:50:52.026 [info] > git config --get commit.template [1ms]
2025-03-23 20:50:52.043 [info] > git for-each-ref --format=%(refname)%00%(upstream:short)%00%(objectname)%00%(upstream:track)%00%(upstream:remotename)%00%(upstream:remoteref) refs/heads/main refs/remotes/main [1ms]
2025-03-23 20:50:52.059 [warning] [Git][revParse] Unable to read file: ENOENT: no such file or directory, open '/home/rx/Desktop/repos/ADC-Investigacao/.git/refs/remotes/origin/main'
2025-03-23 20:50:52.060 [info] > git rev-parse refs/remotes/origin/main [1ms]
2025-03-23 20:50:52.091 [info] > git for-each-ref --sort -committerdate --format %(refname) %(objectname) %(*objectname) [2ms]
2025-03-23 20:50:52.156 [info] > git status -z -uall [82ms]
2025-03-23 20:50:58.342 [info] > git config --get commit.template [17ms]
2025-03-23 20:50:58.343 [info] > git for-each-ref --format=%(refname)%00%(upstream:short)%00%(objectname)%00%(upstream:track)%00%(upstream:remotename)%00%(upstream:remoteref) refs/heads/main refs/remotes/main [2ms]
2025-03-23 20:50:58.359 [warning] [Git][revParse] Unable to read file: ENOENT: no such file or directory, open '/home/rx/Desktop/repos/ADC-Investigacao/.git/refs/remotes/origin/main'
2025-03-23 20:50:58.360 [info] > git rev-parse refs/remotes/origin/main [1ms]
2025-03-23 20:50:58.394 [info] > git for-each-ref --sort -committerdate --format %(refname) %(objectname) %(*objectname) [1ms]
2025-03-23 20:50:58.459 [info] > git status -z -uall [83ms]
2025-03-23 20:51:05.482 [info] > git config --get commit.template [14ms]
2025-03-23 20:51:05.483 [info] > git for-each-ref --format=%(refname)%00%(upstream:short)%00%(objectname)%00%(upstream:track)%00%(upstream:remotename)%00%(upstream:remoteref) refs/heads/main refs/remotes/main [1ms]
2025-03-23 20:51:05.497 [warning] [Git][revParse] Unable to read file: ENOENT: no such file or directory, open '/home/rx/Desktop/repos/ADC-Investigacao/.git/refs/remotes/origin/main'
2025-03-23 20:51:05.498 [info] > git rev-parse refs/remotes/origin/main [1ms]
2025-03-23 20:51:05.527 [info] > git for-each-ref --sort -committerdate --format %(refname) %(objectname) %(*objectname) [1ms]
2025-03-23 20:51:05.592 [info] > git status -z -uall [81ms]
2025-03-23 20:51:15.469 [info] > git config --get commit.template [19ms]
2025-03-23 20:51:15.469 [info] > git for-each-ref --format=%(refname)%00%(upstream:short)%00%(objectname)%00%(upstream:track)%00%(upstream:remotename)%00%(upstream:remoteref) refs/heads/main refs/remotes/main [1ms]
2025-03-23 20:51:15.485 [warning] [Git][revParse] Unable to read file: ENOENT: no such file or directory, open '/home/rx/Desktop/repos/ADC-Investigacao/.git/refs/remotes/origin/main'
2025-03-23 20:51:15.486 [info] > git rev-parse refs/remotes/origin/main [1ms]
2025-03-23 20:51:15.521 [info] > git for-each-ref --sort -committerdate --format %(refname) %(objectname) %(*objectname) [1ms]
2025-03-23 20:51:15.584 [info] > git status -z -uall [81ms]
2025-03-23 20:51:21.102 [info] > git config --get commit.template [16ms]
2025-03-23 20:51:21.103 [info] > git for-each-ref --format=%(refname)%00%(upstream:short)%00%(objectname)%00%(upstream:track)%00%(upstream:remotename)%00%(upstream:remoteref) refs/heads/main refs/remotes/main [1ms]
2025-03-23 20:51:21.119 [warning] [Git][revParse] Unable to read file: ENOENT: no such file or directory, open '/home/rx/Desktop/repos/ADC-Investigacao/.git/refs/remotes/origin/main'
2025-03-23 20:51:21.120 [info] > git rev-parse refs/remotes/origin/main [1ms]
2025-03-23 20:51:21.153 [info] > git for-each-ref --sort -committerdate --format %(refname) %(objectname) %(*objectname) [1ms]
2025-03-23 20:51:21.232 [info] > git status -z -uall [97ms]
2025-03-23 20:51:32.574 [info] > git config --get commit.template [15ms]
2025-03-23 20:51:32.574 [info] > git for-each-ref --format=%(refname)%00%(upstream:short)%00%(objectname)%00%(upstream:track)%00%(upstream:remotename)%00%(upstream:remoteref) refs/heads/main refs/remotes/main [1ms]
2025-03-23 20:51:32.587 [warning] [Git][revParse] Unable to read file: ENOENT: no such file or directory, open '/home/rx/Desktop/repos/ADC-Investigacao/.git/refs/remotes/origin/main'
2025-03-23 20:51:32.588 [info] > git rev-parse refs/remotes/origin/main [1ms]
2025-03-23 20:51:32.617 [info] > git for-each-ref --sort -committerdate --format %(refname) %(objectname) %(*objectname) [1ms]
2025-03-23 20:51:32.684 [info] > git status -z -uall [83ms]
2025-03-23 20:51:37.715 [info] > git config --get commit.template [14ms]
2025-03-23 20:51:37.715 [info] > git for-each-ref --format=%(refname)%00%(upstream:short)%00%(objectname)%00%(upstream:track)%00%(upstream:remotename)%00%(upstream:remoteref) refs/heads/main refs/remotes/main [1ms]
2025-03-23 20:51:37.728 [warning] [Git][revParse] Unable to read file: ENOENT: no such file or directory, open '/home/rx/Desktop/repos/ADC-Investigacao/.git/refs/remotes/origin/main'
2025-03-23 20:51:37.729 [info] > git rev-parse refs/remotes/origin/main [1ms]
2025-03-23 20:51:37.756 [info] > git for-each-ref --sort -committerdate --format %(refname) %(objectname) %(*objectname) [1ms]
2025-03-23 20:51:37.822 [info] > git status -z -uall [80ms]
2025-03-23 20:51:42.842 [info] > git config --get commit.template [1ms]
2025-03-23 20:51:42.857 [info] > git for-each-ref --format=%(refname)%00%(upstream:short)%00%(objectname)%00%(upstream:track)%00%(upstream:remotename)%00%(upstream:remoteref) refs/heads/main refs/remotes/main [1ms]
2025-03-23 20:51:42.870 [warning] [Git][revParse] Unable to read file: ENOENT: no such file or directory, open '/home/rx/Desktop/repos/ADC-Investigacao/.git/refs/remotes/origin/main'
2025-03-23 20:51:42.871 [info] > git rev-parse refs/remotes/origin/main [1ms]
2025-03-23 20:51:42.898 [info] > git for-each-ref --sort -committerdate --format %(refname) %(objectname) %(*objectname) [1ms]
2025-03-23 20:51:42.965 [info] > git status -z -uall [80ms]
2025-03-23 20:51:54.140 [info] > git config --get commit.template [17ms]
2025-03-23 20:51:54.141 [info] > git for-each-ref --format=%(refname)%00%(upstream:short)%00%(objectname)%00%(upstream:track)%00%(upstream:remotename)%00%(upstream:remoteref) refs/heads/main refs/remotes/main [1ms]
2025-03-23 20:51:54.157 [warning] [Git][revParse] Unable to read file: ENOENT: no such file or directory, open '/home/rx/Desktop/repos/ADC-Investigacao/.git/refs/remotes/origin/main'
2025-03-23 20:51:54.158 [info] > git rev-parse refs/remotes/origin/main [1ms]
2025-03-23 20:51:54.193 [info] > git for-each-ref --sort -committerdate --format %(refname) %(objectname) %(*objectname) [1ms]
2025-03-23 20:51:54.268 [info] > git status -z -uall [94ms]
2025-03-23 20:51:59.304 [info] > git config --get commit.template [17ms]
2025-03-23 20:51:59.304 [info] > git for-each-ref --format=%(refname)%00%(upstream:short)%00%(objectname)%00%(upstream:track)%00%(upstream:remotename)%00%(upstream:remoteref) refs/heads/main refs/remotes/main [1ms]
2025-03-23 20:51:59.320 [warning] [Git][revParse] Unable to read file: ENOENT: no such file or directory, open '/home/rx/Desktop/repos/ADC-Investigacao/.git/refs/remotes/origin/main'
2025-03-23 20:51:59.321 [info] > git rev-parse refs/remotes/origin/main [1ms]
2025-03-23 20:51:59.351 [info] > git for-each-ref --sort -committerdate --format %(refname) %(objectname) %(*objectname) [1ms]
2025-03-23 20:51:59.416 [info] > git status -z -uall [81ms]
2025-03-23 20:52:08.748 [info] > git config --get commit.template [17ms]
2025-03-23 20:52:08.749 [info] > git for-each-ref --format=%(refname)%00%(upstream:short)%00%(objectname)%00%(upstream:track)%00%(upstream:remotename)%00%(upstream:remoteref) refs/heads/main refs/remotes/main [1ms]
2025-03-23 20:52:08.765 [warning] [Git][revParse] Unable to read file: ENOENT: no such file or directory, open '/home/rx/Desktop/repos/ADC-Investigacao/.git/refs/remotes/origin/main'
2025-03-23 20:52:08.766 [info] > git rev-parse refs/remotes/origin/main [1ms]
2025-03-23 20:52:08.799 [info] > git for-each-ref --sort -committerdate --format %(refname) %(objectname) %(*objectname) [1ms]
2025-03-23 20:52:08.864 [info] > git status -z -uall [83ms]
2025-03-23 20:52:14.621 [info] > git config --get commit.template [18ms]
2025-03-23 20:52:14.621 [info] > git for-each-ref --format=%(refname)%00%(upstream:short)%00%(objectname)%00%(upstream:track)%00%(upstream:remotename)%00%(upstream:remoteref) refs/heads/main refs/remotes/main [1ms]
2025-03-23 20:52:14.641 [warning] [Git][revParse] Unable to read file: ENOENT: no such file or directory, open '/home/rx/Desktop/repos/ADC-Investigacao/.git/refs/remotes/origin/main'
2025-03-23 20:52:14.641 [info] > git rev-parse refs/remotes/origin/main [1ms]
2025-03-23 20:52:14.679 [info] > git for-each-ref --sort -committerdate --format %(refname) %(objectname) %(*objectname) [1ms]
2025-03-23 20:52:14.743 [info] > git status -z -uall [83ms]
2025-03-23 20:52:21.280 [info] > git config --get commit.template [3ms]
2025-03-23 20:52:21.298 [info] > git for-each-ref --format=%(refname)%00%(upstream:short)%00%(objectname)%00%(upstream:track)%00%(upstream:remotename)%00%(upstream:remoteref) refs/heads/main refs/remotes/main [1ms]
2025-03-23 20:52:21.314 [warning] [Git][revParse] Unable to read file: ENOENT: no such file or directory, open '/home/rx/Desktop/repos/ADC-Investigacao/.git/refs/remotes/origin/main'
2025-03-23 20:52:21.315 [info] > git rev-parse refs/remotes/origin/main [1ms]
2025-03-23 20:52:21.348 [info] > git for-each-ref --sort -committerdate --format %(refname) %(objectname) %(*objectname) [1ms]
2025-03-23 20:52:21.413 [info] > git status -z -uall [82ms]
2025-03-23 20:52:58.176 [info] > git config --get commit.template [17ms]
2025-03-23 20:52:58.176 [info] > git for-each-ref --format=%(refname)%00%(upstream:short)%00%(objectname)%00%(upstream:track)%00%(upstream:remotename)%00%(upstream:remoteref) refs/heads/main refs/remotes/main [1ms]
2025-03-23 20:52:58.193 [warning] [Git][revParse] Unable to read file: ENOENT: no such file or directory, open '/home/rx/Desktop/repos/ADC-Investigacao/.git/refs/remotes/origin/main'
2025-03-23 20:52:58.193 [info] > git rev-parse refs/remotes/origin/main [1ms]
2025-03-23 20:52:58.227 [info] > git for-each-ref --sort -committerdate --format %(refname) %(objectname) %(*objectname) [1ms]
2025-03-23 20:52:58.291 [info] > git status -z -uall [82ms]
2025-03-23 20:53:06.957 [info] > git config --get commit.template [17ms]
2025-03-23 20:53:06.958 [info] > git for-each-ref --format=%(refname)%00%(upstream:short)%00%(objectname)%00%(upstream:track)%00%(upstream:remotename)%00%(upstream:remoteref) refs/heads/main refs/remotes/main [1ms]
2025-03-23 20:53:06.974 [warning] [Git][revParse] Unable to read file: ENOENT: no such file or directory, open '/home/rx/Desktop/repos/ADC-Investigacao/.git/refs/remotes/origin/main'
2025-03-23 20:53:06.974 [info] > git rev-parse refs/remotes/origin/main [0ms]
2025-03-23 20:53:07.008 [info] > git for-each-ref --sort -committerdate --format %(refname) %(objectname) %(*objectname) [1ms]
2025-03-23 20:53:07.073 [info] > git status -z -uall [82ms]
2025-03-23 20:53:12.104 [info] > git config --get commit.template [13ms]
2025-03-23 20:53:12.105 [info] > git for-each-ref --format=%(refname)%00%(upstream:short)%00%(objectname)%00%(upstream:track)%00%(upstream:remotename)%00%(upstream:remoteref) refs/heads/main refs/remotes/main [1ms]
2025-03-23 20:53:12.118 [warning] [Git][revParse] Unable to read file: ENOENT: no such file or directory, open '/home/rx/Desktop/repos/ADC-Investigacao/.git/refs/remotes/origin/main'
2025-03-23 20:53:12.119 [info] > git rev-parse refs/remotes/origin/main [1ms]
2025-03-23 20:53:12.146 [info] > git for-each-ref --sort -committerdate --format %(refname) %(objectname) %(*objectname) [1ms]
2025-03-23 20:53:12.212 [info] > git status -z -uall [81ms]
2025-03-23 20:54:09.916 [info] > git config --get commit.template [15ms]
2025-03-23 20:54:09.917 [info] > git for-each-ref --format=%(refname)%00%(upstream:short)%00%(objectname)%00%(upstream:track)%00%(upstream:remotename)%00%(upstream:remoteref) refs/heads/main refs/remotes/main [1ms]
2025-03-23 20:54:09.932 [warning] [Git][revParse] Unable to read file: ENOENT: no such file or directory, open '/home/rx/Desktop/repos/ADC-Investigacao/.git/refs/remotes/origin/main'
2025-03-23 20:54:09.933 [info] > git rev-parse refs/remotes/origin/main [1ms]
2025-03-23 20:54:09.964 [info] > git for-each-ref --sort -committerdate --format %(refname) %(objectname) %(*objectname) [1ms]
2025-03-23 20:54:10.030 [info] > git status -z -uall [82ms]
2025-03-23 20:54:24.770 [info] > git config --get commit.template [14ms]
2025-03-23 20:54:24.771 [info] > git for-each-ref --format=%(refname)%00%(upstream:short)%00%(objectname)%00%(upstream:track)%00%(upstream:remotename)%00%(upstream:remoteref) refs/heads/main refs/remotes/main [1ms]
2025-03-23 20:54:24.784 [warning] [Git][revParse] Unable to read file: ENOENT: no such file or directory, open '/home/rx/Desktop/repos/ADC-Investigacao/.git/refs/remotes/origin/main'
2025-03-23 20:54:24.785 [info] > git rev-parse refs/remotes/origin/main [1ms]
2025-03-23 20:54:24.813 [info] > git for-each-ref --sort -committerdate --format %(refname) %(objectname) %(*objectname) [2ms]
2025-03-23 20:54:24.878 [info] > git status -z -uall [80ms]
2025-03-23 20:54:29.913 [info] > git config --get commit.template [16ms]
2025-03-23 20:54:29.914 [info] > git for-each-ref --format=%(refname)%00%(upstream:short)%00%(objectname)%00%(upstream:track)%00%(upstream:remotename)%00%(upstream:remoteref) refs/heads/main refs/remotes/main [1ms]
2025-03-23 20:54:29.929 [warning] [Git][revParse] Unable to read file: ENOENT: no such file or directory, open '/home/rx/Desktop/repos/ADC-Investigacao/.git/refs/remotes/origin/main'
2025-03-23 20:54:29.930 [info] > git rev-parse refs/remotes/origin/main [1ms]
2025-03-23 20:54:29.963 [info] > git for-each-ref --sort -committerdate --format %(refname) %(objectname) %(*objectname) [1ms]
2025-03-23 20:54:30.026 [info] > git status -z -uall [81ms]
2025-03-23 20:54:37.032 [info] > git config --get commit.template [17ms]
2025-03-23 20:54:37.033 [info] > git for-each-ref --format=%(refname)%00%(upstream:short)%00%(objectname)%00%(upstream:track)%00%(upstream:remotename)%00%(upstream:remoteref) refs/heads/main refs/remotes/main [1ms]
2025-03-23 20:54:37.049 [warning] [Git][revParse] Unable to read file: ENOENT: no such file or directory, open '/home/rx/Desktop/repos/ADC-Investigacao/.git/refs/remotes/origin/main'
2025-03-23 20:54:37.050 [info] > git rev-parse refs/remotes/origin/main [1ms]
2025-03-23 20:54:37.084 [info] > git for-each-ref --sort -committerdate --format %(refname) %(objectname) %(*objectname) [1ms]
2025-03-23 20:54:37.160 [info] > git status -z -uall [93ms]
2025-03-23 20:54:42.191 [info] > git config --get commit.template [13ms]
2025-03-23 20:54:42.192 [info] > git for-each-ref --format=%(refname)%00%(upstream:short)%00%(objectname)%00%(upstream:track)%00%(upstream:remotename)%00%(upstream:remoteref) refs/heads/main refs/remotes/main [1ms]
2025-03-23 20:54:42.204 [warning] [Git][revParse] Unable to read file: ENOENT: no such file or directory, open '/home/rx/Desktop/repos/ADC-Investigacao/.git/refs/remotes/origin/main'
2025-03-23 20:54:42.205 [info] > git rev-parse refs/remotes/origin/main [1ms]
2025-03-23 20:54:42.232 [info] > git for-each-ref --sort -committerdate --format %(refname) %(objectname) %(*objectname) [1ms]
2025-03-23 20:54:42.298 [info] > git status -z -uall [81ms]
2025-03-23 20:55:18.210 [info] > git config --get commit.template [14ms]
2025-03-23 20:55:18.210 [info] > git for-each-ref --format=%(refname)%00%(upstream:short)%00%(objectname)%00%(upstream:track)%00%(upstream:remotename)%00%(upstream:remoteref) refs/heads/main refs/remotes/main [1ms]
2025-03-23 20:55:18.223 [warning] [Git][revParse] Unable to read file: ENOENT: no such file or directory, open '/home/rx/Desktop/repos/ADC-Investigacao/.git/refs/remotes/origin/main'
2025-03-23 20:55:18.224 [info] > git rev-parse refs/remotes/origin/main [1ms]
2025-03-23 20:55:18.253 [info] > git for-each-ref --sort -committerdate --format %(refname) %(objectname) %(*objectname) [1ms]
2025-03-23 20:55:18.318 [info] > git status -z -uall [81ms]
2025-03-23 20:55:23.338 [info] > git config --get commit.template [1ms]
2025-03-23 20:55:23.354 [info] > git for-each-ref --format=%(refname)%00%(upstream:short)%00%(objectname)%00%(upstream:track)%00%(upstream:remotename)%00%(upstream:remoteref) refs/heads/main refs/remotes/main [1ms]
2025-03-23 20:55:23.369 [warning] [Git][revParse] Unable to read file: ENOENT: no such file or directory, open '/home/rx/Desktop/repos/ADC-Investigacao/.git/refs/remotes/origin/main'
2025-03-23 20:55:23.370 [info] > git rev-parse refs/remotes/origin/main [1ms]
2025-03-23 20:55:23.398 [info] > git for-each-ref --sort -committerdate --format %(refname) %(objectname) %(*objectname) [1ms]
2025-03-23 20:55:23.463 [info] > git status -z -uall [80ms]
2025-03-23 20:55:58.398 [info] > git config --get commit.template [2ms]
2025-03-23 20:55:58.412 [info] > git for-each-ref --format=%(refname)%00%(upstream:short)%00%(objectname)%00%(upstream:track)%00%(upstream:remotename)%00%(upstream:remoteref) refs/heads/main refs/remotes/main [1ms]
2025-03-23 20:55:58.425 [warning] [Git][revParse] Unable to read file: ENOENT: no such file or directory, open '/home/rx/Desktop/repos/ADC-Investigacao/.git/refs/remotes/origin/main'
2025-03-23 20:55:58.426 [info] > git rev-parse refs/remotes/origin/main [1ms]
2025-03-23 20:55:58.453 [info] > git for-each-ref --sort -committerdate --format %(refname) %(objectname) %(*objectname) [1ms]
2025-03-23 20:55:58.519 [info] > git status -z -uall [81ms]
2025-03-23 20:58:11.615 [info] > git config --get commit.template [14ms]
2025-03-23 20:58:11.615 [info] > git for-each-ref --format=%(refname)%00%(upstream:short)%00%(objectname)%00%(upstream:track)%00%(upstream:remotename)%00%(upstream:remoteref) refs/heads/main refs/remotes/main [1ms]
2025-03-23 20:58:11.632 [warning] [Git][revParse] Unable to read file: ENOENT: no such file or directory, open '/home/rx/Desktop/repos/ADC-Investigacao/.git/refs/remotes/origin/main'
2025-03-23 20:58:11.633 [info] > git rev-parse refs/remotes/origin/main [1ms]
2025-03-23 20:58:11.666 [info] > git for-each-ref --sort -committerdate --format %(refname) %(objectname) %(*objectname) [1ms]
2025-03-23 20:58:11.729 [info] > git status -z -uall [80ms]
2025-03-23 20:58:54.183 [info] > git config --get commit.template [1ms]
2025-03-23 20:58:54.198 [info] > git for-each-ref --format=%(refname)%00%(upstream:short)%00%(objectname)%00%(upstream:track)%00%(upstream:remotename)%00%(upstream:remoteref) refs/heads/main refs/remotes/main [1ms]
2025-03-23 20:58:54.211 [warning] [Git][revParse] Unable to read file: ENOENT: no such file or directory, open '/home/rx/Desktop/repos/ADC-Investigacao/.git/refs/remotes/origin/main'
2025-03-23 20:58:54.212 [info] > git rev-parse refs/remotes/origin/main [1ms]
2025-03-23 20:58:54.239 [info] > git for-each-ref --sort -committerdate --format %(refname) %(objectname) %(*objectname) [1ms]
2025-03-23 20:58:54.308 [info] > git status -z -uall [84ms]
2025-03-23 20:59:01.234 [info] > git config --get commit.template [17ms]
2025-03-23 20:59:01.235 [info] > git for-each-ref --format=%(refname)%00%(upstream:short)%00%(objectname)%00%(upstream:track)%00%(upstream:remotename)%00%(upstream:remoteref) refs/heads/main refs/remotes/main [1ms]
2025-03-23 20:59:01.251 [warning] [Git][revParse] Unable to read file: ENOENT: no such file or directory, open '/home/rx/Desktop/repos/ADC-Investigacao/.git/refs/remotes/origin/main'
2025-03-23 20:59:01.252 [info] > git rev-parse refs/remotes/origin/main [1ms]
2025-03-23 20:59:01.287 [info] > git for-each-ref --sort -committerdate --format %(refname) %(objectname) %(*objectname) [2ms]
2025-03-23 20:59:01.351 [info] > git status -z -uall [83ms]
2025-03-23 20:59:28.481 [info] > git config --get commit.template [19ms]
2025-03-23 20:59:28.481 [info] > git for-each-ref --format=%(refname)%00%(upstream:short)%00%(objectname)%00%(upstream:track)%00%(upstream:remotename)%00%(upstream:remoteref) refs/heads/main refs/remotes/main [1ms]
2025-03-23 20:59:28.497 [warning] [Git][revParse] Unable to read file: ENOENT: no such file or directory, open '/home/rx/Desktop/repos/ADC-Investigacao/.git/refs/remotes/origin/main'
2025-03-23 20:59:28.498 [info] > git rev-parse refs/remotes/origin/main [1ms]
2025-03-23 20:59:28.531 [info] > git for-each-ref --sort -committerdate --format %(refname) %(objectname) %(*objectname) [1ms]
2025-03-23 20:59:28.596 [info] > git status -z -uall [82ms]
2025-03-23 20:59:33.672 [info] > git config --get commit.template [18ms]
2025-03-23 20:59:33.673 [info] > git for-each-ref --format=%(refname)%00%(upstream:short)%00%(objectname)%00%(upstream:track)%00%(upstream:remotename)%00%(upstream:remoteref) refs/heads/main refs/remotes/main [1ms]
2025-03-23 20:59:33.688 [warning] [Git][revParse] Unable to read file: ENOENT: no such file or directory, open '/home/rx/Desktop/repos/ADC-Investigacao/.git/refs/remotes/origin/main'
2025-03-23 20:59:33.689 [info] > git rev-parse refs/remotes/origin/main [1ms]
2025-03-23 20:59:33.724 [info] > git for-each-ref --sort -committerdate --format %(refname) %(objectname) %(*objectname) [1ms]
2025-03-23 20:59:33.790 [info] > git status -z -uall [86ms]
2025-03-23 20:59:38.824 [info] > git config --get commit.template [17ms]
2025-03-23 20:59:38.825 [info] > git for-each-ref --format=%(refname)%00%(upstream:short)%00%(objectname)%00%(upstream:track)%00%(upstream:remotename)%00%(upstream:remoteref) refs/heads/main refs/remotes/main [2ms]
2025-03-23 20:59:38.840 [warning] [Git][revParse] Unable to read file: ENOENT: no such file or directory, open '/home/rx/Desktop/repos/ADC-Investigacao/.git/refs/remotes/origin/main'
2025-03-23 20:59:38.843 [info] > git rev-parse refs/remotes/origin/main [3ms]
2025-03-23 20:59:38.879 [info] > git for-each-ref --sort -committerdate --format %(refname) %(objectname) %(*objectname) [4ms]
2025-03-23 20:59:38.940 [info] > git status -z -uall [82ms]
2025-03-23 20:59:43.978 [info] > git config --get commit.template [18ms]
2025-03-23 20:59:43.978 [info] > git for-each-ref --format=%(refname)%00%(upstream:short)%00%(objectname)%00%(upstream:track)%00%(upstream:remotename)%00%(upstream:remoteref) refs/heads/main refs/remotes/main [1ms]
2025-03-23 20:59:43.994 [warning] [Git][revParse] Unable to read file: ENOENT: no such file or directory, open '/home/rx/Desktop/repos/ADC-Investigacao/.git/refs/remotes/origin/main'
2025-03-23 20:59:43.994 [info] > git rev-parse refs/remotes/origin/main [0ms]
2025-03-23 20:59:44.023 [info] > git for-each-ref --sort -committerdate --format %(refname) %(objectname) %(*objectname) [1ms]
2025-03-23 20:59:44.088 [info] > git status -z -uall [80ms]
2025-03-23 20:59:49.122 [info] > git config --get commit.template [16ms]
2025-03-23 20:59:49.122 [info] > git for-each-ref --format=%(refname)%00%(upstream:short)%00%(objectname)%00%(upstream:track)%00%(upstream:remotename)%00%(upstream:remoteref) refs/heads/main refs/remotes/main [1ms]
2025-03-23 20:59:49.138 [warning] [Git][revParse] Unable to read file: ENOENT: no such file or directory, open '/home/rx/Desktop/repos/ADC-Investigacao/.git/refs/remotes/origin/main'
2025-03-23 20:59:49.139 [info] > git rev-parse refs/remotes/origin/main [0ms]
2025-03-23 20:59:49.171 [info] > git for-each-ref --sort -committerdate --format %(refname) %(objectname) %(*objectname) [1ms]
2025-03-23 20:59:49.235 [info] > git status -z -uall [82ms]
2025-03-23 20:59:56.367 [info] > git config --get commit.template [19ms]
2025-03-23 20:59:56.367 [info] > git for-each-ref --format=%(refname)%00%(upstream:short)%00%(objectname)%00%(upstream:track)%00%(upstream:remotename)%00%(upstream:remoteref) refs/heads/main refs/remotes/main [1ms]
2025-03-23 20:59:56.383 [warning] [Git][revParse] Unable to read file: ENOENT: no such file or directory, open '/home/rx/Desktop/repos/ADC-Investigacao/.git/refs/remotes/origin/main'
2025-03-23 20:59:56.384 [info] > git rev-parse refs/remotes/origin/main [1ms]
2025-03-23 20:59:56.418 [info] > git for-each-ref --sort -committerdate --format %(refname) %(objectname) %(*objectname) [1ms]
2025-03-23 20:59:56.491 [info] > git status -z -uall [91ms]
2025-03-23 21:00:01.526 [info] > git config --get commit.template [16ms]
2025-03-23 21:00:01.527 [info] > git for-each-ref --format=%(refname)%00%(upstream:short)%00%(objectname)%00%(upstream:track)%00%(upstream:remotename)%00%(upstream:remoteref) refs/heads/main refs/remotes/main [1ms]
2025-03-23 21:00:01.544 [warning] [Git][revParse] Unable to read file: ENOENT: no such file or directory, open '/home/rx/Desktop/repos/ADC-Investigacao/.git/refs/remotes/origin/main'
2025-03-23 21:00:01.545 [info] > git rev-parse refs/remotes/origin/main [1ms]
2025-03-23 21:00:01.575 [info] > git for-each-ref --sort -committerdate --format %(refname) %(objectname) %(*objectname) [1ms]
2025-03-23 21:00:01.646 [info] > git status -z -uall [86ms]
2025-03-23 21:00:06.682 [info] > git config --get commit.template [17ms]
2025-03-23 21:00:06.682 [info] > git for-each-ref --format=%(refname)%00%(upstream:short)%00%(objectname)%00%(upstream:track)%00%(upstream:remotename)%00%(upstream:remoteref) refs/heads/main refs/remotes/main [1ms]
2025-03-23 21:00:06.698 [warning] [Git][revParse] Unable to read file: ENOENT: no such file or directory, open '/home/rx/Desktop/repos/ADC-Investigacao/.git/refs/remotes/origin/main'
2025-03-23 21:00:06.716 [info] > git rev-parse refs/remotes/origin/main [18ms]
2025-03-23 21:00:06.771 [info] > git for-each-ref --sort -committerdate --format %(refname) %(objectname) %(*objectname) [20ms]
2025-03-23 21:00:06.816 [info] > git status -z -uall [83ms]
2025-03-23 21:00:11.853 [info] > git config --get commit.template [15ms]
2025-03-23 21:00:11.854 [info] > git for-each-ref --format=%(refname)%00%(upstream:short)%00%(objectname)%00%(upstream:track)%00%(upstream:remotename)%00%(upstream:remoteref) refs/heads/main refs/remotes/main [1ms]
2025-03-23 21:00:11.867 [warning] [Git][revParse] Unable to read file: ENOENT: no such file or directory, open '/home/rx/Desktop/repos/ADC-Investigacao/.git/refs/remotes/origin/main'
2025-03-23 21:00:11.868 [info] > git rev-parse refs/remotes/origin/main [1ms]
2025-03-23 21:00:11.896 [info] > git for-each-ref --sort -committerdate --format %(refname) %(objectname) %(*objectname) [1ms]
2025-03-23 21:00:11.963 [info] > git status -z -uall [82ms]
2025-03-23 21:00:19.674 [info] > git config --get commit.template [16ms]
2025-03-23 21:00:19.675 [info] > git for-each-ref --format=%(refname)%00%(upstream:short)%00%(objectname)%00%(upstream:track)%00%(upstream:remotename)%00%(upstream:remoteref) refs/heads/main refs/remotes/main [1ms]
2025-03-23 21:00:19.689 [warning] [Git][revParse] Unable to read file: ENOENT: no such file or directory, open '/home/rx/Desktop/repos/ADC-Investigacao/.git/refs/remotes/origin/main'
2025-03-23 21:00:19.690 [info] > git rev-parse refs/remotes/origin/main [1ms]
2025-03-23 21:00:19.720 [info] > git for-each-ref --sort -committerdate --format %(refname) %(objectname) %(*objectname) [1ms]
2025-03-23 21:00:19.786 [info] > git status -z -uall [82ms]
2025-03-23 21:00:32.103 [info] > git config --get commit.template [1ms]
2025-03-23 21:00:32.119 [info] > git for-each-ref --format=%(refname)%00%(upstream:short)%00%(objectname)%00%(upstream:track)%00%(upstream:remotename)%00%(upstream:remoteref) refs/heads/main refs/remotes/main [2ms]
2025-03-23 21:00:32.133 [warning] [Git][revParse] Unable to read file: ENOENT: no such file or directory, open '/home/rx/Desktop/repos/ADC-Investigacao/.git/refs/remotes/origin/main'
2025-03-23 21:00:32.134 [info] > git rev-parse refs/remotes/origin/main [1ms]
2025-03-23 21:00:32.162 [info] > git for-each-ref --sort -committerdate --format %(refname) %(objectname) %(*objectname) [1ms]
2025-03-23 21:00:32.228 [info] > git status -z -uall [81ms]
2025-03-23 21:00:40.645 [info] > git config --get commit.template [18ms]
2025-03-23 21:00:40.645 [info] > git for-each-ref --format=%(refname)%00%(upstream:short)%00%(objectname)%00%(upstream:track)%00%(upstream:remotename)%00%(upstream:remoteref) refs/heads/main refs/remotes/main [1ms]
2025-03-23 21:00:40.661 [warning] [Git][revParse] Unable to read file: ENOENT: no such file or directory, open '/home/rx/Desktop/repos/ADC-Investigacao/.git/refs/remotes/origin/main'
2025-03-23 21:00:40.662 [info] > git rev-parse refs/remotes/origin/main [0ms]
2025-03-23 21:00:40.690 [info] > git for-each-ref --sort -committerdate --format %(refname) %(objectname) %(*objectname) [1ms]
2025-03-23 21:00:40.756 [info] > git status -z -uall [81ms]
2025-03-23 21:00:45.788 [info] > git config --get commit.template [14ms]
2025-03-23 21:00:45.788 [info] > git for-each-ref --format=%(refname)%00%(upstream:short)%00%(objectname)%00%(upstream:track)%00%(upstream:remotename)%00%(upstream:remoteref) refs/heads/main refs/remotes/main [1ms]
2025-03-23 21:00:45.802 [warning] [Git][revParse] Unable to read file: ENOENT: no such file or directory, open '/home/rx/Desktop/repos/ADC-Investigacao/.git/refs/remotes/origin/main'
2025-03-23 21:00:45.803 [info] > git rev-parse refs/remotes/origin/main [0ms]
2025-03-23 21:00:45.830 [info] > git for-each-ref --sort -committerdate --format %(refname) %(objectname) %(*objectname) [1ms]
2025-03-23 21:00:45.898 [info] > git status -z -uall [83ms]
2025-03-23 21:00:50.933 [info] > git config --get commit.template [17ms]
2025-03-23 21:00:50.933 [info] > git for-each-ref --format=%(refname)%00%(upstream:short)%00%(objectname)%00%(upstream:track)%00%(upstream:remotename)%00%(upstream:remoteref) refs/heads/main refs/remotes/main [1ms]
2025-03-23 21:00:50.950 [warning] [Git][revParse] Unable to read file: ENOENT: no such file or directory, open '/home/rx/Desktop/repos/ADC-Investigacao/.git/refs/remotes/origin/main'
2025-03-23 21:00:50.951 [info] > git rev-parse refs/remotes/origin/main [1ms]
2025-03-23 21:00:50.986 [info] > git for-each-ref --sort -committerdate --format %(refname) %(objectname) %(*objectname) [3ms]
2025-03-23 21:00:51.050 [info] > git status -z -uall [84ms]
2025-03-23 21:00:56.088 [info] > git config --get commit.template [18ms]
2025-03-23 21:00:56.089 [info] > git for-each-ref --format=%(refname)%00%(upstream:short)%00%(objectname)%00%(upstream:track)%00%(upstream:remotename)%00%(upstream:remoteref) refs/heads/main refs/remotes/main [2ms]
2025-03-23 21:00:56.106 [warning] [Git][revParse] Unable to read file: ENOENT: no such file or directory, open '/home/rx/Desktop/repos/ADC-Investigacao/.git/refs/remotes/origin/main'
2025-03-23 21:00:56.107 [info] > git rev-parse refs/remotes/origin/main [1ms]
2025-03-23 21:00:56.144 [info] > git for-each-ref --sort -committerdate --format %(refname) %(objectname) %(*objectname) [3ms]
2025-03-23 21:00:56.207 [info] > git status -z -uall [84ms]
2025-03-23 21:01:05.465 [info] > git config --get commit.template [17ms]
2025-03-23 21:01:05.466 [info] > git for-each-ref --format=%(refname)%00%(upstream:short)%00%(objectname)%00%(upstream:track)%00%(upstream:remotename)%00%(upstream:remoteref) refs/heads/main refs/remotes/main [1ms]
2025-03-23 21:01:05.482 [warning] [Git][revParse] Unable to read file: ENOENT: no such file or directory, open '/home/rx/Desktop/repos/ADC-Investigacao/.git/refs/remotes/origin/main'
2025-03-23 21:01:05.483 [info] > git rev-parse refs/remotes/origin/main [1ms]
2025-03-23 21:01:05.515 [info] > git for-each-ref --sort -committerdate --format %(refname) %(objectname) %(*objectname) [1ms]
2025-03-23 21:01:05.580 [info] > git status -z -uall [82ms]
2025-03-23 21:01:11.713 [info] > git config --get commit.template [18ms]
2025-03-23 21:01:11.714 [info] > git for-each-ref --format=%(refname)%00%(upstream:short)%00%(objectname)%00%(upstream:track)%00%(upstream:remotename)%00%(upstream:remoteref) refs/heads/main refs/remotes/main [1ms]
2025-03-23 21:01:11.731 [warning] [Git][revParse] Unable to read file: ENOENT: no such file or directory, open '/home/rx/Desktop/repos/ADC-Investigacao/.git/refs/remotes/origin/main'
2025-03-23 21:01:11.732 [info] > git rev-parse refs/remotes/origin/main [1ms]
2025-03-23 21:01:11.764 [info] > git for-each-ref --sort -committerdate --format %(refname) %(objectname) %(*objectname) [1ms]
2025-03-23 21:01:11.830 [info] > git status -z -uall [83ms]
2025-03-23 21:01:16.868 [info] > git config --get commit.template [19ms]
2025-03-23 21:01:16.868 [info] > git for-each-ref --format=%(refname)%00%(upstream:short)%00%(objectname)%00%(upstream:track)%00%(upstream:remotename)%00%(upstream:remoteref) refs/heads/main refs/remotes/main [1ms]
2025-03-23 21:01:16.886 [warning] [Git][revParse] Unable to read file: ENOENT: no such file or directory, open '/home/rx/Desktop/repos/ADC-Investigacao/.git/refs/remotes/origin/main'
2025-03-23 21:01:16.887 [info] > git rev-parse refs/remotes/origin/main [2ms]
2025-03-23 21:01:16.926 [info] > git for-each-ref --sort -committerdate --format %(refname) %(objectname) %(*objectname) [2ms]
2025-03-23 21:01:16.992 [info] > git status -z -uall [86ms]
2025-03-23 21:01:22.023 [info] > git config --get commit.template [14ms]
2025-03-23 21:01:22.023 [info] > git for-each-ref --format=%(refname)%00%(upstream:short)%00%(objectname)%00%(upstream:track)%00%(upstream:remotename)%00%(upstream:remoteref) refs/heads/main refs/remotes/main [1ms]
2025-03-23 21:01:22.037 [warning] [Git][revParse] Unable to read file: ENOENT: no such file or directory, open '/home/rx/Desktop/repos/ADC-Investigacao/.git/refs/remotes/origin/main'
2025-03-23 21:01:22.038 [info] > git rev-parse refs/remotes/origin/main [1ms]
2025-03-23 21:01:22.066 [info] > git for-each-ref --sort -committerdate --format %(refname) %(objectname) %(*objectname) [2ms]
2025-03-23 21:01:22.131 [info] > git status -z -uall [80ms]
2025-03-23 21:01:32.464 [info] > git config --get commit.template [16ms]
2025-03-23 21:01:32.464 [info] > git for-each-ref --format=%(refname)%00%(upstream:short)%00%(objectname)%00%(upstream:track)%00%(upstream:remotename)%00%(upstream:remoteref) refs/heads/main refs/remotes/main [2ms]
2025-03-23 21:01:32.479 [warning] [Git][revParse] Unable to read file: ENOENT: no such file or directory, open '/home/rx/Desktop/repos/ADC-Investigacao/.git/refs/remotes/origin/main'
2025-03-23 21:01:32.480 [info] > git rev-parse refs/remotes/origin/main [1ms]
2025-03-23 21:01:32.512 [info] > git for-each-ref --sort -committerdate --format %(refname) %(objectname) %(*objectname) [1ms]
2025-03-23 21:01:32.577 [info] > git status -z -uall [82ms]
2025-03-23 21:01:37.600 [info] > git config --get commit.template [4ms]
2025-03-23 21:01:37.618 [info] > git for-each-ref --format=%(refname)%00%(upstream:short)%00%(objectname)%00%(upstream:track)%00%(upstream:remotename)%00%(upstream:remoteref) refs/heads/main refs/remotes/main [1ms]
2025-03-23 21:01:37.637 [warning] [Git][revParse] Unable to read file: ENOENT: no such file or directory, open '/home/rx/Desktop/repos/ADC-Investigacao/.git/refs/remotes/origin/main'
2025-03-23 21:01:37.640 [info] > git rev-parse refs/remotes/origin/main [4ms]
2025-03-23 21:01:37.683 [info] > git for-each-ref --sort -committerdate --format %(refname) %(objectname) %(*objectname) [9ms]
2025-03-23 21:01:37.740 [info] > git status -z -uall [82ms]
2025-03-23 21:01:42.774 [info] > git config --get commit.template [16ms]
2025-03-23 21:01:42.774 [info] > git for-each-ref --format=%(refname)%00%(upstream:short)%00%(objectname)%00%(upstream:track)%00%(upstream:remotename)%00%(upstream:remoteref) refs/heads/main refs/remotes/main [1ms]
2025-03-23 21:01:42.790 [warning] [Git][revParse] Unable to read file: ENOENT: no such file or directory, open '/home/rx/Desktop/repos/ADC-Investigacao/.git/refs/remotes/origin/main'
2025-03-23 21:01:42.791 [info] > git rev-parse refs/remotes/origin/main [1ms]
2025-03-23 21:01:42.825 [info] > git for-each-ref --sort -committerdate --format %(refname) %(objectname) %(*objectname) [1ms]
2025-03-23 21:01:42.889 [info] > git status -z -uall [81ms]
2025-03-23 21:01:47.927 [info] > git config --get commit.template [18ms]
2025-03-23 21:01:47.927 [info] > git for-each-ref --format=%(refname)%00%(upstream:short)%00%(objectname)%00%(upstream:track)%00%(upstream:remotename)%00%(upstream:remoteref) refs/heads/main refs/remotes/main [1ms]
2025-03-23 21:01:47.944 [warning] [Git][revParse] Unable to read file: ENOENT: no such file or directory, open '/home/rx/Desktop/repos/ADC-Investigacao/.git/refs/remotes/origin/main'
2025-03-23 21:01:47.944 [info] > git rev-parse refs/remotes/origin/main [1ms]
2025-03-23 21:01:47.980 [info] > git for-each-ref --sort -committerdate --format %(refname) %(objectname) %(*objectname) [1ms]
2025-03-23 21:01:48.043 [info] > git status -z -uall [82ms]
2025-03-23 21:02:07.369 [info] > git config --get commit.template [1ms]
2025-03-23 21:02:07.386 [info] > git for-each-ref --format=%(refname)%00%(upstream:short)%00%(objectname)%00%(upstream:track)%00%(upstream:remotename)%00%(upstream:remoteref) refs/heads/main refs/remotes/main [2ms]
2025-03-23 21:02:07.400 [warning] [Git][revParse] Unable to read file: ENOENT: no such file or directory, open '/home/rx/Desktop/repos/ADC-Investigacao/.git/refs/remotes/origin/main'
2025-03-23 21:02:07.401 [info] > git rev-parse refs/remotes/origin/main [1ms]
2025-03-23 21:02:07.434 [info] > git for-each-ref --sort -committerdate --format %(refname) %(objectname) %(*objectname) [1ms]
2025-03-23 21:02:07.498 [info] > git status -z -uall [83ms]
2025-03-23 21:02:12.531 [info] > git config --get commit.template [15ms]
2025-03-23 21:02:12.532 [info] > git for-each-ref --format=%(refname)%00%(upstream:short)%00%(objectname)%00%(upstream:track)%00%(upstream:remotename)%00%(upstream:remoteref) refs/heads/main refs/remotes/main [1ms]
2025-03-23 21:02:12.546 [warning] [Git][revParse] Unable to read file: ENOENT: no such file or directory, open '/home/rx/Desktop/repos/ADC-Investigacao/.git/refs/remotes/origin/main'
2025-03-23 21:02:12.547 [info] > git rev-parse refs/remotes/origin/main [1ms]
2025-03-23 21:02:12.575 [info] > git for-each-ref --sort -committerdate --format %(refname) %(objectname) %(*objectname) [1ms]
2025-03-23 21:02:12.642 [info] > git status -z -uall [82ms]
2025-03-23 21:02:17.674 [info] > git config --get commit.template [14ms]
2025-03-23 21:02:17.675 [info] > git for-each-ref --format=%(refname)%00%(upstream:short)%00%(objectname)%00%(upstream:track)%00%(upstream:remotename)%00%(upstream:remoteref) refs/heads/main refs/remotes/main [1ms]
2025-03-23 21:02:17.689 [warning] [Git][revParse] Unable to read file: ENOENT: no such file or directory, open '/home/rx/Desktop/repos/ADC-Investigacao/.git/refs/remotes/origin/main'
2025-03-23 21:02:17.690 [info] > git rev-parse refs/remotes/origin/main [1ms]
2025-03-23 21:02:17.719 [info] > git for-each-ref --sort -committerdate --format %(refname) %(objectname) %(*objectname) [1ms]
2025-03-23 21:02:17.784 [info] > git status -z -uall [81ms]
2025-03-23 21:02:30.934 [info] > git config --get commit.template [1ms]
2025-03-23 21:02:30.949 [info] > git for-each-ref --format=%(refname)%00%(upstream:short)%00%(objectname)%00%(upstream:track)%00%(upstream:remotename)%00%(upstream:remoteref) refs/heads/main refs/remotes/main [1ms]
2025-03-23 21:02:30.962 [warning] [Git][revParse] Unable to read file: ENOENT: no such file or directory, open '/home/rx/Desktop/repos/ADC-Investigacao/.git/refs/remotes/origin/main'
2025-03-23 21:02:30.963 [info] > git rev-parse refs/remotes/origin/main [1ms]
2025-03-23 21:02:30.993 [info] > git for-each-ref --sort -committerdate --format %(refname) %(objectname) %(*objectname) [1ms]
2025-03-23 21:02:31.059 [info] > git status -z -uall [81ms]
2025-03-23 21:02:43.836 [info] > git config --get commit.template [2ms]
2025-03-23 21:02:43.853 [info] > git for-each-ref --format=%(refname)%00%(upstream:short)%00%(objectname)%00%(upstream:track)%00%(upstream:remotename)%00%(upstream:remoteref) refs/heads/main refs/remotes/main [1ms]
2025-03-23 21:02:43.869 [warning] [Git][revParse] Unable to read file: ENOENT: no such file or directory, open '/home/rx/Desktop/repos/ADC-Investigacao/.git/refs/remotes/origin/main'
2025-03-23 21:02:43.870 [info] > git rev-parse refs/remotes/origin/main [1ms]
2025-03-23 21:02:43.905 [info] > git for-each-ref --sort -committerdate --format %(refname) %(objectname) %(*objectname) [1ms]
2025-03-23 21:02:43.969 [info] > git status -z -uall [83ms]
2025-03-23 21:02:59.278 [info] > git config --get commit.template [15ms]
2025-03-23 21:02:59.278 [info] > git for-each-ref --format=%(refname)%00%(upstream:short)%00%(objectname)%00%(upstream:track)%00%(upstream:remotename)%00%(upstream:remoteref) refs/heads/main refs/remotes/main [1ms]
2025-03-23 21:02:59.292 [warning] [Git][revParse] Unable to read file: ENOENT: no such file or directory, open '/home/rx/Desktop/repos/ADC-Investigacao/.git/refs/remotes/origin/main'
2025-03-23 21:02:59.293 [info] > git rev-parse refs/remotes/origin/main [1ms]
2025-03-23 21:02:59.321 [info] > git for-each-ref --sort -committerdate --format %(refname) %(objectname) %(*objectname) [1ms]
2025-03-23 21:02:59.386 [info] > git status -z -uall [80ms]
2025-03-23 21:03:52.593 [info] > git config --get commit.template [14ms]
2025-03-23 21:03:52.593 [info] > git for-each-ref --format=%(refname)%00%(upstream:short)%00%(objectname)%00%(upstream:track)%00%(upstream:remotename)%00%(upstream:remoteref) refs/heads/main refs/remotes/main [1ms]
2025-03-23 21:03:52.606 [warning] [Git][revParse] Unable to read file: ENOENT: no such file or directory, open '/home/rx/Desktop/repos/ADC-Investigacao/.git/refs/remotes/origin/main'
2025-03-23 21:03:52.607 [info] > git rev-parse refs/remotes/origin/main [1ms]
2025-03-23 21:03:52.639 [info] > git for-each-ref --sort -committerdate --format %(refname) %(objectname) %(*objectname) [1ms]
2025-03-23 21:03:52.702 [info] > git status -z -uall [82ms]
