2025-03-23 16:57:09.006 [warning] /home/rx/.ssh/config: ENOENT: no such file or directory, open '/home/rx/.ssh/config'
2025-03-23 16:57:09.006 [info] [Activation] Extension version: 0.106.0
2025-03-23 16:57:09.006 [info] [TemporaryState] Error in initialization: Unable to delete nonexistent file 'vscode-userdata:/home/rx/.config/Code/User/globalStorage/github.vscode-pull-request-github/temp'
2025-03-23 16:57:09.346 [info] [Activation] Looking for git repository
2025-03-23 16:57:09.346 [info] [Activation] Found 0 repositories during activation
2025-03-23 16:57:09.346 [info] [Activation] Git repository found, initializing review manager and pr tree view.
2025-03-23 16:57:09.346 [info] [GitAPI] Registering git provider
2025-03-23 16:57:37.586 [warning] /home/rx/.ssh/config: ENOENT: no such file or directory, open '/home/rx/.ssh/config'
2025-03-23 16:57:37.586 [info] [Activation] Extension version: 0.106.0
2025-03-23 16:57:37.594 [info] [Activation] Looking for git repository
2025-03-23 16:57:37.594 [info] [Activation] Found 0 repositories during activation
2025-03-23 16:57:37.594 [info] [Activation] Git repository found, initializing review manager and pr tree view.
2025-03-23 16:57:41.826 [info] [GitAPI] Registering git provider
2025-03-23 16:57:42.191 [info] [Activation] Git initialization state changed: state=initialized
2025-03-23 17:02:05.724 [warning] /home/rx/.ssh/config: ENOENT: no such file or directory, open '/home/rx/.ssh/config'
2025-03-23 17:02:05.724 [info] [Activation] Extension version: 0.106.0
2025-03-23 17:02:07.032 [info] [Activation] Looking for git repository
2025-03-23 17:02:07.032 [info] [Activation] Found 0 repositories during activation
2025-03-23 17:02:07.032 [info] [Activation] Git repository found, initializing review manager and pr tree view.
2025-03-23 17:02:07.033 [info] [GitAPI] Registering git provider
2025-03-23 18:50:55.536 [warning] /home/rx/.ssh/config: ENOENT: no such file or directory, open '/home/rx/.ssh/config'
2025-03-23 18:50:55.536 [info] [Activation] Extension version: 0.106.0
2025-03-23 18:50:55.768 [info] [Activation] Looking for git repository
2025-03-23 18:50:55.768 [info] [Activation] Found 0 repositories during activation
2025-03-23 18:50:55.768 [info] [Activation] Git repository found, initializing review manager and pr tree view.
2025-03-23 18:50:55.768 [info] [GitAPI] Registering git provider
