2025-03-23 20:10:56.284 [info] [AutoSync] Using settings sync service https://vscode-sync.trafficmanager.net/
2025-03-23 20:10:56.284 [info] [AutoSync] Enabled.
2025-03-23 20:10:56.284 [info] [AutoSync] Suspended until auth token is available.
2025-03-23 20:10:57.268 [info] [AutoSync] Triggered by Interval
2025-03-23 20:10:57.268 [info] Sync started.
2025-03-23 20:10:57.614 [info] Settings: No changes found during synchronizing settings.
2025-03-23 20:10:57.621 [info] Keybindings: No changes found during synchronizing keybindings.
2025-03-23 20:10:57.623 [info] Snippets: No changes found during synchronizing snippets.
2025-03-23 20:10:57.625 [info] Tasks: No changes found during synchronizing tasks.
2025-03-23 20:10:57.630 [info] GlobalState: No changes found during synchronizing ui state.
2025-03-23 20:10:57.657 [info] Extensions: No changes found during synchronizing extensions.
2025-03-23 20:10:57.659 [info] Profiles: No changes found during synchronizing profiles.
2025-03-23 20:10:57.660 [info] Syncing profile. LaTeX
2025-03-23 20:10:57.691 [info] Settings (LaTeX): No changes found during synchronizing settings.
2025-03-23 20:10:57.694 [info] Keybindings (LaTeX): No changes found during synchronizing keybindings.
2025-03-23 20:10:57.696 [info] Snippets (LaTeX): No changes found during synchronizing snippets.
2025-03-23 20:10:57.697 [info] Tasks (LaTeX): No changes found during synchronizing tasks.
2025-03-23 20:10:57.703 [info] GlobalState (LaTeX): No changes found during synchronizing ui state.
2025-03-23 20:10:57.722 [info] Extensions (LaTeX): No changes found during synchronizing extensions.
2025-03-23 20:10:57.723 [info] Sync done. Took 456ms
