2025-03-23 20:10:37.018 [info] Reading sessions from keychain...
2025-03-23 20:10:37.018 [info] Getting sessions for all scopes...
2025-03-23 20:10:37.018 [info] Getting sessions for all scopes...
2025-03-23 20:10:37.018 [info] Got stored sessions!
2025-03-23 20:10:37.018 [info] Got 1 verified sessions.
2025-03-23 20:10:37.018 [info] Got 1 sessions for ...
2025-03-23 20:10:37.018 [info] Got 1 sessions for ...
2025-03-23 20:10:37.018 [info] Getting sessions for all scopes...
2025-03-23 20:10:37.018 [info] Got 1 sessions for ...
2025-03-23 20:10:37.018 [info] Getting sessions for all scopes...
2025-03-23 20:10:37.018 [info] Got 1 sessions for ...
2025-03-23 20:10:37.018 [info] Getting sessions for all scopes...
2025-03-23 20:10:37.018 [info] Got 1 sessions for ...
2025-03-23 20:10:37.018 [info] Getting sessions for all scopes...
2025-03-23 20:10:37.018 [info] Got 1 sessions for ...
2025-03-23 20:10:37.018 [info] Getting sessions for all scopes...
2025-03-23 20:10:37.018 [info] Got 1 sessions for ...
2025-03-23 20:10:37.018 [info] Getting sessions for all scopes...
2025-03-23 20:10:37.018 [info] Got 1 sessions for ...
2025-03-23 20:10:37.018 [info] Getting sessions for user:email...
2025-03-23 20:10:37.018 [info] Got 1 sessions for user:email...
2025-03-23 20:10:39.429 [info] Getting sessions for all scopes...
2025-03-23 20:10:39.429 [info] Got 1 sessions for ...
2025-03-23 20:10:39.576 [info] Getting sessions for read:user,repo,user:email...
2025-03-23 20:10:39.576 [info] Got 0 sessions for read:user,repo,user:email...
2025-03-23 20:10:39.577 [info] Getting sessions for read:user,repo,user:email,workflow...
2025-03-23 20:10:39.577 [info] Got 0 sessions for read:user,repo,user:email,workflow...
2025-03-23 20:10:39.577 [info] Getting sessions for all scopes...
2025-03-23 20:10:39.577 [info] Got 1 sessions for ...
2025-03-23 20:10:39.577 [info] Getting sessions for all scopes...
2025-03-23 20:10:39.577 [info] Got 1 sessions for ...
2025-03-23 20:10:39.577 [info] Getting sessions for project,read:org,read:user,repo,user:email,workflow...
2025-03-23 20:10:39.577 [info] Got 0 sessions for project,read:org,read:user,repo,user:email,workflow...
2025-03-23 20:10:39.689 [info] Getting sessions for read:user...
2025-03-23 20:10:39.689 [info] Got 0 sessions for read:user...
2025-03-23 20:10:39.689 [info] Getting sessions for read:user,repo,user:email,workflow...
2025-03-23 20:10:39.689 [info] Got 0 sessions for read:user,repo,user:email,workflow...
2025-03-23 20:10:39.690 [info] Getting sessions for read:user,repo,user:email,workflow...
2025-03-23 20:10:39.690 [info] Got 0 sessions for read:user,repo,user:email,workflow...
2025-03-23 20:10:39.715 [info] Getting sessions for user:email...
2025-03-23 20:10:39.715 [info] Got 1 sessions for user:email...
2025-03-23 20:10:39.715 [info] Getting sessions for user:email...
2025-03-23 20:10:39.715 [info] Got 1 sessions for user:email...
2025-03-23 20:10:39.716 [info] Getting sessions for read:user,repo,user:email,workflow...
2025-03-23 20:10:39.716 [info] Got 0 sessions for read:user,repo,user:email,workflow...
2025-03-23 20:10:39.717 [info] Getting sessions for read:user,repo,user:email...
2025-03-23 20:10:39.717 [info] Got 0 sessions for read:user,repo,user:email...
2025-03-23 20:10:39.727 [info] Getting sessions for all scopes...
2025-03-23 20:10:39.727 [info] Got 1 sessions for ...
2025-03-23 20:10:39.727 [info] Getting sessions for read:user,repo,user:email,workflow...
2025-03-23 20:10:39.727 [info] Got 0 sessions for read:user,repo,user:email,workflow...
2025-03-23 20:10:40.556 [info] Getting sessions for read:user,repo,user:email,workflow...
2025-03-23 20:10:40.556 [info] Got 0 sessions for read:user,repo,user:email,workflow...
2025-03-23 20:10:40.656 [info] Getting sessions for user:email...
2025-03-23 20:10:40.656 [info] Got 1 sessions for user:email...
2025-03-23 20:10:40.708 [info] Getting sessions for all scopes...
2025-03-23 20:10:40.708 [info] Got 1 sessions for ...
2025-03-23 20:10:40.711 [info] Getting sessions for read:user,repo,user:email,workflow...
2025-03-23 20:10:40.711 [info] Got 0 sessions for read:user,repo,user:email,workflow...
2025-03-23 20:10:40.712 [info] Getting sessions for user:email...
2025-03-23 20:10:40.712 [info] Got 1 sessions for user:email...
2025-03-23 20:10:41.337 [info] Getting sessions for all scopes...
2025-03-23 20:10:41.337 [info] Got 1 sessions for ...
2025-03-23 20:10:41.337 [info] Getting sessions for all scopes...
2025-03-23 20:10:41.337 [info] Got 1 sessions for ...
2025-03-23 20:10:41.344 [info] Getting sessions for read:user,repo,user:email,workflow...
2025-03-23 20:10:41.344 [info] Got 0 sessions for read:user,repo,user:email,workflow...
2025-03-23 20:10:41.344 [info] Getting sessions for user:email...
2025-03-23 20:10:41.344 [info] Got 1 sessions for user:email...
2025-03-23 20:10:41.344 [info] Getting sessions for read:user,repo,user:email,workflow...
2025-03-23 20:10:41.344 [info] Got 0 sessions for read:user,repo,user:email,workflow...
2025-03-23 20:10:41.346 [info] Getting sessions for all scopes...
2025-03-23 20:10:41.346 [info] Got 1 sessions for ...
2025-03-23 20:10:41.346 [info] Getting sessions for read:user,repo,user:email,workflow...
2025-03-23 20:10:41.346 [info] Got 0 sessions for read:user,repo,user:email,workflow...
2025-03-23 20:10:41.347 [info] Getting sessions for user:email...
2025-03-23 20:10:41.347 [info] Got 1 sessions for user:email...
2025-03-23 20:10:41.380 [info] Getting sessions for all scopes...
2025-03-23 20:10:41.380 [info] Got 1 sessions for ...
2025-03-23 20:10:41.382 [info] Getting sessions for all scopes...
2025-03-23 20:10:41.382 [info] Got 1 sessions for ...
2025-03-23 20:10:41.384 [info] Getting sessions for read:user,repo,user:email,workflow...
2025-03-23 20:10:41.384 [info] Got 0 sessions for read:user,repo,user:email,workflow...
2025-03-23 20:10:41.385 [info] Getting sessions for user:email...
2025-03-23 20:10:41.385 [info] Got 1 sessions for user:email...
2025-03-23 20:10:41.386 [info] Getting sessions for read:user,repo,user:email,workflow...
2025-03-23 20:10:41.386 [info] Got 0 sessions for read:user,repo,user:email,workflow...
2025-03-23 20:10:41.388 [info] Getting sessions for all scopes...
2025-03-23 20:10:41.388 [info] Got 1 sessions for ...
2025-03-23 20:10:41.389 [info] Getting sessions for read:user,repo,user:email,workflow...
2025-03-23 20:10:41.389 [info] Got 0 sessions for read:user,repo,user:email,workflow...
2025-03-23 20:10:41.389 [info] Getting sessions for user:email...
2025-03-23 20:10:41.389 [info] Got 1 sessions for user:email...
2025-03-23 20:10:42.032 [info] Getting sessions for all scopes...
2025-03-23 20:10:42.032 [info] Got 1 sessions for ...
2025-03-23 20:10:42.040 [info] Getting sessions for read:user,repo,user:email,workflow...
2025-03-23 20:10:42.040 [info] Got 0 sessions for read:user,repo,user:email,workflow...
2025-03-23 20:10:42.040 [info] Getting sessions for user:email...
2025-03-23 20:10:42.040 [info] Got 1 sessions for user:email...
