2025-03-23 21:39:40.139 [info] [main] Log level: Info
2025-03-23 21:39:40.139 [info] [main] Validating found git in: "git"
2025-03-23 21:39:40.139 [info] [main] Using git "2.49.0" from "git"
2025-03-23 21:39:40.139 [info] [Model][doInitialScan] Initial repository scan started
2025-03-23 21:39:40.139 [info] > git rev-parse --show-toplevel [39ms]
2025-03-23 21:39:40.139 [info] > git rev-parse --git-dir --git-common-dir [15ms]
2025-03-23 21:39:40.139 [info] [Model][openRepository] Opened repository: /home/rx/Desktop/repos/ADC-Investigacao
2025-03-23 21:39:40.141 [info] > git rev-parse --show-toplevel [19ms]
2025-03-23 21:39:40.142 [info] > git config --get commit.template [25ms]
2025-03-23 21:39:40.193 [info] > git for-each-ref --format=%(refname)%00%(upstream:short)%00%(objectname)%00%(upstream:track)%00%(upstream:remotename)%00%(upstream:remoteref) refs/heads/main refs/remotes/main [36ms]
2025-03-23 21:39:40.193 [info] > git rev-parse --show-toplevel [42ms]
2025-03-23 21:39:40.223 [info] > git rev-parse --show-toplevel [3ms]
2025-03-23 21:39:40.301 [info] > git status -z -uall [32ms]
2025-03-23 21:39:40.302 [info] > git for-each-ref --sort -committerdate --format %(refname) %(objectname) %(*objectname) [26ms]
2025-03-23 21:39:40.316 [info] > git rev-parse --show-toplevel [79ms]
2025-03-23 21:39:40.318 [info] [Model][doInitialScan] Initial repository scan completed - repositories (1), closed repositories (0), parent repositories (0), unsafe repositories (0)
2025-03-23 21:39:40.334 [info] > git for-each-ref --format=%(refname)%00%(upstream:short)%00%(objectname)%00%(upstream:track)%00%(upstream:remotename)%00%(upstream:remoteref) refs/heads/main refs/remotes/main [21ms]
2025-03-23 21:39:40.430 [info] > git config --get --local branch.main.vscode-merge-base [91ms]
2025-03-23 21:39:40.437 [info] > git config --get commit.template [104ms]
2025-03-23 21:39:40.495 [info] > git for-each-ref --format=%(refname)%00%(upstream:short)%00%(objectname)%00%(upstream:track)%00%(upstream:remotename)%00%(upstream:remoteref) refs/heads/origin/main refs/remotes/origin/main [58ms]
2025-03-23 21:39:40.565 [info] > git merge-base refs/heads/main refs/remotes/origin/main [63ms]
2025-03-23 21:39:40.608 [info] > git show --textconv :dblist/dblist.mli [31ms]
2025-03-23 21:39:40.609 [info] > git diff --name-status -z --diff-filter=ADMR 9957f95c0749e5935f50f16b2a865ef55e92780f...refs/remotes/origin/main [38ms]
2025-03-23 21:39:40.609 [info] > git for-each-ref --format=%(refname)%00%(upstream:short)%00%(objectname)%00%(upstream:track)%00%(upstream:remotename)%00%(upstream:remoteref) refs/heads/main refs/remotes/main [59ms]
2025-03-23 21:39:40.647 [info] > git ls-files --stage -- dblist/dblist.mli [63ms]
2025-03-23 21:39:40.703 [info] > git cat-file -s e75fbc2871af9eb95322aa5a2327888bbb21cd92 [51ms]
2025-03-23 21:39:41.900 [info] > git check-ignore -v -z --stdin [1191ms]
2025-03-23 21:39:41.900 [info] > git status -z -uall [30ms]
2025-03-23 21:39:42.400 [info] > git for-each-ref --sort -committerdate --format %(refname) %(objectname) %(*objectname) [514ms]
2025-03-23 21:39:42.577 [info] > git blame --root --incremental 9957f95c0749e5935f50f16b2a865ef55e92780f -- dblist/dblist.mli [71ms]
2025-03-23 21:39:44.040 [info] > git config --get --local branch.main.github-pr-owner-number [38ms]
2025-03-23 21:39:44.040 [warning] [Git][config] git config failed: Failed to execute git
2025-03-23 21:53:34.592 [info] [main] Log level: Info
2025-03-23 21:53:34.592 [info] [main] Validating found git in: "git"
2025-03-23 21:53:34.592 [info] [main] Using git "2.49.0" from "git"
2025-03-23 21:53:34.592 [info] [Model][doInitialScan] Initial repository scan started
2025-03-23 21:53:34.592 [info] > git rev-parse --show-toplevel [167ms]
2025-03-23 21:53:34.592 [info] fatal: not a git repository (or any parent up to mount point /)
Stopping at filesystem boundary (GIT_DISCOVERY_ACROSS_FILESYSTEM not set).
2025-03-23 21:53:34.592 [info] > git rev-parse --show-toplevel [33ms]
2025-03-23 21:53:34.592 [info] fatal: not a git repository (or any parent up to mount point /)
Stopping at filesystem boundary (GIT_DISCOVERY_ACROSS_FILESYSTEM not set).
2025-03-23 21:53:34.825 [info] > git rev-parse --show-toplevel [224ms]
2025-03-23 21:53:34.825 [info] fatal: not a git repository (or any parent up to mount point /)
Stopping at filesystem boundary (GIT_DISCOVERY_ACROSS_FILESYSTEM not set).
2025-03-23 21:53:34.883 [info] > git rev-parse --show-toplevel [12ms]
2025-03-23 21:53:34.883 [info] fatal: not a git repository (or any parent up to mount point /)
Stopping at filesystem boundary (GIT_DISCOVERY_ACROSS_FILESYSTEM not set).
2025-03-23 21:53:34.891 [info] > git rev-parse --show-toplevel [1ms]
2025-03-23 21:53:34.891 [info] fatal: not a git repository (or any parent up to mount point /)
Stopping at filesystem boundary (GIT_DISCOVERY_ACROSS_FILESYSTEM not set).
2025-03-23 21:53:34.904 [info] > git rev-parse --show-toplevel [3ms]
2025-03-23 21:53:34.904 [info] fatal: not a git repository (or any parent up to mount point /)
Stopping at filesystem boundary (GIT_DISCOVERY_ACROSS_FILESYSTEM not set).
2025-03-23 21:53:34.918 [info] > git rev-parse --show-toplevel [1ms]
2025-03-23 21:53:34.918 [info] fatal: not a git repository (or any parent up to mount point /)
Stopping at filesystem boundary (GIT_DISCOVERY_ACROSS_FILESYSTEM not set).
2025-03-23 21:53:34.925 [info] > git rev-parse --show-toplevel [1ms]
2025-03-23 21:53:34.925 [info] fatal: not a git repository (or any parent up to mount point /)
Stopping at filesystem boundary (GIT_DISCOVERY_ACROSS_FILESYSTEM not set).
2025-03-23 21:53:34.940 [info] > git rev-parse --show-toplevel [8ms]
2025-03-23 21:53:34.940 [info] fatal: not a git repository (or any parent up to mount point /)
Stopping at filesystem boundary (GIT_DISCOVERY_ACROSS_FILESYSTEM not set).
2025-03-23 21:53:34.949 [info] > git rev-parse --show-toplevel [2ms]
2025-03-23 21:53:34.949 [info] fatal: not a git repository (or any parent up to mount point /)
Stopping at filesystem boundary (GIT_DISCOVERY_ACROSS_FILESYSTEM not set).
2025-03-23 21:53:34.957 [info] > git rev-parse --show-toplevel [1ms]
2025-03-23 21:53:34.957 [info] fatal: not a git repository (or any parent up to mount point /)
Stopping at filesystem boundary (GIT_DISCOVERY_ACROSS_FILESYSTEM not set).
2025-03-23 21:53:34.971 [info] > git rev-parse --show-toplevel [8ms]
2025-03-23 21:53:34.971 [info] fatal: not a git repository (or any parent up to mount point /)
Stopping at filesystem boundary (GIT_DISCOVERY_ACROSS_FILESYSTEM not set).
2025-03-23 21:53:34.978 [info] > git rev-parse --show-toplevel [0ms]
2025-03-23 21:53:34.978 [info] fatal: not a git repository (or any parent up to mount point /)
Stopping at filesystem boundary (GIT_DISCOVERY_ACROSS_FILESYSTEM not set).
2025-03-23 21:53:34.985 [info] > git rev-parse --show-toplevel [1ms]
2025-03-23 21:53:34.985 [info] fatal: not a git repository (or any parent up to mount point /)
Stopping at filesystem boundary (GIT_DISCOVERY_ACROSS_FILESYSTEM not set).
2025-03-23 21:53:34.992 [info] > git rev-parse --show-toplevel [1ms]
2025-03-23 21:53:34.992 [info] fatal: not a git repository (or any parent up to mount point /)
Stopping at filesystem boundary (GIT_DISCOVERY_ACROSS_FILESYSTEM not set).
2025-03-23 21:53:34.999 [info] > git rev-parse --show-toplevel [1ms]
2025-03-23 21:53:34.999 [info] fatal: not a git repository (or any parent up to mount point /)
Stopping at filesystem boundary (GIT_DISCOVERY_ACROSS_FILESYSTEM not set).
2025-03-23 21:53:35.020 [info] > git rev-parse --show-toplevel [17ms]
2025-03-23 21:53:35.020 [info] fatal: not a git repository (or any parent up to mount point /)
Stopping at filesystem boundary (GIT_DISCOVERY_ACROSS_FILESYSTEM not set).
2025-03-23 21:53:35.028 [info] > git rev-parse --show-toplevel [3ms]
2025-03-23 21:53:35.028 [info] fatal: not a git repository (or any parent up to mount point /)
Stopping at filesystem boundary (GIT_DISCOVERY_ACROSS_FILESYSTEM not set).
2025-03-23 21:53:35.046 [info] > git rev-parse --show-toplevel [11ms]
2025-03-23 21:53:35.046 [info] fatal: not a git repository (or any parent up to mount point /)
Stopping at filesystem boundary (GIT_DISCOVERY_ACROSS_FILESYSTEM not set).
2025-03-23 21:53:36.204 [info] > git rev-parse --show-toplevel [1137ms]
2025-03-23 21:53:36.204 [info] fatal: not a git repository (or any parent up to mount point /)
Stopping at filesystem boundary (GIT_DISCOVERY_ACROSS_FILESYSTEM not set).
2025-03-23 21:53:36.796 [info] > git rev-parse --show-toplevel [133ms]
2025-03-23 21:53:36.796 [info] fatal: not a git repository (or any parent up to mount point /)
Stopping at filesystem boundary (GIT_DISCOVERY_ACROSS_FILESYSTEM not set).
2025-03-23 21:53:36.797 [info] [Model][doInitialScan] Initial repository scan completed - repositories (0), closed repositories (0), parent repositories (0), unsafe repositories (0)
2025-03-23 21:53:36.877 [info] > git rev-parse --show-toplevel [36ms]
2025-03-23 21:53:36.877 [info] fatal: not a git repository (or any parent up to mount point /)
Stopping at filesystem boundary (GIT_DISCOVERY_ACROSS_FILESYSTEM not set).
2025-03-23 21:53:37.053 [info] > git rev-parse --show-toplevel [48ms]
2025-03-23 21:53:37.053 [info] fatal: not a git repository (or any parent up to mount point /)
Stopping at filesystem boundary (GIT_DISCOVERY_ACROSS_FILESYSTEM not set).
2025-03-23 21:53:37.995 [info] > git rev-parse --show-toplevel [44ms]
2025-03-23 21:53:37.995 [info] fatal: not a git repository (or any parent up to mount point /)
Stopping at filesystem boundary (GIT_DISCOVERY_ACROSS_FILESYSTEM not set).
2025-03-23 21:58:10.514 [info] > git rev-parse --show-toplevel [4ms]
2025-03-23 21:58:10.514 [info] fatal: not a git repository (or any parent up to mount point /)
Stopping at filesystem boundary (GIT_DISCOVERY_ACROSS_FILESYSTEM not set).
2025-03-23 21:58:16.752 [info] > git rev-parse --show-toplevel [4ms]
2025-03-23 21:58:16.752 [info] fatal: not a git repository (or any parent up to mount point /)
Stopping at filesystem boundary (GIT_DISCOVERY_ACROSS_FILESYSTEM not set).
2025-03-23 21:58:21.046 [info] > git rev-parse --show-toplevel [3ms]
2025-03-23 21:58:21.046 [info] fatal: not a git repository (or any parent up to mount point /)
Stopping at filesystem boundary (GIT_DISCOVERY_ACROSS_FILESYSTEM not set).
2025-03-23 21:58:22.534 [info] > git rev-parse --show-toplevel [3ms]
2025-03-23 21:58:22.534 [info] fatal: not a git repository (or any parent up to mount point /)
Stopping at filesystem boundary (GIT_DISCOVERY_ACROSS_FILESYSTEM not set).
2025-03-23 21:58:27.489 [info] > git rev-parse --show-toplevel [4ms]
2025-03-23 21:58:27.489 [info] fatal: not a git repository (or any parent up to mount point /)
Stopping at filesystem boundary (GIT_DISCOVERY_ACROSS_FILESYSTEM not set).
2025-03-23 21:58:28.100 [info] > git rev-parse --show-toplevel [4ms]
2025-03-23 21:58:28.100 [info] fatal: not a git repository (or any parent up to mount point /)
Stopping at filesystem boundary (GIT_DISCOVERY_ACROSS_FILESYSTEM not set).
2025-03-23 21:58:28.902 [info] > git rev-parse --show-toplevel [3ms]
2025-03-23 21:58:28.902 [info] fatal: not a git repository (or any parent up to mount point /)
Stopping at filesystem boundary (GIT_DISCOVERY_ACROSS_FILESYSTEM not set).
2025-03-23 21:58:32.462 [info] > git rev-parse --show-toplevel [4ms]
2025-03-23 21:58:32.462 [info] fatal: not a git repository (or any parent up to mount point /)
Stopping at filesystem boundary (GIT_DISCOVERY_ACROSS_FILESYSTEM not set).
2025-03-23 21:58:33.872 [info] > git rev-parse --show-toplevel [3ms]
2025-03-23 21:58:33.872 [info] fatal: not a git repository (or any parent up to mount point /)
Stopping at filesystem boundary (GIT_DISCOVERY_ACROSS_FILESYSTEM not set).
2025-03-23 22:00:48.788 [info] > git rev-parse --show-toplevel [3ms]
2025-03-23 22:00:48.788 [info] fatal: not a git repository (or any parent up to mount point /)
Stopping at filesystem boundary (GIT_DISCOVERY_ACROSS_FILESYSTEM not set).
2025-03-23 22:00:59.926 [info] > git rev-parse --show-toplevel [5ms]
2025-03-23 22:00:59.926 [info] fatal: not a git repository (or any parent up to mount point /)
Stopping at filesystem boundary (GIT_DISCOVERY_ACROSS_FILESYSTEM not set).
2025-03-23 22:04:02.859 [info] > git rev-parse --show-toplevel [3ms]
2025-03-23 22:04:02.859 [info] fatal: not a git repository (or any parent up to mount point /)
Stopping at filesystem boundary (GIT_DISCOVERY_ACROSS_FILESYSTEM not set).
2025-03-23 22:04:04.083 [info] > git rev-parse --show-toplevel [3ms]
2025-03-23 22:04:04.083 [info] fatal: not a git repository (or any parent up to mount point /)
Stopping at filesystem boundary (GIT_DISCOVERY_ACROSS_FILESYSTEM not set).
2025-03-23 22:04:13.717 [info] > git rev-parse --show-toplevel [2ms]
2025-03-23 22:04:13.717 [info] fatal: not a git repository (or any parent up to mount point /)
Stopping at filesystem boundary (GIT_DISCOVERY_ACROSS_FILESYSTEM not set).
2025-03-23 22:12:19.716 [info] > git rev-parse --show-toplevel [4ms]
2025-03-23 22:12:19.717 [info] fatal: not a git repository (or any parent up to mount point /)
Stopping at filesystem boundary (GIT_DISCOVERY_ACROSS_FILESYSTEM not set).
2025-03-23 22:12:21.774 [info] > git rev-parse --show-toplevel [3ms]
2025-03-23 22:12:21.774 [info] fatal: not a git repository (or any parent up to mount point /)
Stopping at filesystem boundary (GIT_DISCOVERY_ACROSS_FILESYSTEM not set).
2025-03-23 22:16:37.992 [info] > git rev-parse --show-toplevel [3ms]
2025-03-23 22:16:37.992 [info] fatal: not a git repository (or any parent up to mount point /)
Stopping at filesystem boundary (GIT_DISCOVERY_ACROSS_FILESYSTEM not set).
2025-03-23 22:18:49.876 [info] > git rev-parse --show-toplevel [2ms]
2025-03-23 22:18:49.876 [info] fatal: not a git repository (or any parent up to mount point /)
Stopping at filesystem boundary (GIT_DISCOVERY_ACROSS_FILESYSTEM not set).
2025-03-23 22:18:50.043 [info] > git rev-parse --show-toplevel [3ms]
2025-03-23 22:18:50.043 [info] fatal: not a git repository (or any parent up to mount point /)
Stopping at filesystem boundary (GIT_DISCOVERY_ACROSS_FILESYSTEM not set).
