2025-03-23 21:07:49.618 [warning] /home/rx/.ssh/config: ENOENT: no such file or directory, open '/home/rx/.ssh/config'
2025-03-23 21:07:49.618 [info] [Activation] Extension version: 0.106.0
2025-03-23 21:07:50.608 [info] [Activation] Looking for git repository
2025-03-23 21:07:50.608 [info] [Activation] Found 0 repositories during activation
2025-03-23 21:07:50.608 [info] [Activation] Git repository found, initializing review manager and pr tree view.
2025-03-23 21:07:50.610 [info] [GitAPI] Registering git provider
2025-03-23 21:07:50.610 [info] [Review+0] Validate state in progress
2025-03-23 21:07:50.610 [info] [Review+0] Validating state...
2025-03-23 21:07:50.635 [info] [FolderRepositoryManager+0] Found GitHub remote for folder /home/rx/Desktop/repos/ADC-Investigacao
2025-03-23 21:07:51.018 [info] [FolderRepositoryManager+0] Trying to use globalState for assignableUsers.
2025-03-23 21:07:51.072 [info] [Review+0] No matching pull request metadata found locally for current branch main
2025-03-23 21:07:51.087 [info] [FolderRepositoryManager+0] Using globalState assignableUsers for 1.
2025-03-23 21:07:52.137 [info] [Review+0] No matching pull request metadata found on GitHub for current branch main
2025-03-23 21:31:25.895 [info] [Activation] Repo state for file:///home/rx/Desktop/repos/ADC-Investigacao changed.
2025-03-23 21:31:25.895 [info] [Activation] Repo file:///home/rx/Desktop/repos/ADC-Investigacao has already been setup.
2025-03-23 21:33:06.144 [info] [Review+0] Validate state in progress
2025-03-23 21:33:06.144 [info] [Review+0] Validating state...
2025-03-23 21:33:06.275 [info] [FolderRepositoryManager+0] Found GitHub remote for folder /home/rx/Desktop/repos/ADC-Investigacao
2025-03-23 21:33:06.276 [info] [FolderRepositoryManager+0] Using in-memory cached assignable users.
2025-03-23 21:33:06.294 [info] [Review+0] No matching pull request metadata found locally for current branch main
2025-03-23 21:33:06.776 [info] [Review+0] No matching pull request metadata found on GitHub for current branch main
2025-03-23 21:33:14.436 [info] [Review+0] Validate state in progress
2025-03-23 21:33:14.436 [info] [Review+0] Validating state...
2025-03-23 21:33:14.490 [info] [FolderRepositoryManager+0] Found GitHub remote for folder /home/rx/Desktop/repos/ADC-Investigacao
2025-03-23 21:33:14.491 [info] [FolderRepositoryManager+0] Using in-memory cached assignable users.
2025-03-23 21:33:14.540 [info] [Review+0] No matching pull request metadata found locally for current branch main
2025-03-23 21:33:14.980 [info] [Review+0] No matching pull request metadata found on GitHub for current branch main
