2025-03-23 20:16:07.674 [info] [AutoSync] Using settings sync service https://vscode-sync.trafficmanager.net/
2025-03-23 20:16:07.674 [info] [AutoSync] Enabled.
2025-03-23 20:16:07.674 [info] [AutoSync] Suspended until auth token is available.
2025-03-23 20:16:08.467 [info] [AutoSync] Triggered by Interval
2025-03-23 20:16:08.467 [info] Sync started.
2025-03-23 20:16:08.836 [info] Settings: No changes found during synchronizing settings.
2025-03-23 20:16:08.893 [info] Keybindings: No changes found during synchronizing keybindings.
2025-03-23 20:16:08.895 [info] Snippets: No changes found during synchronizing snippets.
2025-03-23 20:16:08.897 [info] Tasks: No changes found during synchronizing tasks.
2025-03-23 20:16:08.902 [info] GlobalState: No changes found during synchronizing ui state.
2025-03-23 20:16:08.934 [info] Extensions: No changes found during synchronizing extensions.
2025-03-23 20:16:08.937 [info] Profiles: No changes found during synchronizing profiles.
2025-03-23 20:16:08.939 [info] Syncing profile. LaTeX
2025-03-23 20:16:08.975 [info] Settings (LaTeX): No changes found during synchronizing settings.
2025-03-23 20:16:08.979 [info] Keybindings (LaTeX): No changes found during synchronizing keybindings.
2025-03-23 20:16:08.981 [info] Snippets (LaTeX): No changes found during synchronizing snippets.
2025-03-23 20:16:08.982 [info] Tasks (LaTeX): No changes found during synchronizing tasks.
2025-03-23 20:16:08.990 [info] GlobalState (LaTeX): No changes found during synchronizing ui state.
2025-03-23 20:16:09.011 [info] Extensions (LaTeX): No changes found during synchronizing extensions.
2025-03-23 20:16:09.012 [info] Sync done. Took 546ms
2025-03-23 20:16:39.889 [info] [AutoSync] Triggered by Activity
2025-03-23 20:16:39.889 [info] Sync started.
2025-03-23 20:16:39.952 [info] Settings: No changes found during synchronizing settings.
2025-03-23 20:16:39.953 [info] Keybindings: No changes found during synchronizing keybindings.
2025-03-23 20:16:39.955 [info] Snippets: No changes found during synchronizing snippets.
2025-03-23 20:16:39.956 [info] Tasks: No changes found during synchronizing tasks.
2025-03-23 20:16:39.958 [info] GlobalState: No changes found during synchronizing ui state.
2025-03-23 20:16:39.985 [info] Extensions: No changes found during synchronizing extensions.
2025-03-23 20:16:39.989 [info] Profiles: No changes found during synchronizing profiles.
2025-03-23 20:16:39.989 [info] Syncing profile. LaTeX
2025-03-23 20:16:39.990 [info] Settings (LaTeX): No changes found during synchronizing settings.
2025-03-23 20:16:39.992 [info] Keybindings (LaTeX): No changes found during synchronizing keybindings.
2025-03-23 20:16:39.993 [info] Snippets (LaTeX): No changes found during synchronizing snippets.
2025-03-23 20:16:39.994 [info] Tasks (LaTeX): No changes found during synchronizing tasks.
2025-03-23 20:16:39.996 [info] GlobalState (LaTeX): No changes found during synchronizing ui state.
2025-03-23 20:16:40.009 [info] Extensions (LaTeX): No changes found during synchronizing extensions.
2025-03-23 20:16:40.010 [info] Sync done. Took 122ms
2025-03-23 20:16:51.247 [info] [AutoSync] Triggered by Activity
2025-03-23 20:16:51.247 [info] Sync started.
2025-03-23 20:16:51.306 [info] Settings: No changes found during synchronizing settings.
2025-03-23 20:16:51.307 [info] Keybindings: No changes found during synchronizing keybindings.
2025-03-23 20:16:51.308 [info] Snippets: No changes found during synchronizing snippets.
2025-03-23 20:16:51.309 [info] Tasks: No changes found during synchronizing tasks.
2025-03-23 20:16:51.312 [info] GlobalState: No changes found during synchronizing ui state.
2025-03-23 20:16:51.337 [info] Extensions: No changes found during synchronizing extensions.
2025-03-23 20:16:51.337 [info] Profiles: No changes found during synchronizing profiles.
2025-03-23 20:16:51.338 [info] Syncing profile. LaTeX
2025-03-23 20:16:51.339 [info] Settings (LaTeX): No changes found during synchronizing settings.
2025-03-23 20:16:51.340 [info] Keybindings (LaTeX): No changes found during synchronizing keybindings.
2025-03-23 20:16:51.341 [info] Snippets (LaTeX): No changes found during synchronizing snippets.
2025-03-23 20:16:51.341 [info] Tasks (LaTeX): No changes found during synchronizing tasks.
2025-03-23 20:16:51.343 [info] GlobalState (LaTeX): No changes found during synchronizing ui state.
2025-03-23 20:16:51.358 [info] Extensions (LaTeX): No changes found during synchronizing extensions.
2025-03-23 20:16:51.359 [info] Sync done. Took 112ms
2025-03-23 20:17:13.901 [info] [AutoSync] Triggered by Activity
2025-03-23 20:17:13.901 [info] Sync started.
2025-03-23 20:17:13.974 [info] Settings: No changes found during synchronizing settings.
2025-03-23 20:17:13.975 [info] Keybindings: No changes found during synchronizing keybindings.
2025-03-23 20:17:13.977 [info] Snippets: No changes found during synchronizing snippets.
2025-03-23 20:17:13.978 [info] Tasks: No changes found during synchronizing tasks.
2025-03-23 20:17:13.981 [info] GlobalState: No changes found during synchronizing ui state.
2025-03-23 20:17:14.006 [info] Extensions: No changes found during synchronizing extensions.
2025-03-23 20:17:14.007 [info] Profiles: No changes found during synchronizing profiles.
2025-03-23 20:17:14.007 [info] Syncing profile. LaTeX
2025-03-23 20:17:14.008 [info] Settings (LaTeX): No changes found during synchronizing settings.
2025-03-23 20:17:14.009 [info] Keybindings (LaTeX): No changes found during synchronizing keybindings.
2025-03-23 20:17:14.010 [info] Snippets (LaTeX): No changes found during synchronizing snippets.
2025-03-23 20:17:14.011 [info] Tasks (LaTeX): No changes found during synchronizing tasks.
2025-03-23 20:17:14.012 [info] GlobalState (LaTeX): No changes found during synchronizing ui state.
2025-03-23 20:17:14.026 [info] Extensions (LaTeX): No changes found during synchronizing extensions.
2025-03-23 20:17:14.027 [info] Sync done. Took 127ms
2025-03-23 20:17:29.061 [info] [AutoSync] Triggered by Activity
2025-03-23 20:17:29.061 [info] Sync started.
2025-03-23 20:17:29.123 [info] Settings: No changes found during synchronizing settings.
2025-03-23 20:17:29.124 [info] Keybindings: No changes found during synchronizing keybindings.
2025-03-23 20:17:29.126 [info] Snippets: No changes found during synchronizing snippets.
2025-03-23 20:17:29.127 [info] Tasks: No changes found during synchronizing tasks.
2025-03-23 20:17:29.130 [info] GlobalState: No changes found during synchronizing ui state.
2025-03-23 20:17:29.155 [info] Extensions: No changes found during synchronizing extensions.
2025-03-23 20:17:29.156 [info] Profiles: No changes found during synchronizing profiles.
2025-03-23 20:17:29.156 [info] Syncing profile. LaTeX
2025-03-23 20:17:29.157 [info] Settings (LaTeX): No changes found during synchronizing settings.
2025-03-23 20:17:29.158 [info] Keybindings (LaTeX): No changes found during synchronizing keybindings.
2025-03-23 20:17:29.159 [info] Snippets (LaTeX): No changes found during synchronizing snippets.
2025-03-23 20:17:29.160 [info] Tasks (LaTeX): No changes found during synchronizing tasks.
2025-03-23 20:17:29.161 [info] GlobalState (LaTeX): No changes found during synchronizing ui state.
2025-03-23 20:17:29.174 [info] Extensions (LaTeX): No changes found during synchronizing extensions.
2025-03-23 20:17:29.177 [info] Sync done. Took 117ms
2025-03-23 20:17:56.306 [info] [AutoSync] Triggered by Activity
2025-03-23 20:17:56.307 [info] Sync started.
2025-03-23 20:17:56.363 [info] Settings: No changes found during synchronizing settings.
2025-03-23 20:17:56.364 [info] Keybindings: No changes found during synchronizing keybindings.
2025-03-23 20:17:56.365 [info] Snippets: No changes found during synchronizing snippets.
2025-03-23 20:17:56.366 [info] Tasks: No changes found during synchronizing tasks.
2025-03-23 20:17:56.369 [info] GlobalState: No changes found during synchronizing ui state.
2025-03-23 20:17:56.395 [info] Extensions: No changes found during synchronizing extensions.
2025-03-23 20:17:56.396 [info] Profiles: No changes found during synchronizing profiles.
2025-03-23 20:17:56.396 [info] Syncing profile. LaTeX
2025-03-23 20:17:56.397 [info] Settings (LaTeX): No changes found during synchronizing settings.
2025-03-23 20:17:56.398 [info] Keybindings (LaTeX): No changes found during synchronizing keybindings.
2025-03-23 20:17:56.399 [info] Snippets (LaTeX): No changes found during synchronizing snippets.
2025-03-23 20:17:56.400 [info] Tasks (LaTeX): No changes found during synchronizing tasks.
2025-03-23 20:17:56.402 [info] GlobalState (LaTeX): No changes found during synchronizing ui state.
2025-03-23 20:17:56.416 [info] Extensions (LaTeX): No changes found during synchronizing extensions.
2025-03-23 20:17:56.416 [info] Sync done. Took 111ms
2025-03-23 20:18:07.895 [info] [AutoSync] Triggered by Activity
2025-03-23 20:18:07.895 [info] Sync started.
2025-03-23 20:18:07.954 [info] Settings: No changes found during synchronizing settings.
2025-03-23 20:18:07.955 [info] Keybindings: No changes found during synchronizing keybindings.
2025-03-23 20:18:07.956 [info] Snippets: No changes found during synchronizing snippets.
2025-03-23 20:18:07.957 [info] Tasks: No changes found during synchronizing tasks.
2025-03-23 20:18:07.960 [info] GlobalState: No changes found during synchronizing ui state.
2025-03-23 20:18:07.984 [info] Extensions: No changes found during synchronizing extensions.
2025-03-23 20:18:07.985 [info] Profiles: No changes found during synchronizing profiles.
2025-03-23 20:18:07.985 [info] Syncing profile. LaTeX
2025-03-23 20:18:07.986 [info] Settings (LaTeX): No changes found during synchronizing settings.
2025-03-23 20:18:07.987 [info] Keybindings (LaTeX): No changes found during synchronizing keybindings.
2025-03-23 20:18:07.988 [info] Snippets (LaTeX): No changes found during synchronizing snippets.
2025-03-23 20:18:07.989 [info] Tasks (LaTeX): No changes found during synchronizing tasks.
2025-03-23 20:18:07.990 [info] GlobalState (LaTeX): No changes found during synchronizing ui state.
2025-03-23 20:18:08.003 [info] Extensions (LaTeX): No changes found during synchronizing extensions.
2025-03-23 20:18:08.006 [info] Sync done. Took 111ms
2025-03-23 20:19:23.113 [info] [AutoSync] Triggered by Activity
2025-03-23 20:19:23.114 [info] Sync started.
2025-03-23 20:19:23.167 [info] Settings: No changes found during synchronizing settings.
2025-03-23 20:19:23.169 [info] Keybindings: No changes found during synchronizing keybindings.
2025-03-23 20:19:23.171 [info] Snippets: No changes found during synchronizing snippets.
2025-03-23 20:19:23.173 [info] Tasks: No changes found during synchronizing tasks.
2025-03-23 20:19:23.175 [info] GlobalState: No changes found during synchronizing ui state.
2025-03-23 20:19:23.209 [info] Extensions: No changes found during synchronizing extensions.
2025-03-23 20:19:23.210 [info] Profiles: No changes found during synchronizing profiles.
2025-03-23 20:19:23.210 [info] Syncing profile. LaTeX
2025-03-23 20:19:23.211 [info] Settings (LaTeX): No changes found during synchronizing settings.
2025-03-23 20:19:23.212 [info] Keybindings (LaTeX): No changes found during synchronizing keybindings.
2025-03-23 20:19:23.213 [info] Snippets (LaTeX): No changes found during synchronizing snippets.
2025-03-23 20:19:23.214 [info] Tasks (LaTeX): No changes found during synchronizing tasks.
2025-03-23 20:19:23.215 [info] GlobalState (LaTeX): No changes found during synchronizing ui state.
2025-03-23 20:19:23.235 [info] Extensions (LaTeX): No changes found during synchronizing extensions.
2025-03-23 20:19:23.236 [info] Sync done. Took 123ms
2025-03-23 20:21:15.743 [info] [AutoSync] Triggered by Activity
2025-03-23 20:21:15.743 [info] Sync started.
2025-03-23 20:21:15.814 [info] Settings: No changes found during synchronizing settings.
2025-03-23 20:21:15.816 [info] Keybindings: No changes found during synchronizing keybindings.
2025-03-23 20:21:15.817 [info] Snippets: No changes found during synchronizing snippets.
2025-03-23 20:21:15.819 [info] Tasks: No changes found during synchronizing tasks.
2025-03-23 20:21:15.823 [info] GlobalState: No changes found during synchronizing ui state.
2025-03-23 20:21:15.863 [info] Extensions: No changes found during synchronizing extensions.
2025-03-23 20:21:15.866 [info] Profiles: No changes found during synchronizing profiles.
2025-03-23 20:21:15.867 [info] Syncing profile. LaTeX
2025-03-23 20:21:15.868 [info] Settings (LaTeX): No changes found during synchronizing settings.
2025-03-23 20:21:15.869 [info] Keybindings (LaTeX): No changes found during synchronizing keybindings.
2025-03-23 20:21:15.870 [info] Snippets (LaTeX): No changes found during synchronizing snippets.
2025-03-23 20:21:15.871 [info] Tasks (LaTeX): No changes found during synchronizing tasks.
2025-03-23 20:21:15.873 [info] GlobalState (LaTeX): No changes found during synchronizing ui state.
2025-03-23 20:21:15.892 [info] Extensions (LaTeX): No changes found during synchronizing extensions.
2025-03-23 20:21:15.895 [info] Sync done. Took 152ms
2025-03-23 20:21:34.651 [info] [AutoSync] Triggered by Activity
2025-03-23 20:21:34.651 [info] Sync started.
2025-03-23 20:21:34.706 [info] Settings: No changes found during synchronizing settings.
2025-03-23 20:21:34.707 [info] Keybindings: No changes found during synchronizing keybindings.
2025-03-23 20:21:34.708 [info] Snippets: No changes found during synchronizing snippets.
2025-03-23 20:21:34.709 [info] Tasks: No changes found during synchronizing tasks.
2025-03-23 20:21:34.713 [info] GlobalState: No changes found during synchronizing ui state.
2025-03-23 20:21:34.742 [info] Extensions: No changes found during synchronizing extensions.
2025-03-23 20:21:34.747 [info] Profiles: No changes found during synchronizing profiles.
2025-03-23 20:21:34.747 [info] Syncing profile. LaTeX
2025-03-23 20:21:34.748 [info] Settings (LaTeX): No changes found during synchronizing settings.
2025-03-23 20:21:34.749 [info] Keybindings (LaTeX): No changes found during synchronizing keybindings.
2025-03-23 20:21:34.750 [info] Snippets (LaTeX): No changes found during synchronizing snippets.
2025-03-23 20:21:34.751 [info] Tasks (LaTeX): No changes found during synchronizing tasks.
2025-03-23 20:21:34.753 [info] GlobalState (LaTeX): No changes found during synchronizing ui state.
2025-03-23 20:21:34.768 [info] Extensions (LaTeX): No changes found during synchronizing extensions.
2025-03-23 20:21:34.768 [info] Sync done. Took 118ms
2025-03-23 20:22:26.280 [info] [AutoSync] Triggered by Activity
2025-03-23 20:22:26.280 [info] Sync started.
2025-03-23 20:22:26.337 [info] Settings: No changes found during synchronizing settings.
2025-03-23 20:22:26.338 [info] Keybindings: No changes found during synchronizing keybindings.
2025-03-23 20:22:26.339 [info] Snippets: No changes found during synchronizing snippets.
2025-03-23 20:22:26.340 [info] Tasks: No changes found during synchronizing tasks.
2025-03-23 20:22:26.343 [info] GlobalState: No changes found during synchronizing ui state.
2025-03-23 20:22:26.366 [info] Extensions: No changes found during synchronizing extensions.
2025-03-23 20:22:26.367 [info] Profiles: No changes found during synchronizing profiles.
2025-03-23 20:22:26.367 [info] Syncing profile. LaTeX
2025-03-23 20:22:26.368 [info] Settings (LaTeX): No changes found during synchronizing settings.
2025-03-23 20:22:26.369 [info] Keybindings (LaTeX): No changes found during synchronizing keybindings.
2025-03-23 20:22:26.370 [info] Snippets (LaTeX): No changes found during synchronizing snippets.
2025-03-23 20:22:26.371 [info] Tasks (LaTeX): No changes found during synchronizing tasks.
2025-03-23 20:22:26.372 [info] GlobalState (LaTeX): No changes found during synchronizing ui state.
2025-03-23 20:22:26.388 [info] Extensions (LaTeX): No changes found during synchronizing extensions.
2025-03-23 20:22:26.388 [info] Sync done. Took 109ms
2025-03-23 20:23:04.592 [info] [AutoSync] Triggered by Activity
2025-03-23 20:23:04.592 [info] Sync started.
2025-03-23 20:23:04.644 [info] Settings: No changes found during synchronizing settings.
2025-03-23 20:23:04.645 [info] Keybindings: No changes found during synchronizing keybindings.
2025-03-23 20:23:04.647 [info] Snippets: No changes found during synchronizing snippets.
2025-03-23 20:23:04.648 [info] Tasks: No changes found during synchronizing tasks.
2025-03-23 20:23:04.651 [info] GlobalState: No changes found during synchronizing ui state.
2025-03-23 20:23:04.680 [info] Extensions: No changes found during synchronizing extensions.
2025-03-23 20:23:04.681 [info] Profiles: No changes found during synchronizing profiles.
2025-03-23 20:23:04.682 [info] Syncing profile. LaTeX
2025-03-23 20:23:04.683 [info] Settings (LaTeX): No changes found during synchronizing settings.
2025-03-23 20:23:04.684 [info] Keybindings (LaTeX): No changes found during synchronizing keybindings.
2025-03-23 20:23:04.685 [info] Snippets (LaTeX): No changes found during synchronizing snippets.
2025-03-23 20:23:04.686 [info] Tasks (LaTeX): No changes found during synchronizing tasks.
2025-03-23 20:23:04.687 [info] GlobalState (LaTeX): No changes found during synchronizing ui state.
2025-03-23 20:23:04.708 [info] Extensions (LaTeX): No changes found during synchronizing extensions.
2025-03-23 20:23:04.709 [info] Sync done. Took 118ms
2025-03-23 20:23:27.356 [info] [AutoSync] Triggered by Activity
2025-03-23 20:23:27.356 [info] Sync started.
2025-03-23 20:23:27.417 [info] Settings: No changes found during synchronizing settings.
2025-03-23 20:23:27.418 [info] Keybindings: No changes found during synchronizing keybindings.
2025-03-23 20:23:27.419 [info] Snippets: No changes found during synchronizing snippets.
2025-03-23 20:23:27.420 [info] Tasks: No changes found during synchronizing tasks.
2025-03-23 20:23:27.423 [info] GlobalState: No changes found during synchronizing ui state.
2025-03-23 20:23:27.445 [info] Extensions: No changes found during synchronizing extensions.
2025-03-23 20:23:27.445 [info] Profiles: No changes found during synchronizing profiles.
2025-03-23 20:23:27.446 [info] Syncing profile. LaTeX
2025-03-23 20:23:27.447 [info] Settings (LaTeX): No changes found during synchronizing settings.
2025-03-23 20:23:27.448 [info] Keybindings (LaTeX): No changes found during synchronizing keybindings.
2025-03-23 20:23:27.448 [info] Snippets (LaTeX): No changes found during synchronizing snippets.
2025-03-23 20:23:27.449 [info] Tasks (LaTeX): No changes found during synchronizing tasks.
2025-03-23 20:23:27.450 [info] GlobalState (LaTeX): No changes found during synchronizing ui state.
2025-03-23 20:23:27.464 [info] Extensions (LaTeX): No changes found during synchronizing extensions.
2025-03-23 20:23:27.464 [info] Sync done. Took 109ms
2025-03-23 20:23:46.455 [info] [AutoSync] Triggered by Activity
2025-03-23 20:23:46.455 [info] Sync started.
2025-03-23 20:23:46.511 [info] Settings: No changes found during synchronizing settings.
2025-03-23 20:23:46.512 [info] Keybindings: No changes found during synchronizing keybindings.
2025-03-23 20:23:46.513 [info] Snippets: No changes found during synchronizing snippets.
2025-03-23 20:23:46.514 [info] Tasks: No changes found during synchronizing tasks.
2025-03-23 20:23:46.517 [info] GlobalState: No changes found during synchronizing ui state.
2025-03-23 20:23:46.543 [info] Extensions: No changes found during synchronizing extensions.
2025-03-23 20:23:46.543 [info] Profiles: No changes found during synchronizing profiles.
2025-03-23 20:23:46.543 [info] Syncing profile. LaTeX
2025-03-23 20:23:46.544 [info] Settings (LaTeX): No changes found during synchronizing settings.
2025-03-23 20:23:46.545 [info] Keybindings (LaTeX): No changes found during synchronizing keybindings.
2025-03-23 20:23:46.546 [info] Snippets (LaTeX): No changes found during synchronizing snippets.
2025-03-23 20:23:46.547 [info] Tasks (LaTeX): No changes found during synchronizing tasks.
2025-03-23 20:23:46.548 [info] GlobalState (LaTeX): No changes found during synchronizing ui state.
2025-03-23 20:23:46.563 [info] Extensions (LaTeX): No changes found during synchronizing extensions.
2025-03-23 20:23:46.563 [info] Sync done. Took 109ms
