2025-03-23 16:56:41.305 [info] Reading sessions from keychain...
2025-03-23 16:56:41.305 [info] Getting sessions for all scopes...
2025-03-23 16:56:41.305 [info] Getting sessions for all scopes...
2025-03-23 16:56:41.305 [info] Got 0 sessions for ...
2025-03-23 16:56:41.305 [info] Got 0 sessions for ...
2025-03-23 16:56:41.323 [info] Getting sessions for all scopes...
2025-03-23 16:56:41.323 [info] Got 0 sessions for ...
2025-03-23 16:56:41.323 [info] Getting sessions for all scopes...
2025-03-23 16:56:41.323 [info] Got 0 sessions for ...
2025-03-23 16:56:41.323 [info] Getting sessions for all scopes...
2025-03-23 16:56:41.323 [info] Got 0 sessions for ...
2025-03-23 16:56:41.323 [info] Getting sessions for all scopes...
2025-03-23 16:56:41.323 [info] Got 0 sessions for ...
2025-03-23 16:56:41.323 [info] Getting sessions for all scopes...
2025-03-23 16:56:41.323 [info] Got 0 sessions for ...
2025-03-23 16:56:43.229 [info] Getting sessions for all scopes...
2025-03-23 16:56:43.229 [info] Got 0 sessions for ...
2025-03-23 16:56:46.780 [info] Getting sessions for user:email...
2025-03-23 16:56:46.780 [info] Got 0 sessions for user:email...
2025-03-23 16:56:50.863 [info] Logging in with 'any' account...
2025-03-23 16:56:50.863 [info] Logging in for the following scopes: user:email
2025-03-23 16:56:50.876 [info] Trying without local server... (user:email)
2025-03-23 16:56:56.203 [info] Exchanging code for token...
2025-03-23 16:56:56.527 [info] Token exchange success!
2025-03-23 16:56:56.527 [info] Getting user info...
2025-03-23 16:56:56.930 [info] Got account info!
2025-03-23 16:56:56.930 [info] Storing 1 sessions...
2025-03-23 16:56:56.932 [info] Reading sessions from keychain...
2025-03-23 16:56:56.932 [info] Stored 1 sessions!
2025-03-23 16:56:56.932 [info] Login success!
2025-03-23 16:56:56.932 [info] Getting sessions for all scopes...
2025-03-23 16:56:56.933 [info] Got stored sessions!
2025-03-23 16:56:56.933 [info] Got 1 verified sessions.
2025-03-23 16:56:56.933 [info] Got 1 sessions for ...
2025-03-23 16:56:56.933 [info] Getting sessions for user:email...
2025-03-23 16:56:56.933 [info] Got 1 sessions for user:email...
2025-03-23 16:57:09.136 [info] Getting sessions for project,read:org,read:user,repo,user:email,workflow...
2025-03-23 16:57:09.136 [info] Got 0 sessions for project,read:org,read:user,repo,user:email,workflow...
2025-03-23 16:57:09.138 [info] Getting sessions for read:user,repo,user:email...
2025-03-23 16:57:09.138 [info] Got 0 sessions for read:user,repo,user:email...
2025-03-23 16:57:09.138 [info] Getting sessions for all scopes...
2025-03-23 16:57:09.138 [info] Got 1 sessions for ...
2025-03-23 16:57:09.138 [info] Getting sessions for all scopes...
2025-03-23 16:57:09.138 [info] Got 1 sessions for ...
2025-03-23 16:57:09.138 [info] Getting sessions for read:user,repo,user:email,workflow...
2025-03-23 16:57:09.138 [info] Got 0 sessions for read:user,repo,user:email,workflow...
2025-03-23 16:57:09.229 [info] Getting sessions for read:user,repo,user:email,workflow...
2025-03-23 16:57:09.229 [info] Got 0 sessions for read:user,repo,user:email,workflow...
2025-03-23 16:57:09.232 [info] Getting sessions for read:user,repo,user:email,workflow...
2025-03-23 16:57:09.232 [info] Got 0 sessions for read:user,repo,user:email,workflow...
2025-03-23 16:57:09.233 [info] Getting sessions for read:user...
2025-03-23 16:57:09.233 [info] Got 0 sessions for read:user...
2025-03-23 16:57:09.321 [info] Getting sessions for read:user,repo,user:email...
2025-03-23 16:57:09.321 [info] Got 0 sessions for read:user,repo,user:email...
2025-03-23 16:57:09.323 [info] Getting sessions for user:email...
2025-03-23 16:57:09.323 [info] Got 1 sessions for user:email...
2025-03-23 16:57:09.323 [info] Getting sessions for read:user,repo,user:email,workflow...
2025-03-23 16:57:09.323 [info] Got 0 sessions for read:user,repo,user:email,workflow...
2025-03-23 16:57:09.324 [info] Getting sessions for user:email...
2025-03-23 16:57:09.324 [info] Got 1 sessions for user:email...
2025-03-23 16:57:09.332 [info] Getting sessions for read:user,repo,user:email,workflow...
2025-03-23 16:57:09.332 [info] Got 0 sessions for read:user,repo,user:email,workflow...
2025-03-23 16:57:09.333 [info] Getting sessions for all scopes...
2025-03-23 16:57:09.333 [info] Got 1 sessions for ...
2025-03-23 16:57:09.333 [info] Getting sessions for all scopes...
2025-03-23 16:57:09.333 [info] Got 1 sessions for ...
2025-03-23 16:57:10.199 [info] Getting sessions for read:user,repo,user:email,workflow...
2025-03-23 16:57:10.199 [info] Got 0 sessions for read:user,repo,user:email,workflow...
2025-03-23 16:57:10.204 [info] Getting sessions for user:email...
2025-03-23 16:57:10.204 [info] Got 1 sessions for user:email...
2025-03-23 16:57:10.682 [info] Getting sessions for all scopes...
2025-03-23 16:57:10.682 [info] Got 1 sessions for ...
2025-03-23 16:57:10.682 [info] Getting sessions for all scopes...
2025-03-23 16:57:10.682 [info] Got 1 sessions for ...
2025-03-23 16:57:10.689 [info] Getting sessions for read:user,repo,user:email,workflow...
2025-03-23 16:57:10.689 [info] Got 0 sessions for read:user,repo,user:email,workflow...
2025-03-23 16:57:10.689 [info] Getting sessions for user:email...
2025-03-23 16:57:10.689 [info] Got 1 sessions for user:email...
2025-03-23 16:57:10.690 [info] Getting sessions for read:user,repo,user:email,workflow...
2025-03-23 16:57:10.690 [info] Got 0 sessions for read:user,repo,user:email,workflow...
2025-03-23 16:57:10.691 [info] Getting sessions for all scopes...
2025-03-23 16:57:10.691 [info] Got 1 sessions for ...
2025-03-23 16:57:10.692 [info] Getting sessions for read:user,repo,user:email,workflow...
2025-03-23 16:57:10.692 [info] Got 0 sessions for read:user,repo,user:email,workflow...
2025-03-23 16:57:10.692 [info] Getting sessions for user:email...
2025-03-23 16:57:10.692 [info] Got 1 sessions for user:email...
2025-03-23 16:57:10.729 [info] Getting sessions for all scopes...
2025-03-23 16:57:10.729 [info] Got 1 sessions for ...
2025-03-23 16:57:10.736 [info] Getting sessions for all scopes...
2025-03-23 16:57:10.736 [info] Got 1 sessions for ...
2025-03-23 16:57:10.741 [info] Getting sessions for read:user,repo,user:email,workflow...
2025-03-23 16:57:10.741 [info] Got 0 sessions for read:user,repo,user:email,workflow...
2025-03-23 16:57:10.742 [info] Getting sessions for user:email...
2025-03-23 16:57:10.742 [info] Got 1 sessions for user:email...
2025-03-23 16:57:10.742 [info] Getting sessions for read:user,repo,user:email,workflow...
2025-03-23 16:57:10.742 [info] Got 0 sessions for read:user,repo,user:email,workflow...
2025-03-23 16:57:10.744 [info] Getting sessions for all scopes...
2025-03-23 16:57:10.744 [info] Got 1 sessions for ...
2025-03-23 16:57:10.745 [info] Getting sessions for read:user,repo,user:email,workflow...
2025-03-23 16:57:10.745 [info] Got 0 sessions for read:user,repo,user:email,workflow...
2025-03-23 16:57:10.745 [info] Getting sessions for user:email...
2025-03-23 16:57:10.745 [info] Got 1 sessions for user:email...
2025-03-23 16:57:11.425 [info] Getting sessions for all scopes...
2025-03-23 16:57:11.425 [info] Got 1 sessions for ...
2025-03-23 16:57:11.428 [info] Getting sessions for read:user,repo,user:email,workflow...
2025-03-23 16:57:11.428 [info] Got 0 sessions for read:user,repo,user:email,workflow...
2025-03-23 16:57:11.436 [info] Getting sessions for user:email...
2025-03-23 16:57:11.436 [info] Got 1 sessions for user:email...
2025-03-23 16:57:36.763 [info] Reading sessions from keychain...
2025-03-23 16:57:36.763 [info] Getting sessions for all scopes...
2025-03-23 16:57:36.763 [info] Getting sessions for all scopes...
2025-03-23 16:57:36.763 [info] Got stored sessions!
2025-03-23 16:57:36.763 [info] Got 1 verified sessions.
2025-03-23 16:57:36.763 [info] Got 1 sessions for ...
2025-03-23 16:57:36.763 [info] Got 1 sessions for ...
2025-03-23 16:57:36.763 [info] Getting sessions for all scopes...
2025-03-23 16:57:36.763 [info] Got 1 sessions for ...
2025-03-23 16:57:36.792 [info] Getting sessions for all scopes...
2025-03-23 16:57:36.792 [info] Got 1 sessions for ...
2025-03-23 16:57:36.792 [info] Getting sessions for all scopes...
2025-03-23 16:57:36.792 [info] Got 1 sessions for ...
2025-03-23 16:57:36.792 [info] Getting sessions for all scopes...
2025-03-23 16:57:36.792 [info] Got 1 sessions for ...
2025-03-23 16:57:36.793 [info] Getting sessions for all scopes...
2025-03-23 16:57:36.793 [info] Got 1 sessions for ...
2025-03-23 16:57:36.793 [info] Getting sessions for all scopes...
2025-03-23 16:57:36.793 [info] Got 1 sessions for ...
2025-03-23 16:57:36.844 [info] Getting sessions for user:email...
2025-03-23 16:57:36.845 [info] Got 1 sessions for user:email...
2025-03-23 16:57:37.584 [info] Getting sessions for read:user,repo,user:email...
2025-03-23 16:57:37.584 [info] Got 0 sessions for read:user,repo,user:email...
2025-03-23 16:57:37.584 [info] Getting sessions for project,read:org,read:user,repo,user:email,workflow...
2025-03-23 16:57:37.584 [info] Got 0 sessions for project,read:org,read:user,repo,user:email,workflow...
2025-03-23 16:57:37.587 [info] Getting sessions for read:user,repo,user:email,workflow...
2025-03-23 16:57:37.587 [info] Got 0 sessions for read:user,repo,user:email,workflow...
2025-03-23 16:57:37.587 [info] Getting sessions for read:user,repo,user:email...
2025-03-23 16:57:37.587 [info] Got 0 sessions for read:user,repo,user:email...
2025-03-23 16:57:37.588 [info] Getting sessions for read:user,repo,user:email,workflow...
2025-03-23 16:57:37.588 [info] Got 0 sessions for read:user,repo,user:email,workflow...
2025-03-23 16:57:38.783 [info] Getting sessions for all scopes...
2025-03-23 16:57:38.783 [info] Got 1 sessions for ...
2025-03-23 16:57:42.206 [info] Getting sessions for read:user,repo,user:email,workflow...
2025-03-23 16:57:42.206 [info] Got 0 sessions for read:user,repo,user:email,workflow...
2025-03-23 16:57:42.206 [info] Getting sessions for all scopes...
2025-03-23 16:57:42.206 [info] Got 1 sessions for ...
2025-03-23 16:57:42.207 [info] Getting sessions for all scopes...
2025-03-23 16:57:42.207 [info] Got 1 sessions for ...
2025-03-23 16:57:42.226 [info] Getting sessions for read:user...
2025-03-23 16:57:42.226 [info] Got 0 sessions for read:user...
2025-03-23 16:57:42.227 [info] Getting sessions for read:user,repo,user:email,workflow...
2025-03-23 16:57:42.227 [info] Got 0 sessions for read:user,repo,user:email,workflow...
2025-03-23 16:57:42.227 [info] Getting sessions for user:email...
2025-03-23 16:57:42.227 [info] Got 1 sessions for user:email...
2025-03-23 16:57:42.227 [info] Getting sessions for user:email...
2025-03-23 16:57:42.227 [info] Got 1 sessions for user:email...
2025-03-23 16:57:42.227 [info] Getting sessions for read:user,repo,user:email,workflow...
2025-03-23 16:57:42.227 [info] Got 0 sessions for read:user,repo,user:email,workflow...
2025-03-23 16:57:42.230 [info] Getting sessions for all scopes...
2025-03-23 16:57:42.230 [info] Got 1 sessions for ...
2025-03-23 16:57:42.231 [info] Getting sessions for read:user,repo,user:email,workflow...
2025-03-23 16:57:42.231 [info] Got 0 sessions for read:user,repo,user:email,workflow...
2025-03-23 16:57:43.045 [info] Getting sessions for user:email...
2025-03-23 16:57:43.045 [info] Got 1 sessions for user:email...
2025-03-23 16:57:43.046 [info] Getting sessions for all scopes...
2025-03-23 16:57:43.046 [info] Got 1 sessions for ...
2025-03-23 16:57:43.047 [info] Getting sessions for read:user,repo,user:email,workflow...
2025-03-23 16:57:43.047 [info] Got 0 sessions for read:user,repo,user:email,workflow...
2025-03-23 16:57:43.048 [info] Getting sessions for user:email...
2025-03-23 16:57:43.048 [info] Got 1 sessions for user:email...
2025-03-23 16:57:43.179 [info] Getting sessions for all scopes...
2025-03-23 16:57:43.179 [info] Got 1 sessions for ...
2025-03-23 16:57:43.180 [info] Getting sessions for read:user,repo,user:email,workflow...
2025-03-23 16:57:43.180 [info] Got 0 sessions for read:user,repo,user:email,workflow...
2025-03-23 16:57:43.180 [info] Getting sessions for user:email...
2025-03-23 16:57:43.180 [info] Got 1 sessions for user:email...
2025-03-23 16:57:43.712 [info] Getting sessions for all scopes...
2025-03-23 16:57:43.712 [info] Got 1 sessions for ...
2025-03-23 16:57:43.712 [info] Getting sessions for all scopes...
2025-03-23 16:57:43.712 [info] Got 1 sessions for ...
2025-03-23 16:57:43.719 [info] Getting sessions for read:user,repo,user:email,workflow...
2025-03-23 16:57:43.719 [info] Got 0 sessions for read:user,repo,user:email,workflow...
2025-03-23 16:57:43.719 [info] Getting sessions for user:email...
2025-03-23 16:57:43.719 [info] Got 1 sessions for user:email...
2025-03-23 16:57:43.720 [info] Getting sessions for read:user,repo,user:email,workflow...
2025-03-23 16:57:43.720 [info] Got 0 sessions for read:user,repo,user:email,workflow...
2025-03-23 16:57:43.721 [info] Getting sessions for all scopes...
2025-03-23 16:57:43.721 [info] Got 1 sessions for ...
2025-03-23 16:57:43.722 [info] Getting sessions for read:user,repo,user:email,workflow...
2025-03-23 16:57:43.722 [info] Got 0 sessions for read:user,repo,user:email,workflow...
2025-03-23 16:57:43.722 [info] Getting sessions for user:email...
2025-03-23 16:57:43.722 [info] Got 1 sessions for user:email...
2025-03-23 16:57:43.762 [info] Getting sessions for all scopes...
2025-03-23 16:57:43.762 [info] Got 1 sessions for ...
2025-03-23 16:57:43.762 [info] Getting sessions for all scopes...
2025-03-23 16:57:43.762 [info] Got 1 sessions for ...
2025-03-23 16:57:43.763 [info] Getting sessions for read:user,repo,user:email,workflow...
2025-03-23 16:57:43.763 [info] Got 0 sessions for read:user,repo,user:email,workflow...
2025-03-23 16:57:43.763 [info] Getting sessions for user:email...
2025-03-23 16:57:43.763 [info] Got 1 sessions for user:email...
2025-03-23 16:57:43.764 [info] Getting sessions for read:user,repo,user:email,workflow...
2025-03-23 16:57:43.764 [info] Got 0 sessions for read:user,repo,user:email,workflow...
2025-03-23 16:57:43.767 [info] Getting sessions for all scopes...
2025-03-23 16:57:43.767 [info] Got 1 sessions for ...
2025-03-23 16:57:43.767 [info] Getting sessions for read:user,repo,user:email,workflow...
2025-03-23 16:57:43.767 [info] Got 0 sessions for read:user,repo,user:email,workflow...
2025-03-23 16:57:43.768 [info] Getting sessions for user:email...
2025-03-23 16:57:43.768 [info] Got 1 sessions for user:email...
2025-03-23 16:57:44.143 [info] Getting sessions for all scopes...
2025-03-23 16:57:44.143 [info] Got 1 sessions for ...
2025-03-23 16:57:44.150 [info] Getting sessions for read:user,repo,user:email,workflow...
2025-03-23 16:57:44.150 [info] Got 0 sessions for read:user,repo,user:email,workflow...
2025-03-23 16:57:44.151 [info] Getting sessions for user:email...
2025-03-23 16:57:44.151 [info] Got 1 sessions for user:email...
2025-03-23 17:02:03.552 [info] Reading sessions from keychain...
2025-03-23 17:02:03.552 [info] Getting sessions for all scopes...
2025-03-23 17:02:03.552 [info] Getting sessions for all scopes...
2025-03-23 17:02:03.552 [info] Got stored sessions!
2025-03-23 17:02:03.552 [info] Got 1 verified sessions.
2025-03-23 17:02:03.552 [info] Got 1 sessions for ...
2025-03-23 17:02:03.552 [info] Got 1 sessions for ...
2025-03-23 17:02:03.582 [info] Getting sessions for all scopes...
2025-03-23 17:02:03.582 [info] Got 1 sessions for ...
2025-03-23 17:02:03.582 [info] Getting sessions for all scopes...
2025-03-23 17:02:03.582 [info] Got 1 sessions for ...
2025-03-23 17:02:03.582 [info] Getting sessions for all scopes...
2025-03-23 17:02:03.582 [info] Got 1 sessions for ...
2025-03-23 17:02:03.582 [info] Getting sessions for all scopes...
2025-03-23 17:02:03.582 [info] Got 1 sessions for ...
2025-03-23 17:02:03.583 [info] Getting sessions for all scopes...
2025-03-23 17:02:03.583 [info] Got 1 sessions for ...
2025-03-23 17:02:03.697 [info] Getting sessions for all scopes...
2025-03-23 17:02:03.697 [info] Got 1 sessions for ...
2025-03-23 17:02:03.714 [info] Getting sessions for user:email...
2025-03-23 17:02:03.714 [info] Got 1 sessions for user:email...
2025-03-23 17:02:05.669 [info] Getting sessions for read:user,repo,user:email...
2025-03-23 17:02:05.669 [info] Got 0 sessions for read:user,repo,user:email...
2025-03-23 17:02:05.670 [info] Getting sessions for read:user,repo,user:email,workflow...
2025-03-23 17:02:05.670 [info] Got 0 sessions for read:user,repo,user:email,workflow...
2025-03-23 17:02:05.670 [info] Getting sessions for all scopes...
2025-03-23 17:02:05.670 [info] Got 1 sessions for ...
2025-03-23 17:02:05.670 [info] Getting sessions for all scopes...
2025-03-23 17:02:05.670 [info] Got 1 sessions for ...
2025-03-23 17:02:05.723 [info] Getting sessions for all scopes...
2025-03-23 17:02:05.723 [info] Got 1 sessions for ...
2025-03-23 17:02:05.740 [info] Getting sessions for project,read:org,read:user,repo,user:email,workflow...
2025-03-23 17:02:05.740 [info] Got 0 sessions for project,read:org,read:user,repo,user:email,workflow...
2025-03-23 17:02:05.937 [info] Getting sessions for read:user...
2025-03-23 17:02:05.937 [info] Got 0 sessions for read:user...
2025-03-23 17:02:05.938 [info] Getting sessions for read:user,repo,user:email,workflow...
2025-03-23 17:02:05.938 [info] Got 0 sessions for read:user,repo,user:email,workflow...
2025-03-23 17:02:05.968 [info] Getting sessions for read:user,repo,user:email,workflow...
2025-03-23 17:02:05.968 [info] Got 0 sessions for read:user,repo,user:email,workflow...
2025-03-23 17:02:06.030 [info] Getting sessions for user:email...
2025-03-23 17:02:06.030 [info] Got 1 sessions for user:email...
2025-03-23 17:02:06.030 [info] Getting sessions for user:email...
2025-03-23 17:02:06.030 [info] Got 1 sessions for user:email...
2025-03-23 17:02:06.030 [info] Getting sessions for read:user,repo,user:email,workflow...
2025-03-23 17:02:06.030 [info] Got 0 sessions for read:user,repo,user:email,workflow...
2025-03-23 17:02:06.089 [info] Getting sessions for read:user,repo,user:email...
2025-03-23 17:02:06.090 [info] Got 0 sessions for read:user,repo,user:email...
2025-03-23 17:02:06.129 [info] Getting sessions for all scopes...
2025-03-23 17:02:06.129 [info] Got 1 sessions for ...
2025-03-23 17:02:06.129 [info] Getting sessions for all scopes...
2025-03-23 17:02:06.129 [info] Got 1 sessions for ...
2025-03-23 17:02:06.130 [info] Getting sessions for read:user,repo,user:email,workflow...
2025-03-23 17:02:06.130 [info] Got 0 sessions for read:user,repo,user:email,workflow...
2025-03-23 17:02:07.066 [info] Getting sessions for read:user,repo,user:email,workflow...
2025-03-23 17:02:07.066 [info] Got 0 sessions for read:user,repo,user:email,workflow...
2025-03-23 17:02:07.082 [info] Getting sessions for user:email...
2025-03-23 17:02:07.082 [info] Got 1 sessions for user:email...
2025-03-23 17:02:07.733 [info] Getting sessions for all scopes...
2025-03-23 17:02:07.733 [info] Got 1 sessions for ...
2025-03-23 17:02:07.733 [info] Getting sessions for all scopes...
2025-03-23 17:02:07.733 [info] Got 1 sessions for ...
2025-03-23 17:02:07.742 [info] Getting sessions for read:user,repo,user:email,workflow...
2025-03-23 17:02:07.742 [info] Got 0 sessions for read:user,repo,user:email,workflow...
2025-03-23 17:02:07.743 [info] Getting sessions for user:email...
2025-03-23 17:02:07.743 [info] Got 1 sessions for user:email...
2025-03-23 17:02:07.743 [info] Getting sessions for read:user,repo,user:email,workflow...
2025-03-23 17:02:07.743 [info] Got 0 sessions for read:user,repo,user:email,workflow...
2025-03-23 17:02:07.744 [info] Getting sessions for all scopes...
2025-03-23 17:02:07.744 [info] Got 1 sessions for ...
2025-03-23 17:02:07.745 [info] Getting sessions for read:user,repo,user:email,workflow...
2025-03-23 17:02:07.745 [info] Got 0 sessions for read:user,repo,user:email,workflow...
2025-03-23 17:02:07.745 [info] Getting sessions for user:email...
2025-03-23 17:02:07.745 [info] Got 1 sessions for user:email...
2025-03-23 17:02:07.781 [info] Getting sessions for all scopes...
2025-03-23 17:02:07.781 [info] Got 1 sessions for ...
2025-03-23 17:02:07.783 [info] Getting sessions for all scopes...
2025-03-23 17:02:07.783 [info] Got 1 sessions for ...
2025-03-23 17:02:07.791 [info] Getting sessions for read:user,repo,user:email,workflow...
2025-03-23 17:02:07.791 [info] Got 0 sessions for read:user,repo,user:email,workflow...
2025-03-23 17:02:07.792 [info] Getting sessions for user:email...
2025-03-23 17:02:07.792 [info] Got 1 sessions for user:email...
2025-03-23 17:02:07.792 [info] Getting sessions for read:user,repo,user:email,workflow...
2025-03-23 17:02:07.792 [info] Got 0 sessions for read:user,repo,user:email,workflow...
2025-03-23 17:02:07.796 [info] Getting sessions for all scopes...
2025-03-23 17:02:07.796 [info] Got 1 sessions for ...
2025-03-23 17:02:07.797 [info] Getting sessions for read:user,repo,user:email,workflow...
2025-03-23 17:02:07.797 [info] Got 0 sessions for read:user,repo,user:email,workflow...
2025-03-23 17:02:07.798 [info] Getting sessions for user:email...
2025-03-23 17:02:07.798 [info] Got 1 sessions for user:email...
2025-03-23 17:02:08.441 [info] Getting sessions for all scopes...
2025-03-23 17:02:08.441 [info] Got 1 sessions for ...
2025-03-23 17:02:08.442 [info] Getting sessions for read:user,repo,user:email,workflow...
2025-03-23 17:02:08.442 [info] Got 0 sessions for read:user,repo,user:email,workflow...
2025-03-23 17:02:08.442 [info] Getting sessions for user:email...
2025-03-23 17:02:08.442 [info] Got 1 sessions for user:email...
2025-03-23 17:17:08.445 [info] Getting sessions for all scopes...
2025-03-23 17:17:08.445 [info] Got 1 sessions for ...
2025-03-23 17:17:08.446 [info] Getting sessions for read:user,repo,user:email,workflow...
2025-03-23 17:17:08.446 [info] Got 0 sessions for read:user,repo,user:email,workflow...
2025-03-23 17:17:08.447 [info] Getting sessions for user:email...
2025-03-23 17:17:08.447 [info] Got 1 sessions for user:email...
2025-03-23 17:31:29.377 [info] Getting sessions for read:user,repo,user:email,workflow...
2025-03-23 17:31:29.377 [info] Got 0 sessions for read:user,repo,user:email,workflow...
2025-03-23 17:31:29.378 [info] Getting sessions for read:user...
2025-03-23 17:31:29.378 [info] Got 0 sessions for read:user...
2025-03-23 17:31:29.378 [info] Getting sessions for user:email...
2025-03-23 17:31:29.378 [info] Got 1 sessions for user:email...
2025-03-23 17:32:08.449 [info] Getting sessions for all scopes...
2025-03-23 17:32:08.449 [info] Got 1 sessions for ...
2025-03-23 17:32:08.450 [info] Getting sessions for read:user,repo,user:email,workflow...
2025-03-23 17:32:08.450 [info] Got 0 sessions for read:user,repo,user:email,workflow...
2025-03-23 17:32:08.450 [info] Getting sessions for user:email...
2025-03-23 17:32:08.450 [info] Got 1 sessions for user:email...
2025-03-23 17:32:08.451 [info] Getting sessions for all scopes...
2025-03-23 17:32:08.451 [info] Got 1 sessions for ...
2025-03-23 17:32:08.451 [info] Getting sessions for read:user,repo,user:email,workflow...
2025-03-23 17:32:08.451 [info] Got 0 sessions for read:user,repo,user:email,workflow...
2025-03-23 17:32:08.452 [info] Getting sessions for user:email...
2025-03-23 17:32:08.452 [info] Got 1 sessions for user:email...
2025-03-23 17:32:09.079 [info] Getting sessions for all scopes...
2025-03-23 17:32:09.079 [info] Got 1 sessions for ...
2025-03-23 17:32:09.079 [info] Getting sessions for all scopes...
2025-03-23 17:32:09.079 [info] Got 1 sessions for ...
2025-03-23 17:32:09.080 [info] Getting sessions for read:user,repo,user:email,workflow...
2025-03-23 17:32:09.080 [info] Got 0 sessions for read:user,repo,user:email,workflow...
2025-03-23 17:32:09.080 [info] Getting sessions for user:email...
2025-03-23 17:32:09.080 [info] Got 1 sessions for user:email...
2025-03-23 17:32:09.080 [info] Getting sessions for read:user,repo,user:email,workflow...
2025-03-23 17:32:09.080 [info] Got 0 sessions for read:user,repo,user:email,workflow...
2025-03-23 17:32:09.081 [info] Getting sessions for all scopes...
2025-03-23 17:32:09.081 [info] Got 1 sessions for ...
2025-03-23 17:32:09.082 [info] Getting sessions for read:user,repo,user:email,workflow...
2025-03-23 17:32:09.082 [info] Got 0 sessions for read:user,repo,user:email,workflow...
2025-03-23 17:32:09.083 [info] Getting sessions for user:email...
2025-03-23 17:32:09.083 [info] Got 1 sessions for user:email...
2025-03-23 17:32:09.084 [info] Getting sessions for all scopes...
2025-03-23 17:32:09.084 [info] Got 1 sessions for ...
2025-03-23 17:32:09.084 [info] Getting sessions for all scopes...
2025-03-23 17:32:09.084 [info] Got 1 sessions for ...
2025-03-23 17:32:09.084 [info] Getting sessions for read:user,repo,user:email,workflow...
2025-03-23 17:32:09.084 [info] Got 0 sessions for read:user,repo,user:email,workflow...
2025-03-23 17:32:09.085 [info] Getting sessions for user:email...
2025-03-23 17:32:09.085 [info] Got 1 sessions for user:email...
2025-03-23 17:32:09.085 [info] Getting sessions for read:user,repo,user:email,workflow...
2025-03-23 17:32:09.085 [info] Got 0 sessions for read:user,repo,user:email,workflow...
2025-03-23 17:32:09.086 [info] Getting sessions for all scopes...
2025-03-23 17:32:09.086 [info] Got 1 sessions for ...
2025-03-23 17:32:09.087 [info] Getting sessions for read:user,repo,user:email,workflow...
2025-03-23 17:32:09.087 [info] Got 0 sessions for read:user,repo,user:email,workflow...
2025-03-23 17:32:09.087 [info] Getting sessions for user:email...
2025-03-23 17:32:09.087 [info] Got 1 sessions for user:email...
2025-03-23 17:32:09.590 [info] Getting sessions for all scopes...
2025-03-23 17:32:09.590 [info] Got 1 sessions for ...
2025-03-23 17:32:09.591 [info] Getting sessions for read:user,repo,user:email,workflow...
2025-03-23 17:32:09.591 [info] Got 0 sessions for read:user,repo,user:email,workflow...
2025-03-23 17:32:09.591 [info] Getting sessions for user:email...
2025-03-23 17:32:09.591 [info] Got 1 sessions for user:email...
2025-03-23 17:47:09.595 [info] Getting sessions for all scopes...
2025-03-23 17:47:09.595 [info] Got 1 sessions for ...
2025-03-23 17:47:09.596 [info] Getting sessions for read:user,repo,user:email,workflow...
2025-03-23 17:47:09.596 [info] Got 0 sessions for read:user,repo,user:email,workflow...
2025-03-23 17:47:09.597 [info] Getting sessions for user:email...
2025-03-23 17:47:09.597 [info] Got 1 sessions for user:email...
2025-03-23 17:47:09.597 [info] Getting sessions for all scopes...
2025-03-23 17:47:09.597 [info] Got 1 sessions for ...
2025-03-23 17:47:09.598 [info] Getting sessions for read:user,repo,user:email,workflow...
2025-03-23 17:47:09.598 [info] Got 0 sessions for read:user,repo,user:email,workflow...
2025-03-23 17:47:09.598 [info] Getting sessions for user:email...
2025-03-23 17:47:09.598 [info] Got 1 sessions for user:email...
2025-03-23 18:02:10.127 [info] Getting sessions for all scopes...
2025-03-23 18:02:10.127 [info] Got 1 sessions for ...
2025-03-23 18:02:10.128 [info] Getting sessions for read:user,repo,user:email,workflow...
2025-03-23 18:02:10.128 [info] Got 0 sessions for read:user,repo,user:email,workflow...
2025-03-23 18:02:10.129 [info] Getting sessions for user:email...
2025-03-23 18:02:10.129 [info] Got 1 sessions for user:email...
2025-03-23 18:02:10.129 [info] Getting sessions for all scopes...
2025-03-23 18:02:10.129 [info] Got 1 sessions for ...
2025-03-23 18:02:10.130 [info] Getting sessions for read:user,repo,user:email,workflow...
2025-03-23 18:02:10.130 [info] Got 0 sessions for read:user,repo,user:email,workflow...
2025-03-23 18:02:10.130 [info] Getting sessions for user:email...
2025-03-23 18:02:10.130 [info] Got 1 sessions for user:email...
2025-03-23 18:02:10.771 [info] Getting sessions for all scopes...
2025-03-23 18:02:10.771 [info] Got 1 sessions for ...
2025-03-23 18:02:10.771 [info] Getting sessions for all scopes...
2025-03-23 18:02:10.771 [info] Got 1 sessions for ...
2025-03-23 18:02:10.771 [info] Getting sessions for read:user,repo,user:email,workflow...
2025-03-23 18:02:10.771 [info] Got 0 sessions for read:user,repo,user:email,workflow...
2025-03-23 18:02:10.772 [info] Getting sessions for user:email...
2025-03-23 18:02:10.772 [info] Got 1 sessions for user:email...
2025-03-23 18:02:10.772 [info] Getting sessions for read:user,repo,user:email,workflow...
2025-03-23 18:02:10.772 [info] Got 0 sessions for read:user,repo,user:email,workflow...
2025-03-23 18:02:10.772 [info] Getting sessions for all scopes...
2025-03-23 18:02:10.772 [info] Got 1 sessions for ...
2025-03-23 18:02:10.773 [info] Getting sessions for read:user,repo,user:email,workflow...
2025-03-23 18:02:10.773 [info] Got 0 sessions for read:user,repo,user:email,workflow...
2025-03-23 18:02:10.773 [info] Getting sessions for user:email...
2025-03-23 18:02:10.773 [info] Got 1 sessions for user:email...
2025-03-23 18:02:10.774 [info] Getting sessions for all scopes...
2025-03-23 18:02:10.774 [info] Got 1 sessions for ...
2025-03-23 18:02:10.774 [info] Getting sessions for all scopes...
2025-03-23 18:02:10.774 [info] Got 1 sessions for ...
2025-03-23 18:02:10.774 [info] Getting sessions for read:user,repo,user:email,workflow...
2025-03-23 18:02:10.774 [info] Got 0 sessions for read:user,repo,user:email,workflow...
2025-03-23 18:02:10.775 [info] Getting sessions for user:email...
2025-03-23 18:02:10.775 [info] Got 1 sessions for user:email...
2025-03-23 18:02:10.775 [info] Getting sessions for read:user,repo,user:email,workflow...
2025-03-23 18:02:10.775 [info] Got 0 sessions for read:user,repo,user:email,workflow...
2025-03-23 18:02:10.776 [info] Getting sessions for all scopes...
2025-03-23 18:02:10.776 [info] Got 1 sessions for ...
2025-03-23 18:02:10.777 [info] Getting sessions for read:user,repo,user:email,workflow...
2025-03-23 18:02:10.777 [info] Got 0 sessions for read:user,repo,user:email,workflow...
2025-03-23 18:02:10.777 [info] Getting sessions for user:email...
2025-03-23 18:02:10.777 [info] Got 1 sessions for user:email...
2025-03-23 18:17:10.778 [info] Getting sessions for all scopes...
2025-03-23 18:17:10.778 [info] Got 1 sessions for ...
2025-03-23 18:17:10.778 [info] Getting sessions for read:user,repo,user:email,workflow...
2025-03-23 18:17:10.779 [info] Got 0 sessions for read:user,repo,user:email,workflow...
2025-03-23 18:17:10.779 [info] Getting sessions for user:email...
2025-03-23 18:17:10.779 [info] Got 1 sessions for user:email...
2025-03-23 18:22:31.444 [info] Getting sessions for read:user,repo,user:email,workflow...
2025-03-23 18:22:31.444 [info] Got 0 sessions for read:user,repo,user:email,workflow...
2025-03-23 18:22:31.444 [info] Getting sessions for read:user...
2025-03-23 18:22:31.444 [info] Got 0 sessions for read:user...
2025-03-23 18:22:31.444 [info] Getting sessions for user:email...
2025-03-23 18:22:31.444 [info] Got 1 sessions for user:email...
2025-03-23 18:32:10.782 [info] Getting sessions for all scopes...
2025-03-23 18:32:10.782 [info] Got 1 sessions for ...
2025-03-23 18:32:10.783 [info] Getting sessions for read:user,repo,user:email,workflow...
2025-03-23 18:32:10.783 [info] Got 0 sessions for read:user,repo,user:email,workflow...
2025-03-23 18:32:10.784 [info] Getting sessions for user:email...
2025-03-23 18:32:10.784 [info] Got 1 sessions for user:email...
2025-03-23 18:32:10.785 [info] Getting sessions for all scopes...
2025-03-23 18:32:10.785 [info] Got 1 sessions for ...
2025-03-23 18:32:10.785 [info] Getting sessions for read:user,repo,user:email,workflow...
2025-03-23 18:32:10.785 [info] Got 0 sessions for read:user,repo,user:email,workflow...
2025-03-23 18:32:10.786 [info] Getting sessions for user:email...
2025-03-23 18:32:10.786 [info] Got 1 sessions for user:email...
2025-03-23 18:32:11.433 [info] Getting sessions for all scopes...
2025-03-23 18:32:11.433 [info] Got 1 sessions for ...
2025-03-23 18:32:11.433 [info] Getting sessions for all scopes...
2025-03-23 18:32:11.433 [info] Got 1 sessions for ...
2025-03-23 18:32:11.434 [info] Getting sessions for read:user,repo,user:email,workflow...
2025-03-23 18:32:11.434 [info] Got 0 sessions for read:user,repo,user:email,workflow...
2025-03-23 18:32:11.434 [info] Getting sessions for user:email...
2025-03-23 18:32:11.434 [info] Got 1 sessions for user:email...
2025-03-23 18:32:11.434 [info] Getting sessions for read:user,repo,user:email,workflow...
2025-03-23 18:32:11.434 [info] Got 0 sessions for read:user,repo,user:email,workflow...
2025-03-23 18:32:11.436 [info] Getting sessions for all scopes...
2025-03-23 18:32:11.436 [info] Got 1 sessions for ...
2025-03-23 18:32:11.436 [info] Getting sessions for read:user,repo,user:email,workflow...
2025-03-23 18:32:11.436 [info] Got 0 sessions for read:user,repo,user:email,workflow...
2025-03-23 18:32:11.437 [info] Getting sessions for user:email...
2025-03-23 18:32:11.437 [info] Got 1 sessions for user:email...
2025-03-23 18:32:11.438 [info] Getting sessions for all scopes...
2025-03-23 18:32:11.438 [info] Got 1 sessions for ...
2025-03-23 18:32:11.438 [info] Getting sessions for all scopes...
2025-03-23 18:32:11.438 [info] Got 1 sessions for ...
2025-03-23 18:32:11.438 [info] Getting sessions for read:user,repo,user:email,workflow...
2025-03-23 18:32:11.438 [info] Got 0 sessions for read:user,repo,user:email,workflow...
2025-03-23 18:32:11.438 [info] Getting sessions for user:email...
2025-03-23 18:32:11.438 [info] Got 1 sessions for user:email...
2025-03-23 18:32:11.438 [info] Getting sessions for read:user,repo,user:email,workflow...
2025-03-23 18:32:11.438 [info] Got 0 sessions for read:user,repo,user:email,workflow...
2025-03-23 18:32:11.440 [info] Getting sessions for all scopes...
2025-03-23 18:32:11.440 [info] Got 1 sessions for ...
2025-03-23 18:32:11.440 [info] Getting sessions for read:user,repo,user:email,workflow...
2025-03-23 18:32:11.440 [info] Got 0 sessions for read:user,repo,user:email,workflow...
2025-03-23 18:32:11.441 [info] Getting sessions for user:email...
2025-03-23 18:32:11.441 [info] Got 1 sessions for user:email...
2025-03-23 18:32:12.216 [info] Getting sessions for all scopes...
2025-03-23 18:32:12.216 [info] Got 1 sessions for ...
2025-03-23 18:32:12.216 [info] Getting sessions for read:user,repo,user:email,workflow...
2025-03-23 18:32:12.216 [info] Got 0 sessions for read:user,repo,user:email,workflow...
2025-03-23 18:32:12.217 [info] Getting sessions for user:email...
2025-03-23 18:32:12.217 [info] Got 1 sessions for user:email...
2025-03-23 18:47:12.220 [info] Getting sessions for all scopes...
2025-03-23 18:47:12.220 [info] Got 1 sessions for ...
2025-03-23 18:47:12.221 [info] Getting sessions for read:user,repo,user:email,workflow...
2025-03-23 18:47:12.221 [info] Got 0 sessions for read:user,repo,user:email,workflow...
2025-03-23 18:47:12.221 [info] Getting sessions for user:email...
2025-03-23 18:47:12.222 [info] Got 1 sessions for user:email...
2025-03-23 18:50:53.201 [info] Reading sessions from keychain...
2025-03-23 18:50:53.201 [info] Getting sessions for all scopes...
2025-03-23 18:50:53.201 [info] Getting sessions for all scopes...
2025-03-23 18:50:53.201 [info] Getting sessions for all scopes...
2025-03-23 18:50:53.201 [info] Getting sessions for all scopes...
2025-03-23 18:50:53.201 [info] Getting sessions for all scopes...
2025-03-23 18:50:53.201 [info] Getting sessions for all scopes...
2025-03-23 18:50:53.201 [info] Getting sessions for all scopes...
2025-03-23 18:50:53.201 [info] Got stored sessions!
2025-03-23 18:50:53.201 [info] Got 1 verified sessions.
2025-03-23 18:50:53.201 [info] Got 1 sessions for ...
2025-03-23 18:50:53.201 [info] Got 1 sessions for ...
2025-03-23 18:50:53.201 [info] Got 1 sessions for ...
2025-03-23 18:50:53.201 [info] Got 1 sessions for ...
2025-03-23 18:50:53.201 [info] Got 1 sessions for ...
2025-03-23 18:50:53.201 [info] Got 1 sessions for ...
2025-03-23 18:50:53.201 [info] Got 1 sessions for ...
2025-03-23 18:50:53.201 [info] Getting sessions for all scopes...
2025-03-23 18:50:53.201 [info] Got 1 sessions for ...
2025-03-23 18:50:53.318 [info] Getting sessions for user:email...
2025-03-23 18:50:53.318 [info] Got 1 sessions for user:email...
2025-03-23 18:50:55.429 [info] Getting sessions for all scopes...
2025-03-23 18:50:55.429 [info] Got 1 sessions for ...
2025-03-23 18:50:55.509 [info] Getting sessions for read:user,repo,user:email...
2025-03-23 18:50:55.509 [info] Got 0 sessions for read:user,repo,user:email...
2025-03-23 18:50:55.509 [info] Getting sessions for read:user,repo,user:email,workflow...
2025-03-23 18:50:55.509 [info] Got 0 sessions for read:user,repo,user:email,workflow...
2025-03-23 18:50:55.510 [info] Getting sessions for all scopes...
2025-03-23 18:50:55.510 [info] Got 1 sessions for ...
2025-03-23 18:50:55.510 [info] Getting sessions for all scopes...
2025-03-23 18:50:55.510 [info] Got 1 sessions for ...
2025-03-23 18:50:55.510 [info] Getting sessions for project,read:org,read:user,repo,user:email,workflow...
2025-03-23 18:50:55.510 [info] Got 0 sessions for project,read:org,read:user,repo,user:email,workflow...
2025-03-23 18:50:55.715 [info] Getting sessions for read:user...
2025-03-23 18:50:55.715 [info] Got 0 sessions for read:user...
2025-03-23 18:50:55.716 [info] Getting sessions for read:user,repo,user:email,workflow...
2025-03-23 18:50:55.716 [info] Got 0 sessions for read:user,repo,user:email,workflow...
2025-03-23 18:50:55.716 [info] Getting sessions for read:user,repo,user:email,workflow...
2025-03-23 18:50:55.716 [info] Got 0 sessions for read:user,repo,user:email,workflow...
2025-03-23 18:50:55.755 [info] Getting sessions for user:email...
2025-03-23 18:50:55.756 [info] Got 1 sessions for user:email...
2025-03-23 18:50:55.757 [info] Getting sessions for user:email...
2025-03-23 18:50:55.757 [info] Got 1 sessions for user:email...
2025-03-23 18:50:55.757 [info] Getting sessions for read:user,repo,user:email,workflow...
2025-03-23 18:50:55.757 [info] Got 0 sessions for read:user,repo,user:email,workflow...
2025-03-23 18:50:55.757 [info] Getting sessions for read:user,repo,user:email...
2025-03-23 18:50:55.757 [info] Got 0 sessions for read:user,repo,user:email...
2025-03-23 18:50:55.761 [info] Getting sessions for all scopes...
2025-03-23 18:50:55.761 [info] Got 1 sessions for ...
2025-03-23 18:50:55.762 [info] Getting sessions for read:user,repo,user:email,workflow...
2025-03-23 18:50:55.762 [info] Got 0 sessions for read:user,repo,user:email,workflow...
2025-03-23 18:50:56.596 [info] Getting sessions for read:user,repo,user:email,workflow...
2025-03-23 18:50:56.596 [info] Got 0 sessions for read:user,repo,user:email,workflow...
2025-03-23 18:50:56.733 [info] Getting sessions for user:email...
2025-03-23 18:50:56.733 [info] Got 1 sessions for user:email...
2025-03-23 18:50:56.734 [info] Getting sessions for all scopes...
2025-03-23 18:50:56.734 [info] Got 1 sessions for ...
2025-03-23 18:50:56.734 [info] Getting sessions for read:user,repo,user:email,workflow...
2025-03-23 18:50:56.734 [info] Got 0 sessions for read:user,repo,user:email,workflow...
2025-03-23 18:50:56.735 [info] Getting sessions for user:email...
2025-03-23 18:50:56.735 [info] Got 1 sessions for user:email...
2025-03-23 18:50:57.354 [info] Getting sessions for all scopes...
2025-03-23 18:50:57.354 [info] Got 1 sessions for ...
2025-03-23 18:50:57.354 [info] Getting sessions for all scopes...
2025-03-23 18:50:57.354 [info] Got 1 sessions for ...
2025-03-23 18:50:57.361 [info] Getting sessions for read:user,repo,user:email,workflow...
2025-03-23 18:50:57.361 [info] Got 0 sessions for read:user,repo,user:email,workflow...
2025-03-23 18:50:57.362 [info] Getting sessions for user:email...
2025-03-23 18:50:57.362 [info] Got 1 sessions for user:email...
2025-03-23 18:50:57.362 [info] Getting sessions for read:user,repo,user:email,workflow...
2025-03-23 18:50:57.362 [info] Got 0 sessions for read:user,repo,user:email,workflow...
2025-03-23 18:50:57.363 [info] Getting sessions for all scopes...
2025-03-23 18:50:57.363 [info] Got 1 sessions for ...
2025-03-23 18:50:57.364 [info] Getting sessions for read:user,repo,user:email,workflow...
2025-03-23 18:50:57.364 [info] Got 0 sessions for read:user,repo,user:email,workflow...
2025-03-23 18:50:57.365 [info] Getting sessions for user:email...
2025-03-23 18:50:57.365 [info] Got 1 sessions for user:email...
2025-03-23 18:50:57.400 [info] Getting sessions for all scopes...
2025-03-23 18:50:57.400 [info] Got 1 sessions for ...
2025-03-23 18:50:57.400 [info] Getting sessions for all scopes...
2025-03-23 18:50:57.400 [info] Got 1 sessions for ...
2025-03-23 18:50:57.401 [info] Getting sessions for read:user,repo,user:email,workflow...
2025-03-23 18:50:57.401 [info] Got 0 sessions for read:user,repo,user:email,workflow...
2025-03-23 18:50:57.403 [info] Getting sessions for user:email...
2025-03-23 18:50:57.403 [info] Got 1 sessions for user:email...
2025-03-23 18:50:57.403 [info] Getting sessions for read:user,repo,user:email,workflow...
2025-03-23 18:50:57.403 [info] Got 0 sessions for read:user,repo,user:email,workflow...
2025-03-23 18:50:57.408 [info] Getting sessions for all scopes...
2025-03-23 18:50:57.408 [info] Got 1 sessions for ...
2025-03-23 18:50:57.408 [info] Getting sessions for read:user,repo,user:email,workflow...
2025-03-23 18:50:57.408 [info] Got 0 sessions for read:user,repo,user:email,workflow...
2025-03-23 18:50:57.409 [info] Getting sessions for user:email...
2025-03-23 18:50:57.409 [info] Got 1 sessions for user:email...
2025-03-23 18:50:58.032 [info] Getting sessions for all scopes...
2025-03-23 18:50:58.032 [info] Got 1 sessions for ...
2025-03-23 18:50:58.034 [info] Getting sessions for read:user,repo,user:email,workflow...
2025-03-23 18:50:58.034 [info] Got 0 sessions for read:user,repo,user:email,workflow...
2025-03-23 18:50:58.035 [info] Getting sessions for user:email...
2025-03-23 18:50:58.035 [info] Got 1 sessions for user:email...
2025-03-23 19:05:53.242 [info] Getting sessions for all scopes...
2025-03-23 19:05:53.242 [info] Got 1 sessions for ...
2025-03-23 19:05:53.244 [info] Getting sessions for read:user,repo,user:email,workflow...
2025-03-23 19:05:53.244 [info] Got 0 sessions for read:user,repo,user:email,workflow...
2025-03-23 19:05:53.245 [info] Getting sessions for user:email...
2025-03-23 19:05:53.245 [info] Got 1 sessions for user:email...
2025-03-23 19:05:53.779 [info] Getting sessions for all scopes...
2025-03-23 19:05:53.779 [info] Got 1 sessions for ...
2025-03-23 19:05:53.780 [info] Getting sessions for read:user,repo,user:email,workflow...
2025-03-23 19:05:53.780 [info] Got 0 sessions for read:user,repo,user:email,workflow...
2025-03-23 19:05:53.780 [info] Getting sessions for user:email...
2025-03-23 19:05:53.780 [info] Got 1 sessions for user:email...
2025-03-23 19:05:54.119 [info] Getting sessions for all scopes...
2025-03-23 19:05:54.119 [info] Got 1 sessions for ...
2025-03-23 19:05:54.134 [info] Getting sessions for read:user,repo,user:email,workflow...
2025-03-23 19:05:54.134 [info] Got 0 sessions for read:user,repo,user:email,workflow...
2025-03-23 19:05:54.134 [info] Getting sessions for user:email...
2025-03-23 19:05:54.134 [info] Got 1 sessions for user:email...
2025-03-23 19:05:56.336 [info] Getting sessions for all scopes...
2025-03-23 19:05:56.336 [info] Got 1 sessions for ...
2025-03-23 19:05:56.337 [info] Getting sessions for read:user,repo,user:email,workflow...
2025-03-23 19:05:56.337 [info] Got 0 sessions for read:user,repo,user:email,workflow...
2025-03-23 19:05:56.337 [info] Getting sessions for user:email...
2025-03-23 19:05:56.337 [info] Got 1 sessions for user:email...
2025-03-23 19:05:58.036 [info] Getting sessions for all scopes...
2025-03-23 19:05:58.036 [info] Got 1 sessions for ...
2025-03-23 19:05:58.037 [info] Getting sessions for read:user,repo,user:email,workflow...
2025-03-23 19:05:58.037 [info] Got 0 sessions for read:user,repo,user:email,workflow...
2025-03-23 19:05:58.037 [info] Getting sessions for user:email...
2025-03-23 19:05:58.037 [info] Got 1 sessions for user:email...
2025-03-23 19:13:20.827 [info] Getting sessions for all scopes...
2025-03-23 19:13:20.827 [info] Got 1 sessions for ...
2025-03-23 19:13:20.828 [info] Getting sessions for read:user,repo,user:email,workflow...
2025-03-23 19:13:20.828 [info] Got 0 sessions for read:user,repo,user:email,workflow...
2025-03-23 19:13:20.829 [info] Getting sessions for user:email...
2025-03-23 19:13:20.829 [info] Got 1 sessions for user:email...
2025-03-23 19:13:20.836 [info] Getting sessions for all scopes...
2025-03-23 19:13:20.836 [info] Got 1 sessions for ...
2025-03-23 19:13:20.844 [info] Getting sessions for read:user,repo,user:email,workflow...
2025-03-23 19:13:20.844 [info] Got 0 sessions for read:user,repo,user:email,workflow...
2025-03-23 19:13:20.844 [info] Getting sessions for user:email...
2025-03-23 19:13:20.844 [info] Got 1 sessions for user:email...
2025-03-23 19:13:21.499 [info] Getting sessions for all scopes...
2025-03-23 19:13:21.499 [info] Got 1 sessions for ...
2025-03-23 19:13:21.499 [info] Getting sessions for all scopes...
2025-03-23 19:13:21.499 [info] Got 1 sessions for ...
2025-03-23 19:13:21.500 [info] Getting sessions for read:user,repo,user:email,workflow...
2025-03-23 19:13:21.500 [info] Got 0 sessions for read:user,repo,user:email,workflow...
2025-03-23 19:13:21.501 [info] Getting sessions for user:email...
2025-03-23 19:13:21.501 [info] Got 1 sessions for user:email...
2025-03-23 19:13:21.501 [info] Getting sessions for read:user,repo,user:email,workflow...
2025-03-23 19:13:21.501 [info] Got 0 sessions for read:user,repo,user:email,workflow...
2025-03-23 19:13:21.502 [info] Getting sessions for all scopes...
2025-03-23 19:13:21.502 [info] Got 1 sessions for ...
2025-03-23 19:13:21.503 [info] Getting sessions for read:user,repo,user:email,workflow...
2025-03-23 19:13:21.503 [info] Got 0 sessions for read:user,repo,user:email,workflow...
2025-03-23 19:13:21.505 [info] Getting sessions for user:email...
2025-03-23 19:13:21.505 [info] Got 1 sessions for user:email...
2025-03-23 19:13:21.506 [info] Getting sessions for all scopes...
2025-03-23 19:13:21.506 [info] Got 1 sessions for ...
2025-03-23 19:13:21.507 [info] Getting sessions for all scopes...
2025-03-23 19:13:21.507 [info] Got 1 sessions for ...
2025-03-23 19:13:21.507 [info] Getting sessions for read:user,repo,user:email,workflow...
2025-03-23 19:13:21.507 [info] Got 0 sessions for read:user,repo,user:email,workflow...
2025-03-23 19:13:21.508 [info] Getting sessions for user:email...
2025-03-23 19:13:21.508 [info] Got 1 sessions for user:email...
2025-03-23 19:13:21.508 [info] Getting sessions for read:user,repo,user:email,workflow...
2025-03-23 19:13:21.508 [info] Got 0 sessions for read:user,repo,user:email,workflow...
2025-03-23 19:13:21.510 [info] Getting sessions for all scopes...
2025-03-23 19:13:21.510 [info] Got 1 sessions for ...
2025-03-23 19:13:21.510 [info] Getting sessions for read:user,repo,user:email,workflow...
2025-03-23 19:13:21.510 [info] Got 0 sessions for read:user,repo,user:email,workflow...
2025-03-23 19:13:21.511 [info] Getting sessions for user:email...
2025-03-23 19:13:21.511 [info] Got 1 sessions for user:email...
2025-03-23 19:13:22.167 [info] Getting sessions for all scopes...
2025-03-23 19:13:22.167 [info] Got 1 sessions for ...
2025-03-23 19:13:22.173 [info] Getting sessions for read:user,repo,user:email,workflow...
2025-03-23 19:13:22.173 [info] Got 0 sessions for read:user,repo,user:email,workflow...
2025-03-23 19:13:22.174 [info] Getting sessions for user:email...
2025-03-23 19:13:22.174 [info] Got 1 sessions for user:email...
2025-03-23 19:13:24.115 [info] Getting sessions for all scopes...
2025-03-23 19:13:24.115 [info] Got 1 sessions for ...
2025-03-23 19:13:24.128 [info] Getting sessions for read:user,repo,user:email,workflow...
2025-03-23 19:13:24.128 [info] Got 0 sessions for read:user,repo,user:email,workflow...
2025-03-23 19:13:24.128 [info] Getting sessions for user:email...
2025-03-23 19:13:24.128 [info] Got 1 sessions for user:email...
2025-03-23 19:17:14.406 [info] Getting sessions for read:user,repo,user:email,workflow...
2025-03-23 19:17:14.406 [info] Got 0 sessions for read:user,repo,user:email,workflow...
2025-03-23 19:17:14.407 [info] Getting sessions for read:user...
2025-03-23 19:17:14.407 [info] Got 0 sessions for read:user...
2025-03-23 19:17:14.408 [info] Getting sessions for user:email...
2025-03-23 19:17:14.408 [info] Got 1 sessions for user:email...
2025-03-23 19:28:21.510 [info] Getting sessions for all scopes...
2025-03-23 19:28:21.510 [info] Got 1 sessions for ...
2025-03-23 19:28:21.511 [info] Getting sessions for read:user,repo,user:email,workflow...
2025-03-23 19:28:21.511 [info] Got 0 sessions for read:user,repo,user:email,workflow...
2025-03-23 19:28:21.512 [info] Getting sessions for user:email...
2025-03-23 19:28:21.512 [info] Got 1 sessions for user:email...
2025-03-23 19:35:49.455 [info] Getting sessions for all scopes...
2025-03-23 19:35:49.455 [info] Got 1 sessions for ...
2025-03-23 19:35:49.456 [info] Getting sessions for read:user,repo,user:email,workflow...
2025-03-23 19:35:49.456 [info] Got 0 sessions for read:user,repo,user:email,workflow...
2025-03-23 19:35:49.457 [info] Getting sessions for user:email...
2025-03-23 19:35:49.457 [info] Got 1 sessions for user:email...
2025-03-23 19:35:49.457 [info] Getting sessions for all scopes...
2025-03-23 19:35:49.457 [info] Got 1 sessions for ...
2025-03-23 19:35:49.458 [info] Getting sessions for read:user,repo,user:email,workflow...
2025-03-23 19:35:49.458 [info] Got 0 sessions for read:user,repo,user:email,workflow...
2025-03-23 19:35:49.458 [info] Getting sessions for user:email...
2025-03-23 19:35:49.458 [info] Got 1 sessions for user:email...
2025-03-23 19:35:50.101 [info] Getting sessions for all scopes...
2025-03-23 19:35:50.101 [info] Got 1 sessions for ...
2025-03-23 19:35:50.102 [info] Getting sessions for all scopes...
2025-03-23 19:35:50.102 [info] Got 1 sessions for ...
2025-03-23 19:35:50.102 [info] Getting sessions for read:user,repo,user:email,workflow...
2025-03-23 19:35:50.102 [info] Got 0 sessions for read:user,repo,user:email,workflow...
2025-03-23 19:35:50.103 [info] Getting sessions for user:email...
2025-03-23 19:35:50.103 [info] Got 1 sessions for user:email...
2025-03-23 19:35:50.103 [info] Getting sessions for read:user,repo,user:email,workflow...
2025-03-23 19:35:50.103 [info] Got 0 sessions for read:user,repo,user:email,workflow...
2025-03-23 19:35:50.104 [info] Getting sessions for all scopes...
2025-03-23 19:35:50.104 [info] Got 1 sessions for ...
2025-03-23 19:35:50.105 [info] Getting sessions for read:user,repo,user:email,workflow...
2025-03-23 19:35:50.105 [info] Got 0 sessions for read:user,repo,user:email,workflow...
2025-03-23 19:35:50.105 [info] Getting sessions for user:email...
2025-03-23 19:35:50.105 [info] Got 1 sessions for user:email...
2025-03-23 19:35:50.107 [info] Getting sessions for all scopes...
2025-03-23 19:35:50.107 [info] Got 1 sessions for ...
2025-03-23 19:35:50.107 [info] Getting sessions for all scopes...
2025-03-23 19:35:50.107 [info] Got 1 sessions for ...
2025-03-23 19:35:50.107 [info] Getting sessions for read:user,repo,user:email,workflow...
2025-03-23 19:35:50.107 [info] Got 0 sessions for read:user,repo,user:email,workflow...
2025-03-23 19:35:50.108 [info] Getting sessions for user:email...
2025-03-23 19:35:50.108 [info] Got 1 sessions for user:email...
2025-03-23 19:35:50.108 [info] Getting sessions for read:user,repo,user:email,workflow...
2025-03-23 19:35:50.108 [info] Got 0 sessions for read:user,repo,user:email,workflow...
2025-03-23 19:35:50.110 [info] Getting sessions for all scopes...
2025-03-23 19:35:50.110 [info] Got 1 sessions for ...
2025-03-23 19:35:50.110 [info] Getting sessions for read:user,repo,user:email,workflow...
2025-03-23 19:35:50.110 [info] Got 0 sessions for read:user,repo,user:email,workflow...
2025-03-23 19:35:50.110 [info] Getting sessions for user:email...
2025-03-23 19:35:50.110 [info] Got 1 sessions for user:email...
2025-03-23 19:35:50.624 [info] Getting sessions for all scopes...
2025-03-23 19:35:50.624 [info] Got 1 sessions for ...
2025-03-23 19:35:50.625 [info] Getting sessions for read:user,repo,user:email,workflow...
2025-03-23 19:35:50.625 [info] Got 0 sessions for read:user,repo,user:email,workflow...
2025-03-23 19:35:50.625 [info] Getting sessions for user:email...
2025-03-23 19:35:50.625 [info] Got 1 sessions for user:email...
2025-03-23 19:35:50.914 [info] Getting sessions for all scopes...
2025-03-23 19:35:50.914 [info] Got 1 sessions for ...
2025-03-23 19:35:50.920 [info] Getting sessions for read:user,repo,user:email,workflow...
2025-03-23 19:35:50.920 [info] Got 0 sessions for read:user,repo,user:email,workflow...
2025-03-23 19:35:50.920 [info] Getting sessions for user:email...
2025-03-23 19:35:50.920 [info] Got 1 sessions for user:email...
2025-03-23 19:35:52.016 [info] Getting sessions for all scopes...
2025-03-23 19:35:52.016 [info] Got 1 sessions for ...
2025-03-23 19:35:52.021 [info] Getting sessions for read:user,repo,user:email,workflow...
2025-03-23 19:35:52.021 [info] Got 0 sessions for read:user,repo,user:email,workflow...
2025-03-23 19:35:52.022 [info] Getting sessions for user:email...
2025-03-23 19:35:52.022 [info] Got 1 sessions for user:email...
2025-03-23 19:42:16.334 [info] Getting sessions for read:user,repo,user:email,workflow...
2025-03-23 19:42:16.334 [info] Got 0 sessions for read:user,repo,user:email,workflow...
2025-03-23 19:42:16.335 [info] Getting sessions for read:user...
2025-03-23 19:42:16.335 [info] Got 0 sessions for read:user...
2025-03-23 19:42:16.336 [info] Getting sessions for user:email...
2025-03-23 19:42:16.336 [info] Got 1 sessions for user:email...
2025-03-23 19:45:07.867 [info] Getting sessions for all scopes...
2025-03-23 19:45:07.867 [info] Got 1 sessions for ...
2025-03-23 19:45:07.868 [info] Getting sessions for read:user,repo,user:email,workflow...
2025-03-23 19:45:07.868 [info] Got 0 sessions for read:user,repo,user:email,workflow...
2025-03-23 19:45:07.869 [info] Getting sessions for user:email...
2025-03-23 19:45:07.869 [info] Got 1 sessions for user:email...
2025-03-23 19:45:08.565 [info] Getting sessions for all scopes...
2025-03-23 19:45:08.565 [info] Got 1 sessions for ...
2025-03-23 19:45:08.568 [info] Getting sessions for read:user,repo,user:email,workflow...
2025-03-23 19:45:08.568 [info] Got 0 sessions for read:user,repo,user:email,workflow...
2025-03-23 19:45:08.569 [info] Getting sessions for user:email...
2025-03-23 19:45:08.569 [info] Got 1 sessions for user:email...
2025-03-23 19:45:09.676 [info] Getting sessions for all scopes...
2025-03-23 19:45:09.676 [info] Got 1 sessions for ...
2025-03-23 19:45:09.676 [info] Getting sessions for read:user,repo,user:email,workflow...
2025-03-23 19:45:09.676 [info] Got 0 sessions for read:user,repo,user:email,workflow...
2025-03-23 19:45:09.682 [info] Getting sessions for user:email...
2025-03-23 19:45:09.682 [info] Got 1 sessions for user:email...
2025-03-23 19:46:54.112 [info] Getting sessions for all scopes...
2025-03-23 19:46:54.112 [info] Got 1 sessions for ...
2025-03-23 19:46:54.117 [info] Getting sessions for read:user,repo,user:email,workflow...
2025-03-23 19:46:54.117 [info] Got 0 sessions for read:user,repo,user:email,workflow...
2025-03-23 19:46:54.120 [info] Getting sessions for user:email...
2025-03-23 19:46:54.120 [info] Got 1 sessions for user:email...
2025-03-23 19:46:54.262 [info] Getting sessions for all scopes...
2025-03-23 19:46:54.262 [info] Got 1 sessions for ...
2025-03-23 19:46:54.265 [info] Getting sessions for read:user,repo,user:email,workflow...
2025-03-23 19:46:54.265 [info] Got 0 sessions for read:user,repo,user:email,workflow...
2025-03-23 19:46:54.265 [info] Getting sessions for user:email...
2025-03-23 19:46:54.265 [info] Got 1 sessions for user:email...
2025-03-23 19:46:54.728 [info] Getting sessions for all scopes...
2025-03-23 19:46:54.728 [info] Got 1 sessions for ...
2025-03-23 19:46:54.734 [info] Getting sessions for read:user,repo,user:email,workflow...
2025-03-23 19:46:54.734 [info] Got 0 sessions for read:user,repo,user:email,workflow...
2025-03-23 19:46:54.735 [info] Getting sessions for user:email...
2025-03-23 19:46:54.735 [info] Got 1 sessions for user:email...
2025-03-23 19:46:59.675 [info] Getting sessions for all scopes...
2025-03-23 19:46:59.675 [info] Got 1 sessions for ...
2025-03-23 19:46:59.677 [info] Getting sessions for read:user,repo,user:email,workflow...
2025-03-23 19:46:59.677 [info] Got 0 sessions for read:user,repo,user:email,workflow...
2025-03-23 19:46:59.677 [info] Getting sessions for user:email...
2025-03-23 19:46:59.677 [info] Got 1 sessions for user:email...
2025-03-23 19:50:50.624 [info] Getting sessions for all scopes...
2025-03-23 19:50:50.624 [info] Got 1 sessions for ...
2025-03-23 19:50:50.625 [info] Getting sessions for read:user,repo,user:email,workflow...
2025-03-23 19:50:50.625 [info] Got 0 sessions for read:user,repo,user:email,workflow...
2025-03-23 19:50:50.628 [info] Getting sessions for user:email...
2025-03-23 19:50:50.628 [info] Got 1 sessions for user:email...
2025-03-23 20:05:50.630 [info] Getting sessions for all scopes...
2025-03-23 20:05:50.630 [info] Got 1 sessions for ...
2025-03-23 20:05:50.631 [info] Getting sessions for read:user,repo,user:email,workflow...
2025-03-23 20:05:50.631 [info] Got 0 sessions for read:user,repo,user:email,workflow...
2025-03-23 20:05:50.632 [info] Getting sessions for user:email...
2025-03-23 20:05:50.632 [info] Got 1 sessions for user:email...
2025-03-23 20:05:50.633 [info] Getting sessions for all scopes...
2025-03-23 20:05:50.633 [info] Got 1 sessions for ...
2025-03-23 20:05:50.634 [info] Getting sessions for read:user,repo,user:email,workflow...
2025-03-23 20:05:50.634 [info] Got 0 sessions for read:user,repo,user:email,workflow...
2025-03-23 20:05:50.635 [info] Getting sessions for user:email...
2025-03-23 20:05:50.635 [info] Got 1 sessions for user:email...
2025-03-23 20:05:51.278 [info] Getting sessions for all scopes...
2025-03-23 20:05:51.278 [info] Got 1 sessions for ...
2025-03-23 20:05:51.278 [info] Getting sessions for all scopes...
2025-03-23 20:05:51.278 [info] Got 1 sessions for ...
2025-03-23 20:05:51.279 [info] Getting sessions for read:user,repo,user:email,workflow...
2025-03-23 20:05:51.279 [info] Got 0 sessions for read:user,repo,user:email,workflow...
2025-03-23 20:05:51.279 [info] Getting sessions for user:email...
2025-03-23 20:05:51.279 [info] Got 1 sessions for user:email...
2025-03-23 20:05:51.280 [info] Getting sessions for read:user,repo,user:email,workflow...
2025-03-23 20:05:51.280 [info] Got 0 sessions for read:user,repo,user:email,workflow...
2025-03-23 20:05:51.281 [info] Getting sessions for all scopes...
2025-03-23 20:05:51.281 [info] Got 1 sessions for ...
2025-03-23 20:05:51.282 [info] Getting sessions for read:user,repo,user:email,workflow...
2025-03-23 20:05:51.282 [info] Got 0 sessions for read:user,repo,user:email,workflow...
2025-03-23 20:05:51.282 [info] Getting sessions for user:email...
2025-03-23 20:05:51.282 [info] Got 1 sessions for user:email...
2025-03-23 20:05:51.283 [info] Getting sessions for all scopes...
2025-03-23 20:05:51.283 [info] Got 1 sessions for ...
2025-03-23 20:05:51.283 [info] Getting sessions for all scopes...
2025-03-23 20:05:51.283 [info] Got 1 sessions for ...
2025-03-23 20:05:51.284 [info] Getting sessions for read:user,repo,user:email,workflow...
2025-03-23 20:05:51.284 [info] Got 0 sessions for read:user,repo,user:email,workflow...
2025-03-23 20:05:51.284 [info] Getting sessions for user:email...
2025-03-23 20:05:51.284 [info] Got 1 sessions for user:email...
2025-03-23 20:05:51.285 [info] Getting sessions for read:user,repo,user:email,workflow...
2025-03-23 20:05:51.285 [info] Got 0 sessions for read:user,repo,user:email,workflow...
2025-03-23 20:05:51.287 [info] Getting sessions for all scopes...
2025-03-23 20:05:51.287 [info] Got 1 sessions for ...
2025-03-23 20:05:51.287 [info] Getting sessions for read:user,repo,user:email,workflow...
2025-03-23 20:05:51.287 [info] Got 0 sessions for read:user,repo,user:email,workflow...
2025-03-23 20:05:51.288 [info] Getting sessions for user:email...
2025-03-23 20:05:51.288 [info] Got 1 sessions for user:email...
2025-03-23 20:05:51.788 [info] Getting sessions for all scopes...
2025-03-23 20:05:51.789 [info] Got 1 sessions for ...
2025-03-23 20:05:51.789 [info] Getting sessions for read:user,repo,user:email,workflow...
2025-03-23 20:05:51.789 [info] Got 0 sessions for read:user,repo,user:email,workflow...
2025-03-23 20:05:51.790 [info] Getting sessions for user:email...
2025-03-23 20:05:51.790 [info] Got 1 sessions for user:email...
