external command {
  "bin": "/sbin/opam",
  "args": [
    "--version"
  ]
}

external command {
  "bin": "/sbin/opam",
  "args": [
    "--version"
  ]
}

external command {
  "bin": "/sbin/opam",
  "args": [
    "--version"
  ]
}

external command (finished) {
  "bin": "/sbin/opam",
  "args": [
    "--version"
  ],
  "result": {
    "exitCode": 0,
    "stdout": "2.3.0\n",
    "stderr": ""
  }
}

external command {
  "bin": "/sbin/opam",
  "args": [
    "var",
    "--global",
    "root"
  ]
}

external command (finished) {
  "bin": "/sbin/opam",
  "args": [
    "--version"
  ],
  "result": {
    "exitCode": 0,
    "stdout": "2.3.0\n",
    "stderr": ""
  }
}

external command {
  "bin": "/sbin/opam",
  "args": [
    "var",
    "--global",
    "root"
  ]
}

external command (finished) {
  "bin": "/sbin/opam",
  "args": [
    "var",
    "--global",
    "root"
  ],
  "result": {
    "exitCode": 0,
    "stdout": "/home/rx/.opam\n",
    "stderr": ""
  }
}

external command (finished) {
  "bin": "/sbin/opam",
  "args": [
    "var",
    "--global",
    "root"
  ],
  "result": {
    "exitCode": 0,
    "stdout": "/home/rx/.opam\n",
    "stderr": ""
  }
}

external command {
  "bin": "/sbin/opam",
  "args": [
    "switch",
    "show",
    "--root",
    "/home/rx/.opam"
  ]
}

external command (finished) {
  "bin": "/sbin/opam",
  "args": [
    "--version"
  ],
  "result": {
    "exitCode": 0,
    "stdout": "2.3.0\n",
    "stderr": ""
  }
}

external command {
  "bin": "/sbin/opam",
  "args": [
    "var",
    "--global",
    "root"
  ]
}

external command (finished) {
  "bin": "/sbin/opam",
  "args": [
    "var",
    "--global",
    "root"
  ],
  "result": {
    "exitCode": 0,
    "stdout": "/home/rx/.opam\n",
    "stderr": ""
  }
}

external command (finished) {
  "bin": "/sbin/opam",
  "args": [
    "switch",
    "show",
    "--root",
    "/home/rx/.opam"
  ],
  "result": {
    "exitCode": 0,
    "stdout": "adc\n",
    "stderr": ""
  }
}

external command {
  "bin": "/sbin/opam",
  "args": [
    "switch",
    "show",
    "--root",
    "/home/rx/.opam"
  ]
}

external command (finished) {
  "bin": "/sbin/opam",
  "args": [
    "switch",
    "show",
    "--root",
    "/home/rx/.opam"
  ],
  "result": {
    "exitCode": 0,
    "stdout": "adc\n",
    "stderr": ""
  }
}

external command {
  "bin": "/sbin/opam",
  "args": [
    "exec",
    "--switch=adc",
    "--set-switch",
    "--root",
    "/home/rx/.opam",
    "--",
    "ocamlc",
    "--version"
  ]
}

external command (finished) {
  "bin": "/sbin/opam",
  "args": [
    "exec",
    "--switch=adc",
    "--set-switch",
    "--root",
    "/home/rx/.opam",
    "--",
    "ocamlc",
    "--version"
  ],
  "result": {
    "exitCode": 0,
    "stdout": "5.3.0\n",
    "stderr": ""
  }
}

external command {
  "bin": "/sbin/opam",
  "args": [
    "exec",
    "--switch=adc",
    "--set-switch",
    "--root",
    "/home/rx/.opam",
    "--",
    "ocamllsp",
    "--version"
  ]
}

external command (finished) {
  "bin": "/sbin/opam",
  "args": [
    "exec",
    "--switch=adc",
    "--set-switch",
    "--root",
    "/home/rx/.opam",
    "--",
    "ocamllsp",
    "--version"
  ],
  "result": {
    "exitCode": 0,
    "stdout": "1.22.0\n",
    "stderr": ""
  }
}

external command {
  "bin": "/sbin/opam",
  "args": [
    "exec",
    "--switch=adc",
    "--set-switch",
    "--root",
    "/home/rx/.opam",
    "--",
    "ocamllsp"
  ]
}

