2025-03-23 16:56:41.485 [info] [main] Log level: Info
2025-03-23 16:56:41.485 [info] [main] Validating found git in: "git"
2025-03-23 16:56:41.485 [info] [main] Using git "2.49.0" from "git"
2025-03-23 16:56:41.485 [info] [Model][doInitialScan] Initial repository scan started
2025-03-23 16:56:41.485 [info] [Model][doInitialScan] Initial repository scan completed - repositories (0), closed repositories (0), parent repositories (0), unsafe repositories (0)
2025-03-23 16:57:42.224 [info] [main] Log level: Info
2025-03-23 16:57:42.224 [info] [main] Validating found git in: "git"
2025-03-23 16:57:42.224 [info] [main] Using git "2.49.0" from "git"
2025-03-23 16:57:42.224 [info] [Model][doInitialScan] Initial repository scan started
2025-03-23 16:57:42.224 [info] > git rev-parse --show-toplevel [34ms]
2025-03-23 16:57:42.224 [info] fatal: not a git repository (or any parent up to mount point /)
Stopping at filesystem boundary (GIT_DISCOVERY_ACROSS_FILESYSTEM not set).
2025-03-23 16:57:42.224 [info] [Model][doInitialScan] Initial repository scan completed - repositories (0), closed repositories (0), parent repositories (0), unsafe repositories (0)
2025-03-23 16:57:42.225 [info] > git rev-parse --show-toplevel [3ms]
2025-03-23 16:57:42.225 [info] fatal: not a git repository (or any parent up to mount point /)
Stopping at filesystem boundary (GIT_DISCOVERY_ACROSS_FILESYSTEM not set).
2025-03-23 16:57:53.081 [info] > git rev-parse --show-toplevel [3ms]
2025-03-23 16:57:53.081 [info] fatal: not a git repository (or any parent up to mount point /)
Stopping at filesystem boundary (GIT_DISCOVERY_ACROSS_FILESYSTEM not set).
2025-03-23 17:02:03.924 [info] [main] Log level: Info
2025-03-23 17:02:03.924 [info] [main] Validating found git in: "git"
2025-03-23 17:02:03.924 [info] [main] Using git "2.49.0" from "git"
2025-03-23 17:02:03.924 [info] [Model][doInitialScan] Initial repository scan started
2025-03-23 17:02:03.924 [info] > git rev-parse --show-toplevel [5ms]
2025-03-23 17:02:03.924 [info] fatal: not a git repository (or any parent up to mount point /)
Stopping at filesystem boundary (GIT_DISCOVERY_ACROSS_FILESYSTEM not set).
2025-03-23 17:02:03.924 [info] [Model][doInitialScan] Initial repository scan completed - repositories (0), closed repositories (0), parent repositories (0), unsafe repositories (0)
2025-03-23 17:02:03.925 [info] > git rev-parse --show-toplevel [2ms]
2025-03-23 17:02:03.925 [info] fatal: not a git repository (or any parent up to mount point /)
Stopping at filesystem boundary (GIT_DISCOVERY_ACROSS_FILESYSTEM not set).
2025-03-23 17:02:05.665 [info] > git rev-parse --show-toplevel [179ms]
2025-03-23 17:02:05.665 [info] fatal: not a git repository (or any parent up to mount point /)
Stopping at filesystem boundary (GIT_DISCOVERY_ACROSS_FILESYSTEM not set).
2025-03-23 17:02:05.740 [info] > git rev-parse --show-toplevel [25ms]
2025-03-23 17:02:05.740 [info] fatal: not a git repository (or any parent up to mount point /)
Stopping at filesystem boundary (GIT_DISCOVERY_ACROSS_FILESYSTEM not set).
2025-03-23 17:02:05.799 [info] > git rev-parse --show-toplevel [27ms]
2025-03-23 17:02:05.799 [info] fatal: not a git repository (or any parent up to mount point /)
Stopping at filesystem boundary (GIT_DISCOVERY_ACROSS_FILESYSTEM not set).
2025-03-23 17:02:06.113 [info] > git rev-parse --show-toplevel [52ms]
2025-03-23 17:02:06.113 [info] fatal: not a git repository (or any parent up to mount point /)
Stopping at filesystem boundary (GIT_DISCOVERY_ACROSS_FILESYSTEM not set).
2025-03-23 17:02:07.068 [info] > git rev-parse --show-toplevel [14ms]
2025-03-23 17:02:07.068 [info] fatal: not a git repository (or any parent up to mount point /)
Stopping at filesystem boundary (GIT_DISCOVERY_ACROSS_FILESYSTEM not set).
2025-03-23 17:03:26.913 [info] > git rev-parse --show-toplevel [2ms]
2025-03-23 17:03:26.913 [info] fatal: not a git repository (or any parent up to mount point /)
Stopping at filesystem boundary (GIT_DISCOVERY_ACROSS_FILESYSTEM not set).
2025-03-23 17:06:58.060 [info] > git rev-parse --show-toplevel [3ms]
2025-03-23 17:06:58.061 [info] fatal: not a git repository (or any parent up to mount point /)
Stopping at filesystem boundary (GIT_DISCOVERY_ACROSS_FILESYSTEM not set).
2025-03-23 17:07:07.259 [info] > git rev-parse --show-toplevel [4ms]
2025-03-23 17:07:07.259 [info] fatal: not a git repository (or any parent up to mount point /)
Stopping at filesystem boundary (GIT_DISCOVERY_ACROSS_FILESYSTEM not set).
2025-03-23 17:07:28.258 [info] > git rev-parse --show-toplevel [4ms]
2025-03-23 17:07:28.258 [info] fatal: not a git repository (or any parent up to mount point /)
Stopping at filesystem boundary (GIT_DISCOVERY_ACROSS_FILESYSTEM not set).
2025-03-23 17:07:32.729 [info] > git rev-parse --show-toplevel [2ms]
2025-03-23 17:07:32.729 [info] fatal: not a git repository (or any parent up to mount point /)
Stopping at filesystem boundary (GIT_DISCOVERY_ACROSS_FILESYSTEM not set).
2025-03-23 17:07:35.104 [info] > git rev-parse --show-toplevel [3ms]
2025-03-23 17:07:35.104 [info] fatal: not a git repository (or any parent up to mount point /)
Stopping at filesystem boundary (GIT_DISCOVERY_ACROSS_FILESYSTEM not set).
2025-03-23 17:07:36.873 [info] > git rev-parse --show-toplevel [4ms]
2025-03-23 17:07:36.874 [info] fatal: not a git repository (or any parent up to mount point /)
Stopping at filesystem boundary (GIT_DISCOVERY_ACROSS_FILESYSTEM not set).
2025-03-23 17:07:37.913 [info] > git rev-parse --show-toplevel [3ms]
2025-03-23 17:07:37.913 [info] fatal: not a git repository (or any parent up to mount point /)
Stopping at filesystem boundary (GIT_DISCOVERY_ACROSS_FILESYSTEM not set).
2025-03-23 17:27:24.501 [info] > git rev-parse --show-toplevel [2ms]
2025-03-23 17:27:24.501 [info] fatal: not a git repository (or any parent up to mount point /)
Stopping at filesystem boundary (GIT_DISCOVERY_ACROSS_FILESYSTEM not set).
2025-03-23 17:27:28.035 [info] > git rev-parse --show-toplevel [3ms]
2025-03-23 17:27:28.035 [info] fatal: not a git repository (or any parent up to mount point /)
Stopping at filesystem boundary (GIT_DISCOVERY_ACROSS_FILESYSTEM not set).
2025-03-23 17:28:01.963 [info] > git rev-parse --show-toplevel [4ms]
2025-03-23 17:28:01.963 [info] fatal: not a git repository (or any parent up to mount point /)
Stopping at filesystem boundary (GIT_DISCOVERY_ACROSS_FILESYSTEM not set).
2025-03-23 17:29:17.971 [info] > git rev-parse --show-toplevel [6ms]
2025-03-23 17:29:17.971 [info] fatal: not a git repository (or any parent up to mount point /)
Stopping at filesystem boundary (GIT_DISCOVERY_ACROSS_FILESYSTEM not set).
2025-03-23 17:29:19.567 [info] > git rev-parse --show-toplevel [3ms]
2025-03-23 17:29:19.567 [info] fatal: not a git repository (or any parent up to mount point /)
Stopping at filesystem boundary (GIT_DISCOVERY_ACROSS_FILESYSTEM not set).
2025-03-23 17:29:21.677 [info] > git rev-parse --show-toplevel [3ms]
2025-03-23 17:29:21.677 [info] fatal: not a git repository (or any parent up to mount point /)
Stopping at filesystem boundary (GIT_DISCOVERY_ACROSS_FILESYSTEM not set).
2025-03-23 17:29:28.550 [info] > git rev-parse --show-toplevel [3ms]
2025-03-23 17:29:28.550 [info] fatal: not a git repository (or any parent up to mount point /)
Stopping at filesystem boundary (GIT_DISCOVERY_ACROSS_FILESYSTEM not set).
2025-03-23 17:29:34.520 [info] > git rev-parse --show-toplevel [4ms]
2025-03-23 17:29:34.520 [info] fatal: not a git repository (or any parent up to mount point /)
Stopping at filesystem boundary (GIT_DISCOVERY_ACROSS_FILESYSTEM not set).
2025-03-23 17:29:43.498 [info] > git rev-parse --show-toplevel [3ms]
2025-03-23 17:29:43.498 [info] fatal: not a git repository (or any parent up to mount point /)
Stopping at filesystem boundary (GIT_DISCOVERY_ACROSS_FILESYSTEM not set).
2025-03-23 17:29:52.910 [info] > git rev-parse --show-toplevel [3ms]
2025-03-23 17:29:52.910 [info] fatal: not a git repository (or any parent up to mount point /)
Stopping at filesystem boundary (GIT_DISCOVERY_ACROSS_FILESYSTEM not set).
2025-03-23 17:29:53.985 [info] > git rev-parse --show-toplevel [3ms]
2025-03-23 17:29:53.985 [info] fatal: not a git repository (or any parent up to mount point /)
Stopping at filesystem boundary (GIT_DISCOVERY_ACROSS_FILESYSTEM not set).
2025-03-23 17:29:54.966 [info] > git rev-parse --show-toplevel [3ms]
2025-03-23 17:29:54.966 [info] fatal: not a git repository (or any parent up to mount point /)
Stopping at filesystem boundary (GIT_DISCOVERY_ACROSS_FILESYSTEM not set).
2025-03-23 17:30:21.484 [info] > git rev-parse --show-toplevel [3ms]
2025-03-23 17:30:21.484 [info] fatal: not a git repository (or any parent up to mount point /)
Stopping at filesystem boundary (GIT_DISCOVERY_ACROSS_FILESYSTEM not set).
2025-03-23 17:30:40.868 [info] > git rev-parse --show-toplevel [2ms]
2025-03-23 17:30:40.868 [info] fatal: not a git repository (or any parent up to mount point /)
Stopping at filesystem boundary (GIT_DISCOVERY_ACROSS_FILESYSTEM not set).
2025-03-23 17:30:46.494 [info] > git rev-parse --show-toplevel [3ms]
2025-03-23 17:30:46.494 [info] fatal: not a git repository (or any parent up to mount point /)
Stopping at filesystem boundary (GIT_DISCOVERY_ACROSS_FILESYSTEM not set).
2025-03-23 17:32:23.426 [info] > git rev-parse --show-toplevel [4ms]
2025-03-23 17:32:23.426 [info] fatal: not a git repository (or any parent up to mount point /)
Stopping at filesystem boundary (GIT_DISCOVERY_ACROSS_FILESYSTEM not set).
2025-03-23 17:33:26.363 [info] > git rev-parse --show-toplevel [2ms]
2025-03-23 17:33:26.363 [info] fatal: not a git repository (or any parent up to mount point /)
Stopping at filesystem boundary (GIT_DISCOVERY_ACROSS_FILESYSTEM not set).
2025-03-23 17:47:07.772 [info] > git rev-parse --show-toplevel [2ms]
2025-03-23 17:47:07.772 [info] fatal: not a git repository (or any parent up to mount point /)
Stopping at filesystem boundary (GIT_DISCOVERY_ACROSS_FILESYSTEM not set).
2025-03-23 17:47:26.144 [info] > git rev-parse --show-toplevel [3ms]
2025-03-23 17:47:26.144 [info] fatal: not a git repository (or any parent up to mount point /)
Stopping at filesystem boundary (GIT_DISCOVERY_ACROSS_FILESYSTEM not set).
2025-03-23 17:47:26.831 [info] > git rev-parse --show-toplevel [2ms]
2025-03-23 17:47:26.831 [info] fatal: not a git repository (or any parent up to mount point /)
Stopping at filesystem boundary (GIT_DISCOVERY_ACROSS_FILESYSTEM not set).
2025-03-23 18:20:30.179 [info] > git rev-parse --show-toplevel [4ms]
2025-03-23 18:20:30.179 [info] fatal: not a git repository (or any parent up to mount point /)
Stopping at filesystem boundary (GIT_DISCOVERY_ACROSS_FILESYSTEM not set).
2025-03-23 18:48:52.411 [info] > git rev-parse --show-toplevel [1ms]
2025-03-23 18:48:52.411 [info] fatal: not a git repository (or any parent up to mount point /)
Stopping at filesystem boundary (GIT_DISCOVERY_ACROSS_FILESYSTEM not set).
2025-03-23 18:50:53.489 [info] [main] Log level: Info
2025-03-23 18:50:53.489 [info] [main] Validating found git in: "git"
2025-03-23 18:50:53.489 [info] [main] Using git "2.49.0" from "git"
2025-03-23 18:50:53.489 [info] [Model][doInitialScan] Initial repository scan started
2025-03-23 18:50:53.489 [info] > git rev-parse --show-toplevel [15ms]
2025-03-23 18:50:53.489 [info] fatal: not a git repository (or any parent up to mount point /)
Stopping at filesystem boundary (GIT_DISCOVERY_ACROSS_FILESYSTEM not set).
2025-03-23 18:50:53.489 [info] > git rev-parse --show-toplevel [7ms]
2025-03-23 18:50:53.489 [info] fatal: not a git repository (or any parent up to mount point /)
Stopping at filesystem boundary (GIT_DISCOVERY_ACROSS_FILESYSTEM not set).
2025-03-23 18:50:53.677 [info] > git rev-parse --show-toplevel [3ms]
2025-03-23 18:50:53.677 [info] fatal: not a git repository (or any parent up to mount point /)
Stopping at filesystem boundary (GIT_DISCOVERY_ACROSS_FILESYSTEM not set).
2025-03-23 18:50:53.685 [info] > git rev-parse --show-toplevel [3ms]
2025-03-23 18:50:53.685 [info] fatal: not a git repository (or any parent up to mount point /)
Stopping at filesystem boundary (GIT_DISCOVERY_ACROSS_FILESYSTEM not set).
2025-03-23 18:50:53.693 [info] > git rev-parse --show-toplevel [1ms]
2025-03-23 18:50:53.693 [info] fatal: not a git repository (or any parent up to mount point /)
Stopping at filesystem boundary (GIT_DISCOVERY_ACROSS_FILESYSTEM not set).
2025-03-23 18:50:53.699 [info] > git rev-parse --show-toplevel [1ms]
2025-03-23 18:50:53.699 [info] fatal: not a git repository (or any parent up to mount point /)
Stopping at filesystem boundary (GIT_DISCOVERY_ACROSS_FILESYSTEM not set).
2025-03-23 18:50:53.704 [info] > git rev-parse --show-toplevel [1ms]
2025-03-23 18:50:53.704 [info] fatal: not a git repository (or any parent up to mount point /)
Stopping at filesystem boundary (GIT_DISCOVERY_ACROSS_FILESYSTEM not set).
2025-03-23 18:50:53.709 [info] > git rev-parse --show-toplevel [1ms]
2025-03-23 18:50:53.709 [info] fatal: not a git repository (or any parent up to mount point /)
Stopping at filesystem boundary (GIT_DISCOVERY_ACROSS_FILESYSTEM not set).
2025-03-23 18:50:53.714 [info] > git rev-parse --show-toplevel [1ms]
2025-03-23 18:50:53.714 [info] fatal: not a git repository (or any parent up to mount point /)
Stopping at filesystem boundary (GIT_DISCOVERY_ACROSS_FILESYSTEM not set).
2025-03-23 18:50:53.719 [info] > git rev-parse --show-toplevel [0ms]
2025-03-23 18:50:53.719 [info] fatal: not a git repository (or any parent up to mount point /)
Stopping at filesystem boundary (GIT_DISCOVERY_ACROSS_FILESYSTEM not set).
2025-03-23 18:50:53.723 [info] > git rev-parse --show-toplevel [1ms]
2025-03-23 18:50:53.723 [info] fatal: not a git repository (or any parent up to mount point /)
Stopping at filesystem boundary (GIT_DISCOVERY_ACROSS_FILESYSTEM not set).
2025-03-23 18:50:53.728 [info] > git rev-parse --show-toplevel [0ms]
2025-03-23 18:50:53.728 [info] fatal: not a git repository (or any parent up to mount point /)
Stopping at filesystem boundary (GIT_DISCOVERY_ACROSS_FILESYSTEM not set).
2025-03-23 18:50:53.732 [info] > git rev-parse --show-toplevel [1ms]
2025-03-23 18:50:53.732 [info] fatal: not a git repository (or any parent up to mount point /)
Stopping at filesystem boundary (GIT_DISCOVERY_ACROSS_FILESYSTEM not set).
2025-03-23 18:50:53.737 [info] > git rev-parse --show-toplevel [1ms]
2025-03-23 18:50:53.737 [info] fatal: not a git repository (or any parent up to mount point /)
Stopping at filesystem boundary (GIT_DISCOVERY_ACROSS_FILESYSTEM not set).
2025-03-23 18:50:53.742 [info] > git rev-parse --show-toplevel [1ms]
2025-03-23 18:50:53.742 [info] fatal: not a git repository (or any parent up to mount point /)
Stopping at filesystem boundary (GIT_DISCOVERY_ACROSS_FILESYSTEM not set).
2025-03-23 18:50:53.744 [info] [Model][doInitialScan] Initial repository scan completed - repositories (0), closed repositories (0), parent repositories (0), unsafe repositories (0)
2025-03-23 18:50:55.494 [info] > git rev-parse --show-toplevel [134ms]
2025-03-23 18:50:55.494 [info] fatal: not a git repository (or any parent up to mount point /)
Stopping at filesystem boundary (GIT_DISCOVERY_ACROSS_FILESYSTEM not set).
2025-03-23 18:50:55.555 [info] > git rev-parse --show-toplevel [31ms]
2025-03-23 18:50:55.555 [info] fatal: not a git repository (or any parent up to mount point /)
Stopping at filesystem boundary (GIT_DISCOVERY_ACROSS_FILESYSTEM not set).
2025-03-23 18:50:56.676 [info] > git rev-parse --show-toplevel [64ms]
2025-03-23 18:50:56.676 [info] fatal: not a git repository (or any parent up to mount point /)
Stopping at filesystem boundary (GIT_DISCOVERY_ACROSS_FILESYSTEM not set).
2025-03-23 18:50:56.702 [info] > git rev-parse --show-toplevel [11ms]
2025-03-23 18:50:56.702 [info] fatal: not a git repository (or any parent up to mount point /)
Stopping at filesystem boundary (GIT_DISCOVERY_ACROSS_FILESYSTEM not set).
2025-03-23 18:51:01.393 [info] > git rev-parse --show-toplevel [2ms]
2025-03-23 18:51:01.393 [info] fatal: not a git repository (or any parent up to mount point /)
Stopping at filesystem boundary (GIT_DISCOVERY_ACROSS_FILESYSTEM not set).
2025-03-23 18:51:18.197 [info] > git rev-parse --show-toplevel [2ms]
2025-03-23 18:51:18.197 [info] fatal: not a git repository (or any parent up to mount point /)
Stopping at filesystem boundary (GIT_DISCOVERY_ACROSS_FILESYSTEM not set).
2025-03-23 18:51:43.309 [info] > git rev-parse --show-toplevel [4ms]
2025-03-23 18:51:43.309 [info] fatal: not a git repository (or any parent up to mount point /)
Stopping at filesystem boundary (GIT_DISCOVERY_ACROSS_FILESYSTEM not set).
2025-03-23 18:52:42.294 [info] > git rev-parse --show-toplevel [2ms]
2025-03-23 18:52:42.294 [info] fatal: not a git repository (or any parent up to mount point /)
Stopping at filesystem boundary (GIT_DISCOVERY_ACROSS_FILESYSTEM not set).
2025-03-23 18:57:40.374 [info] > git rev-parse --show-toplevel [3ms]
2025-03-23 18:57:40.374 [info] fatal: not a git repository (or any parent up to mount point /)
Stopping at filesystem boundary (GIT_DISCOVERY_ACROSS_FILESYSTEM not set).
2025-03-23 18:57:48.302 [info] > git rev-parse --show-toplevel [2ms]
2025-03-23 18:57:48.302 [info] fatal: not a git repository (or any parent up to mount point /)
Stopping at filesystem boundary (GIT_DISCOVERY_ACROSS_FILESYSTEM not set).
2025-03-23 18:57:49.770 [info] > git rev-parse --show-toplevel [4ms]
2025-03-23 18:57:49.770 [info] fatal: not a git repository (or any parent up to mount point /)
Stopping at filesystem boundary (GIT_DISCOVERY_ACROSS_FILESYSTEM not set).
2025-03-23 18:58:13.189 [info] > git rev-parse --show-toplevel [2ms]
2025-03-23 18:58:13.189 [info] fatal: not a git repository (or any parent up to mount point /)
Stopping at filesystem boundary (GIT_DISCOVERY_ACROSS_FILESYSTEM not set).
2025-03-23 18:58:35.290 [info] > git rev-parse --show-toplevel [2ms]
2025-03-23 18:58:35.290 [info] fatal: not a git repository (or any parent up to mount point /)
Stopping at filesystem boundary (GIT_DISCOVERY_ACROSS_FILESYSTEM not set).
2025-03-23 18:59:48.507 [info] > git rev-parse --show-toplevel [4ms]
2025-03-23 18:59:48.507 [info] fatal: not a git repository (or any parent up to mount point /)
Stopping at filesystem boundary (GIT_DISCOVERY_ACROSS_FILESYSTEM not set).
2025-03-23 18:59:49.862 [info] > git rev-parse --show-toplevel [3ms]
2025-03-23 18:59:49.862 [info] fatal: not a git repository (or any parent up to mount point /)
Stopping at filesystem boundary (GIT_DISCOVERY_ACROSS_FILESYSTEM not set).
2025-03-23 19:00:11.237 [info] > git rev-parse --show-toplevel [2ms]
2025-03-23 19:00:11.238 [info] fatal: not a git repository (or any parent up to mount point /)
Stopping at filesystem boundary (GIT_DISCOVERY_ACROSS_FILESYSTEM not set).
2025-03-23 19:00:16.503 [info] > git rev-parse --show-toplevel [2ms]
2025-03-23 19:00:16.503 [info] fatal: not a git repository (or any parent up to mount point /)
Stopping at filesystem boundary (GIT_DISCOVERY_ACROSS_FILESYSTEM not set).
2025-03-23 19:02:13.937 [info] > git rev-parse --show-toplevel [3ms]
2025-03-23 19:02:13.937 [info] fatal: not a git repository (or any parent up to mount point /)
Stopping at filesystem boundary (GIT_DISCOVERY_ACROSS_FILESYSTEM not set).
2025-03-23 19:03:27.094 [info] > git rev-parse --show-toplevel [2ms]
2025-03-23 19:03:27.094 [info] fatal: not a git repository (or any parent up to mount point /)
Stopping at filesystem boundary (GIT_DISCOVERY_ACROSS_FILESYSTEM not set).
2025-03-23 19:04:46.696 [info] > git rev-parse --show-toplevel [5ms]
2025-03-23 19:04:46.696 [info] fatal: not a git repository (or any parent up to mount point /)
Stopping at filesystem boundary (GIT_DISCOVERY_ACROSS_FILESYSTEM not set).
2025-03-23 19:05:09.154 [info] > git rev-parse --show-toplevel [4ms]
2025-03-23 19:05:09.154 [info] fatal: not a git repository (or any parent up to mount point /)
Stopping at filesystem boundary (GIT_DISCOVERY_ACROSS_FILESYSTEM not set).
2025-03-23 19:12:18.681 [info] > git rev-parse --show-toplevel [2ms]
2025-03-23 19:12:18.681 [info] fatal: not a git repository (or any parent up to mount point /)
Stopping at filesystem boundary (GIT_DISCOVERY_ACROSS_FILESYSTEM not set).
2025-03-23 19:12:35.615 [info] > git rev-parse --show-toplevel [3ms]
2025-03-23 19:12:35.616 [info] fatal: not a git repository (or any parent up to mount point /)
Stopping at filesystem boundary (GIT_DISCOVERY_ACROSS_FILESYSTEM not set).
2025-03-23 19:12:36.699 [info] > git rev-parse --show-toplevel [3ms]
2025-03-23 19:12:36.699 [info] fatal: not a git repository (or any parent up to mount point /)
Stopping at filesystem boundary (GIT_DISCOVERY_ACROSS_FILESYSTEM not set).
2025-03-23 19:14:33.418 [info] > git rev-parse --show-toplevel [7ms]
2025-03-23 19:14:33.418 [info] fatal: not a git repository (or any parent up to mount point /)
Stopping at filesystem boundary (GIT_DISCOVERY_ACROSS_FILESYSTEM not set).
2025-03-23 19:14:44.126 [info] > git rev-parse --show-toplevel [6ms]
2025-03-23 19:14:44.126 [info] fatal: not a git repository (or any parent up to mount point /)
Stopping at filesystem boundary (GIT_DISCOVERY_ACROSS_FILESYSTEM not set).
2025-03-23 19:17:51.373 [info] > git rev-parse --show-toplevel [3ms]
2025-03-23 19:17:51.373 [info] fatal: not a git repository (or any parent up to mount point /)
Stopping at filesystem boundary (GIT_DISCOVERY_ACROSS_FILESYSTEM not set).
2025-03-23 19:31:41.003 [info] > git rev-parse --show-toplevel [4ms]
2025-03-23 19:31:41.003 [info] fatal: not a git repository (or any parent up to mount point /)
Stopping at filesystem boundary (GIT_DISCOVERY_ACROSS_FILESYSTEM not set).
2025-03-23 19:32:13.374 [info] > git rev-parse --show-toplevel [2ms]
2025-03-23 19:32:13.374 [info] fatal: not a git repository (or any parent up to mount point /)
Stopping at filesystem boundary (GIT_DISCOVERY_ACROSS_FILESYSTEM not set).
2025-03-23 19:35:13.918 [info] > git rev-parse --show-toplevel [2ms]
2025-03-23 19:35:13.918 [info] fatal: not a git repository (or any parent up to mount point /)
Stopping at filesystem boundary (GIT_DISCOVERY_ACROSS_FILESYSTEM not set).
2025-03-23 19:35:27.040 [info] > git rev-parse --show-toplevel [3ms]
2025-03-23 19:35:27.040 [info] fatal: not a git repository (or any parent up to mount point /)
Stopping at filesystem boundary (GIT_DISCOVERY_ACROSS_FILESYSTEM not set).
2025-03-23 19:35:32.306 [info] > git rev-parse --show-toplevel [2ms]
2025-03-23 19:35:32.306 [info] fatal: not a git repository (or any parent up to mount point /)
Stopping at filesystem boundary (GIT_DISCOVERY_ACROSS_FILESYSTEM not set).
2025-03-23 19:36:42.437 [info] > git rev-parse --show-toplevel [3ms]
2025-03-23 19:36:42.437 [info] fatal: not a git repository (or any parent up to mount point /)
Stopping at filesystem boundary (GIT_DISCOVERY_ACROSS_FILESYSTEM not set).
2025-03-23 19:36:47.049 [info] > git rev-parse --show-toplevel [3ms]
2025-03-23 19:36:47.049 [info] fatal: not a git repository (or any parent up to mount point /)
Stopping at filesystem boundary (GIT_DISCOVERY_ACROSS_FILESYSTEM not set).
2025-03-23 19:39:55.008 [info] > git rev-parse --show-toplevel [3ms]
2025-03-23 19:39:55.008 [info] fatal: not a git repository (or any parent up to mount point /)
Stopping at filesystem boundary (GIT_DISCOVERY_ACROSS_FILESYSTEM not set).
2025-03-23 19:40:30.609 [info] > git rev-parse --show-toplevel [3ms]
2025-03-23 19:40:30.609 [info] fatal: not a git repository (or any parent up to mount point /)
Stopping at filesystem boundary (GIT_DISCOVERY_ACROSS_FILESYSTEM not set).
2025-03-23 19:41:26.251 [info] > git rev-parse --show-toplevel [3ms]
2025-03-23 19:41:26.251 [info] fatal: not a git repository (or any parent up to mount point /)
Stopping at filesystem boundary (GIT_DISCOVERY_ACROSS_FILESYSTEM not set).
2025-03-23 19:41:27.695 [info] > git rev-parse --show-toplevel [2ms]
2025-03-23 19:41:27.695 [info] fatal: not a git repository (or any parent up to mount point /)
Stopping at filesystem boundary (GIT_DISCOVERY_ACROSS_FILESYSTEM not set).
2025-03-23 19:43:03.595 [info] > git rev-parse --show-toplevel [2ms]
2025-03-23 19:43:03.595 [info] fatal: not a git repository (or any parent up to mount point /)
Stopping at filesystem boundary (GIT_DISCOVERY_ACROSS_FILESYSTEM not set).
2025-03-23 19:43:29.745 [info] > git rev-parse --show-toplevel [3ms]
2025-03-23 19:43:29.745 [info] fatal: not a git repository (or any parent up to mount point /)
Stopping at filesystem boundary (GIT_DISCOVERY_ACROSS_FILESYSTEM not set).
2025-03-23 19:43:48.595 [info] > git rev-parse --show-toplevel [3ms]
2025-03-23 19:43:48.595 [info] fatal: not a git repository (or any parent up to mount point /)
Stopping at filesystem boundary (GIT_DISCOVERY_ACROSS_FILESYSTEM not set).
2025-03-23 19:43:50.397 [info] > git rev-parse --show-toplevel [2ms]
2025-03-23 19:43:50.397 [info] fatal: not a git repository (or any parent up to mount point /)
Stopping at filesystem boundary (GIT_DISCOVERY_ACROSS_FILESYSTEM not set).
2025-03-23 19:44:03.037 [info] > git rev-parse --show-toplevel [4ms]
2025-03-23 19:44:03.037 [info] fatal: not a git repository (or any parent up to mount point /)
Stopping at filesystem boundary (GIT_DISCOVERY_ACROSS_FILESYSTEM not set).
2025-03-23 19:44:20.093 [info] > git rev-parse --show-toplevel [2ms]
2025-03-23 19:44:20.093 [info] fatal: not a git repository (or any parent up to mount point /)
Stopping at filesystem boundary (GIT_DISCOVERY_ACROSS_FILESYSTEM not set).
2025-03-23 19:44:42.035 [info] > git rev-parse --show-toplevel [3ms]
2025-03-23 19:44:42.035 [info] fatal: not a git repository (or any parent up to mount point /)
Stopping at filesystem boundary (GIT_DISCOVERY_ACROSS_FILESYSTEM not set).
2025-03-23 19:45:30.260 [info] > git rev-parse --show-toplevel [2ms]
2025-03-23 19:45:30.260 [info] fatal: not a git repository (or any parent up to mount point /)
Stopping at filesystem boundary (GIT_DISCOVERY_ACROSS_FILESYSTEM not set).
2025-03-23 19:45:31.981 [info] > git rev-parse --show-toplevel [3ms]
2025-03-23 19:45:31.981 [info] fatal: not a git repository (or any parent up to mount point /)
Stopping at filesystem boundary (GIT_DISCOVERY_ACROSS_FILESYSTEM not set).
2025-03-23 19:45:51.214 [info] > git rev-parse --show-toplevel [2ms]
2025-03-23 19:45:51.214 [info] fatal: not a git repository (or any parent up to mount point /)
Stopping at filesystem boundary (GIT_DISCOVERY_ACROSS_FILESYSTEM not set).
2025-03-23 19:45:53.032 [info] > git rev-parse --show-toplevel [2ms]
2025-03-23 19:45:53.032 [info] fatal: not a git repository (or any parent up to mount point /)
Stopping at filesystem boundary (GIT_DISCOVERY_ACROSS_FILESYSTEM not set).
2025-03-23 19:48:38.075 [info] > git rev-parse --show-toplevel [3ms]
2025-03-23 19:48:38.075 [info] fatal: not a git repository (or any parent up to mount point /)
Stopping at filesystem boundary (GIT_DISCOVERY_ACROSS_FILESYSTEM not set).
2025-03-23 20:02:15.988 [info] > git rev-parse --show-toplevel [2ms]
2025-03-23 20:02:15.988 [info] fatal: not a git repository (or any parent up to mount point /)
Stopping at filesystem boundary (GIT_DISCOVERY_ACROSS_FILESYSTEM not set).
2025-03-23 20:03:50.074 [info] > git rev-parse --show-toplevel [3ms]
2025-03-23 20:03:50.074 [info] fatal: not a git repository (or any parent up to mount point /)
Stopping at filesystem boundary (GIT_DISCOVERY_ACROSS_FILESYSTEM not set).
2025-03-23 20:05:32.465 [info] > git rev-parse --show-toplevel [2ms]
2025-03-23 20:05:32.466 [info] fatal: not a git repository (or any parent up to mount point /)
Stopping at filesystem boundary (GIT_DISCOVERY_ACROSS_FILESYSTEM not set).
2025-03-23 20:05:35.445 [info] > git rev-parse --show-toplevel [3ms]
2025-03-23 20:05:35.445 [info] fatal: not a git repository (or any parent up to mount point /)
Stopping at filesystem boundary (GIT_DISCOVERY_ACROSS_FILESYSTEM not set).
2025-03-23 20:05:54.152 [info] > git rev-parse --show-toplevel [2ms]
2025-03-23 20:05:54.152 [info] fatal: not a git repository (or any parent up to mount point /)
Stopping at filesystem boundary (GIT_DISCOVERY_ACROSS_FILESYSTEM not set).
2025-03-23 20:07:42.218 [info] > git rev-parse --show-toplevel [4ms]
2025-03-23 20:07:42.218 [info] fatal: not a git repository (or any parent up to mount point /)
Stopping at filesystem boundary (GIT_DISCOVERY_ACROSS_FILESYSTEM not set).
