2025-03-23 21:07:47.264 [info] [main] Log level: Info
2025-03-23 21:07:47.264 [info] [main] Validating found git in: "git"
2025-03-23 21:07:47.264 [info] [main] Using git "2.49.0" from "git"
2025-03-23 21:07:47.264 [info] [Model][doInitialScan] Initial repository scan started
2025-03-23 21:07:47.264 [info] > git rev-parse --show-toplevel [17ms]
2025-03-23 21:07:47.264 [info] > git rev-parse --git-dir --git-common-dir [7ms]
2025-03-23 21:07:47.264 [info] [Model][openRepository] Opened repository: /home/rx/Desktop/repos/ADC-Investigacao
2025-03-23 21:07:47.265 [info] > git rev-parse --show-toplevel [37ms]
2025-03-23 21:07:47.266 [info] > git config --get commit.template [43ms]
2025-03-23 21:07:47.316 [info] > git rev-parse --show-toplevel [36ms]
2025-03-23 21:07:47.354 [info] > git for-each-ref --format=%(refname)%00%(upstream:short)%00%(objectname)%00%(upstream:track)%00%(upstream:remotename)%00%(upstream:remoteref) refs/heads/main refs/remotes/main [69ms]
2025-03-23 21:07:47.365 [warning] [Git][revParse] Unable to read file: ENOENT: no such file or directory, open '/home/rx/Desktop/repos/ADC-Investigacao/.git/refs/remotes/origin/main'
2025-03-23 21:07:47.366 [info] > git rev-parse --show-toplevel [13ms]
2025-03-23 21:07:47.372 [info] > git rev-parse refs/remotes/origin/main [7ms]
2025-03-23 21:07:47.386 [info] > git rev-parse --show-toplevel [15ms]
2025-03-23 21:07:47.387 [info] [Model][doInitialScan] Initial repository scan completed - repositories (1), closed repositories (0), parent repositories (0), unsafe repositories (0)
2025-03-23 21:07:47.402 [info] > git for-each-ref --sort -committerdate --format %(refname) %(objectname) %(*objectname) [18ms]
2025-03-23 21:07:47.556 [info] > git status -z -uall [177ms]
2025-03-23 21:07:47.623 [info] > git for-each-ref --format=%(refname)%00%(upstream:short)%00%(objectname)%00%(upstream:track)%00%(upstream:remotename)%00%(upstream:remoteref) refs/heads/main refs/remotes/main [56ms]
2025-03-23 21:07:47.642 [info] > git show --textconv :dblist/dblist.mli [7ms]
2025-03-23 21:07:47.645 [info] > git ls-files --stage -- dblist/dblist.mli [5ms]
2025-03-23 21:07:47.651 [info] > git config --get --local branch.main.vscode-merge-base [23ms]
2025-03-23 21:07:47.657 [info] > git config --get commit.template [35ms]
2025-03-23 21:07:47.659 [info] > git for-each-ref --format=%(refname)%00%(upstream:short)%00%(objectname)%00%(upstream:track)%00%(upstream:remotename)%00%(upstream:remoteref) refs/heads/origin/main refs/remotes/origin/main [3ms]
2025-03-23 21:07:47.667 [info] > git cat-file -s 433f0aa1f54606e4858f0b7be0427430d4379066 [17ms]
2025-03-23 21:07:48.824 [info] > git merge-base refs/heads/main refs/remotes/origin/main [1157ms]
2025-03-23 21:07:49.334 [info] > git check-ignore -v -z --stdin [481ms]
2025-03-23 21:07:49.371 [info] > git diff --name-status -z --diff-filter=ADMR 6528981c9872a24d603403af0689394b1d79feef...refs/remotes/origin/main [532ms]
2025-03-23 21:07:49.371 [info] > git for-each-ref --format=%(refname)%00%(upstream:short)%00%(objectname)%00%(upstream:track)%00%(upstream:remotename)%00%(upstream:remoteref) refs/heads/main refs/remotes/main [575ms]
2025-03-23 21:07:49.446 [warning] [Git][revParse] Unable to read file: ENOENT: no such file or directory, open '/home/rx/Desktop/repos/ADC-Investigacao/.git/refs/remotes/origin/main'
2025-03-23 21:07:49.462 [info] > git rev-parse refs/remotes/origin/main [16ms]
2025-03-23 21:07:49.498 [info] > git for-each-ref --sort -committerdate --format %(refname) %(objectname) %(*objectname) [6ms]
2025-03-23 21:07:49.588 [info] > git status -z -uall [110ms]
2025-03-23 21:07:49.590 [info] > git blame --root --incremental 6528981c9872a24d603403af0689394b1d79feef -- dblist/dblist.mli [42ms]
2025-03-23 21:07:51.071 [info] > git config --get --local branch.main.github-pr-owner-number [37ms]
2025-03-23 21:07:51.071 [warning] [Git][config] git config failed: Failed to execute git
2025-03-23 21:31:25.756 [info] > git config --get commit.template [1ms]
2025-03-23 21:31:25.774 [info] > git for-each-ref --format=%(refname)%00%(upstream:short)%00%(objectname)%00%(upstream:track)%00%(upstream:remotename)%00%(upstream:remoteref) refs/heads/main refs/remotes/main [1ms]
2025-03-23 21:31:25.790 [warning] [Git][revParse] Unable to read file: ENOENT: no such file or directory, open '/home/rx/Desktop/repos/ADC-Investigacao/.git/refs/remotes/origin/main'
2025-03-23 21:31:25.791 [info] > git rev-parse refs/remotes/origin/main [1ms]
2025-03-23 21:31:25.826 [info] > git for-each-ref --sort -committerdate --format %(refname) %(objectname) %(*objectname) [2ms]
2025-03-23 21:31:25.893 [info] > git status -z -uall [86ms]
2025-03-23 21:31:52.779 [info] > git config --get commit.template [16ms]
2025-03-23 21:31:52.779 [info] > git for-each-ref --format=%(refname)%00%(upstream:short)%00%(objectname)%00%(upstream:track)%00%(upstream:remotename)%00%(upstream:remoteref) refs/heads/main refs/remotes/main [1ms]
2025-03-23 21:31:52.794 [warning] [Git][revParse] Unable to read file: ENOENT: no such file or directory, open '/home/rx/Desktop/repos/ADC-Investigacao/.git/refs/remotes/origin/main'
2025-03-23 21:31:52.795 [info] > git rev-parse refs/remotes/origin/main [1ms]
2025-03-23 21:31:52.829 [info] > git for-each-ref --sort -committerdate --format %(refname) %(objectname) %(*objectname) [2ms]
2025-03-23 21:31:52.892 [info] > git status -z -uall [81ms]
2025-03-23 21:31:56.845 [info] > git log --format=%H%n%aN%n%aE%n%at%n%ct%n%P%n%D%n%B -z --shortstat --diff-merges=first-parent -n50 --skip=0 --topo-order --decorate=full --stdin [122ms]
2025-03-23 21:31:58.640 [info] > git add -A -- /home/rx/Desktop/repos/ADC-Investigacao/dblist/dblist.mli /home/rx/Desktop/repos/ADC-Investigacao/dblist/dblist.gospel [85ms]
2025-03-23 21:31:58.667 [info] > git config --get commit.template [13ms]
2025-03-23 21:31:58.668 [info] > git for-each-ref --format=%(refname)%00%(upstream:short)%00%(objectname)%00%(upstream:track)%00%(upstream:remotename)%00%(upstream:remoteref) refs/heads/main refs/remotes/main [1ms]
2025-03-23 21:31:58.681 [warning] [Git][revParse] Unable to read file: ENOENT: no such file or directory, open '/home/rx/Desktop/repos/ADC-Investigacao/.git/refs/remotes/origin/main'
2025-03-23 21:31:58.682 [info] > git rev-parse refs/remotes/origin/main [1ms]
2025-03-23 21:31:58.709 [info] > git status -z -uall [15ms]
2025-03-23 21:31:58.710 [info] > git for-each-ref --sort -committerdate --format %(refname) %(objectname) %(*objectname) [2ms]
2025-03-23 21:31:59.047 [info] > git show --textconv HEAD:dblist/dblist.mli [17ms]
2025-03-23 21:31:59.047 [info] > git ls-tree -l HEAD -- dblist/dblist.mli [1ms]
2025-03-23 21:31:59.785 [info] > git config --get commit.template [2ms]
2025-03-23 21:31:59.802 [info] > git for-each-ref --format=%(refname)%00%(upstream:short)%00%(objectname)%00%(upstream:track)%00%(upstream:remotename)%00%(upstream:remoteref) refs/heads/main refs/remotes/main [2ms]
2025-03-23 21:31:59.816 [warning] [Git][revParse] Unable to read file: ENOENT: no such file or directory, open '/home/rx/Desktop/repos/ADC-Investigacao/.git/refs/remotes/origin/main'
2025-03-23 21:31:59.818 [info] > git rev-parse refs/remotes/origin/main [2ms]
2025-03-23 21:31:59.849 [info] > git status -z -uall [16ms]
2025-03-23 21:31:59.850 [info] > git for-each-ref --sort -committerdate --format %(refname) %(objectname) %(*objectname) [1ms]
2025-03-23 21:31:59.902 [info] > git ls-files --stage -- dblist/dblist.mli [16ms]
2025-03-23 21:31:59.918 [info] > git ls-tree -l HEAD -- dblist/dblist.mli [17ms]
2025-03-23 21:31:59.919 [info] > git cat-file -s e75fbc2871af9eb95322aa5a2327888bbb21cd92 [2ms]
2025-03-23 21:31:59.949 [info] > git show --textconv HEAD:dblist/dblist.mli [16ms]
2025-03-23 21:31:59.950 [info] > git show --textconv :dblist/dblist.mli [2ms]
2025-03-23 21:32:00.927 [info] > git branch [1ms]
2025-03-23 21:32:00.944 [info] > git reset -q HEAD -- /home/rx/Desktop/repos/ADC-Investigacao/dblist/dblist.gospel [4ms]
2025-03-23 21:32:00.959 [info] > git config --get commit.template [1ms]
2025-03-23 21:32:00.972 [info] > git for-each-ref --format=%(refname)%00%(upstream:short)%00%(objectname)%00%(upstream:track)%00%(upstream:remotename)%00%(upstream:remoteref) refs/heads/main refs/remotes/main [1ms]
2025-03-23 21:32:00.985 [warning] [Git][revParse] Unable to read file: ENOENT: no such file or directory, open '/home/rx/Desktop/repos/ADC-Investigacao/.git/refs/remotes/origin/main'
2025-03-23 21:32:00.986 [info] > git rev-parse refs/remotes/origin/main [1ms]
2025-03-23 21:32:01.014 [info] > git status -z -uall [15ms]
2025-03-23 21:32:01.015 [info] > git for-each-ref --sort -committerdate --format %(refname) %(objectname) %(*objectname) [1ms]
2025-03-23 21:32:02.164 [info] > git ls-files --stage -- dblist/dblist.mli [23ms]
2025-03-23 21:32:02.181 [info] > git ls-tree -l HEAD -- dblist/dblist.mli [18ms]
2025-03-23 21:32:02.181 [info] > git cat-file -s e75fbc2871af9eb95322aa5a2327888bbb21cd92 [1ms]
2025-03-23 21:32:02.213 [info] > git show --textconv HEAD:dblist/dblist.mli [16ms]
2025-03-23 21:32:02.214 [info] > git show --textconv :dblist/dblist.mli [1ms]
2025-03-23 21:32:03.245 [info] > git log --format=%H%n%aN%n%aE%n%at%n%ct%n%P%n%D%n%B -z --shortstat --diff-merges=first-parent -n50 --skip=0 --topo-order --decorate=full --stdin [116ms]
2025-03-23 21:32:04.887 [info] > git config --get commit.template [16ms]
2025-03-23 21:32:04.887 [info] > git for-each-ref --format=%(refname)%00%(upstream:short)%00%(objectname)%00%(upstream:track)%00%(upstream:remotename)%00%(upstream:remoteref) refs/heads/main refs/remotes/main [1ms]
2025-03-23 21:32:04.901 [warning] [Git][revParse] Unable to read file: ENOENT: no such file or directory, open '/home/rx/Desktop/repos/ADC-Investigacao/.git/refs/remotes/origin/main'
2025-03-23 21:32:04.902 [info] > git rev-parse refs/remotes/origin/main [1ms]
2025-03-23 21:32:04.931 [info] > git status -z -uall [15ms]
2025-03-23 21:32:04.932 [info] > git for-each-ref --sort -committerdate --format %(refname) %(objectname) %(*objectname) [1ms]
2025-03-23 21:32:58.886 [info] > git diff --cached -- /home/rx/Desktop/repos/ADC-Investigacao/dblist/dblist.mli [2ms]
2025-03-23 21:32:58.904 [info] > git log --format=%H%n%aN%n%aE%n%at%n%ct%n%P%n%D%n%B -z -n5 [2ms]
2025-03-23 21:32:58.920 [info] > git config --get --local user.name [1ms]
2025-03-23 21:32:58.920 [warning] [Git][config] git config failed: Failed to execute git
2025-03-23 21:32:58.936 [info] > git log --format=%H%n%aN%n%aE%n%at%n%ct%n%P%n%D%n%B -z -n5 [2ms]
2025-03-23 21:33:06.014 [info] > git -c user.useConfigOnly=true commit --quiet --allow-empty-message --file - [6ms]
2025-03-23 21:33:06.032 [info] > git config --get commit.template [1ms]
2025-03-23 21:33:06.054 [info] > git config --get commit.template [2ms]
2025-03-23 21:33:06.072 [info] > git for-each-ref --format=%(refname)%00%(upstream:short)%00%(objectname)%00%(upstream:track)%00%(upstream:remotename)%00%(upstream:remoteref) refs/heads/main refs/remotes/main [2ms]
2025-03-23 21:33:06.089 [warning] [Git][revParse] Unable to read file: ENOENT: no such file or directory, open '/home/rx/Desktop/repos/ADC-Investigacao/.git/refs/remotes/origin/main'
2025-03-23 21:33:06.090 [info] > git rev-parse refs/remotes/origin/main [1ms]
2025-03-23 21:33:06.124 [info] > git status -z -uall [19ms]
2025-03-23 21:33:06.124 [info] > git for-each-ref --sort -committerdate --format %(refname) %(objectname) %(*objectname) [1ms]
2025-03-23 21:33:06.235 [info] > git show -s --decorate=full --shortstat --format=%H%n%aN%n%aE%n%at%n%ct%n%P%n%D%n%B -z 9957f95c0749e5935f50f16b2a865ef55e92780f [55ms]
2025-03-23 21:33:06.236 [info] > git merge-base refs/heads/main refs/remotes/origin/main [73ms]
2025-03-23 21:33:06.256 [info] > git blame --root --incremental 9957f95c0749e5935f50f16b2a865ef55e92780f -- dblist/dblist.mli [112ms]
2025-03-23 21:33:06.293 [info] > git diff --name-status -z --diff-filter=ADMR 6528981c9872a24d603403af0689394b1d79feef...refs/remotes/origin/main [38ms]
2025-03-23 21:33:06.294 [info] > git config --get --local branch.main.github-pr-owner-number [2ms]
2025-03-23 21:33:06.294 [warning] [Git][config] git config failed: Failed to execute git
2025-03-23 21:33:06.414 [info] > git log --format=%H%n%aN%n%aE%n%at%n%ct%n%P%n%D%n%B -z --shortstat --diff-merges=first-parent -n50 --skip=0 --topo-order --decorate=full --stdin [138ms]
2025-03-23 21:33:07.257 [info] > git ls-files --stage -- dblist/dblist.mli [16ms]
2025-03-23 21:33:07.272 [info] > git ls-tree -l HEAD -- dblist/dblist.mli [16ms]
2025-03-23 21:33:07.273 [info] > git cat-file -s e75fbc2871af9eb95322aa5a2327888bbb21cd92 [1ms]
2025-03-23 21:33:07.304 [info] > git show --textconv HEAD:dblist/dblist.mli [16ms]
2025-03-23 21:33:07.305 [info] > git show --textconv :dblist/dblist.mli [1ms]
2025-03-23 21:33:14.369 [info] > git push origin main:main [8169ms]
2025-03-23 21:33:14.369 [info] To github.com:RuiXavier/ADC-Investigacao.git
   6528981..9957f95  main -> main
2025-03-23 21:33:14.402 [info] > git config --get commit.template [16ms]
2025-03-23 21:33:14.402 [info] > git for-each-ref --format=%(refname)%00%(upstream:short)%00%(objectname)%00%(upstream:track)%00%(upstream:remotename)%00%(upstream:remoteref) refs/heads/main refs/remotes/main [1ms]
2025-03-23 21:33:14.434 [info] > git status -z -uall [17ms]
2025-03-23 21:33:14.434 [info] > git for-each-ref --sort -committerdate --format %(refname) %(objectname) %(*objectname) [1ms]
2025-03-23 21:33:14.455 [info] > git merge-base refs/heads/main refs/remotes/origin/main [2ms]
2025-03-23 21:33:14.489 [info] > git diff --name-status -z --diff-filter=ADMR 9957f95c0749e5935f50f16b2a865ef55e92780f...refs/remotes/origin/main [17ms]
2025-03-23 21:33:14.539 [info] > git config --get --local branch.main.github-pr-owner-number [27ms]
2025-03-23 21:33:14.539 [warning] [Git][config] git config failed: Failed to execute git
2025-03-23 21:33:14.549 [info] > git config --get commit.template [11ms]
2025-03-23 21:33:14.567 [info] > git for-each-ref --format=%(refname)%00%(upstream:short)%00%(objectname)%00%(upstream:track)%00%(upstream:remotename)%00%(upstream:remoteref) refs/heads/main refs/remotes/main [1ms]
2025-03-23 21:33:14.600 [info] > git status -z -uall [17ms]
2025-03-23 21:33:14.600 [info] > git for-each-ref --sort -committerdate --format %(refname) %(objectname) %(*objectname) [1ms]
2025-03-23 21:33:14.616 [info] > git log --format=%H%n%aN%n%aE%n%at%n%ct%n%P%n%D%n%B -z --shortstat --diff-merges=first-parent -n50 --skip=0 --topo-order --decorate=full --stdin [127ms]
2025-03-23 21:33:15.605 [info] > git ls-files --stage -- dblist/dblist.mli [16ms]
2025-03-23 21:33:15.619 [info] > git ls-tree -l HEAD -- dblist/dblist.mli [15ms]
2025-03-23 21:33:15.620 [info] > git cat-file -s e75fbc2871af9eb95322aa5a2327888bbb21cd92 [1ms]
2025-03-23 21:33:15.650 [info] > git show --textconv HEAD:dblist/dblist.mli [15ms]
2025-03-23 21:33:15.651 [info] > git show --textconv :dblist/dblist.mli [1ms]
