2025-03-23 21:39:39.683 [info] Reading sessions from keychain...
2025-03-23 21:39:39.683 [info] Getting sessions for all scopes...
2025-03-23 21:39:39.683 [info] Getting sessions for all scopes...
2025-03-23 21:39:39.683 [info] Getting sessions for all scopes...
2025-03-23 21:39:39.683 [info] Getting sessions for all scopes...
2025-03-23 21:39:39.683 [info] Getting sessions for all scopes...
2025-03-23 21:39:39.683 [info] Getting sessions for all scopes...
2025-03-23 21:39:39.683 [info] Getting sessions for all scopes...
2025-03-23 21:39:39.683 [info] Got stored sessions!
2025-03-23 21:39:39.683 [info] Got 2 verified sessions.
2025-03-23 21:39:39.683 [info] Got 2 sessions for ...
2025-03-23 21:39:39.683 [info] Got 2 sessions for ...
2025-03-23 21:39:39.683 [info] Got 2 sessions for ...
2025-03-23 21:39:39.683 [info] Got 2 sessions for ...
2025-03-23 21:39:39.683 [info] Got 2 sessions for ...
2025-03-23 21:39:39.683 [info] Got 2 sessions for ...
2025-03-23 21:39:39.683 [info] Got 2 sessions for ...
2025-03-23 21:39:39.865 [info] Getting sessions for all scopes...
2025-03-23 21:39:39.865 [info] Got 2 sessions for ...
2025-03-23 21:39:39.930 [info] Getting sessions for user:email...
2025-03-23 21:39:39.930 [info] Got 1 sessions for user:email...
2025-03-23 21:39:40.439 [info] Getting sessions for read:user,repo,user:email,workflow...
2025-03-23 21:39:40.439 [info] Got 1 sessions for read:user,repo,user:email,workflow...
2025-03-23 21:39:42.047 [info] Getting sessions for all scopes...
2025-03-23 21:39:42.047 [info] Got 2 sessions for ...
2025-03-23 21:39:42.470 [info] Getting sessions for read:user,repo,user:email...
2025-03-23 21:39:42.470 [info] Got 0 sessions for read:user,repo,user:email...
2025-03-23 21:39:42.470 [info] Getting sessions for read:user,repo,user:email,workflow...
2025-03-23 21:39:42.470 [info] Got 1 sessions for read:user,repo,user:email,workflow...
2025-03-23 21:39:42.470 [info] Getting sessions for all scopes...
2025-03-23 21:39:42.470 [info] Got 2 sessions for ...
2025-03-23 21:39:42.471 [info] Getting sessions for all scopes...
2025-03-23 21:39:42.471 [info] Got 2 sessions for ...
2025-03-23 21:39:42.471 [info] Getting sessions for project,read:org,read:user,repo,user:email,workflow...
2025-03-23 21:39:42.471 [info] Got 0 sessions for project,read:org,read:user,repo,user:email,workflow...
2025-03-23 21:39:42.613 [info] Getting sessions for read:user,repo,user:email,workflow...
2025-03-23 21:39:42.613 [info] Got 1 sessions for read:user,repo,user:email,workflow...
2025-03-23 21:39:42.614 [info] Getting sessions for read:user,repo,user:email,workflow...
2025-03-23 21:39:42.614 [info] Got 1 sessions for read:user,repo,user:email,workflow...
2025-03-23 21:39:42.750 [info] Getting sessions for all scopes...
2025-03-23 21:39:42.750 [info] Got 2 sessions for ...
2025-03-23 21:39:43.526 [info] Getting sessions for read:user,repo,user:email,workflow...
2025-03-23 21:39:43.526 [info] Got 1 sessions for read:user,repo,user:email,workflow...
2025-03-23 21:39:43.545 [info] Getting sessions for read:user,repo,user:email...
2025-03-23 21:39:43.545 [info] Got 0 sessions for read:user,repo,user:email...
2025-03-23 21:39:43.599 [info] Getting sessions for read:user,repo,user:email,workflow...
2025-03-23 21:39:43.599 [info] Got 1 sessions for read:user,repo,user:email,workflow...
2025-03-23 21:39:43.610 [info] Getting sessions for all scopes...
2025-03-23 21:39:43.610 [info] Got 2 sessions for ...
2025-03-23 21:39:43.621 [info] Getting sessions for read:user,repo,user:email,workflow...
2025-03-23 21:39:43.621 [info] Got 1 sessions for read:user,repo,user:email,workflow...
2025-03-23 21:39:44.262 [info] Getting sessions for all scopes...
2025-03-23 21:39:44.262 [info] Got 2 sessions for ...
2025-03-23 21:39:44.262 [info] Getting sessions for all scopes...
2025-03-23 21:39:44.262 [info] Got 2 sessions for ...
2025-03-23 21:39:44.270 [info] Getting sessions for read:user,repo,user:email,workflow...
2025-03-23 21:39:44.270 [info] Got 1 sessions for read:user,repo,user:email,workflow...
2025-03-23 21:39:44.272 [info] Getting sessions for all scopes...
2025-03-23 21:39:44.272 [info] Got 2 sessions for ...
2025-03-23 21:39:44.272 [info] Getting sessions for read:user,repo,user:email,workflow...
2025-03-23 21:39:44.272 [info] Got 1 sessions for read:user,repo,user:email,workflow...
2025-03-23 21:39:44.309 [info] Getting sessions for all scopes...
2025-03-23 21:39:44.309 [info] Got 2 sessions for ...
2025-03-23 21:39:44.313 [info] Getting sessions for read:user,repo,user:email,workflow...
2025-03-23 21:39:44.313 [info] Got 1 sessions for read:user,repo,user:email,workflow...
2025-03-23 21:39:44.965 [info] Getting sessions for all scopes...
2025-03-23 21:39:44.965 [info] Got 2 sessions for ...
2025-03-23 21:39:44.967 [info] Getting sessions for read:user,repo,user:email,workflow...
2025-03-23 21:39:44.967 [info] Got 1 sessions for read:user,repo,user:email,workflow...
2025-03-23 21:53:34.280 [info] Reading sessions from keychain...
2025-03-23 21:53:34.280 [info] Getting sessions for all scopes...
2025-03-23 21:53:34.280 [info] Getting sessions for all scopes...
2025-03-23 21:53:34.280 [info] Getting sessions for all scopes...
2025-03-23 21:53:34.280 [info] Getting sessions for all scopes...
2025-03-23 21:53:34.280 [info] Getting sessions for all scopes...
2025-03-23 21:53:34.280 [info] Getting sessions for all scopes...
2025-03-23 21:53:34.280 [info] Getting sessions for all scopes...
2025-03-23 21:53:34.280 [info] Got stored sessions!
2025-03-23 21:53:34.280 [info] Got 2 verified sessions.
2025-03-23 21:53:34.280 [info] Got 2 sessions for ...
2025-03-23 21:53:34.280 [info] Got 2 sessions for ...
2025-03-23 21:53:34.280 [info] Got 2 sessions for ...
2025-03-23 21:53:34.280 [info] Got 2 sessions for ...
2025-03-23 21:53:34.280 [info] Got 2 sessions for ...
2025-03-23 21:53:34.280 [info] Got 2 sessions for ...
2025-03-23 21:53:34.280 [info] Got 2 sessions for ...
2025-03-23 21:53:34.280 [info] Getting sessions for all scopes...
2025-03-23 21:53:34.280 [info] Got 2 sessions for ...
2025-03-23 21:53:34.291 [info] Getting sessions for user:email...
2025-03-23 21:53:34.291 [info] Got 1 sessions for user:email...
2025-03-23 21:53:36.622 [info] Getting sessions for all scopes...
2025-03-23 21:53:36.622 [info] Got 2 sessions for ...
2025-03-23 21:53:36.813 [info] Getting sessions for read:user,repo,user:email...
2025-03-23 21:53:36.813 [info] Got 0 sessions for read:user,repo,user:email...
2025-03-23 21:53:36.813 [info] Getting sessions for read:user,repo,user:email,workflow...
2025-03-23 21:53:36.813 [info] Got 1 sessions for read:user,repo,user:email,workflow...
2025-03-23 21:53:36.825 [info] Getting sessions for all scopes...
2025-03-23 21:53:36.825 [info] Got 2 sessions for ...
2025-03-23 21:53:36.825 [info] Getting sessions for all scopes...
2025-03-23 21:53:36.825 [info] Got 2 sessions for ...
2025-03-23 21:53:36.826 [info] Getting sessions for project,read:org,read:user,repo,user:email,workflow...
2025-03-23 21:53:36.826 [info] Got 0 sessions for project,read:org,read:user,repo,user:email,workflow...
2025-03-23 21:53:37.055 [info] Getting sessions for read:user,repo,user:email,workflow...
2025-03-23 21:53:37.055 [info] Got 1 sessions for read:user,repo,user:email,workflow...
2025-03-23 21:53:37.055 [info] Getting sessions for read:user,repo,user:email,workflow...
2025-03-23 21:53:37.055 [info] Got 1 sessions for read:user,repo,user:email,workflow...
2025-03-23 21:53:37.123 [info] Getting sessions for all scopes...
2025-03-23 21:53:37.123 [info] Got 2 sessions for ...
2025-03-23 21:53:38.026 [info] Getting sessions for read:user,repo,user:email,workflow...
2025-03-23 21:53:38.026 [info] Got 1 sessions for read:user,repo,user:email,workflow...
2025-03-23 21:53:38.135 [info] Getting sessions for all scopes...
2025-03-23 21:53:38.135 [info] Got 2 sessions for ...
2025-03-23 21:53:38.170 [info] Getting sessions for read:user,repo,user:email,workflow...
2025-03-23 21:53:38.170 [info] Got 1 sessions for read:user,repo,user:email,workflow...
2025-03-23 21:53:38.742 [info] Getting sessions for all scopes...
2025-03-23 21:53:38.742 [info] Got 2 sessions for ...
2025-03-23 21:53:38.742 [info] Getting sessions for all scopes...
2025-03-23 21:53:38.742 [info] Got 2 sessions for ...
2025-03-23 21:53:38.742 [info] Getting sessions for read:user,repo,user:email,workflow...
2025-03-23 21:53:38.742 [info] Got 1 sessions for read:user,repo,user:email,workflow...
2025-03-23 21:53:38.744 [info] Getting sessions for all scopes...
2025-03-23 21:53:38.744 [info] Got 2 sessions for ...
2025-03-23 21:53:38.744 [info] Getting sessions for read:user,repo,user:email,workflow...
2025-03-23 21:53:38.744 [info] Got 1 sessions for read:user,repo,user:email,workflow...
2025-03-23 21:53:38.782 [info] Getting sessions for all scopes...
2025-03-23 21:53:38.782 [info] Got 2 sessions for ...
2025-03-23 21:53:38.786 [info] Getting sessions for read:user,repo,user:email,workflow...
2025-03-23 21:53:38.786 [info] Got 1 sessions for read:user,repo,user:email,workflow...
2025-03-23 21:53:39.415 [info] Getting sessions for all scopes...
2025-03-23 21:53:39.415 [info] Got 2 sessions for ...
2025-03-23 21:53:39.416 [info] Getting sessions for read:user,repo,user:email,workflow...
2025-03-23 21:53:39.416 [info] Got 1 sessions for read:user,repo,user:email,workflow...
2025-03-23 22:02:06.969 [info] Getting sessions for all scopes...
2025-03-23 22:02:06.969 [info] Got 2 sessions for ...
2025-03-23 22:02:06.969 [info] Getting sessions for read:user,repo,user:email,workflow...
2025-03-23 22:02:06.969 [info] Got 1 sessions for read:user,repo,user:email,workflow...
2025-03-23 22:02:07.621 [info] Getting sessions for all scopes...
2025-03-23 22:02:07.621 [info] Got 2 sessions for ...
2025-03-23 22:02:07.637 [info] Getting sessions for read:user,repo,user:email,workflow...
2025-03-23 22:02:07.637 [info] Got 1 sessions for read:user,repo,user:email,workflow...
2025-03-23 22:02:08.810 [info] Getting sessions for all scopes...
2025-03-23 22:02:08.810 [info] Got 2 sessions for ...
2025-03-23 22:02:08.810 [info] Getting sessions for read:user,repo,user:email,workflow...
2025-03-23 22:02:08.810 [info] Got 1 sessions for read:user,repo,user:email,workflow...
2025-03-23 22:08:39.418 [info] Getting sessions for all scopes...
2025-03-23 22:08:39.418 [info] Got 2 sessions for ...
2025-03-23 22:08:39.419 [info] Getting sessions for read:user,repo,user:email,workflow...
2025-03-23 22:08:39.419 [info] Got 1 sessions for read:user,repo,user:email,workflow...
2025-03-23 22:12:47.211 [info] Getting sessions for all scopes...
2025-03-23 22:12:47.211 [info] Got 2 sessions for ...
2025-03-23 22:12:47.212 [info] Getting sessions for read:user,repo,user:email,workflow...
2025-03-23 22:12:47.212 [info] Got 1 sessions for read:user,repo,user:email,workflow...
2025-03-23 22:12:47.748 [info] Getting sessions for all scopes...
2025-03-23 22:12:47.748 [info] Got 2 sessions for ...
2025-03-23 22:12:47.749 [info] Getting sessions for read:user,repo,user:email,workflow...
2025-03-23 22:12:47.749 [info] Got 1 sessions for read:user,repo,user:email,workflow...
2025-03-23 22:12:48.297 [info] Getting sessions for all scopes...
2025-03-23 22:12:48.297 [info] Got 2 sessions for ...
2025-03-23 22:12:48.302 [info] Getting sessions for read:user,repo,user:email,workflow...
2025-03-23 22:12:48.302 [info] Got 1 sessions for read:user,repo,user:email,workflow...
2025-03-23 22:12:50.530 [info] Getting sessions for all scopes...
2025-03-23 22:12:50.530 [info] Got 2 sessions for ...
2025-03-23 22:12:50.532 [info] Getting sessions for read:user,repo,user:email,workflow...
2025-03-23 22:12:50.532 [info] Got 1 sessions for read:user,repo,user:email,workflow...
2025-03-23 22:18:45.517 [info] Getting sessions for all scopes...
2025-03-23 22:18:45.517 [info] Got 2 sessions for ...
2025-03-23 22:18:45.518 [info] Getting sessions for read:user,repo,user:email,workflow...
2025-03-23 22:18:45.518 [info] Got 1 sessions for read:user,repo,user:email,workflow...
2025-03-23 22:18:45.519 [info] Getting sessions for all scopes...
2025-03-23 22:18:45.519 [info] Got 2 sessions for ...
2025-03-23 22:18:45.519 [info] Getting sessions for read:user,repo,user:email,workflow...
2025-03-23 22:18:45.519 [info] Got 1 sessions for read:user,repo,user:email,workflow...
2025-03-23 22:18:46.145 [info] Getting sessions for all scopes...
2025-03-23 22:18:46.145 [info] Got 2 sessions for ...
2025-03-23 22:18:46.145 [info] Getting sessions for all scopes...
2025-03-23 22:18:46.145 [info] Got 2 sessions for ...
2025-03-23 22:18:46.146 [info] Getting sessions for read:user,repo,user:email,workflow...
2025-03-23 22:18:46.146 [info] Got 1 sessions for read:user,repo,user:email,workflow...
2025-03-23 22:18:46.146 [info] Getting sessions for all scopes...
2025-03-23 22:18:46.147 [info] Got 2 sessions for ...
2025-03-23 22:18:46.147 [info] Getting sessions for read:user,repo,user:email,workflow...
2025-03-23 22:18:46.147 [info] Got 1 sessions for read:user,repo,user:email,workflow...
2025-03-23 22:18:46.148 [info] Getting sessions for all scopes...
2025-03-23 22:18:46.148 [info] Got 2 sessions for ...
2025-03-23 22:18:46.148 [info] Getting sessions for read:user,repo,user:email,workflow...
2025-03-23 22:18:46.148 [info] Got 1 sessions for read:user,repo,user:email,workflow...
2025-03-23 22:18:46.786 [info] Getting sessions for all scopes...
2025-03-23 22:18:46.786 [info] Got 2 sessions for ...
2025-03-23 22:18:46.797 [info] Getting sessions for read:user,repo,user:email,workflow...
2025-03-23 22:18:46.797 [info] Got 1 sessions for read:user,repo,user:email,workflow...
2025-03-23 22:18:49.807 [info] Getting sessions for all scopes...
2025-03-23 22:18:49.807 [info] Got 2 sessions for ...
2025-03-23 22:18:49.904 [info] Getting sessions for read:user,repo,user:email,workflow...
2025-03-23 22:18:49.904 [info] Got 1 sessions for read:user,repo,user:email,workflow...
