2025-03-23 20:34:27.368 [warning] /home/rx/.ssh/config: ENOENT: no such file or directory, open '/home/rx/.ssh/config'
2025-03-23 20:34:27.368 [info] [Activation] Extension version: 0.106.0
2025-03-23 20:34:27.433 [info] [Activation] Looking for git repository
2025-03-23 20:34:27.433 [info] [Activation] Found 0 repositories during activation
2025-03-23 20:34:27.433 [info] [Activation] Git repository found, initializing review manager and pr tree view.
2025-03-23 20:34:27.434 [info] [GitAPI] Registering git provider
2025-03-23 20:41:36.837 [warning] /home/rx/.ssh/config: ENOENT: no such file or directory, open '/home/rx/.ssh/config'
2025-03-23 20:41:36.837 [info] [Activation] Extension version: 0.106.0
2025-03-23 20:41:36.848 [info] [Activation] Looking for git repository
2025-03-23 20:41:36.848 [info] [Activation] Found 0 repositories during activation
2025-03-23 20:41:36.848 [info] [Activation] Git repository found, initializing review manager and pr tree view.
2025-03-23 20:41:38.646 [info] [GitAPI] Registering git provider
2025-03-23 20:41:39.983 [info] [GitAPI] Repository file:///home/rx/Desktop/repos/ADC-Investigacao has been opened
2025-03-23 20:41:40.308 [info] [Activation] Git initialization state changed: state=initialized
2025-03-23 20:41:40.308 [info] [Review+0] Validate state in progress
2025-03-23 20:41:40.308 [info] [Review+0] Validating state...
2025-03-23 20:41:40.309 [warning] No remotes found. The following remotes are missing: origin, upstream
2025-03-23 20:41:40.309 [info] [FolderRepositoryManager+0] No GitHub remotes found for folder /home/rx/Desktop/repos/ADC-Investigacao
2025-03-23 20:41:40.309 [info] [FolderRepositoryManager+0] Trying to use globalState for assignableUsers.
2025-03-23 20:41:40.420 [info] [FolderRepositoryManager+0] GlobalState does not exist for assignableUsers.
2025-03-23 20:41:40.505 [info] [Review+0] Validate state in progress
2025-03-23 20:41:40.505 [info] [Review+0] Validating state...
2025-03-23 20:41:40.505 [info] [Activation] Repo state for file:///home/rx/Desktop/repos/ADC-Investigacao changed.
2025-03-23 20:41:40.505 [info] [Activation] Repo file:///home/rx/Desktop/repos/ADC-Investigacao has already been setup.
2025-03-23 20:41:40.596 [info] [FolderRepositoryManager+0] Found GitHub remote for folder /home/rx/Desktop/repos/ADC-Investigacao
2025-03-23 20:41:40.596 [info] [FolderRepositoryManager+0] Using in-memory cached assignable users.
2025-03-23 20:41:40.707 [info] [Review+0] No matching pull request metadata found locally for current branch main
2025-03-23 20:41:40.707 [info] [Review+0] No matching pull request metadata found on GitHub for current branch main
2025-03-23 20:43:51.951 [info] [FolderRepositoryManager+0] Found GitHub remote for folder /home/rx/Desktop/repos/ADC-Investigacao
2025-03-23 20:43:52.392 [info] [FolderRepositoryManager+0] Trying to use globalState for assignableUsers.
2025-03-23 20:43:52.413 [info] [FolderRepositoryManager+0] GlobalState does not exist for assignableUsers.
