2025-03-23 22:29:25.703 [info] Reading sessions from keychain...
2025-03-23 22:29:25.703 [info] Getting sessions for all scopes...
2025-03-23 22:29:25.703 [info] Getting sessions for all scopes...
2025-03-23 22:29:25.703 [info] Getting sessions for all scopes...
2025-03-23 22:29:25.726 [info] Getting sessions for all scopes...
2025-03-23 22:29:25.727 [info] Getting sessions for all scopes...
2025-03-23 22:29:25.727 [info] Getting sessions for all scopes...
2025-03-23 22:29:25.727 [info] Getting sessions for all scopes...
2025-03-23 22:29:25.727 [info] Getting sessions for all scopes...
2025-03-23 22:29:25.862 [info] Got stored sessions!
2025-03-23 22:29:25.862 [info] Got 2 verified sessions.
2025-03-23 22:29:25.862 [info] Got 2 sessions for ...
2025-03-23 22:29:25.862 [info] Got 2 sessions for ...
2025-03-23 22:29:25.862 [info] Got 2 sessions for ...
2025-03-23 22:29:25.862 [info] Got 2 sessions for ...
2025-03-23 22:29:25.862 [info] Got 2 sessions for ...
2025-03-23 22:29:25.862 [info] Got 2 sessions for ...
2025-03-23 22:29:25.862 [info] Got 2 sessions for ...
2025-03-23 22:29:25.862 [info] Got 2 sessions for ...
2025-03-23 22:29:25.873 [info] Getting sessions for user:email...
2025-03-23 22:29:25.873 [info] Got 1 sessions for user:email...
2025-03-23 22:29:28.552 [info] Getting sessions for all scopes...
2025-03-23 22:29:28.552 [info] Got 2 sessions for ...
2025-03-23 22:29:28.714 [info] Getting sessions for read:user,repo,user:email...
2025-03-23 22:29:28.714 [info] Got 0 sessions for read:user,repo,user:email...
2025-03-23 22:29:28.714 [info] Getting sessions for read:user,repo,user:email,workflow...
2025-03-23 22:29:28.714 [info] Got 1 sessions for read:user,repo,user:email,workflow...
2025-03-23 22:29:28.715 [info] Getting sessions for all scopes...
2025-03-23 22:29:28.715 [info] Got 2 sessions for ...
2025-03-23 22:29:28.715 [info] Getting sessions for all scopes...
2025-03-23 22:29:28.715 [info] Got 2 sessions for ...
2025-03-23 22:29:28.715 [info] Getting sessions for project,read:org,read:user,repo,user:email,workflow...
2025-03-23 22:29:28.715 [info] Got 0 sessions for project,read:org,read:user,repo,user:email,workflow...
2025-03-23 22:29:28.809 [info] Getting sessions for read:user,repo,user:email,workflow...
2025-03-23 22:29:28.809 [info] Got 1 sessions for read:user,repo,user:email,workflow...
2025-03-23 22:29:28.809 [info] Getting sessions for read:user,repo,user:email,workflow...
2025-03-23 22:29:28.809 [info] Got 1 sessions for read:user,repo,user:email,workflow...
2025-03-23 22:29:29.620 [info] Getting sessions for all scopes...
2025-03-23 22:29:29.620 [info] Got 2 sessions for ...
2025-03-23 22:29:29.741 [info] Getting sessions for read:user,repo,user:email,workflow...
2025-03-23 22:29:29.741 [info] Got 1 sessions for read:user,repo,user:email,workflow...
2025-03-23 22:29:29.827 [info] Getting sessions for all scopes...
2025-03-23 22:29:29.827 [info] Got 2 sessions for ...
2025-03-23 22:29:29.889 [info] Getting sessions for read:user,repo,user:email,workflow...
2025-03-23 22:29:29.889 [info] Got 1 sessions for read:user,repo,user:email,workflow...
2025-03-23 22:29:30.574 [info] Getting sessions for all scopes...
2025-03-23 22:29:30.574 [info] Got 2 sessions for ...
2025-03-23 22:29:30.574 [info] Getting sessions for all scopes...
2025-03-23 22:29:30.574 [info] Got 2 sessions for ...
2025-03-23 22:29:30.580 [info] Getting sessions for read:user,repo,user:email,workflow...
2025-03-23 22:29:30.581 [info] Got 1 sessions for read:user,repo,user:email,workflow...
2025-03-23 22:29:30.582 [info] Getting sessions for all scopes...
2025-03-23 22:29:30.582 [info] Got 2 sessions for ...
2025-03-23 22:29:30.583 [info] Getting sessions for read:user,repo,user:email,workflow...
2025-03-23 22:29:30.583 [info] Got 1 sessions for read:user,repo,user:email,workflow...
2025-03-23 22:29:30.618 [info] Getting sessions for all scopes...
2025-03-23 22:29:30.618 [info] Got 2 sessions for ...
2025-03-23 22:29:30.626 [info] Getting sessions for read:user,repo,user:email,workflow...
2025-03-23 22:29:30.626 [info] Got 1 sessions for read:user,repo,user:email,workflow...
