2025-03-23 20:34:25.189 [info] [main] Log level: Info
2025-03-23 20:34:25.189 [info] [main] Validating found git in: "git"
2025-03-23 20:34:25.189 [info] [main] Using git "2.49.0" from "git"
2025-03-23 20:34:25.189 [info] [Model][doInitialScan] Initial repository scan started
2025-03-23 20:34:25.189 [info] > git rev-parse --show-toplevel [10ms]
2025-03-23 20:34:25.189 [info] fatal: not a git repository (or any parent up to mount point /)
Stopping at filesystem boundary (GIT_DISCOVERY_ACROSS_FILESYSTEM not set).
2025-03-23 20:34:25.189 [info] > git rev-parse --show-toplevel [3ms]
2025-03-23 20:34:25.189 [info] fatal: not a git repository (or any parent up to mount point /)
Stopping at filesystem boundary (GIT_DISCOVERY_ACROSS_FILESYSTEM not set).
2025-03-23 20:34:25.199 [info] > git rev-parse --show-toplevel [12ms]
2025-03-23 20:34:25.199 [info] fatal: not a git repository (or any parent up to mount point /)
Stopping at filesystem boundary (GIT_DISCOVERY_ACROSS_FILESYSTEM not set).
2025-03-23 20:34:25.207 [info] > git rev-parse --show-toplevel [2ms]
2025-03-23 20:34:25.208 [info] fatal: not a git repository (or any parent up to mount point /)
Stopping at filesystem boundary (GIT_DISCOVERY_ACROSS_FILESYSTEM not set).
2025-03-23 20:34:25.214 [info] > git rev-parse --show-toplevel [1ms]
2025-03-23 20:34:25.215 [info] fatal: not a git repository (or any parent up to mount point /)
Stopping at filesystem boundary (GIT_DISCOVERY_ACROSS_FILESYSTEM not set).
2025-03-23 20:34:25.220 [info] > git rev-parse --show-toplevel [1ms]
2025-03-23 20:34:25.220 [info] fatal: not a git repository (or any parent up to mount point /)
Stopping at filesystem boundary (GIT_DISCOVERY_ACROSS_FILESYSTEM not set).
2025-03-23 20:34:25.227 [info] > git rev-parse --show-toplevel [1ms]
2025-03-23 20:34:25.227 [info] fatal: not a git repository (or any parent up to mount point /)
Stopping at filesystem boundary (GIT_DISCOVERY_ACROSS_FILESYSTEM not set).
2025-03-23 20:34:25.234 [info] > git rev-parse --show-toplevel [1ms]
2025-03-23 20:34:25.234 [info] fatal: not a git repository (or any parent up to mount point /)
Stopping at filesystem boundary (GIT_DISCOVERY_ACROSS_FILESYSTEM not set).
2025-03-23 20:34:25.241 [info] > git rev-parse --show-toplevel [1ms]
2025-03-23 20:34:25.242 [info] fatal: not a git repository (or any parent up to mount point /)
Stopping at filesystem boundary (GIT_DISCOVERY_ACROSS_FILESYSTEM not set).
2025-03-23 20:34:25.248 [info] > git rev-parse --show-toplevel [0ms]
2025-03-23 20:34:25.248 [info] fatal: not a git repository (or any parent up to mount point /)
Stopping at filesystem boundary (GIT_DISCOVERY_ACROSS_FILESYSTEM not set).
2025-03-23 20:34:25.254 [info] > git rev-parse --show-toplevel [1ms]
2025-03-23 20:34:25.254 [info] fatal: not a git repository (or any parent up to mount point /)
Stopping at filesystem boundary (GIT_DISCOVERY_ACROSS_FILESYSTEM not set).
2025-03-23 20:34:25.261 [info] > git rev-parse --show-toplevel [1ms]
2025-03-23 20:34:25.261 [info] fatal: not a git repository (or any parent up to mount point /)
Stopping at filesystem boundary (GIT_DISCOVERY_ACROSS_FILESYSTEM not set).
2025-03-23 20:34:25.268 [info] > git rev-parse --show-toplevel [1ms]
2025-03-23 20:34:25.268 [info] fatal: not a git repository (or any parent up to mount point /)
Stopping at filesystem boundary (GIT_DISCOVERY_ACROSS_FILESYSTEM not set).
2025-03-23 20:34:25.274 [info] > git rev-parse --show-toplevel [1ms]
2025-03-23 20:34:25.274 [info] fatal: not a git repository (or any parent up to mount point /)
Stopping at filesystem boundary (GIT_DISCOVERY_ACROSS_FILESYSTEM not set).
2025-03-23 20:34:25.280 [info] > git rev-parse --show-toplevel [1ms]
2025-03-23 20:34:25.280 [info] fatal: not a git repository (or any parent up to mount point /)
Stopping at filesystem boundary (GIT_DISCOVERY_ACROSS_FILESYSTEM not set).
2025-03-23 20:34:25.286 [info] > git rev-parse --show-toplevel [0ms]
2025-03-23 20:34:25.286 [info] fatal: not a git repository (or any parent up to mount point /)
Stopping at filesystem boundary (GIT_DISCOVERY_ACROSS_FILESYSTEM not set).
2025-03-23 20:34:25.293 [info] > git rev-parse --show-toplevel [1ms]
2025-03-23 20:34:25.293 [info] fatal: not a git repository (or any parent up to mount point /)
Stopping at filesystem boundary (GIT_DISCOVERY_ACROSS_FILESYSTEM not set).
2025-03-23 20:34:25.299 [info] > git rev-parse --show-toplevel [1ms]
2025-03-23 20:34:25.299 [info] fatal: not a git repository (or any parent up to mount point /)
Stopping at filesystem boundary (GIT_DISCOVERY_ACROSS_FILESYSTEM not set).
2025-03-23 20:34:25.306 [info] > git rev-parse --show-toplevel [1ms]
2025-03-23 20:34:25.306 [info] fatal: not a git repository (or any parent up to mount point /)
Stopping at filesystem boundary (GIT_DISCOVERY_ACROSS_FILESYSTEM not set).
2025-03-23 20:34:25.314 [info] > git rev-parse --show-toplevel [1ms]
2025-03-23 20:34:25.314 [info] fatal: not a git repository (or any parent up to mount point /)
Stopping at filesystem boundary (GIT_DISCOVERY_ACROSS_FILESYSTEM not set).
2025-03-23 20:34:25.321 [info] > git rev-parse --show-toplevel [1ms]
2025-03-23 20:34:25.321 [info] fatal: not a git repository (or any parent up to mount point /)
Stopping at filesystem boundary (GIT_DISCOVERY_ACROSS_FILESYSTEM not set).
2025-03-23 20:34:25.328 [info] > git rev-parse --show-toplevel [1ms]
2025-03-23 20:34:25.328 [info] fatal: not a git repository (or any parent up to mount point /)
Stopping at filesystem boundary (GIT_DISCOVERY_ACROSS_FILESYSTEM not set).
2025-03-23 20:34:25.330 [info] [Model][doInitialScan] Initial repository scan completed - repositories (0), closed repositories (0), parent repositories (0), unsafe repositories (0)
2025-03-23 20:34:27.267 [info] > git rev-parse --show-toplevel [112ms]
2025-03-23 20:34:27.267 [info] fatal: not a git repository (or any parent up to mount point /)
Stopping at filesystem boundary (GIT_DISCOVERY_ACROSS_FILESYSTEM not set).
2025-03-23 20:34:27.311 [info] > git rev-parse --show-toplevel [20ms]
2025-03-23 20:34:27.311 [info] fatal: not a git repository (or any parent up to mount point /)
Stopping at filesystem boundary (GIT_DISCOVERY_ACROSS_FILESYSTEM not set).
2025-03-23 20:34:28.331 [info] > git rev-parse --show-toplevel [25ms]
2025-03-23 20:34:28.331 [info] fatal: not a git repository (or any parent up to mount point /)
Stopping at filesystem boundary (GIT_DISCOVERY_ACROSS_FILESYSTEM not set).
2025-03-23 20:34:28.381 [info] > git rev-parse --show-toplevel [28ms]
2025-03-23 20:34:28.381 [info] fatal: not a git repository (or any parent up to mount point /)
Stopping at filesystem boundary (GIT_DISCOVERY_ACROSS_FILESYSTEM not set).
2025-03-23 20:41:39.969 [info] [main] Log level: Info
2025-03-23 20:41:39.969 [info] [main] Validating found git in: "git"
2025-03-23 20:41:39.969 [info] [main] Using git "2.49.0" from "git"
2025-03-23 20:41:39.969 [info] [Model][doInitialScan] Initial repository scan started
2025-03-23 20:41:39.969 [info] > git rev-parse --show-toplevel [850ms]
2025-03-23 20:41:39.975 [info] > git rev-parse --git-dir --git-common-dir [27ms]
2025-03-23 20:41:39.983 [info] [Model][openRepository] Opened repository: /home/rx/Desktop/repos/ADC-Investigacao
2025-03-23 20:41:40.067 [info] > git rev-parse --show-toplevel [8ms]
2025-03-23 20:41:40.068 [info] > git config --get commit.template [21ms]
2025-03-23 20:41:40.176 [info] > git rev-parse --show-toplevel [43ms]
2025-03-23 20:41:40.200 [info] > git for-each-ref --format=%(refname)%00%(upstream:short)%00%(objectname)%00%(upstream:track)%00%(upstream:remotename)%00%(upstream:remoteref) refs/heads/main refs/remotes/main [27ms]
2025-03-23 20:41:40.304 [warning] [Git][revParse] Unable to read file: ENOENT: no such file or directory, open '/home/rx/Desktop/repos/ADC-Investigacao/.git/refs/remotes/origin/main'
2025-03-23 20:41:40.306 [info] > git rev-parse --show-toplevel [108ms]
2025-03-23 20:41:40.308 [info] [Model][doInitialScan] Initial repository scan completed - repositories (1), closed repositories (0), parent repositories (0), unsafe repositories (0)
2025-03-23 20:41:40.358 [info] > git rev-parse refs/remotes/origin/main [54ms]
2025-03-23 20:41:40.419 [info] > git for-each-ref --sort -committerdate --format %(refname) %(objectname) %(*objectname) [28ms]
2025-03-23 20:41:40.470 [info] > git status -z -uall [96ms]
2025-03-23 20:41:40.559 [info] > git for-each-ref --format=%(refname)%00%(upstream:short)%00%(objectname)%00%(upstream:track)%00%(upstream:remotename)%00%(upstream:remoteref) refs/heads/main refs/remotes/main [37ms]
2025-03-23 20:41:40.616 [info] > git config --get --local branch.main.vscode-merge-base [43ms]
2025-03-23 20:41:40.616 [warning] [Git][config] git config failed: Failed to execute git
2025-03-23 20:41:40.632 [info] > git config --get commit.template [75ms]
2025-03-23 20:41:40.692 [info] > git check-ignore -v -z --stdin [45ms]
2025-03-23 20:41:40.692 [info] > git reflog main --grep-reflog=branch: Created from *. [60ms]
2025-03-23 20:41:40.706 [info] > git config --get --local branch.main.github-pr-owner-number [94ms]
2025-03-23 20:41:40.706 [warning] [Git][config] git config failed: Failed to execute git
2025-03-23 20:41:40.752 [info] > git symbolic-ref --short refs/remotes/origin/HEAD [46ms]
2025-03-23 20:41:40.787 [info] > git for-each-ref --format=%(refname)%00%(upstream:short)%00%(objectname)%00%(upstream:track)%00%(upstream:remotename)%00%(upstream:remoteref) refs/heads/origin/main refs/remotes/origin/main [17ms]
2025-03-23 20:41:40.802 [info] > git for-each-ref --format=%(refname)%00%(upstream:short)%00%(objectname)%00%(upstream:track)%00%(upstream:remotename)%00%(upstream:remoteref) refs/heads/main refs/remotes/main [54ms]
2025-03-23 20:41:41.599 [warning] [Git][revParse] Unable to read file: ENOENT: no such file or directory, open '/home/rx/Desktop/repos/ADC-Investigacao/.git/refs/remotes/origin/main'
2025-03-23 20:41:41.617 [info] > git config --add --local branch.main.vscode-merge-base origin/main [816ms]
2025-03-23 20:41:41.637 [info] > git rev-parse refs/remotes/origin/main [38ms]
2025-03-23 20:41:41.703 [info] > git for-each-ref --format=%(refname)%00%(upstream:short)%00%(objectname)%00%(upstream:track)%00%(upstream:remotename)%00%(upstream:remoteref) refs/heads/main refs/remotes/main [51ms]
2025-03-23 20:41:41.717 [info] > git config --get commit.template [80ms]
2025-03-23 20:41:41.733 [info] > git config --get --local branch.main.vscode-merge-base [17ms]
2025-03-23 20:41:41.777 [info] > git for-each-ref --format=%(refname)%00%(upstream:short)%00%(objectname)%00%(upstream:track)%00%(upstream:remotename)%00%(upstream:remoteref) refs/heads/main refs/remotes/main [10ms]
2025-03-23 20:41:41.777 [info] > git for-each-ref --format=%(refname)%00%(upstream:short)%00%(objectname)%00%(upstream:track)%00%(upstream:remotename)%00%(upstream:remoteref) refs/heads/origin/main refs/remotes/origin/main [24ms]
2025-03-23 20:41:41.811 [warning] [Git][revParse] Unable to read file: ENOENT: no such file or directory, open '/home/rx/Desktop/repos/ADC-Investigacao/.git/refs/remotes/origin/main'
2025-03-23 20:41:41.817 [info] > git merge-base refs/heads/main refs/remotes/origin/main [23ms]
2025-03-23 20:41:41.834 [info] > git rev-parse refs/remotes/origin/main [23ms]
2025-03-23 20:41:41.866 [info] > git for-each-ref --sort -committerdate --format %(refname) %(objectname) %(*objectname) [3ms]
2025-03-23 20:41:41.866 [info] > git diff --name-status -z --diff-filter=ADMR 6528981c9872a24d603403af0689394b1d79feef...refs/remotes/origin/main [34ms]
2025-03-23 20:41:41.931 [info] > git status -z -uall [82ms]
2025-03-23 20:41:42.473 [info] > git show --textconv :dblist/dblist.mli [19ms]
2025-03-23 20:41:42.475 [info] > git ls-files --stage -- dblist/dblist.mli [2ms]
2025-03-23 20:41:42.502 [info] > git cat-file -s 433f0aa1f54606e4858f0b7be0427430d4379066 [9ms]
2025-03-23 20:41:42.806 [info] > git ls-files --stage -- dblist/dblist.mli [2ms]
2025-03-23 20:41:42.825 [info] > git cat-file -s 433f0aa1f54606e4858f0b7be0427430d4379066 [7ms]
2025-03-23 20:41:42.848 [info] > git show --textconv :dblist/dblist.mli [1ms]
