2025-03-23 21:07:46.027 [info] [AutoSync] Using settings sync service https://vscode-sync.trafficmanager.net/
2025-03-23 21:07:46.027 [info] [AutoSync] Enabled.
2025-03-23 21:07:46.027 [info] [AutoSync] Suspended until auth token is available.
2025-03-23 21:07:47.117 [info] [AutoSync] Triggered by Interval
2025-03-23 21:07:47.117 [info] Sync started.
2025-03-23 21:07:47.476 [info] Settings: No changes found during synchronizing settings.
2025-03-23 21:07:47.480 [info] Keybindings: No changes found during synchronizing keybindings.
2025-03-23 21:07:47.481 [info] Snippets: No changes found during synchronizing snippets.
2025-03-23 21:07:47.483 [info] Tasks: No changes found during synchronizing tasks.
2025-03-23 21:07:47.490 [info] GlobalState: No changes found during synchronizing ui state.
2025-03-23 21:07:47.514 [info] Extensions: No changes found during synchronizing extensions.
2025-03-23 21:07:47.516 [info] Profiles: No changes found during synchronizing profiles.
2025-03-23 21:07:47.517 [info] Syncing profile. LaTeX
2025-03-23 21:07:47.548 [info] Settings (LaTeX): No changes found during synchronizing settings.
2025-03-23 21:07:47.551 [info] Keybindings (LaTeX): No changes found during synchronizing keybindings.
2025-03-23 21:07:47.552 [info] Snippets (LaTeX): No changes found during synchronizing snippets.
2025-03-23 21:07:47.554 [info] Tasks (LaTeX): No changes found during synchronizing tasks.
2025-03-23 21:07:47.564 [info] GlobalState (LaTeX): No changes found during synchronizing ui state.
2025-03-23 21:07:47.585 [info] Extensions (LaTeX): No changes found during synchronizing extensions.
2025-03-23 21:07:47.586 [info] Sync done. Took 469ms
2025-03-23 21:12:47.587 [info] [AutoSync] Triggered by Interval
2025-03-23 21:12:47.588 [info] Sync started.
2025-03-23 21:12:47.823 [info] Settings: No changes found during synchronizing settings.
2025-03-23 21:12:47.825 [info] Keybindings: No changes found during synchronizing keybindings.
2025-03-23 21:12:47.826 [info] Snippets: No changes found during synchronizing snippets.
2025-03-23 21:12:47.827 [info] Tasks: No changes found during synchronizing tasks.
2025-03-23 21:12:47.830 [info] GlobalState: No changes found during synchronizing ui state.
2025-03-23 21:12:47.860 [info] Extensions: No changes found during synchronizing extensions.
2025-03-23 21:12:47.861 [info] Profiles: No changes found during synchronizing profiles.
2025-03-23 21:12:47.862 [info] Syncing profile. LaTeX
2025-03-23 21:12:47.863 [info] Settings (LaTeX): No changes found during synchronizing settings.
2025-03-23 21:12:47.866 [info] Keybindings (LaTeX): No changes found during synchronizing keybindings.
2025-03-23 21:12:47.867 [info] Snippets (LaTeX): No changes found during synchronizing snippets.
2025-03-23 21:12:47.868 [info] Tasks (LaTeX): No changes found during synchronizing tasks.
2025-03-23 21:12:47.870 [info] GlobalState (LaTeX): No changes found during synchronizing ui state.
2025-03-23 21:12:47.888 [info] Extensions (LaTeX): No changes found during synchronizing extensions.
2025-03-23 21:12:47.889 [info] Sync done. Took 302ms
2025-03-23 21:17:47.891 [info] [AutoSync] Triggered by Interval
2025-03-23 21:17:47.891 [info] Sync started.
2025-03-23 21:17:48.097 [info] Settings: No changes found during synchronizing settings.
2025-03-23 21:17:48.099 [info] Keybindings: No changes found during synchronizing keybindings.
2025-03-23 21:17:48.100 [info] Snippets: No changes found during synchronizing snippets.
2025-03-23 21:17:48.101 [info] Tasks: No changes found during synchronizing tasks.
2025-03-23 21:17:48.104 [info] GlobalState: No changes found during synchronizing ui state.
2025-03-23 21:17:48.130 [info] Extensions: No changes found during synchronizing extensions.
2025-03-23 21:17:48.130 [info] Profiles: No changes found during synchronizing profiles.
2025-03-23 21:17:48.131 [info] Syncing profile. LaTeX
2025-03-23 21:17:48.132 [info] Settings (LaTeX): No changes found during synchronizing settings.
2025-03-23 21:17:48.134 [info] Keybindings (LaTeX): No changes found during synchronizing keybindings.
2025-03-23 21:17:48.135 [info] Snippets (LaTeX): No changes found during synchronizing snippets.
2025-03-23 21:17:48.136 [info] Tasks (LaTeX): No changes found during synchronizing tasks.
2025-03-23 21:17:48.137 [info] GlobalState (LaTeX): No changes found during synchronizing ui state.
2025-03-23 21:17:48.152 [info] Extensions (LaTeX): No changes found during synchronizing extensions.
2025-03-23 21:17:48.152 [info] Sync done. Took 263ms
2025-03-23 21:22:48.154 [info] [AutoSync] Triggered by Interval
2025-03-23 21:22:48.154 [info] Sync started.
2025-03-23 21:22:48.387 [info] Settings: No changes found during synchronizing settings.
2025-03-23 21:22:48.388 [info] Keybindings: No changes found during synchronizing keybindings.
2025-03-23 21:22:48.389 [info] Snippets: No changes found during synchronizing snippets.
2025-03-23 21:22:48.390 [info] Tasks: No changes found during synchronizing tasks.
2025-03-23 21:22:48.393 [info] GlobalState: No changes found during synchronizing ui state.
2025-03-23 21:22:48.418 [info] Extensions: No changes found during synchronizing extensions.
2025-03-23 21:22:48.419 [info] Profiles: No changes found during synchronizing profiles.
2025-03-23 21:22:48.420 [info] Syncing profile. LaTeX
2025-03-23 21:22:48.421 [info] Settings (LaTeX): No changes found during synchronizing settings.
2025-03-23 21:22:48.422 [info] Keybindings (LaTeX): No changes found during synchronizing keybindings.
2025-03-23 21:22:48.423 [info] Snippets (LaTeX): No changes found during synchronizing snippets.
2025-03-23 21:22:48.424 [info] Tasks (LaTeX): No changes found during synchronizing tasks.
2025-03-23 21:22:48.425 [info] GlobalState (LaTeX): No changes found during synchronizing ui state.
2025-03-23 21:22:48.440 [info] Extensions (LaTeX): No changes found during synchronizing extensions.
2025-03-23 21:22:48.441 [info] Sync done. Took 289ms
2025-03-23 21:27:48.443 [info] [AutoSync] Triggered by Interval
2025-03-23 21:27:48.443 [info] Sync started.
2025-03-23 21:27:48.686 [info] Settings: No changes found during synchronizing settings.
2025-03-23 21:27:48.687 [info] Keybindings: No changes found during synchronizing keybindings.
2025-03-23 21:27:48.688 [info] Snippets: No changes found during synchronizing snippets.
2025-03-23 21:27:48.689 [info] Tasks: No changes found during synchronizing tasks.
2025-03-23 21:27:48.692 [info] GlobalState: No changes found during synchronizing ui state.
2025-03-23 21:27:48.720 [info] Extensions: No changes found during synchronizing extensions.
2025-03-23 21:27:48.723 [info] Profiles: No changes found during synchronizing profiles.
2025-03-23 21:27:48.723 [info] Syncing profile. LaTeX
2025-03-23 21:27:48.724 [info] Settings (LaTeX): No changes found during synchronizing settings.
2025-03-23 21:27:48.725 [info] Keybindings (LaTeX): No changes found during synchronizing keybindings.
2025-03-23 21:27:48.726 [info] Snippets (LaTeX): No changes found during synchronizing snippets.
2025-03-23 21:27:48.727 [info] Tasks (LaTeX): No changes found during synchronizing tasks.
2025-03-23 21:27:48.728 [info] GlobalState (LaTeX): No changes found during synchronizing ui state.
2025-03-23 21:27:48.741 [info] Extensions (LaTeX): No changes found during synchronizing extensions.
2025-03-23 21:27:48.742 [info] Sync done. Took 301ms
2025-03-23 21:31:17.029 [info] [AutoSync] Triggered by Activity
2025-03-23 21:31:17.029 [info] Sync started.
2025-03-23 21:31:17.275 [info] Settings: No changes found during synchronizing settings.
2025-03-23 21:31:17.276 [info] Keybindings: No changes found during synchronizing keybindings.
2025-03-23 21:31:17.277 [info] Snippets: No changes found during synchronizing snippets.
2025-03-23 21:31:17.278 [info] Tasks: No changes found during synchronizing tasks.
2025-03-23 21:31:17.281 [info] GlobalState: No changes found during synchronizing ui state.
2025-03-23 21:31:17.309 [info] Extensions: No changes found during synchronizing extensions.
2025-03-23 21:31:17.312 [info] Profiles: No changes found during synchronizing profiles.
2025-03-23 21:31:17.312 [info] Syncing profile. LaTeX
2025-03-23 21:31:17.313 [info] Settings (LaTeX): No changes found during synchronizing settings.
2025-03-23 21:31:17.314 [info] Keybindings (LaTeX): No changes found during synchronizing keybindings.
2025-03-23 21:31:17.315 [info] Snippets (LaTeX): No changes found during synchronizing snippets.
2025-03-23 21:31:17.316 [info] Tasks (LaTeX): No changes found during synchronizing tasks.
2025-03-23 21:31:17.318 [info] GlobalState (LaTeX): No changes found during synchronizing ui state.
2025-03-23 21:31:17.334 [info] Extensions (LaTeX): No changes found during synchronizing extensions.
2025-03-23 21:31:17.335 [info] Sync done. Took 306ms
2025-03-23 21:31:28.196 [info] [AutoSync] Triggered by Activity
2025-03-23 21:31:28.196 [info] Sync started.
2025-03-23 21:31:28.285 [info] Settings: No changes found during synchronizing settings.
2025-03-23 21:31:28.287 [info] Keybindings: No changes found during synchronizing keybindings.
2025-03-23 21:31:28.288 [info] Snippets: No changes found during synchronizing snippets.
2025-03-23 21:31:28.289 [info] Tasks: No changes found during synchronizing tasks.
2025-03-23 21:31:28.291 [info] GlobalState: No changes found during synchronizing ui state.
2025-03-23 21:31:28.315 [info] Extensions: No changes found during synchronizing extensions.
2025-03-23 21:31:28.316 [info] Profiles: No changes found during synchronizing profiles.
2025-03-23 21:31:28.316 [info] Syncing profile. LaTeX
2025-03-23 21:31:28.317 [info] Settings (LaTeX): No changes found during synchronizing settings.
2025-03-23 21:31:28.318 [info] Keybindings (LaTeX): No changes found during synchronizing keybindings.
2025-03-23 21:31:28.319 [info] Snippets (LaTeX): No changes found during synchronizing snippets.
2025-03-23 21:31:28.320 [info] Tasks (LaTeX): No changes found during synchronizing tasks.
2025-03-23 21:31:28.321 [info] GlobalState (LaTeX): No changes found during synchronizing ui state.
2025-03-23 21:31:28.336 [info] Extensions (LaTeX): No changes found during synchronizing extensions.
2025-03-23 21:31:28.337 [info] Sync done. Took 141ms
2025-03-23 21:31:53.743 [info] [AutoSync] Triggered by Activity
2025-03-23 21:31:53.743 [info] Sync started.
2025-03-23 21:31:53.805 [info] Settings: No changes found during synchronizing settings.
2025-03-23 21:31:53.806 [info] Keybindings: No changes found during synchronizing keybindings.
2025-03-23 21:31:53.808 [info] Snippets: No changes found during synchronizing snippets.
2025-03-23 21:31:53.808 [info] Tasks: No changes found during synchronizing tasks.
2025-03-23 21:31:53.811 [info] GlobalState: No changes found during synchronizing ui state.
2025-03-23 21:31:53.837 [info] Extensions: No changes found during synchronizing extensions.
2025-03-23 21:31:53.838 [info] Profiles: No changes found during synchronizing profiles.
2025-03-23 21:31:53.839 [info] Syncing profile. LaTeX
2025-03-23 21:31:53.840 [info] Settings (LaTeX): No changes found during synchronizing settings.
2025-03-23 21:31:53.841 [info] Keybindings (LaTeX): No changes found during synchronizing keybindings.
2025-03-23 21:31:53.842 [info] Snippets (LaTeX): No changes found during synchronizing snippets.
2025-03-23 21:31:53.843 [info] Tasks (LaTeX): No changes found during synchronizing tasks.
2025-03-23 21:31:53.844 [info] GlobalState (LaTeX): No changes found during synchronizing ui state.
2025-03-23 21:31:53.858 [info] Extensions (LaTeX): No changes found during synchronizing extensions.
2025-03-23 21:31:53.858 [info] Sync done. Took 116ms
2025-03-23 21:33:00.821 [info] [AutoSync] Triggered by Activity
2025-03-23 21:33:00.822 [info] Sync started.
2025-03-23 21:33:00.887 [info] Settings: No changes found during synchronizing settings.
2025-03-23 21:33:00.889 [info] Keybindings: No changes found during synchronizing keybindings.
2025-03-23 21:33:00.891 [info] Snippets: No changes found during synchronizing snippets.
2025-03-23 21:33:00.892 [info] Tasks: No changes found during synchronizing tasks.
2025-03-23 21:33:01.549 [info] GlobalState: Updated remote ui state. Updated: extension.features.state.
2025-03-23 21:33:01.551 [info] GlobalState: Updated last synchronized ui state
2025-03-23 21:33:01.580 [info] Extensions: No changes found during synchronizing extensions.
2025-03-23 21:33:01.580 [info] Profiles: No changes found during synchronizing profiles.
2025-03-23 21:33:01.581 [info] Syncing profile. LaTeX
2025-03-23 21:33:01.582 [info] Settings (LaTeX): No changes found during synchronizing settings.
2025-03-23 21:33:01.583 [info] Keybindings (LaTeX): No changes found during synchronizing keybindings.
2025-03-23 21:33:01.584 [info] Snippets (LaTeX): No changes found during synchronizing snippets.
2025-03-23 21:33:01.585 [info] Tasks (LaTeX): No changes found during synchronizing tasks.
2025-03-23 21:33:01.586 [info] GlobalState (LaTeX): No changes found during synchronizing ui state.
2025-03-23 21:33:01.600 [info] Extensions (LaTeX): No changes found during synchronizing extensions.
2025-03-23 21:33:01.601 [info] Sync done. Took 781ms
2025-03-23 21:33:19.807 [info] [AutoSync] Triggered by Activity
2025-03-23 21:33:19.807 [info] Sync started.
2025-03-23 21:33:19.872 [info] Settings: No changes found during synchronizing settings.
2025-03-23 21:33:19.874 [info] Keybindings: No changes found during synchronizing keybindings.
2025-03-23 21:33:19.875 [info] Snippets: No changes found during synchronizing snippets.
2025-03-23 21:33:19.876 [info] Tasks: No changes found during synchronizing tasks.
2025-03-23 21:33:19.879 [info] GlobalState: No changes found during synchronizing ui state.
2025-03-23 21:33:19.905 [info] Extensions: No changes found during synchronizing extensions.
2025-03-23 21:33:19.906 [info] Profiles: No changes found during synchronizing profiles.
2025-03-23 21:33:19.906 [info] Syncing profile. LaTeX
2025-03-23 21:33:19.907 [info] Settings (LaTeX): No changes found during synchronizing settings.
2025-03-23 21:33:19.908 [info] Keybindings (LaTeX): No changes found during synchronizing keybindings.
2025-03-23 21:33:19.909 [info] Snippets (LaTeX): No changes found during synchronizing snippets.
2025-03-23 21:33:19.910 [info] Tasks (LaTeX): No changes found during synchronizing tasks.
2025-03-23 21:33:19.911 [info] GlobalState (LaTeX): No changes found during synchronizing ui state.
2025-03-23 21:33:19.923 [info] Extensions (LaTeX): No changes found during synchronizing extensions.
2025-03-23 21:33:19.924 [info] Sync done. Took 117ms
2025-03-23 21:33:29.943 [info] [AutoSync] Triggered by Activity
2025-03-23 21:33:29.943 [info] Sync started.
2025-03-23 21:33:30.001 [info] Settings: No changes found during synchronizing settings.
2025-03-23 21:33:30.002 [info] Keybindings: No changes found during synchronizing keybindings.
2025-03-23 21:33:30.004 [info] Snippets: No changes found during synchronizing snippets.
2025-03-23 21:33:30.005 [info] Tasks: No changes found during synchronizing tasks.
2025-03-23 21:33:30.009 [info] GlobalState: No changes found during synchronizing ui state.
2025-03-23 21:33:30.037 [info] Extensions: No changes found during synchronizing extensions.
2025-03-23 21:33:30.037 [info] Profiles: No changes found during synchronizing profiles.
2025-03-23 21:33:30.038 [info] Syncing profile. LaTeX
2025-03-23 21:33:30.039 [info] Settings (LaTeX): No changes found during synchronizing settings.
2025-03-23 21:33:30.041 [info] Keybindings (LaTeX): No changes found during synchronizing keybindings.
2025-03-23 21:33:30.042 [info] Snippets (LaTeX): No changes found during synchronizing snippets.
2025-03-23 21:33:30.042 [info] Tasks (LaTeX): No changes found during synchronizing tasks.
2025-03-23 21:33:30.044 [info] GlobalState (LaTeX): No changes found during synchronizing ui state.
2025-03-23 21:33:30.057 [info] Extensions (LaTeX): No changes found during synchronizing extensions.
2025-03-23 21:33:30.058 [info] Sync done. Took 115ms
2025-03-23 21:34:20.044 [info] [AutoSync] Triggered by Activity
2025-03-23 21:34:20.044 [info] Sync started.
2025-03-23 21:34:20.101 [info] Settings: No changes found during synchronizing settings.
2025-03-23 21:34:20.102 [info] Keybindings: No changes found during synchronizing keybindings.
2025-03-23 21:34:20.103 [info] Snippets: No changes found during synchronizing snippets.
2025-03-23 21:34:20.104 [info] Tasks: No changes found during synchronizing tasks.
2025-03-23 21:34:20.107 [info] GlobalState: No changes found during synchronizing ui state.
2025-03-23 21:34:20.135 [info] Extensions: No changes found during synchronizing extensions.
2025-03-23 21:34:20.135 [info] Profiles: No changes found during synchronizing profiles.
2025-03-23 21:34:20.136 [info] Syncing profile. LaTeX
2025-03-23 21:34:20.137 [info] Settings (LaTeX): No changes found during synchronizing settings.
2025-03-23 21:34:20.138 [info] Keybindings (LaTeX): No changes found during synchronizing keybindings.
2025-03-23 21:34:20.139 [info] Snippets (LaTeX): No changes found during synchronizing snippets.
2025-03-23 21:34:20.140 [info] Tasks (LaTeX): No changes found during synchronizing tasks.
2025-03-23 21:34:20.141 [info] GlobalState (LaTeX): No changes found during synchronizing ui state.
2025-03-23 21:34:20.157 [info] Extensions (LaTeX): No changes found during synchronizing extensions.
2025-03-23 21:34:20.158 [info] Sync done. Took 115ms
2025-03-23 21:35:00.872 [info] [AutoSync] Triggered by Activity
2025-03-23 21:35:00.872 [info] Sync started.
2025-03-23 21:35:00.949 [info] Settings: No changes found during synchronizing settings.
2025-03-23 21:35:00.951 [info] Keybindings: No changes found during synchronizing keybindings.
2025-03-23 21:35:00.952 [info] Snippets: No changes found during synchronizing snippets.
2025-03-23 21:35:00.954 [info] Tasks: No changes found during synchronizing tasks.
2025-03-23 21:35:00.956 [info] GlobalState: No changes found during synchronizing ui state.
2025-03-23 21:35:00.983 [info] Extensions: No changes found during synchronizing extensions.
2025-03-23 21:35:00.984 [info] Profiles: No changes found during synchronizing profiles.
2025-03-23 21:35:00.984 [info] Syncing profile. LaTeX
2025-03-23 21:35:00.985 [info] Settings (LaTeX): No changes found during synchronizing settings.
2025-03-23 21:35:00.986 [info] Keybindings (LaTeX): No changes found during synchronizing keybindings.
2025-03-23 21:35:00.987 [info] Snippets (LaTeX): No changes found during synchronizing snippets.
2025-03-23 21:35:00.988 [info] Tasks (LaTeX): No changes found during synchronizing tasks.
2025-03-23 21:35:00.989 [info] GlobalState (LaTeX): No changes found during synchronizing ui state.
2025-03-23 21:35:01.001 [info] Extensions (LaTeX): No changes found during synchronizing extensions.
2025-03-23 21:35:01.002 [info] Sync done. Took 131ms
