2025-03-23 22:23:33.587 [info] Reading sessions from keychain...
2025-03-23 22:23:33.587 [info] Getting sessions for all scopes...
2025-03-23 22:23:33.587 [info] Getting sessions for all scopes...
2025-03-23 22:23:33.587 [info] Got stored sessions!
2025-03-23 22:23:33.587 [info] Got 2 verified sessions.
2025-03-23 22:23:33.587 [info] Got 2 sessions for ...
2025-03-23 22:23:33.587 [info] Got 2 sessions for ...
2025-03-23 22:23:33.596 [info] Getting sessions for all scopes...
2025-03-23 22:23:33.596 [info] Got 2 sessions for ...
2025-03-23 22:23:33.596 [info] Getting sessions for all scopes...
2025-03-23 22:23:33.596 [info] Got 2 sessions for ...
2025-03-23 22:23:33.597 [info] Getting sessions for all scopes...
2025-03-23 22:23:33.597 [info] Got 2 sessions for ...
2025-03-23 22:23:33.597 [info] Getting sessions for all scopes...
2025-03-23 22:23:33.597 [info] Got 2 sessions for ...
2025-03-23 22:23:33.597 [info] Getting sessions for all scopes...
2025-03-23 22:23:33.597 [info] Got 2 sessions for ...
2025-03-23 22:23:33.706 [info] Getting sessions for all scopes...
2025-03-23 22:23:33.706 [info] Got 2 sessions for ...
2025-03-23 22:23:33.716 [info] Getting sessions for user:email...
2025-03-23 22:23:33.716 [info] Got 1 sessions for user:email...
2025-03-23 22:23:35.464 [info] Getting sessions for read:user,repo,user:email...
2025-03-23 22:23:35.464 [info] Got 0 sessions for read:user,repo,user:email...
2025-03-23 22:23:35.464 [info] Getting sessions for read:user,repo,user:email,workflow...
2025-03-23 22:23:35.464 [info] Got 1 sessions for read:user,repo,user:email,workflow...
2025-03-23 22:23:35.464 [info] Getting sessions for all scopes...
2025-03-23 22:23:35.464 [info] Got 2 sessions for ...
2025-03-23 22:23:35.464 [info] Getting sessions for all scopes...
2025-03-23 22:23:35.464 [info] Got 2 sessions for ...
2025-03-23 22:23:35.464 [info] Getting sessions for project,read:org,read:user,repo,user:email,workflow...
2025-03-23 22:23:35.464 [info] Got 0 sessions for project,read:org,read:user,repo,user:email,workflow...
2025-03-23 22:23:35.622 [info] Getting sessions for all scopes...
2025-03-23 22:23:35.622 [info] Got 2 sessions for ...
2025-03-23 22:23:35.667 [info] Getting sessions for read:user,repo,user:email,workflow...
2025-03-23 22:23:35.668 [info] Got 1 sessions for read:user,repo,user:email,workflow...
2025-03-23 22:23:35.668 [info] Getting sessions for read:user,repo,user:email,workflow...
2025-03-23 22:23:35.668 [info] Got 1 sessions for read:user,repo,user:email,workflow...
2025-03-23 22:23:35.730 [info] Getting sessions for all scopes...
2025-03-23 22:23:35.730 [info] Got 2 sessions for ...
