2025-03-23 20:16:08.638 [info] Reading sessions from keychain...
2025-03-23 20:16:08.638 [info] Getting sessions for all scopes...
2025-03-23 20:16:08.638 [info] Getting sessions for all scopes...
2025-03-23 20:16:08.638 [info] Getting sessions for all scopes...
2025-03-23 20:16:08.638 [info] Getting sessions for all scopes...
2025-03-23 20:16:08.638 [info] Getting sessions for all scopes...
2025-03-23 20:16:08.638 [info] Getting sessions for all scopes...
2025-03-23 20:16:08.638 [info] Getting sessions for all scopes...
2025-03-23 20:16:08.638 [info] Got stored sessions!
2025-03-23 20:16:08.638 [info] Got 1 verified sessions.
2025-03-23 20:16:08.638 [info] Got 1 sessions for ...
2025-03-23 20:16:08.638 [info] Got 1 sessions for ...
2025-03-23 20:16:08.638 [info] Got 1 sessions for ...
2025-03-23 20:16:08.638 [info] Got 1 sessions for ...
2025-03-23 20:16:08.638 [info] Got 1 sessions for ...
2025-03-23 20:16:08.638 [info] Got 1 sessions for ...
2025-03-23 20:16:08.638 [info] Got 1 sessions for ...
2025-03-23 20:16:08.638 [info] Getting sessions for all scopes...
2025-03-23 20:16:08.638 [info] Got 1 sessions for ...
2025-03-23 20:16:08.638 [info] Getting sessions for user:email...
2025-03-23 20:16:08.638 [info] Got 1 sessions for user:email...
2025-03-23 20:16:10.789 [info] Getting sessions for all scopes...
2025-03-23 20:16:10.789 [info] Got 1 sessions for ...
2025-03-23 20:16:10.955 [info] Getting sessions for read:user,repo,user:email...
2025-03-23 20:16:10.955 [info] Got 0 sessions for read:user,repo,user:email...
2025-03-23 20:16:10.956 [info] Getting sessions for read:user,repo,user:email,workflow...
2025-03-23 20:16:10.956 [info] Got 0 sessions for read:user,repo,user:email,workflow...
2025-03-23 20:16:10.956 [info] Getting sessions for all scopes...
2025-03-23 20:16:10.956 [info] Got 1 sessions for ...
2025-03-23 20:16:10.956 [info] Getting sessions for all scopes...
2025-03-23 20:16:10.956 [info] Got 1 sessions for ...
2025-03-23 20:16:10.957 [info] Getting sessions for project,read:org,read:user,repo,user:email,workflow...
2025-03-23 20:16:10.957 [info] Got 0 sessions for project,read:org,read:user,repo,user:email,workflow...
2025-03-23 20:16:11.073 [info] Getting sessions for read:user...
2025-03-23 20:16:11.073 [info] Got 0 sessions for read:user...
2025-03-23 20:16:11.074 [info] Getting sessions for read:user,repo,user:email,workflow...
2025-03-23 20:16:11.074 [info] Got 0 sessions for read:user,repo,user:email,workflow...
2025-03-23 20:16:11.074 [info] Getting sessions for read:user,repo,user:email,workflow...
2025-03-23 20:16:11.074 [info] Got 0 sessions for read:user,repo,user:email,workflow...
2025-03-23 20:16:11.104 [info] Getting sessions for user:email...
2025-03-23 20:16:11.104 [info] Got 1 sessions for user:email...
2025-03-23 20:16:11.104 [info] Getting sessions for user:email...
2025-03-23 20:16:11.104 [info] Got 1 sessions for user:email...
2025-03-23 20:16:11.104 [info] Getting sessions for read:user,repo,user:email,workflow...
2025-03-23 20:16:11.104 [info] Got 0 sessions for read:user,repo,user:email,workflow...
2025-03-23 20:16:11.105 [info] Getting sessions for read:user,repo,user:email...
2025-03-23 20:16:11.105 [info] Got 0 sessions for read:user,repo,user:email...
2025-03-23 20:16:11.116 [info] Getting sessions for all scopes...
2025-03-23 20:16:11.116 [info] Got 1 sessions for ...
2025-03-23 20:16:11.116 [info] Getting sessions for read:user,repo,user:email,workflow...
2025-03-23 20:16:11.116 [info] Got 0 sessions for read:user,repo,user:email,workflow...
2025-03-23 20:16:11.926 [info] Getting sessions for read:user,repo,user:email,workflow...
2025-03-23 20:16:11.926 [info] Got 0 sessions for read:user,repo,user:email,workflow...
2025-03-23 20:16:12.044 [info] Getting sessions for user:email...
2025-03-23 20:16:12.044 [info] Got 1 sessions for user:email...
2025-03-23 20:16:12.095 [info] Getting sessions for all scopes...
2025-03-23 20:16:12.095 [info] Got 1 sessions for ...
2025-03-23 20:16:12.098 [info] Getting sessions for read:user,repo,user:email,workflow...
2025-03-23 20:16:12.098 [info] Got 0 sessions for read:user,repo,user:email,workflow...
2025-03-23 20:16:12.099 [info] Getting sessions for user:email...
2025-03-23 20:16:12.099 [info] Got 1 sessions for user:email...
2025-03-23 20:16:12.737 [info] Getting sessions for all scopes...
2025-03-23 20:16:12.737 [info] Got 1 sessions for ...
2025-03-23 20:16:12.737 [info] Getting sessions for all scopes...
2025-03-23 20:16:12.737 [info] Got 1 sessions for ...
2025-03-23 20:16:12.744 [info] Getting sessions for read:user,repo,user:email,workflow...
2025-03-23 20:16:12.744 [info] Got 0 sessions for read:user,repo,user:email,workflow...
2025-03-23 20:16:12.744 [info] Getting sessions for user:email...
2025-03-23 20:16:12.744 [info] Got 1 sessions for user:email...
2025-03-23 20:16:12.744 [info] Getting sessions for read:user,repo,user:email,workflow...
2025-03-23 20:16:12.744 [info] Got 0 sessions for read:user,repo,user:email,workflow...
2025-03-23 20:16:12.746 [info] Getting sessions for all scopes...
2025-03-23 20:16:12.746 [info] Got 1 sessions for ...
2025-03-23 20:16:12.746 [info] Getting sessions for read:user,repo,user:email,workflow...
2025-03-23 20:16:12.746 [info] Got 0 sessions for read:user,repo,user:email,workflow...
2025-03-23 20:16:12.747 [info] Getting sessions for user:email...
2025-03-23 20:16:12.747 [info] Got 1 sessions for user:email...
2025-03-23 20:16:12.789 [info] Getting sessions for all scopes...
2025-03-23 20:16:12.789 [info] Got 1 sessions for ...
2025-03-23 20:16:12.789 [info] Getting sessions for all scopes...
2025-03-23 20:16:12.789 [info] Got 1 sessions for ...
2025-03-23 20:16:12.792 [info] Getting sessions for read:user,repo,user:email,workflow...
2025-03-23 20:16:12.792 [info] Got 0 sessions for read:user,repo,user:email,workflow...
2025-03-23 20:16:12.793 [info] Getting sessions for user:email...
2025-03-23 20:16:12.793 [info] Got 1 sessions for user:email...
2025-03-23 20:16:12.793 [info] Getting sessions for read:user,repo,user:email,workflow...
2025-03-23 20:16:12.793 [info] Got 0 sessions for read:user,repo,user:email,workflow...
2025-03-23 20:16:12.795 [info] Getting sessions for all scopes...
2025-03-23 20:16:12.795 [info] Got 1 sessions for ...
2025-03-23 20:16:12.796 [info] Getting sessions for read:user,repo,user:email,workflow...
2025-03-23 20:16:12.796 [info] Got 0 sessions for read:user,repo,user:email,workflow...
2025-03-23 20:16:12.796 [info] Getting sessions for user:email...
2025-03-23 20:16:12.796 [info] Got 1 sessions for user:email...
2025-03-23 20:16:13.419 [info] Getting sessions for all scopes...
2025-03-23 20:16:13.419 [info] Got 1 sessions for ...
2025-03-23 20:16:13.427 [info] Getting sessions for read:user,repo,user:email,workflow...
2025-03-23 20:16:13.427 [info] Got 0 sessions for read:user,repo,user:email,workflow...
2025-03-23 20:16:13.427 [info] Getting sessions for user:email...
2025-03-23 20:16:13.427 [info] Got 1 sessions for user:email...
