Locating server…
Checking if /home/rx/Desktop/repos/ADC-Investigacao/slf/common/jquery-ui/jquery-ui.theme.min.css may be Tailwind-related…
Checking if /home/rx/Desktop/repos/ADC-Investigacao/slf/common/jquery-ui/jquery-ui.theme.css may be Tailwind-related…
Checking if /home/rx/Desktop/repos/ADC-Investigacao/slf/common/jquery-ui/jquery-ui.structure.min.css may be Tailwind-related…
Checking if /home/rx/Desktop/repos/ADC-Investigacao/slf/common/jquery-ui/jquery-ui.structure.css may be Tailwind-related…
Checking if /home/rx/Desktop/repos/ADC-Investigacao/slf/common/jquery-ui/jquery-ui.min.css may be Tailwind-related…
Checking if /home/rx/Desktop/repos/ADC-Investigacao/slf/common/jquery-ui/jquery-ui.css may be Tailwind-related…
Checking if /home/rx/Desktop/repos/ADC-Investigacao/slf/common/jquery-ui/._jquery-ui.theme.min.css may be Tailwind-related…
Checking if /home/rx/Desktop/repos/ADC-Investigacao/slf/common/jquery-ui/._jquery-ui.theme.css may be Tailwind-related…
Checking if /home/rx/Desktop/repos/ADC-Investigacao/slf/common/jquery-ui/._jquery-ui.structure.min.css may be Tailwind-related…
Checking if /home/rx/Desktop/repos/ADC-Investigacao/slf/common/jquery-ui/._jquery-ui.structure.css may be Tailwind-related…
Checking if /home/rx/Desktop/repos/ADC-Investigacao/slf/common/jquery-ui/._jquery-ui.min.css may be Tailwind-related…
Checking if /home/rx/Desktop/repos/ADC-Investigacao/slf/common/jquery-ui/._jquery-ui.css may be Tailwind-related…
Checking if /home/rx/Desktop/repos/ADC-Investigacao/slf/common/css/vfa.css may be Tailwind-related…
Checking if /home/rx/Desktop/repos/ADC-Investigacao/slf/common/css/vc.css may be Tailwind-related…
Checking if /home/rx/Desktop/repos/ADC-Investigacao/slf/common/css/slides.css may be Tailwind-related…
Checking if /home/rx/Desktop/repos/ADC-Investigacao/slf/common/css/slf.css may be Tailwind-related…
Checking if /home/rx/Desktop/repos/ADC-Investigacao/slf/common/css/sf.css may be Tailwind-related…
Checking if /home/rx/Desktop/repos/ADC-Investigacao/slf/common/css/qc.css may be Tailwind-related…
Checking if /home/rx/Desktop/repos/ADC-Investigacao/slf/common/css/plf.css may be Tailwind-related…
Checking if /home/rx/Desktop/repos/ADC-Investigacao/slf/common/css/lf.css may be Tailwind-related…
Checking if /home/rx/Desktop/repos/ADC-Investigacao/slf/common/css/jscoq.css may be Tailwind-related…
Checking if /home/rx/Desktop/repos/ADC-Investigacao/slf/common/css/._vfa.css may be Tailwind-related…
Checking if /home/rx/Desktop/repos/ADC-Investigacao/slf/common/css/._vc.css may be Tailwind-related…
Checking if /home/rx/Desktop/repos/ADC-Investigacao/slf/common/css/._slides.css may be Tailwind-related…
Checking if /home/rx/Desktop/repos/ADC-Investigacao/slf/common/css/._slf.css may be Tailwind-related…
Checking if /home/rx/Desktop/repos/ADC-Investigacao/slf/common/css/._sf.css may be Tailwind-related…
Checking if /home/rx/Desktop/repos/ADC-Investigacao/slf/common/css/._qc.css may be Tailwind-related…
Checking if /home/rx/Desktop/repos/ADC-Investigacao/slf/common/css/._plf.css may be Tailwind-related…
Checking if /home/rx/Desktop/repos/ADC-Investigacao/slf/common/css/._lf.css may be Tailwind-related…
Checking if /home/rx/Desktop/repos/ADC-Investigacao/slf/common/css/._jscoq.css may be Tailwind-related…
Checking if /home/rx/Desktop/repos/ADC-Investigacao/lf/common/jquery-ui/jquery-ui.theme.min.css may be Tailwind-related…
Checking if /home/rx/Desktop/repos/ADC-Investigacao/lf/common/jquery-ui/jquery-ui.theme.css may be Tailwind-related…
Checking if /home/rx/Desktop/repos/ADC-Investigacao/lf/common/jquery-ui/jquery-ui.structure.min.css may be Tailwind-related…
Checking if /home/rx/Desktop/repos/ADC-Investigacao/lf/common/jquery-ui/jquery-ui.structure.css may be Tailwind-related…
Checking if /home/rx/Desktop/repos/ADC-Investigacao/lf/common/jquery-ui/jquery-ui.min.css may be Tailwind-related…
Checking if /home/rx/Desktop/repos/ADC-Investigacao/lf/common/jquery-ui/jquery-ui.css may be Tailwind-related…
Checking if /home/rx/Desktop/repos/ADC-Investigacao/lf/common/jquery-ui/._jquery-ui.theme.min.css may be Tailwind-related…
Checking if /home/rx/Desktop/repos/ADC-Investigacao/lf/common/jquery-ui/._jquery-ui.theme.css may be Tailwind-related…
Checking if /home/rx/Desktop/repos/ADC-Investigacao/lf/common/jquery-ui/._jquery-ui.structure.min.css may be Tailwind-related…
Checking if /home/rx/Desktop/repos/ADC-Investigacao/lf/common/jquery-ui/._jquery-ui.structure.css may be Tailwind-related…
Checking if /home/rx/Desktop/repos/ADC-Investigacao/lf/common/jquery-ui/._jquery-ui.min.css may be Tailwind-related…
Checking if /home/rx/Desktop/repos/ADC-Investigacao/lf/common/jquery-ui/._jquery-ui.css may be Tailwind-related…
Checking if /home/rx/Desktop/repos/ADC-Investigacao/lf/common/css/vfa.css may be Tailwind-related…
Checking if /home/rx/Desktop/repos/ADC-Investigacao/lf/common/css/vc.css may be Tailwind-related…
Checking if /home/rx/Desktop/repos/ADC-Investigacao/lf/common/css/slides.css may be Tailwind-related…
Checking if /home/rx/Desktop/repos/ADC-Investigacao/lf/common/css/slf.css may be Tailwind-related…
Checking if /home/rx/Desktop/repos/ADC-Investigacao/lf/common/css/sf.css may be Tailwind-related…
Checking if /home/rx/Desktop/repos/ADC-Investigacao/lf/common/css/qc.css may be Tailwind-related…
Checking if /home/rx/Desktop/repos/ADC-Investigacao/lf/common/css/plf.css may be Tailwind-related…
Checking if /home/rx/Desktop/repos/ADC-Investigacao/lf/common/css/lf.css may be Tailwind-related…
Checking if /home/rx/Desktop/repos/ADC-Investigacao/lf/common/css/jscoq.css may be Tailwind-related…
Checking if /home/rx/Desktop/repos/ADC-Investigacao/lf/common/css/._vfa.css may be Tailwind-related…
Checking if /home/rx/Desktop/repos/ADC-Investigacao/lf/common/css/._vc.css may be Tailwind-related…
Checking if /home/rx/Desktop/repos/ADC-Investigacao/lf/common/css/._slides.css may be Tailwind-related…
Checking if /home/rx/Desktop/repos/ADC-Investigacao/lf/common/css/._slf.css may be Tailwind-related…
Checking if /home/rx/Desktop/repos/ADC-Investigacao/lf/common/css/._sf.css may be Tailwind-related…
Checking if /home/rx/Desktop/repos/ADC-Investigacao/lf/common/css/._qc.css may be Tailwind-related…
Checking if /home/rx/Desktop/repos/ADC-Investigacao/lf/common/css/._plf.css may be Tailwind-related…
Checking if /home/rx/Desktop/repos/ADC-Investigacao/lf/common/css/._lf.css may be Tailwind-related…
Checking if /home/rx/Desktop/repos/ADC-Investigacao/lf/common/css/._jscoq.css may be Tailwind-related…
