2025-03-23 20:10:57.436 [info] [main] Log level: Info
2025-03-23 20:10:57.436 [info] [main] Validating found git in: "git"
2025-03-23 20:10:57.436 [info] [main] Using git "2.49.0" from "git"
2025-03-23 20:10:57.436 [info] [Model][doInitialScan] Initial repository scan started
2025-03-23 20:10:57.436 [info] > git rev-parse --show-toplevel [47ms]
2025-03-23 20:10:57.436 [info] fatal: not a git repository (or any parent up to mount point /)
Stopping at filesystem boundary (GIT_DISCOVERY_ACROSS_FILESYSTEM not set).
2025-03-23 20:10:57.436 [info] > git rev-parse --show-toplevel [10ms]
2025-03-23 20:10:57.436 [info] fatal: not a git repository (or any parent up to mount point /)
Stopping at filesystem boundary (GIT_DISCOVERY_ACROSS_FILESYSTEM not set).
2025-03-23 20:10:57.445 [info] > git rev-parse --show-toplevel [193ms]
2025-03-23 20:10:57.445 [info] fatal: not a git repository (or any parent up to mount point /)
Stopping at filesystem boundary (GIT_DISCOVERY_ACROSS_FILESYSTEM not set).
2025-03-23 20:10:57.452 [info] > git rev-parse --show-toplevel [2ms]
2025-03-23 20:10:57.452 [info] fatal: not a git repository (or any parent up to mount point /)
Stopping at filesystem boundary (GIT_DISCOVERY_ACROSS_FILESYSTEM not set).
2025-03-23 20:10:57.459 [info] > git rev-parse --show-toplevel [1ms]
2025-03-23 20:10:57.459 [info] fatal: not a git repository (or any parent up to mount point /)
Stopping at filesystem boundary (GIT_DISCOVERY_ACROSS_FILESYSTEM not set).
2025-03-23 20:10:57.464 [info] > git rev-parse --show-toplevel [1ms]
2025-03-23 20:10:57.464 [info] fatal: not a git repository (or any parent up to mount point /)
Stopping at filesystem boundary (GIT_DISCOVERY_ACROSS_FILESYSTEM not set).
2025-03-23 20:10:57.469 [info] > git rev-parse --show-toplevel [1ms]
2025-03-23 20:10:57.469 [info] fatal: not a git repository (or any parent up to mount point /)
Stopping at filesystem boundary (GIT_DISCOVERY_ACROSS_FILESYSTEM not set).
2025-03-23 20:10:57.474 [info] > git rev-parse --show-toplevel [1ms]
2025-03-23 20:10:57.474 [info] fatal: not a git repository (or any parent up to mount point /)
Stopping at filesystem boundary (GIT_DISCOVERY_ACROSS_FILESYSTEM not set).
2025-03-23 20:10:57.480 [info] > git rev-parse --show-toplevel [1ms]
2025-03-23 20:10:57.480 [info] fatal: not a git repository (or any parent up to mount point /)
Stopping at filesystem boundary (GIT_DISCOVERY_ACROSS_FILESYSTEM not set).
2025-03-23 20:10:57.485 [info] > git rev-parse --show-toplevel [0ms]
2025-03-23 20:10:57.485 [info] fatal: not a git repository (or any parent up to mount point /)
Stopping at filesystem boundary (GIT_DISCOVERY_ACROSS_FILESYSTEM not set).
2025-03-23 20:10:57.490 [info] > git rev-parse --show-toplevel [1ms]
2025-03-23 20:10:57.490 [info] fatal: not a git repository (or any parent up to mount point /)
Stopping at filesystem boundary (GIT_DISCOVERY_ACROSS_FILESYSTEM not set).
2025-03-23 20:10:57.496 [info] > git rev-parse --show-toplevel [0ms]
2025-03-23 20:10:57.496 [info] fatal: not a git repository (or any parent up to mount point /)
Stopping at filesystem boundary (GIT_DISCOVERY_ACROSS_FILESYSTEM not set).
2025-03-23 20:10:57.501 [info] > git rev-parse --show-toplevel [0ms]
2025-03-23 20:10:57.501 [info] fatal: not a git repository (or any parent up to mount point /)
Stopping at filesystem boundary (GIT_DISCOVERY_ACROSS_FILESYSTEM not set).
2025-03-23 20:10:57.505 [info] > git rev-parse --show-toplevel [1ms]
2025-03-23 20:10:57.505 [info] fatal: not a git repository (or any parent up to mount point /)
Stopping at filesystem boundary (GIT_DISCOVERY_ACROSS_FILESYSTEM not set).
2025-03-23 20:10:57.510 [info] > git rev-parse --show-toplevel [1ms]
2025-03-23 20:10:57.510 [info] fatal: not a git repository (or any parent up to mount point /)
Stopping at filesystem boundary (GIT_DISCOVERY_ACROSS_FILESYSTEM not set).
2025-03-23 20:10:57.515 [info] > git rev-parse --show-toplevel [1ms]
2025-03-23 20:10:57.515 [info] fatal: not a git repository (or any parent up to mount point /)
Stopping at filesystem boundary (GIT_DISCOVERY_ACROSS_FILESYSTEM not set).
2025-03-23 20:10:57.518 [info] > git rev-parse --show-toplevel [0ms]
2025-03-23 20:10:57.518 [info] fatal: not a git repository (or any parent up to mount point /)
Stopping at filesystem boundary (GIT_DISCOVERY_ACROSS_FILESYSTEM not set).
2025-03-23 20:10:57.523 [info] > git rev-parse --show-toplevel [1ms]
2025-03-23 20:10:57.523 [info] fatal: not a git repository (or any parent up to mount point /)
Stopping at filesystem boundary (GIT_DISCOVERY_ACROSS_FILESYSTEM not set).
2025-03-23 20:10:57.528 [info] > git rev-parse --show-toplevel [0ms]
2025-03-23 20:10:57.528 [info] fatal: not a git repository (or any parent up to mount point /)
Stopping at filesystem boundary (GIT_DISCOVERY_ACROSS_FILESYSTEM not set).
2025-03-23 20:10:57.533 [info] > git rev-parse --show-toplevel [1ms]
2025-03-23 20:10:57.533 [info] fatal: not a git repository (or any parent up to mount point /)
Stopping at filesystem boundary (GIT_DISCOVERY_ACROSS_FILESYSTEM not set).
2025-03-23 20:10:57.535 [info] [Model][doInitialScan] Initial repository scan completed - repositories (0), closed repositories (0), parent repositories (0), unsafe repositories (0)
2025-03-23 20:10:59.364 [info] > git rev-parse --show-toplevel [215ms]
2025-03-23 20:10:59.364 [info] fatal: not a git repository (or any parent up to mount point /)
Stopping at filesystem boundary (GIT_DISCOVERY_ACROSS_FILESYSTEM not set).
2025-03-23 20:10:59.464 [info] > git rev-parse --show-toplevel [38ms]
2025-03-23 20:10:59.464 [info] fatal: not a git repository (or any parent up to mount point /)
Stopping at filesystem boundary (GIT_DISCOVERY_ACROSS_FILESYSTEM not set).
2025-03-23 20:11:00.502 [info] > git rev-parse --show-toplevel [29ms]
2025-03-23 20:11:00.502 [info] fatal: not a git repository (or any parent up to mount point /)
Stopping at filesystem boundary (GIT_DISCOVERY_ACROSS_FILESYSTEM not set).
2025-03-23 20:11:00.552 [info] > git rev-parse --show-toplevel [14ms]
2025-03-23 20:11:00.552 [info] fatal: not a git repository (or any parent up to mount point /)
Stopping at filesystem boundary (GIT_DISCOVERY_ACROSS_FILESYSTEM not set).
2025-03-23 20:11:01.130 [info] > git rev-parse --show-toplevel [6ms]
2025-03-23 20:11:01.130 [info] fatal: not a git repository (or any parent up to mount point /)
Stopping at filesystem boundary (GIT_DISCOVERY_ACROSS_FILESYSTEM not set).
