2025-03-23 21:53:37.050 [info] [2025-03-23 21:53:36.795] [         90ms] [/home/rx/.config] git rev-parse --show-toplevel • FAILED
2025-03-23 21:53:37.050 [info] 
Error: Command failed: /sbin/git -c core.quotepath=false -c color.ui=false rev-parse --show-toplevel
fatal: not a git repository (or any parent up to mount point /)
Stopping at filesystem boundary (GIT_DISCOVERY_ACROSS_FILESYSTEM not set).


2025-03-23 21:53:38.167 [info] [2025-03-23 21:53:38.167] [         30ms] [/home/rx/.config/i3] git rev-parse --show-toplevel • FAILED
2025-03-23 21:53:38.167 [info] 
Error: Command failed: /sbin/git -c core.quotepath=false -c color.ui=false rev-parse --show-toplevel
fatal: not a git repository (or any parent up to mount point /)
Stopping at filesystem boundary (GIT_DISCOVERY_ACROSS_FILESYSTEM not set).


2025-03-23 21:58:10.556 [info] [2025-03-23 21:58:10.556] [         20ms] [/home/rx/.config/i3] git rev-parse --show-toplevel • FAILED
2025-03-23 21:58:10.556 [info] 
Error: Command failed: /sbin/git -c core.quotepath=false -c color.ui=false rev-parse --show-toplevel
fatal: not a git repository (or any parent up to mount point /)
Stopping at filesystem boundary (GIT_DISCOVERY_ACROSS_FILESYSTEM not set).


2025-03-23 21:58:22.585 [info] [2025-03-23 21:58:22.585] [         43ms] [/home/rx/.config/i3/scripts] git rev-parse --show-toplevel • FAILED
2025-03-23 21:58:22.585 [info] 
Error: Command failed: /sbin/git -c core.quotepath=false -c color.ui=false rev-parse --show-toplevel
fatal: not a git repository (or any parent up to mount point /)
Stopping at filesystem boundary (GIT_DISCOVERY_ACROSS_FILESYSTEM not set).


2025-03-23 21:58:27.525 [info] [2025-03-23 21:58:27.525] [         35ms] [/home/rx/.config/i3/scripts] git rev-parse --show-toplevel • FAILED
2025-03-23 21:58:27.525 [info] 
Error: Command failed: /sbin/git -c core.quotepath=false -c color.ui=false rev-parse --show-toplevel
fatal: not a git repository (or any parent up to mount point /)
Stopping at filesystem boundary (GIT_DISCOVERY_ACROSS_FILESYSTEM not set).


2025-03-23 21:58:28.138 [info] [2025-03-23 21:58:28.138] [         34ms] [/home/rx/.config/i3/scripts] git rev-parse --show-toplevel • FAILED
2025-03-23 21:58:28.138 [info] 
Error: Command failed: /sbin/git -c core.quotepath=false -c color.ui=false rev-parse --show-toplevel
fatal: not a git repository (or any parent up to mount point /)
Stopping at filesystem boundary (GIT_DISCOVERY_ACROSS_FILESYSTEM not set).


2025-03-23 21:58:28.957 [info] [2025-03-23 21:58:28.957] [         41ms] [/home/rx/.config/i3/scripts] git rev-parse --show-toplevel • FAILED
2025-03-23 21:58:28.958 [info] 
Error: Command failed: /sbin/git -c core.quotepath=false -c color.ui=false rev-parse --show-toplevel
fatal: not a git repository (or any parent up to mount point /)
Stopping at filesystem boundary (GIT_DISCOVERY_ACROSS_FILESYSTEM not set).


2025-03-23 21:58:33.906 [info] [2025-03-23 21:58:33.906] [         20ms] [/home/rx/.config/i3/scripts] git rev-parse --show-toplevel • FAILED
2025-03-23 21:58:33.906 [info] 
Error: Command failed: /sbin/git -c core.quotepath=false -c color.ui=false rev-parse --show-toplevel
fatal: not a git repository (or any parent up to mount point /)
Stopping at filesystem boundary (GIT_DISCOVERY_ACROSS_FILESYSTEM not set).


