2025-03-23 20:44:04.091 [info] Reading sessions from keychain...
2025-03-23 20:44:04.091 [info] Getting sessions for all scopes...
2025-03-23 20:44:04.091 [info] Getting sessions for all scopes...
2025-03-23 20:44:04.091 [info] Getting sessions for all scopes...
2025-03-23 20:44:04.091 [info] Getting sessions for all scopes...
2025-03-23 20:44:04.091 [info] Getting sessions for all scopes...
2025-03-23 20:44:04.091 [info] Getting sessions for all scopes...
2025-03-23 20:44:04.091 [info] Getting sessions for all scopes...
2025-03-23 20:44:04.210 [info] Got stored sessions!
2025-03-23 20:44:04.210 [info] Got 2 verified sessions.
2025-03-23 20:44:04.210 [info] Got 2 sessions for ...
2025-03-23 20:44:04.210 [info] Got 2 sessions for ...
2025-03-23 20:44:04.210 [info] Got 2 sessions for ...
2025-03-23 20:44:04.210 [info] Got 2 sessions for ...
2025-03-23 20:44:04.210 [info] Got 2 sessions for ...
2025-03-23 20:44:04.210 [info] Got 2 sessions for ...
2025-03-23 20:44:04.210 [info] Got 2 sessions for ...
2025-03-23 20:44:04.422 [info] Getting sessions for all scopes...
2025-03-23 20:44:04.422 [info] Got 2 sessions for ...
2025-03-23 20:44:04.554 [info] Getting sessions for user:email...
2025-03-23 20:44:04.554 [info] Got 1 sessions for user:email...
2025-03-23 20:44:05.139 [info] Getting sessions for read:user,repo,user:email,workflow...
2025-03-23 20:44:05.139 [info] Got 1 sessions for read:user,repo,user:email,workflow...
2025-03-23 20:44:06.524 [info] Getting sessions for all scopes...
2025-03-23 20:44:06.524 [info] Got 2 sessions for ...
2025-03-23 20:44:06.999 [info] Getting sessions for read:user,repo,user:email...
2025-03-23 20:44:06.999 [info] Got 0 sessions for read:user,repo,user:email...
2025-03-23 20:44:07.000 [info] Getting sessions for read:user,repo,user:email,workflow...
2025-03-23 20:44:07.000 [info] Got 1 sessions for read:user,repo,user:email,workflow...
2025-03-23 20:44:07.000 [info] Getting sessions for all scopes...
2025-03-23 20:44:07.000 [info] Got 2 sessions for ...
2025-03-23 20:44:07.000 [info] Getting sessions for all scopes...
2025-03-23 20:44:07.000 [info] Got 2 sessions for ...
2025-03-23 20:44:07.000 [info] Getting sessions for project,read:org,read:user,repo,user:email,workflow...
2025-03-23 20:44:07.000 [info] Got 0 sessions for project,read:org,read:user,repo,user:email,workflow...
2025-03-23 20:44:07.137 [info] Getting sessions for read:user,repo,user:email,workflow...
2025-03-23 20:44:07.137 [info] Got 1 sessions for read:user,repo,user:email,workflow...
2025-03-23 20:44:07.137 [info] Getting sessions for read:user,repo,user:email,workflow...
2025-03-23 20:44:07.137 [info] Got 1 sessions for read:user,repo,user:email,workflow...
2025-03-23 20:44:08.050 [info] Getting sessions for all scopes...
2025-03-23 20:44:08.050 [info] Got 2 sessions for ...
2025-03-23 20:44:08.110 [info] Getting sessions for read:user,repo,user:email...
2025-03-23 20:44:08.110 [info] Got 0 sessions for read:user,repo,user:email...
2025-03-23 20:44:08.168 [info] Getting sessions for read:user,repo,user:email,workflow...
2025-03-23 20:44:08.168 [info] Got 1 sessions for read:user,repo,user:email,workflow...
2025-03-23 20:44:08.173 [info] Getting sessions for read:user,repo,user:email,workflow...
2025-03-23 20:44:08.173 [info] Got 1 sessions for read:user,repo,user:email,workflow...
2025-03-23 20:44:08.188 [info] Getting sessions for all scopes...
2025-03-23 20:44:08.188 [info] Got 2 sessions for ...
2025-03-23 20:44:08.194 [info] Getting sessions for read:user,repo,user:email,workflow...
2025-03-23 20:44:08.194 [info] Got 1 sessions for read:user,repo,user:email,workflow...
2025-03-23 20:44:08.786 [info] Getting sessions for all scopes...
2025-03-23 20:44:08.786 [info] Got 2 sessions for ...
2025-03-23 20:44:08.786 [info] Getting sessions for all scopes...
2025-03-23 20:44:08.786 [info] Got 2 sessions for ...
2025-03-23 20:44:08.792 [info] Getting sessions for read:user,repo,user:email,workflow...
2025-03-23 20:44:08.792 [info] Got 1 sessions for read:user,repo,user:email,workflow...
2025-03-23 20:44:08.793 [info] Getting sessions for all scopes...
2025-03-23 20:44:08.793 [info] Got 2 sessions for ...
2025-03-23 20:44:08.794 [info] Getting sessions for read:user,repo,user:email,workflow...
2025-03-23 20:44:08.794 [info] Got 1 sessions for read:user,repo,user:email,workflow...
2025-03-23 20:44:08.831 [info] Getting sessions for all scopes...
2025-03-23 20:44:08.832 [info] Got 2 sessions for ...
2025-03-23 20:44:08.836 [info] Getting sessions for read:user,repo,user:email,workflow...
2025-03-23 20:44:08.836 [info] Got 1 sessions for read:user,repo,user:email,workflow...
2025-03-23 20:44:09.494 [info] Getting sessions for all scopes...
2025-03-23 20:44:09.494 [info] Got 2 sessions for ...
2025-03-23 20:44:09.494 [info] Getting sessions for read:user,repo,user:email,workflow...
2025-03-23 20:44:09.494 [info] Got 1 sessions for read:user,repo,user:email,workflow...
2025-03-23 20:55:14.062 [info] Getting sessions for all scopes...
2025-03-23 20:55:14.062 [info] Got 2 sessions for ...
2025-03-23 20:55:14.063 [info] Getting sessions for read:user,repo,user:email,workflow...
2025-03-23 20:55:14.063 [info] Got 1 sessions for read:user,repo,user:email,workflow...
2025-03-23 20:55:14.567 [info] Getting sessions for all scopes...
2025-03-23 20:55:14.567 [info] Got 2 sessions for ...
2025-03-23 20:55:14.567 [info] Getting sessions for read:user,repo,user:email,workflow...
2025-03-23 20:55:14.567 [info] Got 1 sessions for read:user,repo,user:email,workflow...
2025-03-23 20:55:14.853 [info] Getting sessions for all scopes...
2025-03-23 20:55:14.853 [info] Got 2 sessions for ...
2025-03-23 20:55:14.873 [info] Getting sessions for read:user,repo,user:email,workflow...
2025-03-23 20:55:14.873 [info] Got 1 sessions for read:user,repo,user:email,workflow...
2025-03-23 20:55:16.126 [info] Getting sessions for all scopes...
2025-03-23 20:55:16.126 [info] Got 2 sessions for ...
2025-03-23 20:55:16.145 [info] Getting sessions for read:user,repo,user:email,workflow...
2025-03-23 20:55:16.145 [info] Got 1 sessions for read:user,repo,user:email,workflow...
2025-03-23 20:59:09.497 [info] Getting sessions for all scopes...
2025-03-23 20:59:09.497 [info] Got 2 sessions for ...
2025-03-23 20:59:09.498 [info] Getting sessions for read:user,repo,user:email,workflow...
2025-03-23 20:59:09.498 [info] Got 1 sessions for read:user,repo,user:email,workflow...
