2025-03-23 20:10:57.096 [info] Reading sessions from keychain...
2025-03-23 20:10:57.096 [info] Getting sessions for all scopes...
2025-03-23 20:10:57.096 [info] Getting sessions for all scopes...
2025-03-23 20:10:57.096 [info] Getting sessions for all scopes...
2025-03-23 20:10:57.096 [info] Getting sessions for all scopes...
2025-03-23 20:10:57.096 [info] Getting sessions for all scopes...
2025-03-23 20:10:57.096 [info] Getting sessions for all scopes...
2025-03-23 20:10:57.096 [info] Getting sessions for all scopes...
2025-03-23 20:10:57.096 [info] Got stored sessions!
2025-03-23 20:10:57.096 [info] Got 1 verified sessions.
2025-03-23 20:10:57.096 [info] Got 1 sessions for ...
2025-03-23 20:10:57.096 [info] Got 1 sessions for ...
2025-03-23 20:10:57.096 [info] Got 1 sessions for ...
2025-03-23 20:10:57.096 [info] Got 1 sessions for ...
2025-03-23 20:10:57.096 [info] Got 1 sessions for ...
2025-03-23 20:10:57.096 [info] Got 1 sessions for ...
2025-03-23 20:10:57.096 [info] Got 1 sessions for ...
2025-03-23 20:10:57.096 [info] Getting sessions for all scopes...
2025-03-23 20:10:57.096 [info] Got 1 sessions for ...
2025-03-23 20:10:57.223 [info] Getting sessions for user:email...
2025-03-23 20:10:57.223 [info] Got 1 sessions for user:email...
2025-03-23 20:10:59.131 [info] Getting sessions for all scopes...
2025-03-23 20:10:59.131 [info] Got 1 sessions for ...
2025-03-23 20:10:59.396 [info] Getting sessions for read:user,repo,user:email...
2025-03-23 20:10:59.397 [info] Got 0 sessions for read:user,repo,user:email...
2025-03-23 20:10:59.397 [info] Getting sessions for read:user,repo,user:email,workflow...
2025-03-23 20:10:59.397 [info] Got 0 sessions for read:user,repo,user:email,workflow...
2025-03-23 20:10:59.410 [info] Getting sessions for all scopes...
2025-03-23 20:10:59.410 [info] Got 1 sessions for ...
2025-03-23 20:10:59.410 [info] Getting sessions for all scopes...
2025-03-23 20:10:59.410 [info] Got 1 sessions for ...
2025-03-23 20:10:59.441 [info] Getting sessions for project,read:org,read:user,repo,user:email,workflow...
2025-03-23 20:10:59.441 [info] Got 0 sessions for project,read:org,read:user,repo,user:email,workflow...
2025-03-23 20:10:59.528 [info] Getting sessions for read:user...
2025-03-23 20:10:59.528 [info] Got 0 sessions for read:user...
2025-03-23 20:10:59.528 [info] Getting sessions for read:user,repo,user:email,workflow...
2025-03-23 20:10:59.528 [info] Got 0 sessions for read:user,repo,user:email,workflow...
2025-03-23 20:10:59.529 [info] Getting sessions for read:user,repo,user:email,workflow...
2025-03-23 20:10:59.529 [info] Got 0 sessions for read:user,repo,user:email,workflow...
2025-03-23 20:10:59.555 [info] Getting sessions for user:email...
2025-03-23 20:10:59.555 [info] Got 1 sessions for user:email...
2025-03-23 20:10:59.555 [info] Getting sessions for user:email...
2025-03-23 20:10:59.555 [info] Got 1 sessions for user:email...
2025-03-23 20:10:59.555 [info] Getting sessions for read:user,repo,user:email,workflow...
2025-03-23 20:10:59.556 [info] Got 0 sessions for read:user,repo,user:email,workflow...
2025-03-23 20:10:59.556 [info] Getting sessions for read:user,repo,user:email...
2025-03-23 20:10:59.556 [info] Got 0 sessions for read:user,repo,user:email...
2025-03-23 20:10:59.586 [info] Getting sessions for all scopes...
2025-03-23 20:10:59.586 [info] Got 1 sessions for ...
2025-03-23 20:10:59.587 [info] Getting sessions for read:user,repo,user:email,workflow...
2025-03-23 20:10:59.587 [info] Got 0 sessions for read:user,repo,user:email,workflow...
2025-03-23 20:11:00.458 [info] Getting sessions for read:user,repo,user:email,workflow...
2025-03-23 20:11:00.458 [info] Got 0 sessions for read:user,repo,user:email,workflow...
2025-03-23 20:11:00.572 [info] Getting sessions for user:email...
2025-03-23 20:11:00.572 [info] Got 1 sessions for user:email...
2025-03-23 20:11:00.626 [info] Getting sessions for all scopes...
2025-03-23 20:11:00.626 [info] Got 1 sessions for ...
2025-03-23 20:11:00.626 [info] Getting sessions for read:user,repo,user:email,workflow...
2025-03-23 20:11:00.626 [info] Got 0 sessions for read:user,repo,user:email,workflow...
2025-03-23 20:11:00.627 [info] Getting sessions for user:email...
2025-03-23 20:11:00.627 [info] Got 1 sessions for user:email...
2025-03-23 20:11:01.230 [info] Getting sessions for all scopes...
2025-03-23 20:11:01.230 [info] Got 1 sessions for ...
2025-03-23 20:11:01.230 [info] Getting sessions for all scopes...
2025-03-23 20:11:01.230 [info] Got 1 sessions for ...
2025-03-23 20:11:01.237 [info] Getting sessions for read:user,repo,user:email,workflow...
2025-03-23 20:11:01.237 [info] Got 0 sessions for read:user,repo,user:email,workflow...
2025-03-23 20:11:01.238 [info] Getting sessions for user:email...
2025-03-23 20:11:01.238 [info] Got 1 sessions for user:email...
2025-03-23 20:11:01.238 [info] Getting sessions for read:user,repo,user:email,workflow...
2025-03-23 20:11:01.238 [info] Got 0 sessions for read:user,repo,user:email,workflow...
2025-03-23 20:11:01.243 [info] Getting sessions for all scopes...
2025-03-23 20:11:01.243 [info] Got 1 sessions for ...
2025-03-23 20:11:01.248 [info] Getting sessions for read:user,repo,user:email,workflow...
2025-03-23 20:11:01.248 [info] Got 0 sessions for read:user,repo,user:email,workflow...
2025-03-23 20:11:01.250 [info] Getting sessions for user:email...
2025-03-23 20:11:01.250 [info] Got 1 sessions for user:email...
2025-03-23 20:11:01.394 [info] Getting sessions for all scopes...
2025-03-23 20:11:01.394 [info] Got 1 sessions for ...
2025-03-23 20:11:01.404 [info] Getting sessions for all scopes...
2025-03-23 20:11:01.404 [info] Got 1 sessions for ...
2025-03-23 20:11:01.405 [info] Getting sessions for read:user,repo,user:email,workflow...
2025-03-23 20:11:01.405 [info] Got 0 sessions for read:user,repo,user:email,workflow...
2025-03-23 20:11:01.406 [info] Getting sessions for user:email...
2025-03-23 20:11:01.406 [info] Got 1 sessions for user:email...
2025-03-23 20:11:01.415 [info] Getting sessions for read:user,repo,user:email,workflow...
2025-03-23 20:11:01.415 [info] Got 0 sessions for read:user,repo,user:email,workflow...
2025-03-23 20:11:01.418 [info] Getting sessions for all scopes...
2025-03-23 20:11:01.418 [info] Got 1 sessions for ...
2025-03-23 20:11:01.418 [info] Getting sessions for read:user,repo,user:email,workflow...
2025-03-23 20:11:01.418 [info] Got 0 sessions for read:user,repo,user:email,workflow...
2025-03-23 20:11:01.419 [info] Getting sessions for user:email...
2025-03-23 20:11:01.419 [info] Got 1 sessions for user:email...
2025-03-23 20:11:02.004 [info] Getting sessions for all scopes...
2025-03-23 20:11:02.004 [info] Got 1 sessions for ...
2025-03-23 20:11:02.029 [info] Getting sessions for read:user,repo,user:email,workflow...
2025-03-23 20:11:02.029 [info] Got 0 sessions for read:user,repo,user:email,workflow...
2025-03-23 20:11:02.030 [info] Getting sessions for user:email...
2025-03-23 20:11:02.030 [info] Got 1 sessions for user:email...
